travis_fold:start:worker_info[0K[33;1mWorker information[0m
hostname: f5cde131-4111-4b18-9035-f40904b2dc7b@1.i-0df0c07-production-2-worker-org-ec2.travisci.net
version: v3.2.2 https://github.com/travis-ci/worker/tree/35ab576459537de3fb29ea1b1407345a4e3e4019
instance: 5a6765a:travisci/ci-garnet:packer-1503972846 (via amqp)
startup: 2.344287277s
travis_fold:end:worker_info[0Ktravis_fold:start:system_info[0K[33;1mBuild system information[0m
Build language: java
Build group: stable
Build dist: trusty
Build id: 293747822
Job id: 293747830
Runtime kernel version: 4.11.6-041106-generic
travis-build version: ddc0da6a1
[34m[1mBuild image provisioning date and time[0m
Tue Aug 29 02:50:02 UTC 2017
[34m[1mOperating System Details[0m
Distributor ID:	Ubuntu
Description:	Ubuntu 14.04.5 LTS
Release:	14.04
Codename:	trusty
[34m[1mCookbooks Version[0m
4642454 https://github.com/travis-ci/travis-cookbooks/tree/4642454
[34m[1mgit version[0m
git version 2.14.1
[34m[1mbash version[0m
GNU bash, version 4.3.11(1)-release (x86_64-pc-linux-gnu)
[34m[1mgcc version[0m
gcc (Ubuntu 4.8.4-2ubuntu1~14.04.3) 4.8.4
Copyright (C) 2013 Free Software Foundation, Inc.
This is free software; see the source for copying conditions.  There is NO
warranty; not even for MERCHANTABILITY or FITNESS FOR A PARTICULAR PURPOSE.

[34m[1mdocker version[0m
Client:
 Version:      17.03.1-ce
 API version:  1.27
 Go version:   go1.7.5
 Git commit:   c6d412e
 Built:        Mon Mar 27 16:58:30 2017
 OS/Arch:      linux/amd64
[34m[1mclang version[0m
clang version 3.9.0 (tags/RELEASE_390/final)
Target: x86_64-unknown-linux-gnu
Thread model: posix
InstalledDir: /usr/local/clang-3.9.0/bin
[34m[1mjq version[0m
jq-1.5
[34m[1mbats version[0m
Bats 0.4.0
[34m[1mshellcheck version[0m
0.4.6
[34m[1mshfmt version[0m
v1.3.1
[34m[1mccache version[0m
ccache version 3.1.9

Copyright (C) 2002-2007 Andrew Tridgell
Copyright (C) 2009-2011 Joel Rosdahl

This program is free software; you can redistribute it and/or modify it under
the terms of the GNU General Public License as published by the Free Software
Foundation; either version 3 of the License, or (at your option) any later
version.
[34m[1mcmake version[0m
cmake version 3.2.2

CMake suite maintained and supported by Kitware (kitware.com/cmake).
[34m[1mheroku version[0m
heroku-cli/6.13.19-6cd27b3 (linux-x64) node-v8.3.0
[34m[1mimagemagick version[0m
Version: ImageMagick 6.7.7-10 2017-07-31 Q16 http://www.imagemagick.org
[34m[1mmd5deep version[0m
4.2
[34m[1mmercurial version[0m
Mercurial Distributed SCM (version 4.2.2)
(see https://mercurial-scm.org for more information)

Copyright (C) 2005-2017 Matt Mackall and others
This is free software; see the source for copying conditions. There is NO
warranty; not even for MERCHANTABILITY or FITNESS FOR A PARTICULAR PURPOSE.
[34m[1mmysql version[0m
mysql  Ver 14.14 Distrib 5.6.33, for debian-linux-gnu (x86_64) using  EditLine wrapper
[34m[1mopenssl version[0m
OpenSSL 1.0.1f 6 Jan 2014
[34m[1mpacker version[0m
Packer v1.0.2

Your version of Packer is out of date! The latest version
is 1.0.4. You can update by downloading from www.packer.io
[34m[1mpostgresql client version[0m
psql (PostgreSQL) 9.6.4
[34m[1mragel version[0m
Ragel State Machine Compiler version 6.8 Feb 2013
Copyright (c) 2001-2009 by Adrian Thurston
[34m[1msubversion version[0m
svn, version 1.8.8 (r1568071)
   compiled Aug 10 2017, 17:20:39 on x86_64-pc-linux-gnu

Copyright (C) 2013 The Apache Software Foundation.
This software consists of contributions made by many people;
see the NOTICE file for more information.
Subversion is open source software, see http://subversion.apache.org/

The following repository access (RA) modules are available:

* ra_svn : Module for accessing a repository using the svn network protocol.
  - with Cyrus SASL authentication
  - handles 'svn' scheme
* ra_local : Module for accessing a repository on local disk.
  - handles 'file' scheme
* ra_serf : Module for accessing a repository via WebDAV protocol using serf.
  - using serf 1.3.3
  - handles 'http' scheme
  - handles 'https' scheme

[34m[1msudo version[0m
Sudo version 1.8.9p5
Configure options: --prefix=/usr -v --with-all-insults --with-pam --with-fqdn --with-logging=syslog --with-logfac=authpriv --with-env-editor --with-editor=/usr/bin/editor --with-timeout=15 --with-password-timeout=0 --with-passprompt=[sudo] password for %p:  --without-lecture --with-tty-tickets --disable-root-mailer --enable-admin-flag --with-sendmail=/usr/sbin/sendmail --with-timedir=/var/lib/sudo --mandir=/usr/share/man --libexecdir=/usr/lib/sudo --with-sssd --with-sssd-lib=/usr/lib/x86_64-linux-gnu --with-selinux
Sudoers policy plugin version 1.8.9p5
Sudoers file grammar version 43

Sudoers path: /etc/sudoers
Authentication methods: 'pam'
Syslog facility if syslog is being used for logging: authpriv
Syslog priority to use when user authenticates successfully: notice
Syslog priority to use when user authenticates unsuccessfully: alert
Send mail if the user is not in sudoers
Use a separate timestamp for each user/tty combo
Lecture user the first time they run sudo
Root may run sudo
Allow some information gathering to give useful error messages
Require fully-qualified hostnames in the sudoers file
Visudo will honor the EDITOR environment variable
Set the LOGNAME and USER environment variables
Length at which to wrap log file lines (0 for no wrap): 80
Authentication timestamp timeout: 15.0 minutes
Password prompt timeout: 0.0 minutes
Number of tries to enter a password: 3
Umask to use or 0777 to use user's: 022
Path to mail program: /usr/sbin/sendmail
Flags for mail program: -t
Address to send mail to: root
Subject line for mail messages: *** SECURITY information for %h ***
Incorrect password message: Sorry, try again.
Path to authentication timestamp dir: /var/lib/sudo
Default password prompt: [sudo] password for %p: 
Default user to run commands as: root
Value to override user's $PATH with: /usr/local/sbin:/usr/local/bin:/usr/sbin:/usr/bin:/sbin:/bin:/snap/bin
Path to the editor for use by visudo: /usr/bin/editor
When to require a password for 'list' pseudocommand: any
When to require a password for 'verify' pseudocommand: all
File descriptors >= 3 will be closed before executing a command
Environment variables to check for sanity:
	TZ
	TERM
	LINGUAS
	LC_*
	LANGUAGE
	LANG
	COLORTERM
Environment variables to remove:
	RUBYOPT
	RUBYLIB
	PYTHONUSERBASE
	PYTHONINSPECT
	PYTHONPATH
	PYTHONHOME
	TMPPREFIX
	ZDOTDIR
	READNULLCMD
	NULLCMD
	FPATH
	PERL5DB
	PERL5OPT
	PERL5LIB
	PERLLIB
	PERLIO_DEBUG 
	JAVA_TOOL_OPTIONS
	SHELLOPTS
	GLOBIGNORE
	PS4
	BASH_ENV
	ENV
	TERMCAP
	TERMPATH
	TERMINFO_DIRS
	TERMINFO
	_RLD*
	LD_*
	PATH_LOCALE
	NLSPATH
	HOSTALIASES
	RES_OPTIONS
	LOCALDOMAIN
	CDPATH
	IFS
Environment variables to preserve:
	JAVA_HOME
	TRAVIS
	CI
	DEBIAN_FRONTEND
	XAUTHORIZATION
	XAUTHORITY
	PS2
	PS1
	PATH
	LS_COLORS
	KRB5CCNAME
	HOSTNAME
	HOME
	DISPLAY
	COLORS
Locale to use while parsing sudoers: C
Directory in which to store input/output logs: /var/log/sudo-io
File in which to store the input/output log: %{seq}
Add an entry to the utmp/utmpx file when allocating a pty
PAM service name to use
PAM service name to use for login shells
Create a new PAM session for the command to run in
Maximum I/O log sequence number: 0

Local IP address and netmask pairs:
	172.17.0.2/255.255.0.0

Sudoers I/O plugin version 1.8.9p5
[34m[1mgzip version[0m
gzip 1.6
Copyright (C) 2007, 2010, 2011 Free Software Foundation, Inc.
Copyright (C) 1993 Jean-loup Gailly.
This is free software.  You may redistribute copies of it under the terms of
the GNU General Public License <http://www.gnu.org/licenses/gpl.html>.
There is NO WARRANTY, to the extent permitted by law.

Written by Jean-loup Gailly.
[34m[1mzip version[0m
Copyright (c) 1990-2008 Info-ZIP - Type 'zip "-L"' for software license.
This is Zip 3.0 (July 5th 2008), by Info-ZIP.
Currently maintained by E. Gordon.  Please send bug reports to
the authors using the web page at www.info-zip.org; see README for details.

Latest sources and executables are at ftp://ftp.info-zip.org/pub/infozip,
as of above date; see http://www.info-zip.org/ for other sites.

Compiled with gcc 4.8.2 for Unix (Linux ELF) on Oct 21 2013.

Zip special compilation options:
	USE_EF_UT_TIME       (store Universal Time)
	BZIP2_SUPPORT        (bzip2 library version 1.0.6, 6-Sept-2010)
	    bzip2 code and library copyright (c) Julian R Seward
	    (See the bzip2 license for terms of use)
	SYMLINK_SUPPORT      (symbolic links supported)
	LARGE_FILE_SUPPORT   (can read and write large files on file system)
	ZIP64_SUPPORT        (use Zip64 to store large files in archives)
	UNICODE_SUPPORT      (store and read UTF-8 Unicode paths)
	STORE_UNIX_UIDs_GIDs (store UID/GID sizes/values using new extra field)
	UIDGID_NOT_16BIT     (old Unix 16-bit UID/GID extra field not used)
	[encryption, version 2.91 of 05 Jan 2007] (modified for Zip 3)

Encryption notice:
	The encryption code of this program is not copyrighted and is
	put in the public domain.  It was originally written in Europe
	and, to the best of our knowledge, can be freely distributed
	in both source and object forms from any country, including
	the USA under License Exception TSU of the U.S. Export
	Administration Regulations (section 740.13(e)) of 6 June 2002.

Zip environment options:
             ZIP:  [none]
          ZIPOPT:  [none]
[34m[1mvim version[0m
VIM - Vi IMproved 7.4 (2013 Aug 10, compiled Nov 24 2016 16:43:18)
Included patches: 1-52
Extra patches: 8.0.0056
Modified by pkg-vim-maintainers@lists.alioth.debian.org
Compiled by buildd@
Huge version without GUI.  Features included (+) or not (-):
+acl             +farsi           +mouse_netterm   +syntax
+arabic          +file_in_path    +mouse_sgr       +tag_binary
+autocmd         +find_in_path    -mouse_sysmouse  +tag_old_static
-balloon_eval    +float           +mouse_urxvt     -tag_any_white
-browse          +folding         +mouse_xterm     -tcl
++builtin_terms  -footer          +multi_byte      +terminfo
+byte_offset     +fork()          +multi_lang      +termresponse
+cindent         +gettext         -mzscheme        +textobjects
-clientserver    -hangul_input    +netbeans_intg   +title
-clipboard       +iconv           +path_extra      -toolbar
+cmdline_compl   +insert_expand   -perl            +user_commands
+cmdline_hist    +jumplist        +persistent_undo +vertsplit
+cmdline_info    +keymap          +postscript      +virtualedit
+comments        +langmap         +printer         +visual
+conceal         +libcall         +profile         +visualextra
+cryptv          +linebreak       +python          +viminfo
+cscope          +lispindent      -python3         +vreplace
+cursorbind      +listcmds        +quickfix        +wildignore
+cursorshape     +localmap        +reltime         +wildmenu
+dialog_con      -lua             +rightleft       +windows
+diff            +menu            -ruby            +writebackup
+digraphs        +mksession       +scrollbind      -X11
-dnd             +modify_fname    +signs           -xfontset
-ebcdic          +mouse           +smartindent     -xim
+emacs_tags      -mouseshape      -sniff           -xsmp
+eval            +mouse_dec       +startuptime     -xterm_clipboard
+ex_extra        +mouse_gpm       +statusline      -xterm_save
+extra_search    -mouse_jsbterm   -sun_workshop    -xpm
   system vimrc file: "$VIM/vimrc"
     user vimrc file: "$HOME/.vimrc"
 2nd user vimrc file: "~/.vim/vimrc"
      user exrc file: "$HOME/.exrc"
  fall-back for $VIM: "/usr/share/vim"
Compilation: gcc -c -I. -Iproto -DHAVE_CONFIG_H     -g -O2 -fstack-protector --param=ssp-buffer-size=4 -Wformat -Werror=format-security -U_FORTIFY_SOURCE -D_FORTIFY_SOURCE=1      
Linking: gcc   -Wl,-Bsymbolic-functions -Wl,-z,relro -Wl,--as-needed -o vim        -lm -ltinfo -lnsl  -lselinux  -lacl -lattr -lgpm -ldl    -L/usr/lib/python2.7/config-x86_64-linux-gnu -lpython2.7 -lpthread -ldl -lutil -lm -Xlinker -export-dynamic -Wl,-O1 -Wl,-Bsymbolic-functions      
[34m[1miptables version[0m
iptables v1.4.21
[34m[1mcurl version[0m
curl 7.35.0 (x86_64-pc-linux-gnu) libcurl/7.35.0 OpenSSL/1.0.1f zlib/1.2.8 libidn/1.28 librtmp/2.3
[34m[1mwget version[0m
GNU Wget 1.15 built on linux-gnu.
[34m[1mrsync version[0m
rsync  version 3.1.0  protocol version 31
[34m[1mgimme version[0m
v1.2.0
[34m[1mnvm version[0m
0.33.2
[34m[1mperlbrew version[0m
/home/travis/perl5/perlbrew/bin/perlbrew  - App::perlbrew/0.80
[34m[1mphpenv version[0m
rbenv 1.1.1-4-g4ebd1bd
[34m[1mrvm version[0m
rvm 1.29.2 (latest) by Michal Papis, Piotr Kuczynski, Wayne E. Seguin [https://rvm.io/]
[34m[1mdefault ruby version[0m
ruby 2.4.1p111 (2017-03-22 revision 58053) [x86_64-linux]
[34m[1mCouchDB version[0m
couchdb 1.6.1
[34m[1mElasticSearch version[0m
5.5.0
[34m[1mInstalled Firefox version[0m
firefox 55.0.2
[34m[1mMongoDB version[0m
MongoDB 3.2.16
[34m[1mPre-installed PostgreSQL versions[0m
9.2.22
9.3.18
9.4.13
9.5.8
9.6.4
[34m[1mRabbitMQ Version[0m
3.6.11
[34m[1mRedis version[0m
redis-server 4.0.1
[34m[1mriak version[0m
2.2.3
[34m[1mPre-installed Go versions[0m
1.7.4
[34m[1mant version[0m
Apache Ant(TM) version 1.9.3 compiled on April 8 2014
[34m[1mmvn version[0m
Apache Maven 3.5.0 (ff8f5e7444045639af65f6095c62210b5713f426; 2017-04-03T19:39:06Z)
Maven home: /usr/local/maven-3.5.0
Java version: 1.8.0_144, vendor: Oracle Corporation
Java home: /usr/lib/jvm/java-8-oracle/jre
Default locale: en_US, platform encoding: UTF-8
OS name: "linux", version: "4.4.0-92-generic", arch: "amd64", family: "unix"
[34m[1mgradle version[0m

------------------------------------------------------------
Gradle 4.0.1
------------------------------------------------------------

Build time:   2017-07-07 14:02:41 UTC
Revision:     38e5dc0f772daecca1d2681885d3d85414eb6826

Groovy:       2.4.11
Ant:          Apache Ant(TM) version 1.9.6 compiled on June 29 2015
JVM:          1.8.0_144 (Oracle Corporation 25.144-b01)
OS:           Linux 4.4.0-92-generic amd64

[34m[1mlein version[0m
WARNING: You're currently running as root; probably by accident.
Press control-C to abort or Enter to continue as root.
Set LEIN_ROOT to disable this warning.
Leiningen 2.7.1 on Java 1.8.0_144 Java HotSpot(TM) 64-Bit Server VM
[34m[1mPre-installed Node.js versions[0m
v4.8.4
v6.11.2
v6.9.4
v7.4.0
v8.4
[34m[1mphpenv versions[0m
  system
  5.6
* 5.6.31 (set by /home/travis/.phpenv/version)
  7.0
  7.0.22
  hhvm
  hhvm-stable
[34m[1mcomposer --version[0m
Composer version 1.4.2 2017-05-17 08:17:52
[34m[1mPre-installed Ruby versions[0m
ruby-2.2.7
ruby-2.3.4
ruby-2.4.1
travis_fold:end:system_info[0K
removed â€˜/etc/apt/sources.list.d/basho_riak.listâ€™
Executing: /tmp/tmp.EgSRvnsu9Q/gpg.1.sh --keyserver
hkp://keyserver.ubuntu.com:80
--recv
EA312927
gpg: requesting key EA312927 from hkp server keyserver.ubuntu.com
gpg: key EA312927: "MongoDB 3.2 Release Signing Key <packaging@mongodb.com>" 1 new signature
gpg: Total number processed: 1
gpg:         new signatures: 1
W: http://dl.hhvm.com/ubuntu/dists/trusty/InRelease: Signature by key 36AEF64D0207E7EEE352D4875A16E7281BE7A449 uses weak digest algorithm (SHA1)
W: http://ppa.launchpad.net/couchdb/stable/ubuntu/dists/trusty/Release.gpg: Signature by key 15866BAFD9BCC4F3C1E0DFC7D69548E1C17EAB57 uses weak digest algorithm (SHA1)
$ jdk_switcher use oraclejdk8
Switching to Oracle JDK8 (java-8-oracle), JAVA_HOME will be set to /usr/lib/jvm/java-8-oracle
travis_fold:start:git.checkout[0Ktravis_time:start:01ee0c10[0K$ git clone --depth=50 --branch=trunk https://github.com/apache/jackrabbit-oak.git apache/jackrabbit-oak
Cloning into 'apache/jackrabbit-oak'...
remote: Counting objects: 6204, done.[K
remote: Compressing objects:   0% (1/4674)   [Kremote: Compressing objects:   1% (47/4674)   [Kremote: Compressing objects:   2% (94/4674)   [Kremote: Compressing objects:   3% (141/4674)   [Kremote: Compressing objects:   4% (187/4674)   [Kremote: Compressing objects:   5% (234/4674)   [Kremote: Compressing objects:   6% (281/4674)   [Kremote: Compressing objects:   7% (328/4674)   [Kremote: Compressing objects:   8% (374/4674)   [Kremote: Compressing objects:   9% (421/4674)   [Kremote: Compressing objects:  10% (468/4674)   [Kremote: Compressing objects:  11% (515/4674)   [Kremote: Compressing objects:  12% (561/4674)   [Kremote: Compressing objects:  13% (608/4674)   [Kremote: Compressing objects:  14% (655/4674)   [Kremote: Compressing objects:  15% (702/4674)   [Kremote: Compressing objects:  16% (748/4674)   [Kremote: Compressing objects:  17% (795/4674)   [Kremote: Compressing objects:  18% (842/4674)   [Kremote: Compressing objects:  19% (889/4674)   [Kremote: Compressing objects:  20% (935/4674)   [Kremote: Compressing objects:  21% (982/4674)   [Kremote: Compressing objects:  22% (1029/4674)   [Kremote: Compressing objects:  23% (1076/4674)   [Kremote: Compressing objects:  24% (1122/4674)   [Kremote: Compressing objects:  25% (1169/4674)   [Kremote: Compressing objects:  26% (1216/4674)   [Kremote: Compressing objects:  27% (1262/4674)   [Kremote: Compressing objects:  28% (1309/4674)   [Kremote: Compressing objects:  29% (1356/4674)   [Kremote: Compressing objects:  30% (1403/4674)   [Kremote: Compressing objects:  31% (1449/4674)   [Kremote: Compressing objects:  32% (1496/4674)   [Kremote: Compressing objects:  33% (1543/4674)   [Kremote: Compressing objects:  34% (1590/4674)   [Kremote: Compressing objects:  35% (1636/4674)   [Kremote: Compressing objects:  36% (1683/4674)   [Kremote: Compressing objects:  37% (1730/4674)   [Kremote: Compressing objects:  38% (1777/4674)   [Kremote: Compressing objects:  39% (1823/4674)   [Kremote: Compressing objects:  40% (1870/4674)   [Kremote: Compressing objects:  41% (1917/4674)   [Kremote: Compressing objects:  42% (1964/4674)   [Kremote: Compressing objects:  43% (2010/4674)   [Kremote: Compressing objects:  44% (2057/4674)   [Kremote: Compressing objects:  45% (2104/4674)   [Kremote: Compressing objects:  46% (2151/4674)   [Kremote: Compressing objects:  47% (2197/4674)   [Kremote: Compressing objects:  48% (2244/4674)   [Kremote: Compressing objects:  49% (2291/4674)   [Kremote: Compressing objects:  50% (2337/4674)   [Kremote: Compressing objects:  51% (2384/4674)   [Kremote: Compressing objects:  52% (2431/4674)   [Kremote: Compressing objects:  53% (2478/4674)   [Kremote: Compressing objects:  54% (2524/4674)   [Kremote: Compressing objects:  55% (2571/4674)   [Kremote: Compressing objects:  55% (2608/4674)   [Kremote: Compressing objects:  56% (2618/4674)   [Kremote: Compressing objects:  57% (2665/4674)   [Kremote: Compressing objects:  58% (2711/4674)   [Kremote: Compressing objects:  59% (2758/4674)   [Kremote: Compressing objects:  60% (2805/4674)   [Kremote: Compressing objects:  61% (2852/4674)   [Kremote: Compressing objects:  62% (2898/4674)   [Kremote: Compressing objects:  63% (2945/4674)   [Kremote: Compressing objects:  64% (2992/4674)   [Kremote: Compressing objects:  65% (3039/4674)   [Kremote: Compressing objects:  66% (3085/4674)   [Kremote: Compressing objects:  67% (3132/4674)   [Kremote: Compressing objects:  68% (3179/4674)   [Kremote: Compressing objects:  69% (3226/4674)   [Kremote: Compressing objects:  70% (3272/4674)   [Kremote: Compressing objects:  71% (3319/4674)   [Kremote: Compressing objects:  72% (3366/4674)   [Kremote: Compressing objects:  73% (3413/4674)   [Kremote: Compressing objects:  74% (3459/4674)   [Kremote: Compressing objects:  75% (3506/4674)   [Kremote: Compressing objects:  76% (3553/4674)   [Kremote: Compressing objects:  77% (3599/4674)   [Kremote: Compressing objects:  78% (3646/4674)   [Kremote: Compressing objects:  79% (3693/4674)   [Kremote: Compressing objects:  80% (3740/4674)   [Kremote: Compressing objects:  81% (3786/4674)   [Kremote: Compressing objects:  82% (3833/4674)   [Kremote: Compressing objects:  83% (3880/4674)   [Kremote: Compressing objects:  84% (3927/4674)   [Kremote: Compressing objects:  85% (3973/4674)   [Kremote: Compressing objects:  86% (4020/4674)   [Kremote: Compressing objects:  87% (4067/4674)   [Kremote: Compressing objects:  88% (4114/4674)   [Kremote: Compressing objects:  89% (4160/4674)   [Kremote: Compressing objects:  90% (4207/4674)   [Kremote: Compressing objects:  91% (4254/4674)   [Kremote: Compressing objects:  92% (4301/4674)   [Kremote: Compressing objects:  93% (4347/4674)   [Kremote: Compressing objects:  94% (4394/4674)   [Kremote: Compressing objects:  95% (4441/4674)   [Kremote: Compressing objects:  96% (4488/4674)   [Kremote: Compressing objects:  97% (4534/4674)   [Kremote: Compressing objects:  98% (4581/4674)   [Kremote: Compressing objects:  99% (4628/4674)   [Kremote: Compressing objects: 100% (4674/4674)   [Kremote: Compressing objects: 100% (4674/4674), done.[K
Receiving objects:   0% (1/6204)   Receiving objects:   1% (63/6204)   Receiving objects:   2% (125/6204)   Receiving objects:   3% (187/6204)   Receiving objects:   4% (249/6204)   Receiving objects:   5% (311/6204)   Receiving objects:   6% (373/6204)   Receiving objects:   7% (435/6204)   Receiving objects:   8% (497/6204)   Receiving objects:   9% (559/6204)   Receiving objects:  10% (621/6204)   Receiving objects:  11% (683/6204)   Receiving objects:  12% (745/6204)   Receiving objects:  13% (807/6204)   Receiving objects:  14% (869/6204)   Receiving objects:  15% (931/6204)   Receiving objects:  16% (993/6204)   Receiving objects:  17% (1055/6204)   Receiving objects:  18% (1117/6204)   Receiving objects:  19% (1179/6204)   Receiving objects:  20% (1241/6204)   Receiving objects:  21% (1303/6204)   Receiving objects:  22% (1365/6204)   Receiving objects:  23% (1427/6204)   Receiving objects:  24% (1489/6204)   Receiving objects:  25% (1551/6204)   Receiving objects:  26% (1614/6204)   Receiving objects:  27% (1676/6204)   Receiving objects:  28% (1738/6204)   Receiving objects:  29% (1800/6204)   Receiving objects:  30% (1862/6204)   Receiving objects:  31% (1924/6204)   Receiving objects:  32% (1986/6204)   Receiving objects:  33% (2048/6204)   Receiving objects:  34% (2110/6204)   Receiving objects:  35% (2172/6204)   Receiving objects:  36% (2234/6204)   Receiving objects:  37% (2296/6204)   Receiving objects:  38% (2358/6204)   Receiving objects:  39% (2420/6204)   Receiving objects:  40% (2482/6204)   Receiving objects:  41% (2544/6204)   Receiving objects:  42% (2606/6204)   Receiving objects:  43% (2668/6204)   Receiving objects:  44% (2730/6204)   Receiving objects:  45% (2792/6204)   Receiving objects:  46% (2854/6204)   Receiving objects:  47% (2916/6204)   Receiving objects:  48% (2978/6204)   Receiving objects:  49% (3040/6204)   Receiving objects:  50% (3102/6204)   Receiving objects:  51% (3165/6204)   Receiving objects:  52% (3227/6204)   Receiving objects:  53% (3289/6204)   Receiving objects:  54% (3351/6204)   Receiving objects:  55% (3413/6204)   Receiving objects:  56% (3475/6204)   Receiving objects:  57% (3537/6204)   Receiving objects:  58% (3599/6204)   Receiving objects:  59% (3661/6204)   Receiving objects:  60% (3723/6204)   Receiving objects:  61% (3785/6204)   Receiving objects:  62% (3847/6204)   Receiving objects:  63% (3909/6204)   Receiving objects:  64% (3971/6204)   Receiving objects:  65% (4033/6204)   Receiving objects:  66% (4095/6204)   Receiving objects:  67% (4157/6204)   Receiving objects:  68% (4219/6204)   Receiving objects:  69% (4281/6204)   Receiving objects:  70% (4343/6204)   Receiving objects:  71% (4405/6204)   Receiving objects:  72% (4467/6204)   Receiving objects:  73% (4529/6204)   Receiving objects:  74% (4591/6204)   Receiving objects:  75% (4653/6204), 7.55 MiB | 15.09 MiB/s   Receiving objects:  76% (4716/6204), 7.55 MiB | 15.09 MiB/s   Receiving objects:  77% (4778/6204), 7.55 MiB | 15.09 MiB/s   Receiving objects:  78% (4840/6204), 7.55 MiB | 15.09 MiB/s   Receiving objects:  79% (4902/6204), 7.55 MiB | 15.09 MiB/s   Receiving objects:  80% (4964/6204), 7.55 MiB | 15.09 MiB/s   Receiving objects:  81% (5026/6204), 7.55 MiB | 15.09 MiB/s   Receiving objects:  82% (5088/6204), 7.55 MiB | 15.09 MiB/s   Receiving objects:  83% (5150/6204), 7.55 MiB | 15.09 MiB/s   Receiving objects:  84% (5212/6204), 7.55 MiB | 15.09 MiB/s   Receiving objects:  85% (5274/6204), 7.55 MiB | 15.09 MiB/s   Receiving objects:  86% (5336/6204), 7.55 MiB | 15.09 MiB/s   Receiving objects:  87% (5398/6204), 7.55 MiB | 15.09 MiB/s   Receiving objects:  88% (5460/6204), 7.55 MiB | 15.09 MiB/s   Receiving objects:  89% (5522/6204), 7.55 MiB | 15.09 MiB/s   Receiving objects:  90% (5584/6204), 7.55 MiB | 15.09 MiB/s   Receiving objects:  91% (5646/6204), 7.55 MiB | 15.09 MiB/s   Receiving objects:  92% (5708/6204), 7.55 MiB | 15.09 MiB/s   Receiving objects:  93% (5770/6204), 7.55 MiB | 15.09 MiB/s   remote: Total 6204 (delta 1890), reused 2775 (delta 702), pack-reused 0[K
Receiving objects:  94% (5832/6204), 7.55 MiB | 15.09 MiB/s   Receiving objects:  95% (5894/6204), 7.55 MiB | 15.09 MiB/s   Receiving objects:  96% (5956/6204), 7.55 MiB | 15.09 MiB/s   Receiving objects:  97% (6018/6204), 7.55 MiB | 15.09 MiB/s   Receiving objects:  98% (6080/6204), 7.55 MiB | 15.09 MiB/s   Receiving objects:  99% (6142/6204), 7.55 MiB | 15.09 MiB/s   Receiving objects: 100% (6204/6204), 7.55 MiB | 15.09 MiB/s   Receiving objects: 100% (6204/6204), 9.25 MiB | 14.59 MiB/s, done.
Resolving deltas:   0% (0/1890)   Resolving deltas:   1% (19/1890)   Resolving deltas:   2% (42/1890)   Resolving deltas:   4% (91/1890)   Resolving deltas:   5% (104/1890)   Resolving deltas:   6% (116/1890)   Resolving deltas:   7% (149/1890)   Resolving deltas:   8% (155/1890)   Resolving deltas:   9% (172/1890)   Resolving deltas:  10% (192/1890)   Resolving deltas:  11% (214/1890)   Resolving deltas:  12% (227/1890)   Resolving deltas:  13% (248/1890)   Resolving deltas:  14% (268/1890)   Resolving deltas:  15% (290/1890)   Resolving deltas:  16% (303/1890)   Resolving deltas:  17% (322/1890)   Resolving deltas:  18% (343/1890)   Resolving deltas:  19% (367/1890)   Resolving deltas:  20% (383/1890)   Resolving deltas:  21% (399/1890)   Resolving deltas:  22% (421/1890)   Resolving deltas:  23% (439/1890)   Resolving deltas:  24% (455/1890)   Resolving deltas:  25% (479/1890)   Resolving deltas:  26% (493/1890)   Resolving deltas:  27% (511/1890)   Resolving deltas:  28% (531/1890)   Resolving deltas:  29% (552/1890)   Resolving deltas:  30% (568/1890)   Resolving deltas:  31% (587/1890)   Resolving deltas:  32% (608/1890)   Resolving deltas:  33% (624/1890)   Resolving deltas:  34% (643/1890)   Resolving deltas:  35% (668/1890)   Resolving deltas:  36% (681/1890)   Resolving deltas:  37% (702/1890)   Resolving deltas:  38% (719/1890)   Resolving deltas:  39% (740/1890)   Resolving deltas:  40% (761/1890)   Resolving deltas:  41% (775/1890)   Resolving deltas:  42% (797/1890)   Resolving deltas:  43% (813/1890)   Resolving deltas:  44% (833/1890)   Resolving deltas:  45% (854/1890)   Resolving deltas:  46% (871/1890)   Resolving deltas:  47% (893/1890)   Resolving deltas:  48% (908/1890)   Resolving deltas:  49% (927/1890)   Resolving deltas:  50% (946/1890)   Resolving deltas:  51% (967/1890)   Resolving deltas:  52% (984/1890)   Resolving deltas:  53% (1002/1890)   Resolving deltas:  54% (1021/1890)   Resolving deltas:  55% (1041/1890)   Resolving deltas:  56% (1059/1890)   Resolving deltas:  57% (1081/1890)   Resolving deltas:  58% (1105/1890)   Resolving deltas:  59% (1116/1890)   Resolving deltas:  60% (1135/1890)   Resolving deltas:  61% (1154/1890)   Resolving deltas:  62% (1172/1890)   Resolving deltas:  63% (1192/1890)   Resolving deltas:  64% (1214/1890)   Resolving deltas:  65% (1229/1890)   Resolving deltas:  66% (1248/1890)   Resolving deltas:  67% (1269/1890)   Resolving deltas:  68% (1286/1890)   Resolving deltas:  69% (1305/1890)   Resolving deltas:  70% (1323/1890)   Resolving deltas:  71% (1342/1890)   Resolving deltas:  72% (1370/1890)   Resolving deltas:  73% (1381/1890)   Resolving deltas:  74% (1404/1890)   Resolving deltas:  75% (1418/1890)   Resolving deltas:  76% (1437/1890)   Resolving deltas:  77% (1458/1890)   Resolving deltas:  78% (1475/1890)   Resolving deltas:  79% (1495/1890)   Resolving deltas:  80% (1515/1890)   Resolving deltas:  81% (1534/1890)   Resolving deltas:  82% (1550/1890)   Resolving deltas:  83% (1575/1890)   Resolving deltas:  84% (1588/1890)   Resolving deltas:  85% (1610/1890)   Resolving deltas:  86% (1626/1890)   Resolving deltas:  87% (1646/1890)   Resolving deltas:  88% (1667/1890)   Resolving deltas:  89% (1686/1890)   Resolving deltas:  90% (1706/1890)   Resolving deltas:  91% (1720/1890)   Resolving deltas:  92% (1740/1890)   Resolving deltas:  93% (1759/1890)   Resolving deltas:  94% (1777/1890)   Resolving deltas:  95% (1796/1890)   Resolving deltas:  96% (1823/1890)   Resolving deltas:  97% (1834/1890)   Resolving deltas:  98% (1856/1890)   Resolving deltas:  99% (1873/1890)   Resolving deltas: 100% (1890/1890)   Resolving deltas: 100% (1890/1890), done.

travis_time:end:01ee0c10:start=1509120107958801249,finish=1509120111084040423,duration=3125239174[0K$ cd apache/jackrabbit-oak
$ git checkout -qf 09a036f63ee3822d9d0fd8ed1fde37e90025b7c9
travis_fold:end:git.checkout[0Ktravis_fold:start:services[0Ktravis_time:start:0bcf0ba2[0K$ sudo service mongod start
mongod start/running, process 1967

travis_time:end:0bcf0ba2:start=1509120111223286454,finish=1509120111247608909,duration=24322455[0Ktravis_fold:end:services[0K
[33;1mSetting environment variables from .travis.yml[0m
$ export MODULE=oak-upgrade

[33;1mDisabling Gradle daemon[0m
travis_time:start:02759458[0K$ mkdir -p ~/.gradle && echo "org.gradle.daemon=false" >> ~/.gradle/gradle.properties

travis_time:end:02759458:start=1509120118894173110,finish=1509120118916691498,duration=22518388[0K$ export PATH=$JAVA_HOME/bin:$PATH
travis_fold:start:cache.1[0KSetting up build cache
$ export CASHER_DIR=$HOME/.casher
travis_time:start:1d46de4a[0K$ Installing caching utilities

travis_time:end:1d46de4a:start=1509120123348648221,finish=1509120123418653637,duration=70005416[0Ktravis_time:start:1022a477[0K
travis_time:end:1022a477:start=1509120123427929571,finish=1509120123434951910,duration=7022339[0Ktravis_time:start:010376f3[0K[32;1mattempting to download cache archive[0m
[32;1mfetching trunk/cache-linux-trusty-d17327467e783582be27ce74929cec3512113b0eb08763194b0e5b6cca824861--jdk-oraclejdk8.tgz[0m
[32;1mfound cache[0m

travis_time:end:010376f3:start=1509120123442015601,finish=1509120132450916482,duration=9008900881[0Ktravis_time:start:03833e56[0K
travis_time:end:03833e56:start=1509120132457283372,finish=1509120132462317566,duration=5034194[0Ktravis_time:start:260a0664[0K[32;1madding /home/travis/.m2 to cache[0m

travis_time:end:260a0664:start=1509120132468277435,finish=1509120136114234746,duration=3645957311[0Ktravis_fold:end:cache.1[0K$ java -Xmx32m -version
Picked up _JAVA_OPTIONS: -Xmx2048m -Xms512m
java version "1.8.0_144"
Java(TM) SE Runtime Environment (build 1.8.0_144-b01)
Java HotSpot(TM) 64-Bit Server VM (build 25.144-b01, mixed mode)
$ javac -J-Xmx32m -version
Picked up _JAVA_OPTIONS: -Xmx2048m -Xms512m
javac 1.8.0_144
travis_fold:start:install[0Ktravis_time:start:1588df0c[0K$ mvn --batch-mode -DskipTests -Dbaseline.skip=true install -pl :${MODULE} -am -nsu
Picked up _JAVA_OPTIONS: -Xmx2048m -Xms512m
[INFO] Scanning for projects...
[WARNING] The project org.apache.jackrabbit:oak-parent:pom:1.8-SNAPSHOT uses prerequisites which is only intended for maven-plugin projects but not for non maven-plugin projects. For such purposes you should use the maven-enforcer-plugin. See https://maven.apache.org/enforcer/enforcer-rules/requireMavenVersion.html
[INFO] ------------------------------------------------------------------------
[INFO] Reactor Build Order:
[INFO] 
[INFO] Oak Parent POM
[INFO] Oak Commons
[INFO] Oak API
[INFO] Oak Core SPI
[INFO] Oak NodeStore and Commit SPI
[INFO] Oak Query SPI
[INFO] Oak Security SPI
[INFO] Oak Blob Store
[INFO] Oak Blob Plugins
[INFO] Oak Core
[INFO] Oak Composite Store
[INFO] Oak DocumentNodeStore
[INFO] Oak Cloud Blob Store
[INFO] Oak Azure Cloud Blob Store
[INFO] Oak Segment Tar
[INFO] Oak Integration Tests
[INFO] Oak JCR Binding
[INFO] Oak upgrade
[INFO] 
[INFO] ------------------------------------------------------------------------
[INFO] Building Oak Parent POM 1.8-SNAPSHOT
[INFO] ------------------------------------------------------------------------
[INFO] 
[INFO] --- jacoco-maven-plugin:0.7.9:prepare-agent (pre-unit-test) @ oak-parent ---
[INFO] Skipping JaCoCo execution because property jacoco.skip is set.
[INFO] test.opts.coverage set to empty
[INFO] 
[INFO] --- maven-remote-resources-plugin:1.5:process (process-resource-bundles) @ oak-parent ---
[INFO] 
[INFO] --- animal-sniffer-maven-plugin:1.15:check (animal-sniffer) @ oak-parent ---
[INFO] Checking unresolved references to org.codehaus.mojo.signature:java18:1.0
[INFO] 
[INFO] --- jacoco-maven-plugin:0.7.9:report (post-unit-test) @ oak-parent ---
[INFO] Skipping JaCoCo execution because property jacoco.skip is set.
[INFO] 
[INFO] --- maven-site-plugin:3.6:attach-descriptor (attach-descriptor) @ oak-parent ---
[INFO] No site descriptor found: nothing to attach.
[INFO] 
[INFO] --- maven-jar-plugin:3.0.2:test-jar (default) @ oak-parent ---
[WARNING] JAR will be empty - no content was marked for inclusion!
[INFO] Building jar: /home/travis/build/apache/jackrabbit-oak/oak-parent/target/oak-parent-1.8-SNAPSHOT-tests.jar
[INFO] 
[INFO] --- jacoco-maven-plugin:0.7.9:check (default-check) @ oak-parent ---
[INFO] Skipping JaCoCo execution due to missing execution data file:/home/travis/build/apache/jackrabbit-oak/oak-parent/target/coverage-reports/jacoco-ut.exec
[INFO] 
[INFO] --- maven-install-plugin:2.5.2:install (default-install) @ oak-parent ---
[INFO] Installing /home/travis/build/apache/jackrabbit-oak/oak-parent/pom.xml to /home/travis/.m2/repository/org/apache/jackrabbit/oak-parent/1.8-SNAPSHOT/oak-parent-1.8-SNAPSHOT.pom
[INFO] Installing /home/travis/build/apache/jackrabbit-oak/oak-parent/target/oak-parent-1.8-SNAPSHOT-tests.jar to /home/travis/.m2/repository/org/apache/jackrabbit/oak-parent/1.8-SNAPSHOT/oak-parent-1.8-SNAPSHOT-tests.jar
[INFO] 
[INFO] ------------------------------------------------------------------------
[INFO] Building Oak Commons 1.8-SNAPSHOT
[INFO] ------------------------------------------------------------------------
[INFO] 
[INFO] --- jacoco-maven-plugin:0.7.9:prepare-agent (pre-unit-test) @ oak-commons ---
[INFO] Skipping JaCoCo execution because property jacoco.skip is set.
[INFO] test.opts.coverage set to empty
[INFO] 
[INFO] --- maven-remote-resources-plugin:1.5:process (process-resource-bundles) @ oak-commons ---
[INFO] 
[INFO] --- maven-resources-plugin:2.7:resources (default-resources) @ oak-commons ---
[INFO] Using 'UTF-8' encoding to copy filtered resources.
[INFO] skip non existing resourceDirectory /home/travis/build/apache/jackrabbit-oak/oak-commons/src/main/resources
[INFO] Copying 3 resources
[INFO] 
[INFO] --- maven-compiler-plugin:3.5.1:compile (default-compile) @ oak-commons ---
[INFO] Changes detected - recompiling the module!
[INFO] Compiling 29 source files to /home/travis/build/apache/jackrabbit-oak/oak-commons/target/classes
[INFO] /home/travis/build/apache/jackrabbit-oak/oak-commons/src/main/java/org/apache/jackrabbit/oak/commons/sort/ExternalSort.java: Some input files use unchecked or unsafe operations.
[INFO] /home/travis/build/apache/jackrabbit-oak/oak-commons/src/main/java/org/apache/jackrabbit/oak/commons/sort/ExternalSort.java: Recompile with -Xlint:unchecked for details.
[INFO] 
[INFO] --- animal-sniffer-maven-plugin:1.15:check (animal-sniffer) @ oak-commons ---
[INFO] Checking unresolved references to org.codehaus.mojo.signature:java18:1.0
[INFO] 
[INFO] --- maven-bundle-plugin:3.3.0:manifest (scr-metadata) @ oak-commons ---
[INFO] 
[INFO] --- maven-resources-plugin:2.7:testResources (default-testResources) @ oak-commons ---
[INFO] Using 'UTF-8' encoding to copy filtered resources.
[INFO] Copying 4 resources
[INFO] Copying 3 resources
[INFO] 
[INFO] --- maven-compiler-plugin:3.5.1:testCompile (default-testCompile) @ oak-commons ---
[INFO] Changes detected - recompiling the module!
[INFO] Compiling 27 source files to /home/travis/build/apache/jackrabbit-oak/oak-commons/target/test-classes
[INFO] /home/travis/build/apache/jackrabbit-oak/oak-commons/src/test/java/org/apache/jackrabbit/oak/commons/cache/ConcurrentCacheTest.java: Some input files use or override a deprecated API.
[INFO] /home/travis/build/apache/jackrabbit-oak/oak-commons/src/test/java/org/apache/jackrabbit/oak/commons/cache/ConcurrentCacheTest.java: Recompile with -Xlint:deprecation for details.
[INFO] /home/travis/build/apache/jackrabbit-oak/oak-commons/src/test/java/org/apache/jackrabbit/oak/commons/FileIOUtilsTest.java: /home/travis/build/apache/jackrabbit-oak/oak-commons/src/test/java/org/apache/jackrabbit/oak/commons/FileIOUtilsTest.java uses unchecked or unsafe operations.
[INFO] /home/travis/build/apache/jackrabbit-oak/oak-commons/src/test/java/org/apache/jackrabbit/oak/commons/FileIOUtilsTest.java: Recompile with -Xlint:unchecked for details.
[INFO] 
[INFO] --- maven-surefire-plugin:2.20.1:test (default-test) @ oak-commons ---
[INFO] Tests are skipped.
[INFO] 
[INFO] --- jacoco-maven-plugin:0.7.9:report (post-unit-test) @ oak-commons ---
[INFO] Skipping JaCoCo execution because property jacoco.skip is set.
[INFO] 
[INFO] --- maven-bundle-plugin:3.3.0:bundle (default-bundle) @ oak-commons ---
[INFO] 
[INFO] --- maven-site-plugin:3.6:attach-descriptor (attach-descriptor) @ oak-commons ---
[INFO] Skipping because packaging 'bundle' is not pom.
[INFO] 
[INFO] --- maven-jar-plugin:3.0.2:test-jar (default) @ oak-commons ---
[INFO] Building jar: /home/travis/build/apache/jackrabbit-oak/oak-commons/target/oak-commons-1.8-SNAPSHOT-tests.jar
[INFO] 
[INFO] --- maven-bundle-plugin:3.3.0:baseline (baseline) @ oak-commons ---
[INFO] Skipping Baseline execution
[INFO] 
[INFO] --- jacoco-maven-plugin:0.7.9:check (default-check) @ oak-commons ---
[INFO] Skipping JaCoCo execution due to missing execution data file:/home/travis/build/apache/jackrabbit-oak/oak-commons/target/coverage-reports/jacoco-ut.exec
[INFO] 
[INFO] --- maven-install-plugin:2.5.2:install (default-install) @ oak-commons ---
[INFO] Installing /home/travis/build/apache/jackrabbit-oak/oak-commons/target/oak-commons-1.8-SNAPSHOT.jar to /home/travis/.m2/repository/org/apache/jackrabbit/oak-commons/1.8-SNAPSHOT/oak-commons-1.8-SNAPSHOT.jar
[INFO] Installing /home/travis/build/apache/jackrabbit-oak/oak-commons/pom.xml to /home/travis/.m2/repository/org/apache/jackrabbit/oak-commons/1.8-SNAPSHOT/oak-commons-1.8-SNAPSHOT.pom
[INFO] Installing /home/travis/build/apache/jackrabbit-oak/oak-commons/target/oak-commons-1.8-SNAPSHOT-tests.jar to /home/travis/.m2/repository/org/apache/jackrabbit/oak-commons/1.8-SNAPSHOT/oak-commons-1.8-SNAPSHOT-tests.jar
[INFO] 
[INFO] --- maven-bundle-plugin:3.3.0:install (default-install) @ oak-commons ---
[INFO] Local OBR update disabled (enable with -DobrRepository)
[INFO] 
[INFO] ------------------------------------------------------------------------
[INFO] Building Oak API 1.8-SNAPSHOT
[INFO] ------------------------------------------------------------------------
[INFO] 
[INFO] --- jacoco-maven-plugin:0.7.9:prepare-agent (pre-unit-test) @ oak-api ---
[INFO] Skipping JaCoCo execution because property jacoco.skip is set.
[INFO] test.opts.coverage set to empty
[INFO] 
[INFO] --- maven-remote-resources-plugin:1.5:process (process-resource-bundles) @ oak-api ---
[INFO] 
[INFO] --- maven-resources-plugin:2.7:resources (default-resources) @ oak-api ---
[INFO] Using 'UTF-8' encoding to copy filtered resources.
[INFO] skip non existing resourceDirectory /home/travis/build/apache/jackrabbit-oak/oak-api/src/main/resources
[INFO] Copying 3 resources
[INFO] 
[INFO] --- maven-compiler-plugin:3.5.1:compile (default-compile) @ oak-api ---
[INFO] Changes detected - recompiling the module!
[INFO] Compiling 34 source files to /home/travis/build/apache/jackrabbit-oak/oak-api/target/classes
[INFO] 
[INFO] --- animal-sniffer-maven-plugin:1.15:check (animal-sniffer) @ oak-api ---
[INFO] Checking unresolved references to org.codehaus.mojo.signature:java18:1.0
[INFO] 
[INFO] --- maven-bundle-plugin:3.3.0:manifest (scr-metadata) @ oak-api ---
[INFO] 
[INFO] --- maven-resources-plugin:2.7:testResources (default-testResources) @ oak-api ---
[INFO] Using 'UTF-8' encoding to copy filtered resources.
[INFO] skip non existing resourceDirectory /home/travis/build/apache/jackrabbit-oak/oak-api/src/test/resources
[INFO] Copying 3 resources
[INFO] 
[INFO] --- maven-compiler-plugin:3.5.1:testCompile (default-testCompile) @ oak-api ---
[INFO] Changes detected - recompiling the module!
[INFO] Compiling 2 source files to /home/travis/build/apache/jackrabbit-oak/oak-api/target/test-classes
[INFO] 
[INFO] --- maven-surefire-plugin:2.20.1:test (default-test) @ oak-api ---
[INFO] Tests are skipped.
[INFO] 
[INFO] --- jacoco-maven-plugin:0.7.9:report (post-unit-test) @ oak-api ---
[INFO] Skipping JaCoCo execution because property jacoco.skip is set.
[INFO] 
[INFO] --- maven-bundle-plugin:3.3.0:bundle (default-bundle) @ oak-api ---
[INFO] 
[INFO] --- maven-site-plugin:3.6:attach-descriptor (attach-descriptor) @ oak-api ---
[INFO] Skipping because packaging 'bundle' is not pom.
[INFO] 
[INFO] --- maven-jar-plugin:3.0.2:test-jar (default) @ oak-api ---
[INFO] Building jar: /home/travis/build/apache/jackrabbit-oak/oak-api/target/oak-api-1.8-SNAPSHOT-tests.jar
[INFO] 
[INFO] --- maven-bundle-plugin:3.3.0:baseline (baseline) @ oak-api ---
[INFO] Skipping Baseline execution
[INFO] 
[INFO] --- jacoco-maven-plugin:0.7.9:check (default-check) @ oak-api ---
[INFO] Skipping JaCoCo execution due to missing execution data file:/home/travis/build/apache/jackrabbit-oak/oak-api/target/coverage-reports/jacoco-ut.exec
[INFO] 
[INFO] --- maven-install-plugin:2.5.2:install (default-install) @ oak-api ---
[INFO] Installing /home/travis/build/apache/jackrabbit-oak/oak-api/target/oak-api-1.8-SNAPSHOT.jar to /home/travis/.m2/repository/org/apache/jackrabbit/oak-api/1.8-SNAPSHOT/oak-api-1.8-SNAPSHOT.jar
[INFO] Installing /home/travis/build/apache/jackrabbit-oak/oak-api/pom.xml to /home/travis/.m2/repository/org/apache/jackrabbit/oak-api/1.8-SNAPSHOT/oak-api-1.8-SNAPSHOT.pom
[INFO] Installing /home/travis/build/apache/jackrabbit-oak/oak-api/target/oak-api-1.8-SNAPSHOT-tests.jar to /home/travis/.m2/repository/org/apache/jackrabbit/oak-api/1.8-SNAPSHOT/oak-api-1.8-SNAPSHOT-tests.jar
[INFO] 
[INFO] --- maven-bundle-plugin:3.3.0:install (default-install) @ oak-api ---
[INFO] Local OBR update disabled (enable with -DobrRepository)
[INFO] 
[INFO] ------------------------------------------------------------------------
[INFO] Building Oak Core SPI 1.8-SNAPSHOT
[INFO] ------------------------------------------------------------------------
[INFO] 
[INFO] --- jacoco-maven-plugin:0.7.9:prepare-agent (pre-unit-test) @ oak-core-spi ---
[INFO] Skipping JaCoCo execution because property jacoco.skip is set.
[INFO] test.opts.coverage set to empty
[INFO] 
[INFO] --- maven-remote-resources-plugin:1.5:process (process-resource-bundles) @ oak-core-spi ---
[INFO] 
[INFO] --- maven-resources-plugin:2.7:resources (default-resources) @ oak-core-spi ---
[INFO] Using 'UTF-8' encoding to copy filtered resources.
[INFO] skip non existing resourceDirectory /home/travis/build/apache/jackrabbit-oak/oak-core-spi/src/main/resources
[INFO] Copying 3 resources
[INFO] 
[INFO] --- maven-compiler-plugin:3.5.1:compile (default-compile) @ oak-core-spi ---
[INFO] Changes detected - recompiling the module!
[INFO] Compiling 63 source files to /home/travis/build/apache/jackrabbit-oak/oak-core-spi/target/classes
[INFO] /home/travis/build/apache/jackrabbit-oak/oak-core-spi/src/main/java/org/apache/jackrabbit/oak/spi/whiteboard/WhiteboardUtils.java: /home/travis/build/apache/jackrabbit-oak/oak-core-spi/src/main/java/org/apache/jackrabbit/oak/spi/whiteboard/WhiteboardUtils.java uses unchecked or unsafe operations.
[INFO] /home/travis/build/apache/jackrabbit-oak/oak-core-spi/src/main/java/org/apache/jackrabbit/oak/spi/whiteboard/WhiteboardUtils.java: Recompile with -Xlint:unchecked for details.
[INFO] 
[INFO] --- animal-sniffer-maven-plugin:1.15:check (animal-sniffer) @ oak-core-spi ---
[INFO] Checking unresolved references to org.codehaus.mojo.signature:java18:1.0
[INFO] 
[INFO] --- maven-bundle-plugin:3.3.0:manifest (scr-metadata) @ oak-core-spi ---
[INFO] 
[INFO] --- maven-resources-plugin:2.7:testResources (default-testResources) @ oak-core-spi ---
[INFO] Using 'UTF-8' encoding to copy filtered resources.
[INFO] skip non existing resourceDirectory /home/travis/build/apache/jackrabbit-oak/oak-core-spi/src/test/resources
[INFO] Copying 3 resources
[INFO] 
[INFO] --- maven-compiler-plugin:3.5.1:testCompile (default-testCompile) @ oak-core-spi ---
[INFO] Changes detected - recompiling the module!
[INFO] Compiling 20 source files to /home/travis/build/apache/jackrabbit-oak/oak-core-spi/target/test-classes
[INFO] /home/travis/build/apache/jackrabbit-oak/oak-core-spi/src/test/java/org/apache/jackrabbit/oak/commons/jmx/AnnotatedStandardMBeanTest.java: Some input files use or override a deprecated API.
[INFO] /home/travis/build/apache/jackrabbit-oak/oak-core-spi/src/test/java/org/apache/jackrabbit/oak/commons/jmx/AnnotatedStandardMBeanTest.java: Recompile with -Xlint:deprecation for details.
[INFO] 
[INFO] --- maven-surefire-plugin:2.20.1:test (default-test) @ oak-core-spi ---
[INFO] Tests are skipped.
[INFO] 
[INFO] --- jacoco-maven-plugin:0.7.9:report (post-unit-test) @ oak-core-spi ---
[INFO] Skipping JaCoCo execution because property jacoco.skip is set.
[INFO] 
[INFO] --- maven-bundle-plugin:3.3.0:bundle (default-bundle) @ oak-core-spi ---
[INFO] 
[INFO] --- maven-site-plugin:3.6:attach-descriptor (attach-descriptor) @ oak-core-spi ---
[INFO] Skipping because packaging 'bundle' is not pom.
[INFO] 
[INFO] --- maven-jar-plugin:3.0.2:test-jar (default) @ oak-core-spi ---
[INFO] Building jar: /home/travis/build/apache/jackrabbit-oak/oak-core-spi/target/oak-core-spi-1.8-SNAPSHOT-tests.jar
[INFO] 
[INFO] --- maven-bundle-plugin:3.3.0:baseline (baseline) @ oak-core-spi ---
[INFO] Skipping Baseline execution
[INFO] 
[INFO] --- jacoco-maven-plugin:0.7.9:check (default-check) @ oak-core-spi ---
[INFO] Skipping JaCoCo execution due to missing execution data file:/home/travis/build/apache/jackrabbit-oak/oak-core-spi/target/coverage-reports/jacoco-ut.exec
[INFO] 
[INFO] --- maven-install-plugin:2.5.2:install (default-install) @ oak-core-spi ---
[INFO] Installing /home/travis/build/apache/jackrabbit-oak/oak-core-spi/target/oak-core-spi-1.8-SNAPSHOT.jar to /home/travis/.m2/repository/org/apache/jackrabbit/oak-core-spi/1.8-SNAPSHOT/oak-core-spi-1.8-SNAPSHOT.jar
[INFO] Installing /home/travis/build/apache/jackrabbit-oak/oak-core-spi/pom.xml to /home/travis/.m2/repository/org/apache/jackrabbit/oak-core-spi/1.8-SNAPSHOT/oak-core-spi-1.8-SNAPSHOT.pom
[INFO] Installing /home/travis/build/apache/jackrabbit-oak/oak-core-spi/target/oak-core-spi-1.8-SNAPSHOT-tests.jar to /home/travis/.m2/repository/org/apache/jackrabbit/oak-core-spi/1.8-SNAPSHOT/oak-core-spi-1.8-SNAPSHOT-tests.jar
[INFO] 
[INFO] --- maven-bundle-plugin:3.3.0:install (default-install) @ oak-core-spi ---
[INFO] Local OBR update disabled (enable with -DobrRepository)
[INFO] 
[INFO] ------------------------------------------------------------------------
[INFO] Building Oak NodeStore and Commit SPI 1.8-SNAPSHOT
[INFO] ------------------------------------------------------------------------
[INFO] 
[INFO] --- jacoco-maven-plugin:0.7.9:prepare-agent (pre-unit-test) @ oak-store-spi ---
[INFO] Skipping JaCoCo execution because property jacoco.skip is set.
[INFO] test.opts.coverage set to empty
[INFO] 
[INFO] --- maven-remote-resources-plugin:1.5:process (process-resource-bundles) @ oak-store-spi ---
[INFO] 
[INFO] --- maven-resources-plugin:2.7:resources (default-resources) @ oak-store-spi ---
[INFO] Using 'UTF-8' encoding to copy filtered resources.
[INFO] skip non existing resourceDirectory /home/travis/build/apache/jackrabbit-oak/oak-store-spi/src/main/resources
[INFO] Copying 3 resources
[INFO] 
[INFO] --- maven-compiler-plugin:3.5.1:compile (default-compile) @ oak-store-spi ---
[INFO] Changes detected - recompiling the module!
[INFO] Compiling 117 source files to /home/travis/build/apache/jackrabbit-oak/oak-store-spi/target/classes
[INFO] /home/travis/build/apache/jackrabbit-oak/oak-store-spi/src/main/java/org/apache/jackrabbit/oak/plugins/value/jcr/ValueImpl.java: Some input files use or override a deprecated API.
[INFO] /home/travis/build/apache/jackrabbit-oak/oak-store-spi/src/main/java/org/apache/jackrabbit/oak/plugins/value/jcr/ValueImpl.java: Recompile with -Xlint:deprecation for details.
[INFO] 
[INFO] --- animal-sniffer-maven-plugin:1.15:check (animal-sniffer) @ oak-store-spi ---
[INFO] Checking unresolved references to org.codehaus.mojo.signature:java18:1.0
[INFO] 
[INFO] --- maven-bundle-plugin:3.3.0:manifest (scr-metadata) @ oak-store-spi ---
[INFO] 
[INFO] --- maven-resources-plugin:2.7:testResources (default-testResources) @ oak-store-spi ---
[INFO] Using 'UTF-8' encoding to copy filtered resources.
[INFO] skip non existing resourceDirectory /home/travis/build/apache/jackrabbit-oak/oak-store-spi/src/test/resources
[INFO] Copying 3 resources
[INFO] 
[INFO] --- maven-compiler-plugin:3.5.1:testCompile (default-testCompile) @ oak-store-spi ---
[INFO] Changes detected - recompiling the module!
[INFO] Compiling 19 source files to /home/travis/build/apache/jackrabbit-oak/oak-store-spi/target/test-classes
[INFO] /home/travis/build/apache/jackrabbit-oak/oak-store-spi/src/test/java/org/apache/jackrabbit/oak/spi/commit/SubtreeValidatorTest.java: Some input files use or override a deprecated API.
[INFO] /home/travis/build/apache/jackrabbit-oak/oak-store-spi/src/test/java/org/apache/jackrabbit/oak/spi/commit/SubtreeValidatorTest.java: Recompile with -Xlint:deprecation for details.
[INFO] /home/travis/build/apache/jackrabbit-oak/oak-store-spi/src/test/java/org/apache/jackrabbit/oak/plugins/memory/PropertyBuilderTest.java: /home/travis/build/apache/jackrabbit-oak/oak-store-spi/src/test/java/org/apache/jackrabbit/oak/plugins/memory/PropertyBuilderTest.java uses unchecked or unsafe operations.
[INFO] /home/travis/build/apache/jackrabbit-oak/oak-store-spi/src/test/java/org/apache/jackrabbit/oak/plugins/memory/PropertyBuilderTest.java: Recompile with -Xlint:unchecked for details.
[INFO] 
[INFO] --- maven-surefire-plugin:2.20.1:test (default-test) @ oak-store-spi ---
[INFO] Tests are skipped.
[INFO] 
[INFO] --- jacoco-maven-plugin:0.7.9:report (post-unit-test) @ oak-store-spi ---
[INFO] Skipping JaCoCo execution because property jacoco.skip is set.
[INFO] 
[INFO] --- maven-bundle-plugin:3.3.0:bundle (default-bundle) @ oak-store-spi ---
[INFO] 
[INFO] --- maven-site-plugin:3.6:attach-descriptor (attach-descriptor) @ oak-store-spi ---
[INFO] Skipping because packaging 'bundle' is not pom.
[INFO] 
[INFO] --- maven-jar-plugin:3.0.2:test-jar (default) @ oak-store-spi ---
[INFO] Building jar: /home/travis/build/apache/jackrabbit-oak/oak-store-spi/target/oak-store-spi-1.8-SNAPSHOT-tests.jar
[INFO] 
[INFO] --- maven-bundle-plugin:3.3.0:baseline (baseline) @ oak-store-spi ---
[INFO] Skipping Baseline execution
[INFO] 
[INFO] --- jacoco-maven-plugin:0.7.9:check (default-check) @ oak-store-spi ---
[INFO] Skipping JaCoCo execution due to missing execution data file:/home/travis/build/apache/jackrabbit-oak/oak-store-spi/target/coverage-reports/jacoco-ut.exec
[INFO] 
[INFO] --- maven-install-plugin:2.5.2:install (default-install) @ oak-store-spi ---
[INFO] Installing /home/travis/build/apache/jackrabbit-oak/oak-store-spi/target/oak-store-spi-1.8-SNAPSHOT.jar to /home/travis/.m2/repository/org/apache/jackrabbit/oak-store-spi/1.8-SNAPSHOT/oak-store-spi-1.8-SNAPSHOT.jar
[INFO] Installing /home/travis/build/apache/jackrabbit-oak/oak-store-spi/pom.xml to /home/travis/.m2/repository/org/apache/jackrabbit/oak-store-spi/1.8-SNAPSHOT/oak-store-spi-1.8-SNAPSHOT.pom
[INFO] Installing /home/travis/build/apache/jackrabbit-oak/oak-store-spi/target/oak-store-spi-1.8-SNAPSHOT-tests.jar to /home/travis/.m2/repository/org/apache/jackrabbit/oak-store-spi/1.8-SNAPSHOT/oak-store-spi-1.8-SNAPSHOT-tests.jar
[INFO] 
[INFO] --- maven-bundle-plugin:3.3.0:install (default-install) @ oak-store-spi ---
[INFO] Local OBR update disabled (enable with -DobrRepository)
[INFO] 
[INFO] ------------------------------------------------------------------------
[INFO] Building Oak Query SPI 1.8-SNAPSHOT
[INFO] ------------------------------------------------------------------------
[INFO] 
[INFO] --- jacoco-maven-plugin:0.7.9:prepare-agent (pre-unit-test) @ oak-query-spi ---
[INFO] Skipping JaCoCo execution because property jacoco.skip is set.
[INFO] test.opts.coverage set to empty
[INFO] 
[INFO] --- maven-remote-resources-plugin:1.5:process (process-resource-bundles) @ oak-query-spi ---
[INFO] 
[INFO] --- maven-resources-plugin:2.7:resources (default-resources) @ oak-query-spi ---
[INFO] Using 'UTF-8' encoding to copy filtered resources.
[INFO] skip non existing resourceDirectory /home/travis/build/apache/jackrabbit-oak/oak-query-spi/src/main/resources
[INFO] Copying 3 resources
[INFO] 
[INFO] --- maven-compiler-plugin:3.5.1:compile (default-compile) @ oak-query-spi ---
[INFO] Changes detected - recompiling the module!
[INFO] Compiling 20 source files to /home/travis/build/apache/jackrabbit-oak/oak-query-spi/target/classes
[INFO] 
[INFO] --- animal-sniffer-maven-plugin:1.15:check (animal-sniffer) @ oak-query-spi ---
[INFO] Checking unresolved references to org.codehaus.mojo.signature:java18:1.0
[INFO] 
[INFO] --- maven-bundle-plugin:3.3.0:manifest (scr-metadata) @ oak-query-spi ---
[INFO] 
[INFO] --- maven-resources-plugin:2.7:testResources (default-testResources) @ oak-query-spi ---
[INFO] Using 'UTF-8' encoding to copy filtered resources.
[INFO] Copying 1 resource
[INFO] Copying 3 resources
[INFO] 
[INFO] --- maven-compiler-plugin:3.5.1:testCompile (default-testCompile) @ oak-query-spi ---
[INFO] Changes detected - recompiling the module!
[INFO] Compiling 1 source file to /home/travis/build/apache/jackrabbit-oak/oak-query-spi/target/test-classes
[INFO] 
[INFO] --- maven-surefire-plugin:2.20.1:test (default-test) @ oak-query-spi ---
[INFO] Tests are skipped.
[INFO] 
[INFO] --- jacoco-maven-plugin:0.7.9:report (post-unit-test) @ oak-query-spi ---
[INFO] Skipping JaCoCo execution because property jacoco.skip is set.
[INFO] 
[INFO] --- maven-bundle-plugin:3.3.0:bundle (default-bundle) @ oak-query-spi ---
[INFO] 
[INFO] --- maven-site-plugin:3.6:attach-descriptor (attach-descriptor) @ oak-query-spi ---
[INFO] Skipping because packaging 'bundle' is not pom.
[INFO] 
[INFO] --- maven-jar-plugin:3.0.2:test-jar (default) @ oak-query-spi ---
[INFO] Building jar: /home/travis/build/apache/jackrabbit-oak/oak-query-spi/target/oak-query-spi-1.8-SNAPSHOT-tests.jar
[INFO] 
[INFO] --- maven-bundle-plugin:3.3.0:baseline (baseline) @ oak-query-spi ---
[INFO] Skipping Baseline execution
[INFO] 
[INFO] --- jacoco-maven-plugin:0.7.9:check (default-check) @ oak-query-spi ---
[INFO] Skipping JaCoCo execution due to missing execution data file:/home/travis/build/apache/jackrabbit-oak/oak-query-spi/target/coverage-reports/jacoco-ut.exec
[INFO] 
[INFO] --- maven-install-plugin:2.5.2:install (default-install) @ oak-query-spi ---
[INFO] Installing /home/travis/build/apache/jackrabbit-oak/oak-query-spi/target/oak-query-spi-1.8-SNAPSHOT.jar to /home/travis/.m2/repository/org/apache/jackrabbit/oak-query-spi/1.8-SNAPSHOT/oak-query-spi-1.8-SNAPSHOT.jar
[INFO] Installing /home/travis/build/apache/jackrabbit-oak/oak-query-spi/pom.xml to /home/travis/.m2/repository/org/apache/jackrabbit/oak-query-spi/1.8-SNAPSHOT/oak-query-spi-1.8-SNAPSHOT.pom
[INFO] Installing /home/travis/build/apache/jackrabbit-oak/oak-query-spi/target/oak-query-spi-1.8-SNAPSHOT-tests.jar to /home/travis/.m2/repository/org/apache/jackrabbit/oak-query-spi/1.8-SNAPSHOT/oak-query-spi-1.8-SNAPSHOT-tests.jar
[INFO] 
[INFO] --- maven-bundle-plugin:3.3.0:install (default-install) @ oak-query-spi ---
[INFO] Local OBR update disabled (enable with -DobrRepository)
[INFO] 
[INFO] ------------------------------------------------------------------------
[INFO] Building Oak Security SPI 1.8-SNAPSHOT
[INFO] ------------------------------------------------------------------------
[INFO] 
[INFO] --- jacoco-maven-plugin:0.7.9:prepare-agent (pre-unit-test) @ oak-security-spi ---
[INFO] test.opts.coverage set to -javaagent:/home/travis/.m2/repository/org/jacoco/org.jacoco.agent/0.7.9/org.jacoco.agent-0.7.9-runtime.jar=destfile=/home/travis/build/apache/jackrabbit-oak/oak-security-spi/target/coverage-reports/jacoco-ut.exec
[INFO] 
[INFO] --- maven-remote-resources-plugin:1.5:process (process-resource-bundles) @ oak-security-spi ---
[INFO] 
[INFO] --- maven-resources-plugin:2.7:resources (default-resources) @ oak-security-spi ---
[INFO] Using 'UTF-8' encoding to copy filtered resources.
[INFO] skip non existing resourceDirectory /home/travis/build/apache/jackrabbit-oak/oak-security-spi/src/main/resources
[INFO] Copying 3 resources
[INFO] 
[INFO] --- maven-compiler-plugin:3.5.1:compile (default-compile) @ oak-security-spi ---
[INFO] Changes detected - recompiling the module!
[INFO] Compiling 134 source files to /home/travis/build/apache/jackrabbit-oak/oak-security-spi/target/classes
[INFO] /home/travis/build/apache/jackrabbit-oak/oak-security-spi/src/main/java/org/apache/jackrabbit/oak/spi/security/CompositeConfiguration.java: Some input files use unchecked or unsafe operations.
[INFO] /home/travis/build/apache/jackrabbit-oak/oak-security-spi/src/main/java/org/apache/jackrabbit/oak/spi/security/CompositeConfiguration.java: Recompile with -Xlint:unchecked for details.
[INFO] 
[INFO] --- animal-sniffer-maven-plugin:1.15:check (animal-sniffer) @ oak-security-spi ---
[INFO] Checking unresolved references to org.codehaus.mojo.signature:java18:1.0
[INFO] 
[INFO] --- maven-bundle-plugin:3.3.0:manifest (scr-metadata) @ oak-security-spi ---
[WARNING] Manifest org.apache.jackrabbit:oak-security-spi:bundle:1.8-SNAPSHOT : aQute.bnd.annotation.ProviderType annotation used in class org.apache.jackrabbit.api.security.JackrabbitAccessControlEntry. Bnd versioning annotations are deprecated as of Bnd 3.2 and support will be removed in Bnd 4.0. Please change to use OSGi versioning annotations.
[WARNING] Manifest org.apache.jackrabbit:oak-security-spi:bundle:1.8-SNAPSHOT : aQute.bnd.annotation.ProviderType annotation used in class org.apache.jackrabbit.api.security.JackrabbitAccessControlList. Bnd versioning annotations are deprecated as of Bnd 3.2 and support will be removed in Bnd 4.0. Please change to use OSGi versioning annotations.
[WARNING] Manifest org.apache.jackrabbit:oak-security-spi:bundle:1.8-SNAPSHOT : aQute.bnd.annotation.ProviderType annotation used in class org.apache.jackrabbit.api.security.JackrabbitAccessControlManager. Bnd versioning annotations are deprecated as of Bnd 3.2 and support will be removed in Bnd 4.0. Please change to use OSGi versioning annotations.
[INFO] 
[INFO] --- maven-resources-plugin:2.7:testResources (default-testResources) @ oak-security-spi ---
[INFO] Using 'UTF-8' encoding to copy filtered resources.
[INFO] skip non existing resourceDirectory /home/travis/build/apache/jackrabbit-oak/oak-security-spi/src/test/resources
[INFO] Copying 3 resources
[INFO] 
[INFO] --- maven-compiler-plugin:3.5.1:testCompile (default-testCompile) @ oak-security-spi ---
[INFO] Changes detected - recompiling the module!
[INFO] Compiling 70 source files to /home/travis/build/apache/jackrabbit-oak/oak-security-spi/target/test-classes
[INFO] /home/travis/build/apache/jackrabbit-oak/oak-security-spi/src/test/java/org/apache/jackrabbit/oak/spi/security/AbstractCompositeConfigurationTest.java: Some input files use unchecked or unsafe operations.
[INFO] /home/travis/build/apache/jackrabbit-oak/oak-security-spi/src/test/java/org/apache/jackrabbit/oak/spi/security/AbstractCompositeConfigurationTest.java: Recompile with -Xlint:unchecked for details.
[INFO] 
[INFO] --- maven-surefire-plugin:2.20.1:test (default-test) @ oak-security-spi ---
[INFO] Tests are skipped.
[INFO] 
[INFO] --- jacoco-maven-plugin:0.7.9:report (post-unit-test) @ oak-security-spi ---
[INFO] Skipping JaCoCo execution due to missing execution data file.
[INFO] 
[INFO] --- maven-bundle-plugin:3.3.0:bundle (default-bundle) @ oak-security-spi ---
[WARNING] Bundle org.apache.jackrabbit:oak-security-spi:bundle:1.8-SNAPSHOT : aQute.bnd.annotation.ProviderType annotation used in class org.apache.jackrabbit.api.security.JackrabbitAccessControlEntry. Bnd versioning annotations are deprecated as of Bnd 3.2 and support will be removed in Bnd 4.0. Please change to use OSGi versioning annotations.
[WARNING] Bundle org.apache.jackrabbit:oak-security-spi:bundle:1.8-SNAPSHOT : aQute.bnd.annotation.ProviderType annotation used in class org.apache.jackrabbit.api.security.JackrabbitAccessControlList. Bnd versioning annotations are deprecated as of Bnd 3.2 and support will be removed in Bnd 4.0. Please change to use OSGi versioning annotations.
[WARNING] Bundle org.apache.jackrabbit:oak-security-spi:bundle:1.8-SNAPSHOT : aQute.bnd.annotation.ProviderType annotation used in class org.apache.jackrabbit.api.security.JackrabbitAccessControlManager. Bnd versioning annotations are deprecated as of Bnd 3.2 and support will be removed in Bnd 4.0. Please change to use OSGi versioning annotations.
[INFO] 
[INFO] --- maven-site-plugin:3.6:attach-descriptor (attach-descriptor) @ oak-security-spi ---
[INFO] Skipping because packaging 'bundle' is not pom.
[INFO] 
[INFO] --- maven-jar-plugin:3.0.2:test-jar (default) @ oak-security-spi ---
[INFO] Building jar: /home/travis/build/apache/jackrabbit-oak/oak-security-spi/target/oak-security-spi-1.8-SNAPSHOT-tests.jar
[INFO] 
[INFO] --- maven-bundle-plugin:3.3.0:baseline (baseline) @ oak-security-spi ---
[INFO] Skipping Baseline execution
[INFO] 
[INFO] --- jacoco-maven-plugin:0.7.9:check (default-check) @ oak-security-spi ---
[INFO] Skipping JaCoCo execution due to missing execution data file:/home/travis/build/apache/jackrabbit-oak/oak-security-spi/target/coverage-reports/jacoco-ut.exec
[INFO] 
[INFO] --- maven-install-plugin:2.5.2:install (default-install) @ oak-security-spi ---
[INFO] Installing /home/travis/build/apache/jackrabbit-oak/oak-security-spi/target/oak-security-spi-1.8-SNAPSHOT.jar to /home/travis/.m2/repository/org/apache/jackrabbit/oak-security-spi/1.8-SNAPSHOT/oak-security-spi-1.8-SNAPSHOT.jar
[INFO] Installing /home/travis/build/apache/jackrabbit-oak/oak-security-spi/pom.xml to /home/travis/.m2/repository/org/apache/jackrabbit/oak-security-spi/1.8-SNAPSHOT/oak-security-spi-1.8-SNAPSHOT.pom
[INFO] Installing /home/travis/build/apache/jackrabbit-oak/oak-security-spi/target/oak-security-spi-1.8-SNAPSHOT-tests.jar to /home/travis/.m2/repository/org/apache/jackrabbit/oak-security-spi/1.8-SNAPSHOT/oak-security-spi-1.8-SNAPSHOT-tests.jar
[INFO] 
[INFO] --- maven-bundle-plugin:3.3.0:install (default-install) @ oak-security-spi ---
[INFO] Local OBR update disabled (enable with -DobrRepository)
[INFO] 
[INFO] ------------------------------------------------------------------------
[INFO] Building Oak Blob Store 1.8-SNAPSHOT
[INFO] ------------------------------------------------------------------------
[INFO] 
[INFO] --- jacoco-maven-plugin:0.7.9:prepare-agent (pre-unit-test) @ oak-blob ---
[INFO] Skipping JaCoCo execution because property jacoco.skip is set.
[INFO] test.opts.coverage set to empty
[INFO] 
[INFO] --- maven-remote-resources-plugin:1.5:process (process-resource-bundles) @ oak-blob ---
[INFO] 
[INFO] --- maven-resources-plugin:2.7:resources (default-resources) @ oak-blob ---
[INFO] Using 'UTF-8' encoding to copy filtered resources.
[INFO] skip non existing resourceDirectory /home/travis/build/apache/jackrabbit-oak/oak-blob/src/main/resources
[INFO] Copying 3 resources
[INFO] 
[INFO] --- maven-compiler-plugin:3.5.1:compile (default-compile) @ oak-blob ---
[INFO] Changes detected - recompiling the module!
[INFO] Compiling 20 source files to /home/travis/build/apache/jackrabbit-oak/oak-blob/target/classes
[INFO] /home/travis/build/apache/jackrabbit-oak/oak-blob/src/main/java/org/apache/jackrabbit/oak/spi/blob/AbstractBlobStore.java: /home/travis/build/apache/jackrabbit-oak/oak-blob/src/main/java/org/apache/jackrabbit/oak/spi/blob/AbstractBlobStore.java uses or overrides a deprecated API.
[INFO] /home/travis/build/apache/jackrabbit-oak/oak-blob/src/main/java/org/apache/jackrabbit/oak/spi/blob/AbstractBlobStore.java: Recompile with -Xlint:deprecation for details.
[INFO] 
[INFO] --- animal-sniffer-maven-plugin:1.15:check (animal-sniffer) @ oak-blob ---
[INFO] Checking unresolved references to org.codehaus.mojo.signature:java18:1.0
[INFO] 
[INFO] --- maven-bundle-plugin:3.3.0:manifest (scr-metadata) @ oak-blob ---
[INFO] 
[INFO] --- maven-resources-plugin:2.7:testResources (default-testResources) @ oak-blob ---
[INFO] Using 'UTF-8' encoding to copy filtered resources.
[INFO] Copying 1 resource
[INFO] Copying 3 resources
[INFO] 
[INFO] --- maven-compiler-plugin:3.5.1:testCompile (default-testCompile) @ oak-blob ---
[INFO] Changes detected - recompiling the module!
[INFO] Compiling 6 source files to /home/travis/build/apache/jackrabbit-oak/oak-blob/target/test-classes
[INFO] /home/travis/build/apache/jackrabbit-oak/oak-blob/src/test/java/org/apache/jackrabbit/oak/spi/blob/split/SplitBlobStoreTest.java: Some input files use or override a deprecated API.
[INFO] /home/travis/build/apache/jackrabbit-oak/oak-blob/src/test/java/org/apache/jackrabbit/oak/spi/blob/split/SplitBlobStoreTest.java: Recompile with -Xlint:deprecation for details.
[INFO] 
[INFO] --- maven-surefire-plugin:2.20.1:test (default-test) @ oak-blob ---
[INFO] Tests are skipped.
[INFO] 
[INFO] --- jacoco-maven-plugin:0.7.9:report (post-unit-test) @ oak-blob ---
[INFO] Skipping JaCoCo execution because property jacoco.skip is set.
[INFO] 
[INFO] --- maven-bundle-plugin:3.3.0:bundle (default-bundle) @ oak-blob ---
[INFO] 
[INFO] --- maven-site-plugin:3.6:attach-descriptor (attach-descriptor) @ oak-blob ---
[INFO] Skipping because packaging 'bundle' is not pom.
[INFO] 
[INFO] --- maven-jar-plugin:3.0.2:test-jar (default) @ oak-blob ---
[INFO] Building jar: /home/travis/build/apache/jackrabbit-oak/oak-blob/target/oak-blob-1.8-SNAPSHOT-tests.jar
[INFO] 
[INFO] --- maven-bundle-plugin:3.3.0:baseline (baseline) @ oak-blob ---
[INFO] Skipping Baseline execution
[INFO] 
[INFO] --- jacoco-maven-plugin:0.7.9:check (default-check) @ oak-blob ---
[INFO] Skipping JaCoCo execution due to missing execution data file:/home/travis/build/apache/jackrabbit-oak/oak-blob/target/coverage-reports/jacoco-ut.exec
[INFO] 
[INFO] --- maven-install-plugin:2.5.2:install (default-install) @ oak-blob ---
[INFO] Installing /home/travis/build/apache/jackrabbit-oak/oak-blob/target/oak-blob-1.8-SNAPSHOT.jar to /home/travis/.m2/repository/org/apache/jackrabbit/oak-blob/1.8-SNAPSHOT/oak-blob-1.8-SNAPSHOT.jar
[INFO] Installing /home/travis/build/apache/jackrabbit-oak/oak-blob/pom.xml to /home/travis/.m2/repository/org/apache/jackrabbit/oak-blob/1.8-SNAPSHOT/oak-blob-1.8-SNAPSHOT.pom
[INFO] Installing /home/travis/build/apache/jackrabbit-oak/oak-blob/target/oak-blob-1.8-SNAPSHOT-tests.jar to /home/travis/.m2/repository/org/apache/jackrabbit/oak-blob/1.8-SNAPSHOT/oak-blob-1.8-SNAPSHOT-tests.jar
[INFO] 
[INFO] --- maven-bundle-plugin:3.3.0:install (default-install) @ oak-blob ---
[INFO] Local OBR update disabled (enable with -DobrRepository)
[INFO] 
[INFO] ------------------------------------------------------------------------
[INFO] Building Oak Blob Plugins 1.8-SNAPSHOT
[INFO] ------------------------------------------------------------------------
[INFO] 
[INFO] --- jacoco-maven-plugin:0.7.9:prepare-agent (pre-unit-test) @ oak-blob-plugins ---
[INFO] Skipping JaCoCo execution because property jacoco.skip is set.
[INFO] test.opts.coverage set to empty
[INFO] 
[INFO] --- maven-remote-resources-plugin:1.5:process (process-resource-bundles) @ oak-blob-plugins ---
[INFO] 
[INFO] --- maven-resources-plugin:2.7:resources (default-resources) @ oak-blob-plugins ---
[INFO] Using 'UTF-8' encoding to copy filtered resources.
[INFO] Copying 1 resource
[INFO] Copying 3 resources
[INFO] 
[INFO] --- maven-compiler-plugin:3.5.1:compile (default-compile) @ oak-blob-plugins ---
[INFO] Changes detected - recompiling the module!
[INFO] Compiling 42 source files to /home/travis/build/apache/jackrabbit-oak/oak-blob-plugins/target/classes
[INFO] /home/travis/build/apache/jackrabbit-oak/oak-blob-plugins/src/main/java/org/apache/jackrabbit/oak/plugins/blob/datastore/DataStoreBlobStore.java: Some input files use or override a deprecated API.
[INFO] /home/travis/build/apache/jackrabbit-oak/oak-blob-plugins/src/main/java/org/apache/jackrabbit/oak/plugins/blob/datastore/DataStoreBlobStore.java: Recompile with -Xlint:deprecation for details.
[INFO] /home/travis/build/apache/jackrabbit-oak/oak-blob-plugins/src/main/java/org/apache/jackrabbit/oak/plugins/blob/FileCache.java: Some input files use unchecked or unsafe operations.
[INFO] /home/travis/build/apache/jackrabbit-oak/oak-blob-plugins/src/main/java/org/apache/jackrabbit/oak/plugins/blob/FileCache.java: Recompile with -Xlint:unchecked for details.
[INFO] 
[INFO] --- animal-sniffer-maven-plugin:1.15:check (animal-sniffer) @ oak-blob-plugins ---
[INFO] Checking unresolved references to org.codehaus.mojo.signature:java18:1.0
[INFO] 
[INFO] --- maven-bundle-plugin:3.3.0:manifest (scr-metadata) @ oak-blob-plugins ---
[WARNING] Manifest org.apache.jackrabbit:oak-blob-plugins:bundle:1.8-SNAPSHOT :  Component org.apache.jackrabbit.oak.plugins.blob.datastore.DbDataStore is using the deprecated inheritance feature and inherits from org.apache.jackrabbit.oak.plugins.blob.datastore.AbstractDataStoreService. This feature will be removed in future versions. [org/apache/jackrabbit/oak/plugins/blob/datastore/DbDataStoreService.class,1:1]
[WARNING] Manifest org.apache.jackrabbit:oak-blob-plugins:bundle:1.8-SNAPSHOT :  Component org.apache.jackrabbit.oak.plugins.blob.datastore.FileDataStore is using the deprecated inheritance feature and inherits from org.apache.jackrabbit.oak.plugins.blob.datastore.AbstractDataStoreService. This feature will be removed in future versions. [org/apache/jackrabbit/oak/plugins/blob/datastore/FileDataStoreService.class,1:1]
[INFO] 
[INFO] --- maven-resources-plugin:2.7:testResources (default-testResources) @ oak-blob-plugins ---
[INFO] Using 'UTF-8' encoding to copy filtered resources.
[INFO] Copying 1 resource
[INFO] Copying 3 resources
[INFO] 
[INFO] --- maven-compiler-plugin:3.5.1:testCompile (default-testCompile) @ oak-blob-plugins ---
[INFO] Changes detected - recompiling the module!
[INFO] Compiling 27 source files to /home/travis/build/apache/jackrabbit-oak/oak-blob-plugins/target/test-classes
[INFO] /home/travis/build/apache/jackrabbit-oak/oak-blob-plugins/src/test/java/org/apache/jackrabbit/oak/plugins/blob/SharedDataStoreUtilsTest.java: Some input files use or override a deprecated API.
[INFO] /home/travis/build/apache/jackrabbit-oak/oak-blob-plugins/src/test/java/org/apache/jackrabbit/oak/plugins/blob/SharedDataStoreUtilsTest.java: Recompile with -Xlint:deprecation for details.
[INFO] /home/travis/build/apache/jackrabbit-oak/oak-blob-plugins/src/test/java/org/apache/jackrabbit/oak/plugins/blob/AbstractDataStoreCacheTest.java: Some input files use unchecked or unsafe operations.
[INFO] /home/travis/build/apache/jackrabbit-oak/oak-blob-plugins/src/test/java/org/apache/jackrabbit/oak/plugins/blob/AbstractDataStoreCacheTest.java: Recompile with -Xlint:unchecked for details.
[INFO] 
[INFO] --- maven-surefire-plugin:2.20.1:test (default-test) @ oak-blob-plugins ---
[INFO] Tests are skipped.
[INFO] 
[INFO] --- jacoco-maven-plugin:0.7.9:report (post-unit-test) @ oak-blob-plugins ---
[INFO] Skipping JaCoCo execution because property jacoco.skip is set.
[INFO] 
[INFO] --- maven-bundle-plugin:3.3.0:bundle (default-bundle) @ oak-blob-plugins ---
[WARNING] Bundle org.apache.jackrabbit:oak-blob-plugins:bundle:1.8-SNAPSHOT :  Component org.apache.jackrabbit.oak.plugins.blob.datastore.DbDataStore is using the deprecated inheritance feature and inherits from org.apache.jackrabbit.oak.plugins.blob.datastore.AbstractDataStoreService. This feature will be removed in future versions. [org/apache/jackrabbit/oak/plugins/blob/datastore/DbDataStoreService.class,1:1]
[WARNING] Bundle org.apache.jackrabbit:oak-blob-plugins:bundle:1.8-SNAPSHOT :  Component org.apache.jackrabbit.oak.plugins.blob.datastore.FileDataStore is using the deprecated inheritance feature and inherits from org.apache.jackrabbit.oak.plugins.blob.datastore.AbstractDataStoreService. This feature will be removed in future versions. [org/apache/jackrabbit/oak/plugins/blob/datastore/FileDataStoreService.class,1:1]
[INFO] 
[INFO] --- maven-site-plugin:3.6:attach-descriptor (attach-descriptor) @ oak-blob-plugins ---
[INFO] Skipping because packaging 'bundle' is not pom.
[INFO] 
[INFO] --- maven-jar-plugin:3.0.2:test-jar (default) @ oak-blob-plugins ---
[INFO] Building jar: /home/travis/build/apache/jackrabbit-oak/oak-blob-plugins/target/oak-blob-plugins-1.8-SNAPSHOT-tests.jar
[INFO] 
[INFO] --- maven-bundle-plugin:3.3.0:baseline (baseline) @ oak-blob-plugins ---
[INFO] Skipping Baseline execution
[INFO] 
[INFO] --- jacoco-maven-plugin:0.7.9:check (default-check) @ oak-blob-plugins ---
[INFO] Skipping JaCoCo execution due to missing execution data file:/home/travis/build/apache/jackrabbit-oak/oak-blob-plugins/target/coverage-reports/jacoco-ut.exec
[INFO] 
[INFO] --- maven-install-plugin:2.5.2:install (default-install) @ oak-blob-plugins ---
[INFO] Installing /home/travis/build/apache/jackrabbit-oak/oak-blob-plugins/target/oak-blob-plugins-1.8-SNAPSHOT.jar to /home/travis/.m2/repository/org/apache/jackrabbit/oak-blob-plugins/1.8-SNAPSHOT/oak-blob-plugins-1.8-SNAPSHOT.jar
[INFO] Installing /home/travis/build/apache/jackrabbit-oak/oak-blob-plugins/pom.xml to /home/travis/.m2/repository/org/apache/jackrabbit/oak-blob-plugins/1.8-SNAPSHOT/oak-blob-plugins-1.8-SNAPSHOT.pom
[INFO] Installing /home/travis/build/apache/jackrabbit-oak/oak-blob-plugins/target/oak-blob-plugins-1.8-SNAPSHOT-tests.jar to /home/travis/.m2/repository/org/apache/jackrabbit/oak-blob-plugins/1.8-SNAPSHOT/oak-blob-plugins-1.8-SNAPSHOT-tests.jar
[INFO] 
[INFO] --- maven-bundle-plugin:3.3.0:install (default-install) @ oak-blob-plugins ---
[INFO] Local OBR update disabled (enable with -DobrRepository)
[INFO] 
[INFO] ------------------------------------------------------------------------
[INFO] Building Oak Core 1.8-SNAPSHOT
[INFO] ------------------------------------------------------------------------
[INFO] 
[INFO] --- jacoco-maven-plugin:0.7.9:prepare-agent (pre-unit-test) @ oak-core ---
[INFO] Skipping JaCoCo execution because property jacoco.skip is set.
[INFO] test.opts.coverage set to empty
[INFO] 
[INFO] --- maven-remote-resources-plugin:1.5:process (process-resource-bundles) @ oak-core ---
[INFO] 
[INFO] --- maven-resources-plugin:2.7:resources (default-resources) @ oak-core ---
[INFO] Using 'UTF-8' encoding to copy filtered resources.
[INFO] Copying 2 resources
[INFO] Copying 3 resources
[INFO] 
[INFO] --- maven-compiler-plugin:3.5.1:compile (default-compile) @ oak-core ---
[INFO] Changes detected - recompiling the module!
[INFO] Compiling 462 source files to /home/travis/build/apache/jackrabbit-oak/oak-core/target/classes
[INFO] /home/travis/build/apache/jackrabbit-oak/oak-core/src/main/java/org/apache/jackrabbit/oak/plugins/commit/ChildOrderConflictHandler.java: Some input files use or override a deprecated API.
[INFO] /home/travis/build/apache/jackrabbit-oak/oak-core/src/main/java/org/apache/jackrabbit/oak/plugins/commit/ChildOrderConflictHandler.java: Recompile with -Xlint:deprecation for details.
[INFO] /home/travis/build/apache/jackrabbit-oak/oak-core/src/main/java/org/apache/jackrabbit/oak/plugins/metric/MetricStatisticsProvider.java: Some input files use unchecked or unsafe operations.
[INFO] /home/travis/build/apache/jackrabbit-oak/oak-core/src/main/java/org/apache/jackrabbit/oak/plugins/metric/MetricStatisticsProvider.java: Recompile with -Xlint:unchecked for details.
[INFO] 
[INFO] --- animal-sniffer-maven-plugin:1.15:check (animal-sniffer) @ oak-core ---
[INFO] Checking unresolved references to org.codehaus.mojo.signature:java18:1.0
[INFO] 
[INFO] --- maven-bundle-plugin:3.3.0:manifest (scr-metadata) @ oak-core ---
[WARNING] Manifest org.apache.jackrabbit:oak-core:bundle:1.8-SNAPSHOT : aQute.bnd.annotation.ProviderType annotation used in class org.apache.jackrabbit.api.security.user.UserManager. Bnd versioning annotations are deprecated as of Bnd 3.2 and support will be removed in Bnd 4.0. Please change to use OSGi versioning annotations.
[WARNING] Manifest org.apache.jackrabbit:oak-core:bundle:1.8-SNAPSHOT : Export org.apache.jackrabbit.oak.plugins.index,  has 1,  private references [org.apache.jackrabbit.oak.plugins.index.progress], 
[INFO] 
[INFO] --- maven-resources-plugin:2.7:testResources (default-testResources) @ oak-core ---
[INFO] Using 'UTF-8' encoding to copy filtered resources.
[INFO] Copying 17 resources
[INFO] Copying 3 resources
[INFO] 
[INFO] --- maven-compiler-plugin:3.5.1:testCompile (default-testCompile) @ oak-core ---
[INFO] Changes detected - recompiling the module!
[INFO] Compiling 318 source files to /home/travis/build/apache/jackrabbit-oak/oak-core/target/test-classes
[INFO] /home/travis/build/apache/jackrabbit-oak/oak-core/src/test/java/org/apache/jackrabbit/oak/security/user/UserImporterBaseTest.java: Some input files use or override a deprecated API.
[INFO] /home/travis/build/apache/jackrabbit-oak/oak-core/src/test/java/org/apache/jackrabbit/oak/security/user/UserImporterBaseTest.java: Recompile with -Xlint:deprecation for details.
[INFO] /home/travis/build/apache/jackrabbit-oak/oak-core/src/test/java/org/apache/jackrabbit/oak/security/user/UserImporterBaseTest.java: Some input files use unchecked or unsafe operations.
[INFO] /home/travis/build/apache/jackrabbit-oak/oak-core/src/test/java/org/apache/jackrabbit/oak/security/user/UserImporterBaseTest.java: Recompile with -Xlint:unchecked for details.
[INFO] 
[INFO] --- maven-surefire-plugin:2.20.1:test (default-test) @ oak-core ---
[INFO] Tests are skipped.
[INFO] 
[INFO] --- jacoco-maven-plugin:0.7.9:report (post-unit-test) @ oak-core ---
[INFO] Skipping JaCoCo execution because property jacoco.skip is set.
[INFO] 
[INFO] --- maven-bundle-plugin:3.3.0:bundle (default-bundle) @ oak-core ---
[WARNING] Bundle org.apache.jackrabbit:oak-core:bundle:1.8-SNAPSHOT : aQute.bnd.annotation.ProviderType annotation used in class org.apache.jackrabbit.api.security.user.UserManager. Bnd versioning annotations are deprecated as of Bnd 3.2 and support will be removed in Bnd 4.0. Please change to use OSGi versioning annotations.
[WARNING] Bundle org.apache.jackrabbit:oak-core:bundle:1.8-SNAPSHOT : Export org.apache.jackrabbit.oak.plugins.index,  has 1,  private references [org.apache.jackrabbit.oak.plugins.index.progress], 
[INFO] 
[INFO] --- maven-site-plugin:3.6:attach-descriptor (attach-descriptor) @ oak-core ---
[INFO] Skipping because packaging 'bundle' is not pom.
[INFO] 
[INFO] --- maven-jar-plugin:3.0.2:test-jar (default) @ oak-core ---
[INFO] Building jar: /home/travis/build/apache/jackrabbit-oak/oak-core/target/oak-core-1.8-SNAPSHOT-tests.jar
[INFO] 
[INFO] --- maven-bundle-plugin:3.3.0:baseline (baseline) @ oak-core ---
[INFO] Skipping Baseline execution
[INFO] 
[INFO] --- jacoco-maven-plugin:0.7.9:check (default-check) @ oak-core ---
[INFO] Skipping JaCoCo execution due to missing execution data file:/home/travis/build/apache/jackrabbit-oak/oak-core/target/coverage-reports/jacoco-ut.exec
[INFO] 
[INFO] --- maven-install-plugin:2.5.2:install (default-install) @ oak-core ---
[INFO] Installing /home/travis/build/apache/jackrabbit-oak/oak-core/target/oak-core-1.8-SNAPSHOT.jar to /home/travis/.m2/repository/org/apache/jackrabbit/oak-core/1.8-SNAPSHOT/oak-core-1.8-SNAPSHOT.jar
[INFO] Installing /home/travis/build/apache/jackrabbit-oak/oak-core/pom.xml to /home/travis/.m2/repository/org/apache/jackrabbit/oak-core/1.8-SNAPSHOT/oak-core-1.8-SNAPSHOT.pom
[INFO] Installing /home/travis/build/apache/jackrabbit-oak/oak-core/target/oak-core-1.8-SNAPSHOT-tests.jar to /home/travis/.m2/repository/org/apache/jackrabbit/oak-core/1.8-SNAPSHOT/oak-core-1.8-SNAPSHOT-tests.jar
[INFO] 
[INFO] --- maven-bundle-plugin:3.3.0:install (default-install) @ oak-core ---
[INFO] Local OBR update disabled (enable with -DobrRepository)
[INFO] 
[INFO] ------------------------------------------------------------------------
[INFO] Building Oak Composite Store 1.8-SNAPSHOT
[INFO] ------------------------------------------------------------------------
[INFO] 
[INFO] --- jacoco-maven-plugin:0.7.9:prepare-agent (pre-unit-test) @ oak-store-composite ---
[INFO] Skipping JaCoCo execution because property jacoco.skip is set.
[INFO] test.opts.coverage set to empty
[INFO] 
[INFO] --- maven-remote-resources-plugin:1.5:process (process-resource-bundles) @ oak-store-composite ---
[INFO] 
[INFO] --- maven-resources-plugin:2.7:resources (default-resources) @ oak-store-composite ---
[INFO] Using 'UTF-8' encoding to copy filtered resources.
[INFO] skip non existing resourceDirectory /home/travis/build/apache/jackrabbit-oak/oak-store-composite/src/main/resources
[INFO] Copying 3 resources
[INFO] 
[INFO] --- maven-compiler-plugin:3.5.1:compile (default-compile) @ oak-store-composite ---
[INFO] Changes detected - recompiling the module!
[INFO] Compiling 28 source files to /home/travis/build/apache/jackrabbit-oak/oak-store-composite/target/classes
[INFO] 
[INFO] --- animal-sniffer-maven-plugin:1.15:check (animal-sniffer) @ oak-store-composite ---
[INFO] Checking unresolved references to org.codehaus.mojo.signature:java18:1.0
[INFO] 
[INFO] --- maven-bundle-plugin:3.3.0:manifest (scr-metadata) @ oak-store-composite ---
[WARNING] Manifest org.apache.jackrabbit:oak-store-composite:bundle:1.8-SNAPSHOT :  Component org.apache.jackrabbit.oak.composite.CrossMountReferenceValidatorProvider has set a label. However metatype is set to false. This label is ignored. [org/apache/jackrabbit/oak/composite/CrossMountReferenceValidatorProvider.class,1:1]
[WARNING] Manifest org.apache.jackrabbit:oak-store-composite:bundle:1.8-SNAPSHOT : Property type in class org.apache.jackrabbit.oak.composite.CrossMountReferenceValidatorProvider is set as private. This is redundant as no metatype will be generated. [org/apache/jackrabbit/oak/composite/CrossMountReferenceValidatorProvider.class,1:1]
[WARNING] Manifest org.apache.jackrabbit:oak-store-composite:bundle:1.8-SNAPSHOT :  Component org.apache.jackrabbit.oak.composite.MountInfoProviderService has set a label. However metatype is set to false. This label is ignored. [org/apache/jackrabbit/oak/composite/MountInfoProviderService.class,1:1]
[WARNING] Manifest org.apache.jackrabbit:oak-store-composite:bundle:1.8-SNAPSHOT :  Component org.apache.jackrabbit.oak.composite.PrivateStoreValidatorProvider has set a label. However metatype is set to false. This label is ignored. [org/apache/jackrabbit/oak/composite/PrivateStoreValidatorProvider.class,1:1]
[INFO] 
[INFO] --- maven-resources-plugin:2.7:testResources (default-testResources) @ oak-store-composite ---
[INFO] Using 'UTF-8' encoding to copy filtered resources.
[INFO] skip non existing resourceDirectory /home/travis/build/apache/jackrabbit-oak/oak-store-composite/src/test/resources
[INFO] Copying 3 resources
[INFO] 
[INFO] --- maven-compiler-plugin:3.5.1:testCompile (default-testCompile) @ oak-store-composite ---
[INFO] Changes detected - recompiling the module!
[INFO] Compiling 14 source files to /home/travis/build/apache/jackrabbit-oak/oak-store-composite/target/test-classes
[INFO] 
[INFO] --- maven-surefire-plugin:2.20.1:test (default-test) @ oak-store-composite ---
[INFO] Tests are skipped.
[INFO] 
[INFO] --- jacoco-maven-plugin:0.7.9:report (post-unit-test) @ oak-store-composite ---
[INFO] Skipping JaCoCo execution because property jacoco.skip is set.
[INFO] 
[INFO] --- maven-bundle-plugin:3.3.0:bundle (default-bundle) @ oak-store-composite ---
[WARNING] Bundle org.apache.jackrabbit:oak-store-composite:bundle:1.8-SNAPSHOT :  Component org.apache.jackrabbit.oak.composite.CrossMountReferenceValidatorProvider has set a label. However metatype is set to false. This label is ignored. [org/apache/jackrabbit/oak/composite/CrossMountReferenceValidatorProvider.class,1:1]
[WARNING] Bundle org.apache.jackrabbit:oak-store-composite:bundle:1.8-SNAPSHOT : Property type in class org.apache.jackrabbit.oak.composite.CrossMountReferenceValidatorProvider is set as private. This is redundant as no metatype will be generated. [org/apache/jackrabbit/oak/composite/CrossMountReferenceValidatorProvider.class,1:1]
[WARNING] Bundle org.apache.jackrabbit:oak-store-composite:bundle:1.8-SNAPSHOT :  Component org.apache.jackrabbit.oak.composite.MountInfoProviderService has set a label. However metatype is set to false. This label is ignored. [org/apache/jackrabbit/oak/composite/MountInfoProviderService.class,1:1]
[WARNING] Bundle org.apache.jackrabbit:oak-store-composite:bundle:1.8-SNAPSHOT :  Component org.apache.jackrabbit.oak.composite.PrivateStoreValidatorProvider has set a label. However metatype is set to false. This label is ignored. [org/apache/jackrabbit/oak/composite/PrivateStoreValidatorProvider.class,1:1]
[INFO] 
[INFO] --- maven-site-plugin:3.6:attach-descriptor (attach-descriptor) @ oak-store-composite ---
[INFO] Skipping because packaging 'bundle' is not pom.
[INFO] 
[INFO] --- maven-jar-plugin:3.0.2:test-jar (default) @ oak-store-composite ---
[INFO] Building jar: /home/travis/build/apache/jackrabbit-oak/oak-store-composite/target/oak-store-composite-1.8-SNAPSHOT-tests.jar
[INFO] 
[INFO] --- maven-bundle-plugin:3.3.0:baseline (baseline) @ oak-store-composite ---
[INFO] Skipping Baseline execution
[INFO] 
[INFO] --- jacoco-maven-plugin:0.7.9:check (default-check) @ oak-store-composite ---
[INFO] Skipping JaCoCo execution due to missing execution data file:/home/travis/build/apache/jackrabbit-oak/oak-store-composite/target/coverage-reports/jacoco-ut.exec
[INFO] 
[INFO] --- maven-install-plugin:2.5.2:install (default-install) @ oak-store-composite ---
[INFO] Installing /home/travis/build/apache/jackrabbit-oak/oak-store-composite/target/oak-store-composite-1.8-SNAPSHOT.jar to /home/travis/.m2/repository/org/apache/jackrabbit/oak-store-composite/1.8-SNAPSHOT/oak-store-composite-1.8-SNAPSHOT.jar
[INFO] Installing /home/travis/build/apache/jackrabbit-oak/oak-store-composite/pom.xml to /home/travis/.m2/repository/org/apache/jackrabbit/oak-store-composite/1.8-SNAPSHOT/oak-store-composite-1.8-SNAPSHOT.pom
[INFO] Installing /home/travis/build/apache/jackrabbit-oak/oak-store-composite/target/oak-store-composite-1.8-SNAPSHOT-tests.jar to /home/travis/.m2/repository/org/apache/jackrabbit/oak-store-composite/1.8-SNAPSHOT/oak-store-composite-1.8-SNAPSHOT-tests.jar
[INFO] 
[INFO] --- maven-bundle-plugin:3.3.0:install (default-install) @ oak-store-composite ---
[INFO] Local OBR update disabled (enable with -DobrRepository)
[INFO] 
[INFO] ------------------------------------------------------------------------
[INFO] Building Oak DocumentNodeStore 1.8-SNAPSHOT
[INFO] ------------------------------------------------------------------------
[INFO] 
[INFO] --- jacoco-maven-plugin:0.7.9:prepare-agent (pre-unit-test) @ oak-store-document ---
[INFO] Skipping JaCoCo execution because property jacoco.skip is set.
[INFO] test.opts.coverage set to empty
[INFO] 
[INFO] --- maven-remote-resources-plugin:1.5:process (process-resource-bundles) @ oak-store-document ---
[INFO] 
[INFO] --- maven-resources-plugin:2.7:resources (default-resources) @ oak-store-document ---
[INFO] Using 'UTF-8' encoding to copy filtered resources.
[INFO] Copying 1 resource
[INFO] Copying 3 resources
[INFO] 
[INFO] --- maven-compiler-plugin:3.5.1:compile (default-compile) @ oak-store-document ---
[INFO] Changes detected - recompiling the module!
[INFO] Compiling 197 source files to /home/travis/build/apache/jackrabbit-oak/oak-store-document/target/classes
[INFO] /home/travis/build/apache/jackrabbit-oak/oak-store-document/src/main/java/org/apache/jackrabbit/oak/plugins/document/util/MongoConnection.java: Some input files use or override a deprecated API.
[INFO] /home/travis/build/apache/jackrabbit-oak/oak-store-document/src/main/java/org/apache/jackrabbit/oak/plugins/document/util/MongoConnection.java: Recompile with -Xlint:deprecation for details.
[INFO] /home/travis/build/apache/jackrabbit-oak/oak-store-document/src/main/java/org/apache/jackrabbit/oak/plugins/document/JournalPropertyHandler.java: Some input files use unchecked or unsafe operations.
[INFO] /home/travis/build/apache/jackrabbit-oak/oak-store-document/src/main/java/org/apache/jackrabbit/oak/plugins/document/JournalPropertyHandler.java: Recompile with -Xlint:unchecked for details.
[INFO] 
[INFO] --- animal-sniffer-maven-plugin:1.15:check (animal-sniffer) @ oak-store-document ---
[INFO] Checking unresolved references to org.codehaus.mojo.signature:java18:1.0
[INFO] 
[INFO] --- maven-bundle-plugin:3.3.0:manifest (scr-metadata) @ oak-store-document ---
[INFO] 
[INFO] --- maven-resources-plugin:2.7:testResources (default-testResources) @ oak-store-document ---
[INFO] Using 'UTF-8' encoding to copy filtered resources.
[INFO] Copying 2 resources
[INFO] Copying 3 resources
[INFO] 
[INFO] --- maven-compiler-plugin:3.5.1:testCompile (default-testCompile) @ oak-store-document ---
[INFO] Changes detected - recompiling the module!
[INFO] Compiling 259 source files to /home/travis/build/apache/jackrabbit-oak/oak-store-document/target/test-classes
[INFO] /home/travis/build/apache/jackrabbit-oak/oak-store-document/src/test/java/org/apache/jackrabbit/oak/plugins/document/MongoDocumentStoreLimitsTest.java: Some input files use or override a deprecated API.
[INFO] /home/travis/build/apache/jackrabbit-oak/oak-store-document/src/test/java/org/apache/jackrabbit/oak/plugins/document/MongoDocumentStoreLimitsTest.java: Recompile with -Xlint:deprecation for details.
[INFO] /home/travis/build/apache/jackrabbit-oak/oak-store-document/src/test/java/org/apache/jackrabbit/oak/plugins/document/util/ReadOnlyDocumentStoreWrapperTest.java: Some input files use unchecked or unsafe operations.
[INFO] /home/travis/build/apache/jackrabbit-oak/oak-store-document/src/test/java/org/apache/jackrabbit/oak/plugins/document/util/ReadOnlyDocumentStoreWrapperTest.java: Recompile with -Xlint:unchecked for details.
[INFO] 
[INFO] --- maven-surefire-plugin:2.20.1:test (default-test) @ oak-store-document ---
[INFO] Tests are skipped.
[INFO] 
[INFO] --- jacoco-maven-plugin:0.7.9:report (post-unit-test) @ oak-store-document ---
[INFO] Skipping JaCoCo execution because property jacoco.skip is set.
[INFO] 
[INFO] --- maven-bundle-plugin:3.3.0:bundle (default-bundle) @ oak-store-document ---
[INFO] 
[INFO] --- maven-site-plugin:3.6:attach-descriptor (attach-descriptor) @ oak-store-document ---
[INFO] Skipping because packaging 'bundle' is not pom.
[INFO] 
[INFO] --- maven-jar-plugin:3.0.2:test-jar (default) @ oak-store-document ---
[INFO] Building jar: /home/travis/build/apache/jackrabbit-oak/oak-store-document/target/oak-store-document-1.8-SNAPSHOT-tests.jar
[INFO] 
[INFO] --- maven-bundle-plugin:3.3.0:baseline (baseline) @ oak-store-document ---
[INFO] Skipping Baseline execution
[INFO] 
[INFO] --- jacoco-maven-plugin:0.7.9:check (default-check) @ oak-store-document ---
[INFO] Skipping JaCoCo execution due to missing execution data file:/home/travis/build/apache/jackrabbit-oak/oak-store-document/target/coverage-reports/jacoco-ut.exec
[INFO] 
[INFO] --- maven-install-plugin:2.5.2:install (default-install) @ oak-store-document ---
[INFO] Installing /home/travis/build/apache/jackrabbit-oak/oak-store-document/target/oak-store-document-1.8-SNAPSHOT.jar to /home/travis/.m2/repository/org/apache/jackrabbit/oak-store-document/1.8-SNAPSHOT/oak-store-document-1.8-SNAPSHOT.jar
[INFO] Installing /home/travis/build/apache/jackrabbit-oak/oak-store-document/pom.xml to /home/travis/.m2/repository/org/apache/jackrabbit/oak-store-document/1.8-SNAPSHOT/oak-store-document-1.8-SNAPSHOT.pom
[INFO] Installing /home/travis/build/apache/jackrabbit-oak/oak-store-document/target/oak-store-document-1.8-SNAPSHOT-tests.jar to /home/travis/.m2/repository/org/apache/jackrabbit/oak-store-document/1.8-SNAPSHOT/oak-store-document-1.8-SNAPSHOT-tests.jar
[INFO] 
[INFO] --- maven-bundle-plugin:3.3.0:install (default-install) @ oak-store-document ---
[INFO] Local OBR update disabled (enable with -DobrRepository)
[INFO] 
[INFO] ------------------------------------------------------------------------
[INFO] Building Oak Cloud Blob Store 1.8-SNAPSHOT
[INFO] ------------------------------------------------------------------------
[INFO] 
[INFO] --- jacoco-maven-plugin:0.7.9:prepare-agent (pre-unit-test) @ oak-blob-cloud ---
[INFO] Skipping JaCoCo execution because property jacoco.skip is set.
[INFO] test.opts.coverage set to empty
[INFO] 
[INFO] --- maven-remote-resources-plugin:1.5:process (process-resource-bundles) @ oak-blob-cloud ---
[INFO] 
[INFO] --- maven-resources-plugin:2.7:resources (default-resources) @ oak-blob-cloud ---
[INFO] Using 'UTF-8' encoding to copy filtered resources.
[INFO] skip non existing resourceDirectory /home/travis/build/apache/jackrabbit-oak/oak-blob-cloud/src/main/resources
[INFO] Copying 3 resources
[INFO] 
[INFO] --- maven-compiler-plugin:3.5.1:compile (default-compile) @ oak-blob-cloud ---
[INFO] Changes detected - recompiling the module!
[INFO] Compiling 9 source files to /home/travis/build/apache/jackrabbit-oak/oak-blob-cloud/target/classes
[INFO] 
[INFO] --- animal-sniffer-maven-plugin:1.15:check (animal-sniffer) @ oak-blob-cloud ---
[INFO] Checking unresolved references to org.codehaus.mojo.signature:java18:1.0
[INFO] 
[INFO] --- maven-bundle-plugin:3.3.0:manifest (scr-metadata) @ oak-blob-cloud ---
[WARNING] Manifest org.apache.jackrabbit:oak-blob-cloud:bundle:1.8-SNAPSHOT :  Component org.apache.jackrabbit.oak.blob.cloud.s3.AbstractS3DataStoreService is using the deprecated inheritance feature and inherits from org.apache.jackrabbit.oak.plugins.blob.datastore.AbstractDataStoreService. This feature will be removed in future versions. [org/apache/jackrabbit/oak/blob/cloud/s3/AbstractS3DataStoreService.class,1:1]
[WARNING] Manifest org.apache.jackrabbit:oak-blob-cloud:bundle:1.8-SNAPSHOT :  Component org.apache.jackrabbit.oak.plugins.blob.datastore.S3DataStore is using the deprecated inheritance feature and inherits from org.apache.jackrabbit.oak.blob.cloud.s3.AbstractS3DataStoreService. This feature will be removed in future versions. [org/apache/jackrabbit/oak/blob/cloud/s3/S3DataStoreService.class,1:1]
[WARNING] Manifest org.apache.jackrabbit:oak-blob-cloud:bundle:1.8-SNAPSHOT :  Component org.apache.jackrabbit.oak.plugins.blob.datastore.S3DataStore is using the deprecated inheritance feature and inherits from org.apache.jackrabbit.oak.plugins.blob.datastore.AbstractDataStoreService. This feature will be removed in future versions. [org/apache/jackrabbit/oak/blob/cloud/s3/S3DataStoreService.class,1:1]
[WARNING] Manifest org.apache.jackrabbit:oak-blob-cloud:bundle:1.8-SNAPSHOT :  Component org.apache.jackrabbit.oak.plugins.blob.datastore.SharedS3DataStore is using the deprecated inheritance feature and inherits from org.apache.jackrabbit.oak.blob.cloud.s3.AbstractS3DataStoreService. This feature will be removed in future versions. [org/apache/jackrabbit/oak/blob/cloud/s3/SharedS3DataStoreService.class,1:1]
[WARNING] Manifest org.apache.jackrabbit:oak-blob-cloud:bundle:1.8-SNAPSHOT :  Component org.apache.jackrabbit.oak.plugins.blob.datastore.SharedS3DataStore is using the deprecated inheritance feature and inherits from org.apache.jackrabbit.oak.plugins.blob.datastore.AbstractDataStoreService. This feature will be removed in future versions. [org/apache/jackrabbit/oak/blob/cloud/s3/SharedS3DataStoreService.class,1:1]
[INFO] 
[INFO] --- maven-resources-plugin:2.7:testResources (default-testResources) @ oak-blob-cloud ---
[INFO] Using 'UTF-8' encoding to copy filtered resources.
[INFO] Copying 2 resources
[INFO] Copying 3 resources
[INFO] 
[INFO] --- maven-compiler-plugin:3.5.1:testCompile (default-testCompile) @ oak-blob-cloud ---
[INFO] Changes detected - recompiling the module!
[INFO] Compiling 7 source files to /home/travis/build/apache/jackrabbit-oak/oak-blob-cloud/target/test-classes
[INFO] /home/travis/build/apache/jackrabbit-oak/oak-blob-cloud/src/test/java/org/apache/jackrabbit/oak/blob/cloud/s3/S3DataStoreUtils.java: /home/travis/build/apache/jackrabbit-oak/oak-blob-cloud/src/test/java/org/apache/jackrabbit/oak/blob/cloud/s3/S3DataStoreUtils.java uses unchecked or unsafe operations.
[INFO] /home/travis/build/apache/jackrabbit-oak/oak-blob-cloud/src/test/java/org/apache/jackrabbit/oak/blob/cloud/s3/S3DataStoreUtils.java: Recompile with -Xlint:unchecked for details.
[INFO] 
[INFO] --- maven-surefire-plugin:2.20.1:test (default-test) @ oak-blob-cloud ---
[INFO] Tests are skipped.
[INFO] 
[INFO] --- jacoco-maven-plugin:0.7.9:report (post-unit-test) @ oak-blob-cloud ---
[INFO] Skipping JaCoCo execution because property jacoco.skip is set.
[INFO] 
[INFO] --- maven-bundle-plugin:3.3.0:bundle (default-bundle) @ oak-blob-cloud ---
[WARNING] Bundle org.apache.jackrabbit:oak-blob-cloud:bundle:1.8-SNAPSHOT :  Component org.apache.jackrabbit.oak.blob.cloud.s3.AbstractS3DataStoreService is using the deprecated inheritance feature and inherits from org.apache.jackrabbit.oak.plugins.blob.datastore.AbstractDataStoreService. This feature will be removed in future versions. [org/apache/jackrabbit/oak/blob/cloud/s3/AbstractS3DataStoreService.class,1:1]
[WARNING] Bundle org.apache.jackrabbit:oak-blob-cloud:bundle:1.8-SNAPSHOT :  Component org.apache.jackrabbit.oak.plugins.blob.datastore.S3DataStore is using the deprecated inheritance feature and inherits from org.apache.jackrabbit.oak.blob.cloud.s3.AbstractS3DataStoreService. This feature will be removed in future versions. [org/apache/jackrabbit/oak/blob/cloud/s3/S3DataStoreService.class,1:1]
[WARNING] Bundle org.apache.jackrabbit:oak-blob-cloud:bundle:1.8-SNAPSHOT :  Component org.apache.jackrabbit.oak.plugins.blob.datastore.S3DataStore is using the deprecated inheritance feature and inherits from org.apache.jackrabbit.oak.plugins.blob.datastore.AbstractDataStoreService. This feature will be removed in future versions. [org/apache/jackrabbit/oak/blob/cloud/s3/S3DataStoreService.class,1:1]
[WARNING] Bundle org.apache.jackrabbit:oak-blob-cloud:bundle:1.8-SNAPSHOT :  Component org.apache.jackrabbit.oak.plugins.blob.datastore.SharedS3DataStore is using the deprecated inheritance feature and inherits from org.apache.jackrabbit.oak.blob.cloud.s3.AbstractS3DataStoreService. This feature will be removed in future versions. [org/apache/jackrabbit/oak/blob/cloud/s3/SharedS3DataStoreService.class,1:1]
[WARNING] Bundle org.apache.jackrabbit:oak-blob-cloud:bundle:1.8-SNAPSHOT :  Component org.apache.jackrabbit.oak.plugins.blob.datastore.SharedS3DataStore is using the deprecated inheritance feature and inherits from org.apache.jackrabbit.oak.plugins.blob.datastore.AbstractDataStoreService. This feature will be removed in future versions. [org/apache/jackrabbit/oak/blob/cloud/s3/SharedS3DataStoreService.class,1:1]
[INFO] 
[INFO] --- maven-site-plugin:3.6:attach-descriptor (attach-descriptor) @ oak-blob-cloud ---
[INFO] Skipping because packaging 'bundle' is not pom.
[INFO] 
[INFO] --- maven-jar-plugin:3.0.2:test-jar (default) @ oak-blob-cloud ---
[INFO] Building jar: /home/travis/build/apache/jackrabbit-oak/oak-blob-cloud/target/oak-blob-cloud-1.8-SNAPSHOT-tests.jar
[INFO] 
[INFO] --- maven-bundle-plugin:3.3.0:baseline (baseline) @ oak-blob-cloud ---
[INFO] Skipping Baseline execution
[INFO] 
[INFO] --- jacoco-maven-plugin:0.7.9:check (default-check) @ oak-blob-cloud ---
[INFO] Skipping JaCoCo execution due to missing execution data file:/home/travis/build/apache/jackrabbit-oak/oak-blob-cloud/target/coverage-reports/jacoco-ut.exec
[INFO] 
[INFO] --- maven-install-plugin:2.5.2:install (default-install) @ oak-blob-cloud ---
[INFO] Installing /home/travis/build/apache/jackrabbit-oak/oak-blob-cloud/target/oak-blob-cloud-1.8-SNAPSHOT.jar to /home/travis/.m2/repository/org/apache/jackrabbit/oak-blob-cloud/1.8-SNAPSHOT/oak-blob-cloud-1.8-SNAPSHOT.jar
[INFO] Installing /home/travis/build/apache/jackrabbit-oak/oak-blob-cloud/pom.xml to /home/travis/.m2/repository/org/apache/jackrabbit/oak-blob-cloud/1.8-SNAPSHOT/oak-blob-cloud-1.8-SNAPSHOT.pom
[INFO] Installing /home/travis/build/apache/jackrabbit-oak/oak-blob-cloud/target/oak-blob-cloud-1.8-SNAPSHOT-tests.jar to /home/travis/.m2/repository/org/apache/jackrabbit/oak-blob-cloud/1.8-SNAPSHOT/oak-blob-cloud-1.8-SNAPSHOT-tests.jar
[INFO] 
[INFO] --- maven-bundle-plugin:3.3.0:install (default-install) @ oak-blob-cloud ---
[INFO] Local OBR update disabled (enable with -DobrRepository)
[INFO] 
[INFO] ------------------------------------------------------------------------
[INFO] Building Oak Azure Cloud Blob Store 1.8-SNAPSHOT
[INFO] ------------------------------------------------------------------------
[INFO] 
[INFO] --- jacoco-maven-plugin:0.7.9:prepare-agent (pre-unit-test) @ oak-blob-cloud-azure ---
[INFO] Skipping JaCoCo execution because property jacoco.skip is set.
[INFO] test.opts.coverage set to empty
[INFO] 
[INFO] --- maven-remote-resources-plugin:1.5:process (process-resource-bundles) @ oak-blob-cloud-azure ---
[INFO] 
[INFO] --- maven-resources-plugin:2.7:resources (default-resources) @ oak-blob-cloud-azure ---
[INFO] Using 'UTF-8' encoding to copy filtered resources.
[INFO] skip non existing resourceDirectory /home/travis/build/apache/jackrabbit-oak/oak-blob-cloud-azure/src/main/resources
[INFO] Copying 3 resources
[INFO] 
[INFO] --- maven-compiler-plugin:3.5.1:compile (default-compile) @ oak-blob-cloud-azure ---
[INFO] Changes detected - recompiling the module!
[INFO] Compiling 6 source files to /home/travis/build/apache/jackrabbit-oak/oak-blob-cloud-azure/target/classes
[INFO] 
[INFO] --- animal-sniffer-maven-plugin:1.15:check (animal-sniffer) @ oak-blob-cloud-azure ---
[INFO] Checking unresolved references to org.codehaus.mojo.signature:java18:1.0
[INFO] 
[INFO] --- maven-bundle-plugin:3.3.0:manifest (scr-metadata) @ oak-blob-cloud-azure ---
[WARNING] Manifest org.apache.jackrabbit:oak-blob-cloud-azure:bundle:1.8-SNAPSHOT :  Component org.apache.jackrabbit.oak.plugins.blob.datastore.AzureDataStore is using the deprecated inheritance feature and inherits from org.apache.jackrabbit.oak.plugins.blob.datastore.AbstractDataStoreService. This feature will be removed in future versions. [org/apache/jackrabbit/oak/blob/cloud/azure/blobstorage/AzureDataStoreService.class,1:1]
[WARNING] Manifest org.apache.jackrabbit:oak-blob-cloud-azure:bundle:1.8-SNAPSHOT : Export org.apache.jackrabbit.oak.blob.cloud.azure.blobstorage,  has 2,  private references [com.microsoft.azure.storage, com.microsoft.azure.storage.blob], 
[INFO] 
[INFO] --- maven-resources-plugin:2.7:testResources (default-testResources) @ oak-blob-cloud-azure ---
[INFO] Using 'UTF-8' encoding to copy filtered resources.
[INFO] Copying 2 resources
[INFO] Copying 3 resources
[INFO] 
[INFO] --- maven-compiler-plugin:3.5.1:testCompile (default-testCompile) @ oak-blob-cloud-azure ---
[INFO] Changes detected - recompiling the module!
[INFO] Compiling 6 source files to /home/travis/build/apache/jackrabbit-oak/oak-blob-cloud-azure/target/test-classes
[INFO] /home/travis/build/apache/jackrabbit-oak/oak-blob-cloud-azure/src/test/java/org/apache/jackrabbit/oak/blob/cloud/azure/blobstorage/AzureDataStoreTest.java: /home/travis/build/apache/jackrabbit-oak/oak-blob-cloud-azure/src/test/java/org/apache/jackrabbit/oak/blob/cloud/azure/blobstorage/AzureDataStoreTest.java uses or overrides a deprecated API.
[INFO] /home/travis/build/apache/jackrabbit-oak/oak-blob-cloud-azure/src/test/java/org/apache/jackrabbit/oak/blob/cloud/azure/blobstorage/AzureDataStoreTest.java: Recompile with -Xlint:deprecation for details.
[INFO] /home/travis/build/apache/jackrabbit-oak/oak-blob-cloud-azure/src/test/java/org/apache/jackrabbit/oak/blob/cloud/azure/blobstorage/AzureDataStoreUtils.java: /home/travis/build/apache/jackrabbit-oak/oak-blob-cloud-azure/src/test/java/org/apache/jackrabbit/oak/blob/cloud/azure/blobstorage/AzureDataStoreUtils.java uses unchecked or unsafe operations.
[INFO] /home/travis/build/apache/jackrabbit-oak/oak-blob-cloud-azure/src/test/java/org/apache/jackrabbit/oak/blob/cloud/azure/blobstorage/AzureDataStoreUtils.java: Recompile with -Xlint:unchecked for details.
[INFO] 
[INFO] --- maven-surefire-plugin:2.20.1:test (default-test) @ oak-blob-cloud-azure ---
[INFO] Tests are skipped.
[INFO] 
[INFO] --- jacoco-maven-plugin:0.7.9:report (post-unit-test) @ oak-blob-cloud-azure ---
[INFO] Skipping JaCoCo execution because property jacoco.skip is set.
[INFO] 
[INFO] --- maven-bundle-plugin:3.3.0:bundle (default-bundle) @ oak-blob-cloud-azure ---
[WARNING] Bundle org.apache.jackrabbit:oak-blob-cloud-azure:bundle:1.8-SNAPSHOT :  Component org.apache.jackrabbit.oak.plugins.blob.datastore.AzureDataStore is using the deprecated inheritance feature and inherits from org.apache.jackrabbit.oak.plugins.blob.datastore.AbstractDataStoreService. This feature will be removed in future versions. [org/apache/jackrabbit/oak/blob/cloud/azure/blobstorage/AzureDataStoreService.class,1:1]
[WARNING] Bundle org.apache.jackrabbit:oak-blob-cloud-azure:bundle:1.8-SNAPSHOT : Export org.apache.jackrabbit.oak.blob.cloud.azure.blobstorage,  has 2,  private references [com.microsoft.azure.storage, com.microsoft.azure.storage.blob], 
[INFO] 
[INFO] --- maven-site-plugin:3.6:attach-descriptor (attach-descriptor) @ oak-blob-cloud-azure ---
[INFO] Skipping because packaging 'bundle' is not pom.
[INFO] 
[INFO] --- maven-jar-plugin:3.0.2:test-jar (default) @ oak-blob-cloud-azure ---
[INFO] Building jar: /home/travis/build/apache/jackrabbit-oak/oak-blob-cloud-azure/target/oak-blob-cloud-azure-1.8-SNAPSHOT-tests.jar
[INFO] 
[INFO] --- maven-bundle-plugin:3.3.0:baseline (baseline) @ oak-blob-cloud-azure ---
[INFO] Skipping Baseline execution
[INFO] 
[INFO] --- jacoco-maven-plugin:0.7.9:check (default-check) @ oak-blob-cloud-azure ---
[INFO] Skipping JaCoCo execution due to missing execution data file:/home/travis/build/apache/jackrabbit-oak/oak-blob-cloud-azure/target/coverage-reports/jacoco-ut.exec
[INFO] 
[INFO] --- maven-install-plugin:2.5.2:install (default-install) @ oak-blob-cloud-azure ---
[INFO] Installing /home/travis/build/apache/jackrabbit-oak/oak-blob-cloud-azure/target/oak-blob-cloud-azure-1.8-SNAPSHOT.jar to /home/travis/.m2/repository/org/apache/jackrabbit/oak-blob-cloud-azure/1.8-SNAPSHOT/oak-blob-cloud-azure-1.8-SNAPSHOT.jar
[INFO] Installing /home/travis/build/apache/jackrabbit-oak/oak-blob-cloud-azure/pom.xml to /home/travis/.m2/repository/org/apache/jackrabbit/oak-blob-cloud-azure/1.8-SNAPSHOT/oak-blob-cloud-azure-1.8-SNAPSHOT.pom
[INFO] Installing /home/travis/build/apache/jackrabbit-oak/oak-blob-cloud-azure/target/oak-blob-cloud-azure-1.8-SNAPSHOT-tests.jar to /home/travis/.m2/repository/org/apache/jackrabbit/oak-blob-cloud-azure/1.8-SNAPSHOT/oak-blob-cloud-azure-1.8-SNAPSHOT-tests.jar
[INFO] 
[INFO] --- maven-bundle-plugin:3.3.0:install (default-install) @ oak-blob-cloud-azure ---
[INFO] Local OBR update disabled (enable with -DobrRepository)
[INFO] 
[INFO] ------------------------------------------------------------------------
[INFO] Building Oak Segment Tar 1.8-SNAPSHOT
[INFO] ------------------------------------------------------------------------
[INFO] 
[INFO] --- jacoco-maven-plugin:0.7.9:prepare-agent (pre-unit-test) @ oak-segment-tar ---
[INFO] Skipping JaCoCo execution because property jacoco.skip is set.
[INFO] test.opts.coverage set to empty
[INFO] 
[INFO] --- maven-remote-resources-plugin:1.5:process (process-resource-bundles) @ oak-segment-tar ---
[INFO] 
[INFO] --- maven-resources-plugin:2.7:resources (default-resources) @ oak-segment-tar ---
[INFO] Using 'UTF-8' encoding to copy filtered resources.
[INFO] Copying 1 resource
[INFO] Copying 3 resources
[INFO] 
[INFO] --- maven-compiler-plugin:3.5.1:compile (default-compile) @ oak-segment-tar ---
[INFO] Changes detected - recompiling the module!
[INFO] Compiling 234 source files to /home/travis/build/apache/jackrabbit-oak/oak-segment-tar/target/classes
[INFO] /home/travis/build/apache/jackrabbit-oak/oak-segment-tar/src/main/java/org/apache/jackrabbit/oak/backup/impl/FileStoreBackupRestoreImpl.java: Some input files use or override a deprecated API.
[INFO] /home/travis/build/apache/jackrabbit-oak/oak-segment-tar/src/main/java/org/apache/jackrabbit/oak/backup/impl/FileStoreBackupRestoreImpl.java: Recompile with -Xlint:deprecation for details.
[INFO] 
[INFO] --- animal-sniffer-maven-plugin:1.15:check (animal-sniffer) @ oak-segment-tar ---
[INFO] Checking unresolved references to org.codehaus.mojo.signature:java18:1.0
[INFO] 
[INFO] --- maven-bundle-plugin:3.3.0:manifest (scr-metadata) @ oak-segment-tar ---
[WARNING] Manifest org.apache.jackrabbit:oak-segment-tar:bundle:1.8-SNAPSHOT : NoClassDefFoundError: org/jboss/marshalling/ByteInput
[WARNING] Manifest org.apache.jackrabbit:oak-segment-tar:bundle:1.8-SNAPSHOT : NoClassDefFoundError: org/jboss/marshalling/ByteOutput
[WARNING] Manifest org.apache.jackrabbit:oak-segment-tar:bundle:1.8-SNAPSHOT : NoClassDefFoundError: org/conscrypt/HandshakeListener
[WARNING] Manifest org.apache.jackrabbit:oak-segment-tar:bundle:1.8-SNAPSHOT : NoClassDefFoundError: org/eclipse/jetty/alpn/ALPN$ClientProvider
[WARNING] Manifest org.apache.jackrabbit:oak-segment-tar:bundle:1.8-SNAPSHOT : NoClassDefFoundError: org/eclipse/jetty/alpn/ALPN$ServerProvider
[WARNING] Manifest org.apache.jackrabbit:oak-segment-tar:bundle:1.8-SNAPSHOT : NoClassDefFoundError: org/eclipse/jetty/npn/NextProtoNego$ServerProvider
[WARNING] Manifest org.apache.jackrabbit:oak-segment-tar:bundle:1.8-SNAPSHOT : NoClassDefFoundError: org/eclipse/jetty/npn/NextProtoNego$ClientProvider
[WARNING] Manifest org.apache.jackrabbit:oak-segment-tar:bundle:1.8-SNAPSHOT : NoClassDefFoundError: io/netty/internal/tcnative/CertificateRequestedCallback
[WARNING] Manifest org.apache.jackrabbit:oak-segment-tar:bundle:1.8-SNAPSHOT : NoClassDefFoundError: io/netty/internal/tcnative/CertificateVerifier
[WARNING] Manifest org.apache.jackrabbit:oak-segment-tar:bundle:1.8-SNAPSHOT : NoClassDefFoundError: io/netty/internal/tcnative/SniHostNameMatcher
[INFO] 
[INFO] --- maven-resources-plugin:2.7:testResources (default-testResources) @ oak-segment-tar ---
[INFO] Using 'UTF-8' encoding to copy filtered resources.
[INFO] Copying 4 resources
[INFO] Copying 3 resources
[INFO] 
[INFO] --- maven-compiler-plugin:3.5.1:testCompile (default-testCompile) @ oak-segment-tar ---
[INFO] Changes detected - recompiling the module!
[INFO] Compiling 133 source files to /home/travis/build/apache/jackrabbit-oak/oak-segment-tar/target/test-classes
[INFO] /home/travis/build/apache/jackrabbit-oak/oak-segment-tar/src/test/java/org/apache/jackrabbit/oak/segment/SegmentIdFactoryTest.java: Some input files use or override a deprecated API.
[INFO] /home/travis/build/apache/jackrabbit-oak/oak-segment-tar/src/test/java/org/apache/jackrabbit/oak/segment/SegmentIdFactoryTest.java: Recompile with -Xlint:deprecation for details.
[INFO] 
[INFO] --- maven-surefire-plugin:2.20.1:test (default-test) @ oak-segment-tar ---
[INFO] Tests are skipped.
[INFO] 
[INFO] --- jacoco-maven-plugin:0.7.9:report (post-unit-test) @ oak-segment-tar ---
[INFO] Skipping JaCoCo execution because property jacoco.skip is set.
[INFO] 
[INFO] --- maven-bundle-plugin:3.3.0:bundle (default-bundle) @ oak-segment-tar ---
[WARNING] Bundle org.apache.jackrabbit:oak-segment-tar:bundle:1.8-SNAPSHOT : NoClassDefFoundError: org/jboss/marshalling/ByteInput
[WARNING] Bundle org.apache.jackrabbit:oak-segment-tar:bundle:1.8-SNAPSHOT : NoClassDefFoundError: org/jboss/marshalling/ByteOutput
[WARNING] Bundle org.apache.jackrabbit:oak-segment-tar:bundle:1.8-SNAPSHOT : NoClassDefFoundError: org/conscrypt/HandshakeListener
[WARNING] Bundle org.apache.jackrabbit:oak-segment-tar:bundle:1.8-SNAPSHOT : NoClassDefFoundError: org/eclipse/jetty/alpn/ALPN$ClientProvider
[WARNING] Bundle org.apache.jackrabbit:oak-segment-tar:bundle:1.8-SNAPSHOT : NoClassDefFoundError: org/eclipse/jetty/alpn/ALPN$ServerProvider
[WARNING] Bundle org.apache.jackrabbit:oak-segment-tar:bundle:1.8-SNAPSHOT : NoClassDefFoundError: org/eclipse/jetty/npn/NextProtoNego$ServerProvider
[WARNING] Bundle org.apache.jackrabbit:oak-segment-tar:bundle:1.8-SNAPSHOT : NoClassDefFoundError: org/eclipse/jetty/npn/NextProtoNego$ClientProvider
[WARNING] Bundle org.apache.jackrabbit:oak-segment-tar:bundle:1.8-SNAPSHOT : NoClassDefFoundError: io/netty/internal/tcnative/CertificateRequestedCallback
[WARNING] Bundle org.apache.jackrabbit:oak-segment-tar:bundle:1.8-SNAPSHOT : NoClassDefFoundError: io/netty/internal/tcnative/CertificateVerifier
[WARNING] Bundle org.apache.jackrabbit:oak-segment-tar:bundle:1.8-SNAPSHOT : NoClassDefFoundError: io/netty/internal/tcnative/SniHostNameMatcher
[INFO] 
[INFO] --- maven-site-plugin:3.6:attach-descriptor (attach-descriptor) @ oak-segment-tar ---
[INFO] Skipping because packaging 'bundle' is not pom.
[INFO] 
[INFO] --- maven-jar-plugin:3.0.2:test-jar (default) @ oak-segment-tar ---
[INFO] Building jar: /home/travis/build/apache/jackrabbit-oak/oak-segment-tar/target/oak-segment-tar-1.8-SNAPSHOT-tests.jar
[INFO] 
[INFO] --- maven-bundle-plugin:3.3.0:baseline (baseline) @ oak-segment-tar ---
[INFO] Skipping Baseline execution
[INFO] 
[INFO] --- maven-dependency-plugin:2.10:copy (default) @ oak-segment-tar ---
[INFO] Configured Artifact: org.apache.jackrabbit:oak-run:1.6.1:jar
[INFO] Copying oak-run-1.6.1.jar to /home/travis/build/apache/jackrabbit-oak/oak-segment-tar/target/upgrade-it/oak-run.jar
[INFO] 
[INFO] --- maven-resources-plugin:2.7:copy-resources (default) @ oak-segment-tar ---
[INFO] Using 'UTF-8' encoding to copy filtered resources.
[INFO] Copying 1 resource
[INFO] 
[INFO] --- jacoco-maven-plugin:0.7.9:check (default-check) @ oak-segment-tar ---
[INFO] Skipping JaCoCo execution due to missing execution data file:/home/travis/build/apache/jackrabbit-oak/oak-segment-tar/target/coverage-reports/jacoco-ut.exec
[INFO] 
[INFO] --- maven-install-plugin:2.5.2:install (default-install) @ oak-segment-tar ---
[INFO] Installing /home/travis/build/apache/jackrabbit-oak/oak-segment-tar/target/oak-segment-tar-1.8-SNAPSHOT.jar to /home/travis/.m2/repository/org/apache/jackrabbit/oak-segment-tar/1.8-SNAPSHOT/oak-segment-tar-1.8-SNAPSHOT.jar
[INFO] Installing /home/travis/build/apache/jackrabbit-oak/oak-segment-tar/pom.xml to /home/travis/.m2/repository/org/apache/jackrabbit/oak-segment-tar/1.8-SNAPSHOT/oak-segment-tar-1.8-SNAPSHOT.pom
[INFO] Installing /home/travis/build/apache/jackrabbit-oak/oak-segment-tar/target/oak-segment-tar-1.8-SNAPSHOT-tests.jar to /home/travis/.m2/repository/org/apache/jackrabbit/oak-segment-tar/1.8-SNAPSHOT/oak-segment-tar-1.8-SNAPSHOT-tests.jar
[INFO] 
[INFO] --- maven-bundle-plugin:3.3.0:install (default-install) @ oak-segment-tar ---
[INFO] Local OBR update disabled (enable with -DobrRepository)
[INFO] 
[INFO] ------------------------------------------------------------------------
[INFO] Building Oak Integration Tests 1.8-SNAPSHOT
[INFO] ------------------------------------------------------------------------
[INFO] 
[INFO] --- jacoco-maven-plugin:0.7.9:prepare-agent (pre-unit-test) @ oak-it ---
[INFO] Skipping JaCoCo execution because property jacoco.skip is set.
[INFO] test.opts.coverage set to empty
[INFO] 
[INFO] --- maven-remote-resources-plugin:1.5:process (process-resource-bundles) @ oak-it ---
[INFO] 
[INFO] --- maven-resources-plugin:2.7:resources (default-resources) @ oak-it ---
[INFO] Using 'UTF-8' encoding to copy filtered resources.
[INFO] skip non existing resourceDirectory /home/travis/build/apache/jackrabbit-oak/oak-it/src/main/resources
[INFO] Copying 3 resources
[INFO] 
[INFO] --- maven-compiler-plugin:3.5.1:compile (default-compile) @ oak-it ---
[INFO] No sources to compile
[INFO] 
[INFO] --- animal-sniffer-maven-plugin:1.15:check (animal-sniffer) @ oak-it ---
[INFO] Checking unresolved references to org.codehaus.mojo.signature:java18:1.0
[INFO] 
[INFO] --- maven-resources-plugin:2.7:testResources (default-testResources) @ oak-it ---
[INFO] Using 'UTF-8' encoding to copy filtered resources.
[INFO] Copying 1 resource
[INFO] Copying 3 resources
[INFO] 
[INFO] --- maven-compiler-plugin:3.5.1:testCompile (default-testCompile) @ oak-it ---
[INFO] Changes detected - recompiling the module!
[INFO] Compiling 44 source files to /home/travis/build/apache/jackrabbit-oak/oak-it/target/test-classes
[INFO] /home/travis/build/apache/jackrabbit-oak/oak-it/src/test/java/org/apache/jackrabbit/oak/plugins/blob/ClusterRepositoryInfoTest.java: Some input files use or override a deprecated API.
[INFO] /home/travis/build/apache/jackrabbit-oak/oak-it/src/test/java/org/apache/jackrabbit/oak/plugins/blob/ClusterRepositoryInfoTest.java: Recompile with -Xlint:deprecation for details.
[INFO] /home/travis/build/apache/jackrabbit-oak/oak-it/src/test/java/org/apache/jackrabbit/oak/segment/SegmentBlobGCRegistrationTest.java: /home/travis/build/apache/jackrabbit-oak/oak-it/src/test/java/org/apache/jackrabbit/oak/segment/SegmentBlobGCRegistrationTest.java uses unchecked or unsafe operations.
[INFO] /home/travis/build/apache/jackrabbit-oak/oak-it/src/test/java/org/apache/jackrabbit/oak/segment/SegmentBlobGCRegistrationTest.java: Recompile with -Xlint:unchecked for details.
[INFO] 
[INFO] --- maven-surefire-plugin:2.20.1:test (default-test) @ oak-it ---
[INFO] Tests are skipped.
[INFO] 
[INFO] --- jacoco-maven-plugin:0.7.9:report (post-unit-test) @ oak-it ---
[INFO] Skipping JaCoCo execution because property jacoco.skip is set.
[INFO] 
[INFO] --- maven-jar-plugin:3.0.2:jar (default-jar) @ oak-it ---
[INFO] Building jar: /home/travis/build/apache/jackrabbit-oak/oak-it/target/oak-it-1.8-SNAPSHOT.jar
[INFO] 
[INFO] --- maven-site-plugin:3.6:attach-descriptor (attach-descriptor) @ oak-it ---
[INFO] Skipping because packaging 'jar' is not pom.
[INFO] 
[INFO] --- maven-jar-plugin:3.0.2:test-jar (default) @ oak-it ---
[INFO] Building jar: /home/travis/build/apache/jackrabbit-oak/oak-it/target/oak-it-1.8-SNAPSHOT-tests.jar
[INFO] 
[INFO] --- jacoco-maven-plugin:0.7.9:check (default-check) @ oak-it ---
[INFO] Skipping JaCoCo execution due to missing execution data file:/home/travis/build/apache/jackrabbit-oak/oak-it/target/coverage-reports/jacoco-ut.exec
[INFO] 
[INFO] --- maven-install-plugin:2.5.2:install (default-install) @ oak-it ---
[INFO] Installing /home/travis/build/apache/jackrabbit-oak/oak-it/target/oak-it-1.8-SNAPSHOT.jar to /home/travis/.m2/repository/org/apache/jackrabbit/oak-it/1.8-SNAPSHOT/oak-it-1.8-SNAPSHOT.jar
[INFO] Installing /home/travis/build/apache/jackrabbit-oak/oak-it/pom.xml to /home/travis/.m2/repository/org/apache/jackrabbit/oak-it/1.8-SNAPSHOT/oak-it-1.8-SNAPSHOT.pom
[INFO] Installing /home/travis/build/apache/jackrabbit-oak/oak-it/target/oak-it-1.8-SNAPSHOT-tests.jar to /home/travis/.m2/repository/org/apache/jackrabbit/oak-it/1.8-SNAPSHOT/oak-it-1.8-SNAPSHOT-tests.jar
[INFO] 
[INFO] ------------------------------------------------------------------------
[INFO] Building Oak JCR Binding 1.8-SNAPSHOT
[INFO] ------------------------------------------------------------------------
[INFO] 
[INFO] --- jacoco-maven-plugin:0.7.9:prepare-agent (pre-unit-test) @ oak-jcr ---
[INFO] Skipping JaCoCo execution because property jacoco.skip is set.
[INFO] test.opts.coverage set to empty
[INFO] 
[INFO] --- maven-remote-resources-plugin:1.5:process (process-resource-bundles) @ oak-jcr ---
[INFO] 
[INFO] --- maven-resources-plugin:2.7:resources (default-resources) @ oak-jcr ---
[INFO] Using 'UTF-8' encoding to copy filtered resources.
[INFO] Copying 1 resource
[INFO] Copying 3 resources
[INFO] 
[INFO] --- maven-compiler-plugin:3.5.1:compile (default-compile) @ oak-jcr ---
[INFO] Changes detected - recompiling the module!
[INFO] Compiling 108 source files to /home/travis/build/apache/jackrabbit-oak/oak-jcr/target/classes
[INFO] /home/travis/build/apache/jackrabbit-oak/oak-jcr/src/main/java/org/apache/jackrabbit/oak/jcr/Jcr.java: Some input files use or override a deprecated API.
[INFO] /home/travis/build/apache/jackrabbit-oak/oak-jcr/src/main/java/org/apache/jackrabbit/oak/jcr/Jcr.java: Recompile with -Xlint:deprecation for details.
[INFO] 
[INFO] --- animal-sniffer-maven-plugin:1.15:check (animal-sniffer) @ oak-jcr ---
[INFO] Checking unresolved references to org.codehaus.mojo.signature:java18:1.0
[INFO] 
[INFO] --- maven-bundle-plugin:3.3.0:manifest (scr-metadata) @ oak-jcr ---
[WARNING] Manifest org.apache.jackrabbit:oak-jcr:bundle:1.8-SNAPSHOT : aQute.bnd.annotation.ProviderType annotation used in class org.apache.jackrabbit.api.security.JackrabbitAccessControlManager. Bnd versioning annotations are deprecated as of Bnd 3.2 and support will be removed in Bnd 4.0. Please change to use OSGi versioning annotations.
[WARNING] Manifest org.apache.jackrabbit:oak-jcr:bundle:1.8-SNAPSHOT : aQute.bnd.annotation.ProviderType annotation used in class org.apache.jackrabbit.api.security.user.UserManager. Bnd versioning annotations are deprecated as of Bnd 3.2 and support will be removed in Bnd 4.0. Please change to use OSGi versioning annotations.
[INFO] 
[INFO] --- maven-resources-plugin:2.7:testResources (default-testResources) @ oak-jcr ---
[INFO] Using 'UTF-8' encoding to copy filtered resources.
[INFO] Copying 8 resources
[INFO] Copying 3 resources
[INFO] 
[INFO] --- maven-compiler-plugin:3.5.1:testCompile (default-testCompile) @ oak-jcr ---
[INFO] Changes detected - recompiling the module!
[INFO] Compiling 187 source files to /home/travis/build/apache/jackrabbit-oak/oak-jcr/target/test-classes
[INFO] /home/travis/build/apache/jackrabbit-oak/oak-jcr/src/test/java/org/apache/jackrabbit/oak/jcr/tck/TCKBase.java: Some input files use or override a deprecated API.
[INFO] /home/travis/build/apache/jackrabbit-oak/oak-jcr/src/test/java/org/apache/jackrabbit/oak/jcr/tck/TCKBase.java: Recompile with -Xlint:deprecation for details.
[INFO] /home/travis/build/apache/jackrabbit-oak/oak-jcr/src/test/java/org/apache/jackrabbit/oak/jcr/PropertyTest.java: Some input files use unchecked or unsafe operations.
[INFO] /home/travis/build/apache/jackrabbit-oak/oak-jcr/src/test/java/org/apache/jackrabbit/oak/jcr/PropertyTest.java: Recompile with -Xlint:unchecked for details.
[INFO] 
[INFO] --- maven-surefire-plugin:2.20.1:test (default-test) @ oak-jcr ---
[INFO] Tests are skipped.
[INFO] 
[INFO] --- jacoco-maven-plugin:0.7.9:report (post-unit-test) @ oak-jcr ---
[INFO] Skipping JaCoCo execution because property jacoco.skip is set.
[INFO] 
[INFO] --- maven-bundle-plugin:3.3.0:bundle (default-bundle) @ oak-jcr ---
NFO] Installing /home/travis/build/apache/jackrabbit-oak/oak-jcr/pom.xml to /home/travis/.m2/repository/org/apache/jackrabbit/oak-jcr/1.8-SNAPSHOT/oak-jcr-1.8-SNAPSHOT.pom
[INFO] Installing /home/travis/build/apache/jackrabbit-oak/oak-jcr/target/oak-jcr-1.8-SNAPSHOT-tests.jar to /home/travis/.m2/repository/org/apache/jackrabbit/oak-jcr/1.8-SNAPSHOT/oak-jcr-1.8-SNAPSHOT-tests.jar
[INFO] 
[INFO] --- maven-bundle-plugin:3.3.0:install (default-install) @ oak-jcr ---
[INFO] Local OBR update disabled (enable with -DobrRepository)
[INFO] 
[INFO] ------------------------------------------------------------------------
[INFO] Building Oak upgrade 1.8-SNAPSHOT
[INFO] ------------------------------------------------------------------------
[INFO] 
[INFO] --- jacoco-maven-plugin:0.7.9:prepare-agent (pre-unit-test) @ oak-upgrade ---
[INFO] Skipping JaCoCo execution because property jacoco.skip is set.
[INFO] test.opts.coverage set to empty
[INFO] 
[INFO] --- maven-remote-resources-plugin:1.5:process (process-resource-bundles) @ oak-upgrade ---
[WARNING] Bundle org.apache.jackrabbit:oak-jcr:bundle:1.8-SNAPSHOT : aQute.bnd.annotation.ProviderType annotation used in class org.apache.jackrabbit.api.security.JackrabbitAccessControlManager. Bnd versioning annotations are deprecated as of Bnd 3.2 and support will be removed in Bnd 4.0. Please change to use OSGi versioning annotations.
[WARNING] Bundle org.apache.jackrabbit:oak-jcr:bundle:1.8-SNAPSHOT : aQute.bnd.annotation.ProviderType annotation used in class org.apache.jackrabbit.api.security.user.UserManager. Bnd versioning annotations are deprecated as of Bnd 3.2 and support will be removed in Bnd 4.0. Please change to use OSGi versioning annotations.
[INFO] 
[INFO] --- maven-site-plugin:3.6:attach-descriptor (attach-descriptor) @ oak-jcr ---
[INFO] Skipping because packaging 'bundle' is not pom.
[INFO] 
[INFO] --- maven-jar-plugin:3.0.2:test-jar (default) @ oak-jcr ---
[INFO] Building jar: /home/travis/build/apache/jackrabbit-oak/oak-jcr/target/oak-jcr-1.8-SNAPSHOT-tests.jar
[INFO] 
[INFO] --- maven-bundle-plugin:3.3.0:baseline (baseline) @ oak-jcr ---
[INFO] Skipping Baseline execution
[INFO] 
[INFO] --- jacoco-maven-plugin:0.7.9:check (default-check) @ oak-jcr ---
[INFO] Skipping JaCoCo execution due to missing execution data file:/home/travis/build/apache/jackrabbit-oak/oak-jcr/target/coverage-reports/jacoco-ut.exec
[INFO] 
[INFO] --- maven-install-plugin:2.5.2:install (default-install) @ oak-jcr ---
[INFO] Installing /home/travis/build/apache/jackrabbit-oak/oak-jcr/target/oak-jcr-1.8-SNAPSHOT.jar to /home/travis/.m2/repository/org/apache/jackrabbit/oak-jcr/1.8-SNAPSHOT/oak-jcr-1.8-SNAPSHOT.jar
[I[INFO] 
[INFO] --- maven-resources-plugin:2.7:resources (default-resources) @ oak-upgrade ---
[INFO] Using 'UTF-8' encoding to copy filtered resources.
[INFO] Copying 2 resources
[INFO] Copying 3 resources
[INFO] 
[INFO] --- maven-compiler-plugin:3.5.1:compile (default-compile) @ oak-upgrade ---
[INFO] Changes detected - recompiling the module!
[INFO] Compiling 56 source files to /home/travis/build/apache/jackrabbit-oak/oak-upgrade/target/classes
[INFO] /home/travis/build/apache/jackrabbit-oak/oak-upgrade/src/main/java/org/apache/jackrabbit/oak/upgrade/cli/parser/StoreArguments.java: Some input files use or override a deprecated API.
[INFO] /home/travis/build/apache/jackrabbit-oak/oak-upgrade/src/main/java/org/apache/jackrabbit/oak/upgrade/cli/parser/StoreArguments.java: Recompile with -Xlint:deprecation for details.
[INFO] /home/travis/build/apache/jackrabbit-oak/oak-upgrade/src/main/java/org/apache/jackrabbit/oak/upgrade/RepositoryUpgrade.java: /home/travis/build/apache/jackrabbit-oak/oak-upgrade/src/main/java/org/apache/jackrabbit/oak/upgrade/RepositoryUpgrade.java uses unchecked or unsafe operations.
[INFO] /home/travis/build/apache/jackrabbit-oak/oak-upgrade/src/main/java/org/apache/jackrabbit/oak/upgrade/RepositoryUpgrade.java: Recompile with -Xlint:unchecked for details.
[INFO] 
[INFO] --- animal-sniffer-maven-plugin:1.15:check (animal-sniffer) @ oak-upgrade ---
[INFO] Checking unresolved references to org.codehaus.mojo.signature:java18:1.0
[INFO] 
[INFO] --- maven-resources-plugin:2.7:testResources (default-testResources) @ oak-upgrade ---
[INFO] Using 'UTF-8' encoding to copy filtered resources.
[INFO] Copying 7 resources
[INFO] Copying 3 resources
[INFO] 
[INFO] --- maven-compiler-plugin:3.5.1:testCompile (default-testCompile) @ oak-upgrade ---
[INFO] Changes detected - recompiling the module!
[INFO] Compiling 60 source files to /home/travis/build/apache/jackrabbit-oak/oak-upgrade/target/test-classes
[INFO] /home/travis/build/apache/jackrabbit-oak/oak-upgrade/src/test/java/org/apache/jackrabbit/oak/upgrade/cli/AbstractOak2OakTest.java: Some input files use or override a deprecated API.
[INFO] /home/travis/build/apache/jackrabbit-oak/oak-upgrade/src/test/java/org/apache/jackrabbit/oak/upgrade/cli/AbstractOak2OakTest.java: Recompile with -Xlint:deprecation for details.
[INFO] 
[INFO] --- maven-surefire-plugin:2.20.1:test (default-test) @ oak-upgrade ---
[INFO] Tests are skipped.
[INFO] 
[INFO] --- jacoco-maven-plugin:0.7.9:report (post-unit-test) @ oak-upgrade ---
[INFO] Skipping JaCoCo execution because property jacoco.skip is set.
[INFO] 
[INFO] --- maven-jar-plugin:3.0.2:jar (default-jar) @ oak-upgrade ---
[INFO] Building jar: /home/travis/build/apache/jackrabbit-oak/oak-upgrade/target/oak-upgrade-1.8-SNAPSHOT.jar
[INFO] 
[INFO] --- maven-site-plugin:3.6:attach-descriptor (attach-descriptor) @ oak-upgrade ---
[INFO] Skipping because packaging 'jar' is not pom.
[INFO] 
[INFO] --- maven-jar-plugin:3.0.2:test-jar (default) @ oak-upgrade ---
[INFO] Building jar: /home/travis/build/apache/jackrabbit-oak/oak-upgrade/target/oak-upgrade-1.8-SNAPSHOT-tests.jar
[INFO] 
[INFO] --- maven-shade-plugin:3.0.0:shade (default) @ oak-upgrade ---
[INFO] Including org.apache.jackrabbit:oak-api:jar:1.8-SNAPSHOT in the shaded jar.
[INFO] Including javax.jcr:jcr:jar:2.0 in the shaded jar.
[INFO] Including org.apache.jackrabbit:oak-blob-cloud:jar:1.8-SNAPSHOT in the shaded jar.
[INFO] Including org.apache.jackrabbit:jackrabbit-jcr-commons:jar:2.15.7 in the shaded jar.
[INFO] Including org.apache.jackrabbit:jackrabbit-data:jar:2.15.7 in the shaded jar.
[INFO] Including org.apache.jackrabbit:oak-commons:jar:1.8-SNAPSHOT in the shaded jar.
[INFO] Including org.apache.jackrabbit:oak-blob:jar:1.8-SNAPSHOT in the shaded jar.
[INFO] Including org.apache.jackrabbit:oak-blob-plugins:jar:1.8-SNAPSHOT in the shaded jar.
[INFO] Including com.amazonaws:aws-java-sdk-s3:jar:1.11.24 in the shaded jar.
[INFO] Including com.amazonaws:aws-java-sdk-kms:jar:1.11.24 in the shaded jar.
[INFO] Including com.amazonaws:aws-java-sdk-core:jar:1.11.24 in the shaded jar.
[INFO] Including commons-logging:commons-logging:jar:1.1.3 in the shaded jar.
[INFO] Including org.apache.httpcomponents:httpclient:jar:4.5.2 in the shaded jar.
[INFO] Including org.apache.httpcomponents:httpcore:jar:4.4.4 in the shaded jar.
[INFO] Including com.fasterxml.jackson.core:jackson-databind:jar:2.6.6 in the shaded jar.
[INFO] Including com.fasterxml.jackson.core:jackson-annotations:jar:2.6.0 in the shaded jar.
[INFO] Including com.fasterxml.jackson.core:jackson-core:jar:2.6.6 in the shaded jar.
[INFO] Including com.fasterxml.jackson.dataformat:jackson-dataformat-cbor:jar:2.6.6 in the shaded jar.
[INFO] Including joda-time:joda-time:jar:2.8.1 in the shaded jar.
[INFO] Including com.google.guava:guava:jar:15.0 in the shaded jar.
[INFO] Including org.apache.jackrabbit:oak-core-spi:jar:1.8-SNAPSHOT in the shaded jar.
[INFO] Including org.apache.jackrabbit:jackrabbit-api:jar:2.15.7 in the shaded jar.
[INFO] Including org.apache.jackrabbit:oak-core:jar:1.8-SNAPSHOT in the shaded jar.
[INFO] Including org.osgi:org.osgi.service.component.annotations:jar:1.3.0 in the shaded jar.
[INFO] Including org.osgi:org.osgi.service.metatype.annotations:jar:1.3.0 in the shaded jar.
[INFO] Including org.apache.jackrabbit:oak-query-spi:jar:1.8-SNAPSHOT in the shaded jar.
[INFO] Including commons-io:commons-io:jar:2.5 in the shaded jar.
[INFO] Including org.apache.jackrabbit:oak-segment:jar:1.6.0 in the shaded jar.
[INFO] Including org.apache.jackrabbit:oak-segment-tar:jar:1.8-SNAPSHOT in the shaded jar.
[INFO] Including io.netty:netty-buffer:jar:4.1.14.Final in the shaded jar.
[INFO] Including io.netty:netty-codec:jar:4.1.14.Final in the shaded jar.
[INFO] Including io.netty:netty-common:jar:4.1.14.Final in the shaded jar.
[INFO] Including io.netty:netty-handler:jar:4.1.14.Final in the shaded jar.
[INFO] Including io.netty:netty-resolver:jar:4.1.14.Final in the shaded jar.
[INFO] Including io.netty:netty-transport:jar:4.1.14.Final in the shaded jar.
[INFO] Including org.apache.jackrabbit:oak-store-document:jar:1.8-SNAPSHOT in the shaded jar.
[INFO] Including commons-codec:commons-codec:jar:1.5 in the shaded jar.
[INFO] Including org.apache.jackrabbit:oak-store-spi:jar:1.8-SNAPSHOT in the shaded jar.
[INFO] Including org.apache.jackrabbit:oak-security-spi:jar:1.8-SNAPSHOT in the shaded jar.
[INFO] Including org.apache.jackrabbit:jackrabbit-core:jar:2.15.7 in the shaded jar.
[INFO] Including concurrent:concurrent:jar:1.3.4 in the shaded jar.
[INFO] Including commons-collections:commons-collections:jar:3.2.2 in the shaded jar.
[INFO] Including commons-dbcp:commons-dbcp:jar:1.3 in the shaded jar.
[INFO] Including commons-pool:commons-pool:jar:1.5.4 in the shaded jar.
[INFO] Including org.apache.jackrabbit:jackrabbit-spi-commons:jar:2.15.7 in the shaded jar.
[INFO] Including org.apache.tika:tika-core:jar:1.7 in the shaded jar.
[INFO] Including org.apache.derby:derby:jar:10.13.1.1 in the shaded jar.
[INFO] Including org.slf4j:jcl-over-slf4j:jar:1.7.6 in the shaded jar.
[INFO] Including org.apache.jackrabbit:jackrabbit-spi:jar:2.15.7 in the shaded jar.
[INFO] Including org.apache.lucene:lucene-core:jar:3.6.0 in the shaded jar.
[INFO] Including commons-lang:commons-lang:jar:2.6 in the shaded jar.
[INFO] Including org.apache.commons:commons-math3:jar:3.6.1 in the shaded jar.
[INFO] Including net.sf.jopt-simple:jopt-simple:jar:5.0.3 in the shaded jar.
[INFO] Including org.mongodb:mongo-java-driver:jar:3.4.0 in the shaded jar.
[INFO] Including org.apache.tomcat:tomcat-jdbc:jar:7.0.81 in the shaded jar.
[INFO] Including org.apache.tomcat:tomcat-juli:jar:7.0.81 in the shaded jar.
[INFO] Including org.slf4j:slf4j-api:jar:1.7.6 in the shaded jar.
[INFO] Including ch.qos.logback:logback-classic:jar:1.1.0 in the shaded jar.
[INFO] Including ch.qos.logback:logback-core:jar:1.1.0 in the shaded jar.
[INFO] Including io.dropwizard.metrics:metrics-core:jar:3.2.3 in the shaded jar.
[WARNING] jcl-over-slf4j-1.7.6.jar, commons-logging-1.1.3.jar define 6 overlapping classes: 
[WARNING]   - org.apache.commons.logging.impl.SimpleLog$1
[WARNING]   - org.apache.commons.logging.Log
[WARNING]   - org.apache.commons.logging.impl.SimpleLog
[WARNING]   - org.apache.commons.logging.LogConfigurationException
[WARNING]   - org.apache.commons.logging.impl.NoOpLog
[WARNING]   - org.apache.commons.logging.LogFactory
[WARNING] maven-shade-plugin has detected that some class files are
[WARNING] present in two or more JARs. When this happens, only one
[WARNING] single version of the class is copied to the uber jar.
[WARNING] Usually this is not harmful and you can skip these warnings,
[WARNING] otherwise try to manually exclude artifacts based on
[WARNING] mvn dependency:tree -Ddetail=true and the above output.
[WARNING] See http://maven.apache.org/plugins/maven-shade-plugin/
[INFO] Replacing original artifact with shaded artifact.
[INFO] Replacing /home/travis/build/apache/jackrabbit-oak/oak-upgrade/target/oak-upgrade-1.8-SNAPSHOT.jar with /home/travis/build/apache/jackrabbit-oak/oak-upgrade/target/oak-upgrade-1.8-SNAPSHOT-shaded.jar
[INFO] 
[INFO] --- jacoco-maven-plugin:0.7.9:check (default-check) @ oak-upgrade ---
[INFO] Skipping JaCoCo execution due to missing execution data file:/home/travis/build/apache/jackrabbit-oak/oak-upgrade/target/coverage-reports/jacoco-ut.exec
[INFO] 
[INFO] --- maven-install-plugin:2.5.2:install (default-install) @ oak-upgrade ---
[INFO] Installing /home/travis/build/apache/jackrabbit-oak/oak-upgrade/target/oak-upgrade-1.8-SNAPSHOT.jar to /home/travis/.m2/repository/org/apache/jackrabbit/oak-upgrade/1.8-SNAPSHOT/oak-upgrade-1.8-SNAPSHOT.jar
[INFO] Installing /home/travis/build/apache/jackrabbit-oak/oak-upgrade/pom.xml to /home/travis/.m2/repository/org/apache/jackrabbit/oak-upgrade/1.8-SNAPSHOT/oak-upgrade-1.8-SNAPSHOT.pom
[INFO] Installing /home/travis/build/apache/jackrabbit-oak/oak-upgrade/target/oak-upgrade-1.8-SNAPSHOT-tests.jar to /home/travis/.m2/repository/org/apache/jackrabbit/oak-upgrade/1.8-SNAPSHOT/oak-upgrade-1.8-SNAPSHOT-tests.jar
[INFO] ------------------------------------------------------------------------
[INFO] Reactor Summary:
[INFO] 
[INFO] Oak Parent POM ..................................... SUCCESS [  3.966 s]
[INFO] Oak Commons ........................................ SUCCESS [  9.971 s]
[INFO] Oak API ............................................ SUCCESS [  1.532 s]
[INFO] Oak Core SPI ....................................... SUCCESS [  3.642 s]
[INFO] Oak NodeStore and Commit SPI ....................... SUCCESS [  4.163 s]
[INFO] Oak Query SPI ...................................... SUCCESS [  1.431 s]
[INFO] Oak Security SPI ................................... SUCCESS [  5.554 s]
[INFO] Oak Blob Store ..................................... SUCCESS [  2.787 s]
[INFO] Oak Blob Plugins ................................... SUCCESS [  5.692 s]
[INFO] Oak Core ........................................... SUCCESS [ 20.484 s]
[INFO] Oak Composite Store ................................ SUCCESS [  2.732 s]
[INFO] Oak DocumentNodeStore .............................. SUCCESS [ 10.931 s]
[INFO] Oak Cloud Blob Store ............................... SUCCESS [  2.270 s]
[INFO] Oak Azure Cloud Blob Store ......................... SUCCESS [  2.897 s]
[INFO] Oak Segment Tar .................................... SUCCESS [  9.098 s]
[INFO] Oak Integration Tests .............................. SUCCESS [  1.755 s]
[INFO] Oak JCR Binding .................................... SUCCESS [  6.046 s]
[INFO] Oak upgrade ........................................ SUCCESS [  6.735 s]
[INFO] ------------------------------------------------------------------------
[INFO] BUILD SUCCESS
[INFO] ------------------------------------------------------------------------
[INFO] Total time: 01:43 min
[INFO] Finished at: 2017-10-27T16:04:01Z
[INFO] Final Memory: 163M/1051M
[INFO] ------------------------------------------------------------------------

travis_time:end:1588df0c:start=1509120136651940674,finish=1509120242396407611,duration=105744466937[0Ktravis_fold:end:install[0Ktravis_time:start:1bb2c36a[0K$ mvn --batch-mode clean verify -Dbaseline.skip=true -PintegrationTesting -Dnsfixtures=DOCUMENT_NS -pl :${MODULE} -nsu
Picked up _JAVA_OPTIONS: -Xmx2048m -Xms512m
[INFO] Scanning for projects...
[INFO] 
[INFO] ------------------------------------------------------------------------
[INFO] Building Oak upgrade 1.8-SNAPSHOT
[INFO] ------------------------------------------------------------------------
[INFO] 
[INFO] --- maven-clean-plugin:3.0.0:clean (default-clean) @ oak-upgrade ---
[INFO] Deleting /home/travis/build/apache/jackrabbit-oak/oak-upgrade/target
[INFO] 
[INFO] --- jacoco-maven-plugin:0.7.9:prepare-agent (pre-unit-test) @ oak-upgrade ---
[INFO] Skipping JaCoCo execution because property jacoco.skip is set.
[INFO] test.opts.coverage set to empty
[INFO] 
[INFO] --- maven-remote-resources-plugin:1.5:process (process-resource-bundles) @ oak-upgrade ---
[INFO] 
[INFO] --- maven-resources-plugin:2.7:resources (default-resources) @ oak-upgrade ---
[INFO] Using 'UTF-8' encoding to copy filtered resources.
[INFO] Copying 2 resources
[INFO] Copying 3 resources
[INFO] 
[INFO] --- maven-compiler-plugin:3.5.1:compile (default-compile) @ oak-upgrade ---
[INFO] Changes detected - recompiling the module!
[INFO] Compiling 56 source files to /home/travis/build/apache/jackrabbit-oak/oak-upgrade/target/classes
[INFO] /home/travis/build/apache/jackrabbit-oak/oak-upgrade/src/main/java/org/apache/jackrabbit/oak/upgrade/cli/parser/StoreArguments.java: Some input files use or override a deprecated API.
[INFO] /home/travis/build/apache/jackrabbit-oak/oak-upgrade/src/main/java/org/apache/jackrabbit/oak/upgrade/cli/parser/StoreArguments.java: Recompile with -Xlint:deprecation for details.
[INFO] /home/travis/build/apache/jackrabbit-oak/oak-upgrade/src/main/java/org/apache/jackrabbit/oak/upgrade/RepositoryUpgrade.java: /home/travis/build/apache/jackrabbit-oak/oak-upgrade/src/main/java/org/apache/jackrabbit/oak/upgrade/RepositoryUpgrade.java uses unchecked or unsafe operations.
[INFO] /home/travis/build/apache/jackrabbit-oak/oak-upgrade/src/main/java/org/apache/jackrabbit/oak/upgrade/RepositoryUpgrade.java: Recompile with -Xlint:unchecked for details.
[INFO] 
[INFO] --- animal-sniffer-maven-plugin:1.15:check (animal-sniffer) @ oak-upgrade ---
[INFO] Checking unresolved references to org.codehaus.mojo.signature:java18:1.0
[INFO] 
[INFO] --- maven-resources-plugin:2.7:testResources (default-testResources) @ oak-upgrade ---
[INFO] Using 'UTF-8' encoding to copy filtered resources.
[INFO] Copying 7 resources
[INFO] Copying 3 resources
[INFO] 
[INFO] --- maven-compiler-plugin:3.5.1:testCompile (default-testCompile) @ oak-upgrade ---
[INFO] Changes detected - recompiling the module!
[INFO] Compiling 60 source files to /home/travis/build/apache/jackrabbit-oak/oak-upgrade/target/test-classes
[INFO] /home/travis/build/apache/jackrabbit-oak/oak-upgrade/src/test/java/org/apache/jackrabbit/oak/upgrade/cli/AbstractOak2OakTest.java: Some input files use or override a deprecated API.
[INFO] /home/travis/build/apache/jackrabbit-oak/oak-upgrade/src/test/java/org/apache/jackrabbit/oak/upgrade/cli/AbstractOak2OakTest.java: Recompile with -Xlint:deprecation for details.
[INFO] 
[INFO] --- maven-surefire-plugin:2.20.1:test (default-test) @ oak-upgrade ---
[INFO] 
[INFO] -------------------------------------------------------
[INFO]  T E S T S
[INFO] -------------------------------------------------------
[INFO] Running org.apache.jackrabbit.oak.upgrade.cli.Jcr2ToSegmentTest
[ERROR] Tests run: 2, Failures: 0, Errors: 2, Skipped: 0, Time elapsed: 4.463 s <<< FAILURE! - in org.apache.jackrabbit.oak.upgrade.cli.Jcr2ToSegmentTest
[ERROR] validateMigration(org.apache.jackrabbit.oak.upgrade.cli.Jcr2ToSegmentTest)  Time elapsed: 4.361 s  <<< ERROR!
java.lang.RuntimeException: javax.jcr.RepositoryException: Failed to copy content
	at org.apache.jackrabbit.oak.upgrade.cli.Jcr2ToSegmentTest.prepare(Jcr2ToSegmentTest.java:56)
Caused by: javax.jcr.RepositoryException: Failed to copy content
	at org.apache.jackrabbit.oak.upgrade.cli.Jcr2ToSegmentTest.prepare(Jcr2ToSegmentTest.java:56)
Caused by: java.lang.NullPointerException: QueryIndexProvider yet not initialized
	at org.apache.jackrabbit.oak.upgrade.cli.Jcr2ToSegmentTest.prepare(Jcr2ToSegmentTest.java:56)

[ERROR] validateMigration(org.apache.jackrabbit.oak.upgrade.cli.Jcr2ToSegmentTest)  Time elapsed: 4.37 s  <<< ERROR!
java.lang.NullPointerException
	at org.apache.jackrabbit.oak.upgrade.cli.Jcr2ToSegmentTest.clean(Jcr2ToSegmentTest.java:65)

[INFO] Running org.apache.jackrabbit.oak.upgrade.cli.MongoToMongoFdsTest
[INFO] Tests run: 1, Failures: 0, Errors: 0, Skipped: 0, Time elapsed: 11.682 s - in org.apache.jackrabbit.oak.upgrade.cli.MongoToMongoFdsTest
[INFO] Running org.apache.jackrabbit.oak.upgrade.cli.blob.StripConfigValueTest
[INFO] Tests run: 4, Failures: 0, Errors: 0, Skipped: 0, Time elapsed: 0.001 s - in org.apache.jackrabbit.oak.upgrade.cli.blob.StripConfigValueTest
[INFO] Running org.apache.jackrabbit.oak.upgrade.cli.blob.S3ToInlinedTest
[WARNING] Tests run: 2, Failures: 0, Errors: 0, Skipped: 2, Time elapsed: 0.001 s - in org.apache.jackrabbit.oak.upgrade.cli.blob.S3ToInlinedTest
[INFO] Running org.apache.jackrabbit.oak.upgrade.cli.blob.CopyBinariesTest
[INFO] Tests run: 11, Failures: 0, Errors: 0, Skipped: 0, Time elapsed: 18.484 s - in org.apache.jackrabbit.oak.upgrade.cli.blob.CopyBinariesTest
[INFO] Running org.apache.jackrabbit.oak.upgrade.cli.blob.FbsToFbsTest
[INFO] Tests run: 1, Failures: 0, Errors: 0, Skipped: 0, Time elapsed: 1.736 s - in org.apache.jackrabbit.oak.upgrade.cli.blob.FbsToFbsTest
[INFO] Running org.apache.jackrabbit.oak.upgrade.cli.blob.FbsToS3Test
[WARNING] Tests run: 1, Failures: 0, Errors: 0, Skipped: 1, Time elapsed: 0 s - in org.apache.jackrabbit.oak.upgrade.cli.blob.FbsToS3Test
[INFO] Running org.apache.jackrabbit.oak.upgrade.cli.blob.S3DataStoreFactoryTest
[INFO] Tests run: 2, Failures: 0, Errors: 0, Skipped: 0, Time elapsed: 0.013 s - in org.apache.jackrabbit.oak.upgrade.cli.blob.S3DataStoreFactoryTest
[INFO] Running org.apache.jackrabbit.oak.upgrade.cli.blob.FdsToFbsTest
[INFO] Tests run: 1, Failures: 0, Errors: 0, Skipped: 0, Time elapsed: 1.153 s - in org.apache.jackrabbit.oak.upgrade.cli.blob.FdsToFbsTest
[INFO] Running org.apache.jackrabbit.oak.upgrade.cli.blob.S3ToFbsTest
[WARNING] Tests run: 1, Failures: 0, Errors: 0, Skipped: 1, Time elapsed: 0.001 s - in org.apache.jackrabbit.oak.upgrade.cli.blob.S3ToFbsTest
[INFO] Running org.apache.jackrabbit.oak.upgrade.cli.blob.FbsToFdsTest
[INFO] Tests run: 1, Failures: 0, Errors: 0, Skipped: 0, Time elapsed: 1.072 s - in org.apache.jackrabbit.oak.upgrade.cli.blob.FbsToFdsTest
[INFO] Running org.apache.jackrabbit.oak.upgrade.cli.MongoToSegmentTest
[INFO] Tests run: 1, Failures: 0, Errors: 0, Skipped: 0, Time elapsed: 4.359 s - in org.apache.jackrabbit.oak.upgrade.cli.MongoToSegmentTest
[INFO] Running org.apache.jackrabbit.oak.upgrade.cli.parser.StoreArgumentsTest
[INFO] Tests run: 1, Failures: 0, Errors: 0, Skipped: 0, Time elapsed: 0.001 s - in org.apache.jackrabbit.oak.upgrade.cli.parser.StoreArgumentsTest
[INFO] Running org.apache.jackrabbit.oak.upgrade.cli.MongoToMongoFbsTest
[INFO] Tests run: 1, Failures: 0, Errors: 0, Skipped: 0, Time elapsed: 6.806 s - in org.apache.jackrabbit.oak.upgrade.cli.MongoToMongoFbsTest
[INFO] Running org.apache.jackrabbit.oak.upgrade.cli.SegmentToMongoTest
[INFO] Tests run: 1, Failures: 0, Errors: 0, Skipped: 0, Time elapsed: 4.986 s - in org.apache.jackrabbit.oak.upgrade.cli.SegmentToMongoTest
[INFO] Running org.apache.jackrabbit.oak.upgrade.cli.SegmentToSegmentTest
[INFO] Tests run: 1, Failures: 0, Errors: 0, Skipped: 0, Time elapsed: 0.867 s - in org.apache.jackrabbit.oak.upgrade.cli.SegmentToSegmentTest
[INFO] Running org.apache.jackrabbit.oak.upgrade.cli.JdbcToSegmentWithMetadataTest
[INFO] Tests run: 1, Failures: 0, Errors: 0, Skipped: 0, Time elapsed: 2.949 s - in org.apache.jackrabbit.oak.upgrade.cli.JdbcToSegmentWithMetadataTest
[INFO] Running org.apache.jackrabbit.oak.upgrade.cli.SegmentToSegmentWithMissingDestinationDirectoryTest
[INFO] Tests run: 1, Failures: 0, Errors: 0, Skipped: 0, Time elapsed: 0.861 s - in org.apache.jackrabbit.oak.upgrade.cli.SegmentToSegmentWithMissingDestinationDirectoryTest
[INFO] Running org.apache.jackrabbit.oak.upgrade.cli.SegmentTarToSegmentTest
[INFO] Tests run: 1, Failures: 0, Errors: 0, Skipped: 0, Time elapsed: 0.814 s - in org.apache.jackrabbit.oak.upgrade.cli.SegmentTarToSegmentTest
[INFO] Running org.apache.jackrabbit.oak.upgrade.cli.SegmentToSegmentTarWithMissingDestinationDirectoryTest
[INFO] Tests run: 1, Failures: 0, Errors: 0, Skipped: 0, Time elapsed: 1.971 s - in org.apache.jackrabbit.oak.upgrade.cli.SegmentToSegmentTarWithMissingDestinationDirectoryTest
[INFO] Running org.apache.jackrabbit.oak.upgrade.cli.SegmentToJdbcTest
[INFO] Tests run: 1, Failures: 0, Errors: 0, Skipped: 0, Time elapsed: 2.211 s - in org.apache.jackrabbit.oak.upgrade.cli.SegmentToJdbcTest
[INFO] Running org.apache.jackrabbit.oak.upgrade.cli.SegmentToSegmentTarTest
[INFO] Tests run: 1, Failures: 0, Errors: 0, Skipped: 0, Time elapsed: 0.973 s - in org.apache.jackrabbit.oak.upgrade.cli.SegmentToSegmentTarTest
[INFO] Running org.apache.jackrabbit.oak.upgrade.cli.JdbcToSegmentTest
[INFO] Tests run: 1, Failures: 0, Errors: 0, Skipped: 0, Time elapsed: 2.916 s - in org.apache.jackrabbit.oak.upgrade.cli.JdbcToSegmentTest
[INFO] Running org.apache.jackrabbit.oak.upgrade.RepositoryUpgradeTest
[ERROR] Tests run: 8, Failures: 4, Errors: 2, Skipped: 0, Time elapsed: 4.269 s <<< FAILURE! - in org.apache.jackrabbit.oak.upgrade.RepositoryUpgradeTest
[ERROR] verifyNameSpaces(org.apache.jackrabbit.oak.upgrade.RepositoryUpgradeTest)  Time elapsed: 3.876 s  <<< ERROR!
javax.jcr.RepositoryException: Failed to copy content
Caused by: java.lang.NullPointerException: QueryIndexProvider yet not initialized

[ERROR] verifySNS(org.apache.jackrabbit.oak.upgrade.RepositoryUpgradeTest)  Time elapsed: 0.312 s  <<< ERROR!
javax.jcr.PathNotFoundException: Node with path /sns does not exist.
	at org.apache.jackrabbit.oak.upgrade.RepositoryUpgradeTest.verifySNS(RepositoryUpgradeTest.java:417)

[ERROR] verifyReferencePropertiesContent(org.apache.jackrabbit.oak.upgrade.RepositoryUpgradeTest)  Time elapsed: 0.013 s  <<< FAILURE!
junit.framework.AssertionFailedError
	at org.apache.jackrabbit.oak.upgrade.RepositoryUpgradeTest.verifyReferencePropertiesContent(RepositoryUpgradeTest.java:303)

[ERROR] verifyCustomNodeTypes(org.apache.jackrabbit.oak.upgrade.RepositoryUpgradeTest)  Time elapsed: 0.015 s  <<< FAILURE!
junit.framework.AssertionFailedError
	at org.apache.jackrabbit.oak.upgrade.RepositoryUpgradeTest.verifyCustomNodeTypes(RepositoryUpgradeTest.java:178)

[ERROR] verifyVersionHistory(org.apache.jackrabbit.oak.upgrade.RepositoryUpgradeTest)  Time elapsed: 0.003 s  <<< FAILURE!
junit.framework.AssertionFailedError
	at org.apache.jackrabbit.oak.upgrade.RepositoryUpgradeTest.verifyVersionHistory(RepositoryUpgradeTest.java:355)

[ERROR] verifyGenericProperties(org.apache.jackrabbit.oak.upgrade.RepositoryUpgradeTest)  Time elapsed: 0.012 s  <<< FAILURE!
junit.framework.AssertionFailedError
	at org.apache.jackrabbit.oak.upgrade.RepositoryUpgradeTest.verifyGenericProperties(RepositoryUpgradeTest.java:235)

[INFO] Running org.apache.jackrabbit.oak.upgrade.CopyNodeTypesUpgradeTest
[ERROR] Tests run: 1, Failures: 0, Errors: 1, Skipped: 0, Time elapsed: 2.483 s <<< FAILURE! - in org.apache.jackrabbit.oak.upgrade.CopyNodeTypesUpgradeTest
[ERROR] customNodeTypesAreRegistered(org.apache.jackrabbit.oak.upgrade.CopyNodeTypesUpgradeTest)  Time elapsed: 2.483 s  <<< ERROR!
javax.jcr.RepositoryException: Failed to copy content
Caused by: java.lang.NullPointerException: QueryIndexProvider yet not initialized

[INFO] Running org.apache.jackrabbit.oak.upgrade.RepeatedRepositoryUpgradeTest
[ERROR] Tests run: 3, Failures: 0, Errors: 3, Skipped: 0, Time elapsed: 3.407 s <<< FAILURE! - in org.apache.jackrabbit.oak.upgrade.RepeatedRepositoryUpgradeTest
[ERROR] shouldContainCustomInitializerContent(org.apache.jackrabbit.oak.upgrade.RepeatedRepositoryUpgradeTest)  Time elapsed: 2.375 s  <<< ERROR!
javax.jcr.RepositoryException: Failed to copy content
	at org.apache.jackrabbit.oak.upgrade.RepeatedRepositoryUpgradeTest.doUpgradeRepository(RepeatedRepositoryUpgradeTest.java:133)
	at org.apache.jackrabbit.oak.upgrade.RepeatedRepositoryUpgradeTest.upgradeRepository(RepeatedRepositoryUpgradeTest.java:106)
Caused by: java.lang.NullPointerException: QueryIndexProvider yet not initialized
	at org.apache.jackrabbit.oak.upgrade.RepeatedRepositoryUpgradeTest.doUpgradeRepository(RepeatedRepositoryUpgradeTest.java:133)
	at org.apache.jackrabbit.oak.upgrade.RepeatedRepositoryUpgradeTest.upgradeRepository(RepeatedRepositoryUpgradeTest.java:106)

[ERROR] shouldContainUpgradeInitializedContent(org.apache.jackrabbit.oak.upgrade.RepeatedRepositoryUpgradeTest)  Time elapsed: 0.382 s  <<< ERROR!
javax.jcr.NamespaceException: failed to register namespace test -> http://www.example.org/: mapping already exists
	at org.apache.jackrabbit.oak.upgrade.RepeatedRepositoryUpgradeTest.registerCustomPrivileges(RepeatedRepositoryUpgradeTest.java:171)
	at org.apache.jackrabbit.oak.upgrade.RepeatedRepositoryUpgradeTest.createSourceContent(RepeatedRepositoryUpgradeTest.java:146)
	at org.apache.jackrabbit.oak.upgrade.RepeatedRepositoryUpgradeTest.upgradeRepository(RepeatedRepositoryUpgradeTest.java:98)

[ERROR] shouldReflectSourceAfterModifications(org.apache.jackrabbit.oak.upgrade.RepeatedRepositoryUpgradeTest)  Time elapsed: 0.32 s  <<< ERROR!
javax.jcr.NamespaceException: failed to register namespace test -> http://www.example.org/: mapping already exists
	at org.apache.jackrabbit.oak.upgrade.RepeatedRepositoryUpgradeTest.registerCustomPrivileges(RepeatedRepositoryUpgradeTest.java:171)
	at org.apache.jackrabbit.oak.upgrade.RepeatedRepositoryUpgradeTest.createSourceContent(RepeatedRepositoryUpgradeTest.java:146)
	at org.apache.jackrabbit.oak.upgrade.RepeatedRepositoryUpgradeTest.upgradeRepository(RepeatedRepositoryUpgradeTest.java:98)

[INFO] Running org.apache.jackrabbit.oak.upgrade.IgnoreMissingBinariesTest
[INFO] Tests run: 1, Failures: 0, Errors: 0, Skipped: 0, Time elapsed: 0.909 s - in org.apache.jackrabbit.oak.upgrade.IgnoreMissingBinariesTest
[INFO] Running org.apache.jackrabbit.oak.upgrade.LongNameTest
[ERROR] Tests run: 4, Failures: 0, Errors: 2, Skipped: 0, Time elapsed: 3.699 s <<< FAILURE! - in org.apache.jackrabbit.oak.upgrade.LongNameTest
[ERROR] longNameOnSegmentStoreWorksFine(org.apache.jackrabbit.oak.upgrade.LongNameTest)  Time elapsed: 0.274 s  <<< ERROR!
javax.jcr.RepositoryException: Failed to copy content
	at org.apache.jackrabbit.oak.upgrade.LongNameTest.upgrade(LongNameTest.java:159)
	at org.apache.jackrabbit.oak.upgrade.LongNameTest.longNameOnSegmentStoreWorksFine(LongNameTest.java:145)
Caused by: java.lang.NullPointerException: QueryIndexProvider yet not initialized
	at org.apache.jackrabbit.oak.upgrade.LongNameTest.upgrade(LongNameTest.java:159)
	at org.apache.jackrabbit.oak.upgrade.LongNameTest.longNameOnSegmentStoreWorksFine(LongNameTest.java:145)

[ERROR] longNameShouldBeSkipped(org.apache.jackrabbit.oak.upgrade.LongNameTest)  Time elapsed: 0.552 s  <<< ERROR!
javax.jcr.RepositoryException: Failed to copy content
	at org.apache.jackrabbit.oak.upgrade.LongNameTest.upgrade(LongNameTest.java:159)
	at org.apache.jackrabbit.oak.upgrade.LongNameTest.longNameShouldBeSkipped(LongNameTest.java:102)
Caused by: java.lang.NullPointerException: QueryIndexProvider yet not initialized
	at org.apache.jackrabbit.oak.upgrade.LongNameTest.upgrade(LongNameTest.java:159)
	at org.apache.jackrabbit.oak.upgrade.LongNameTest.longNameShouldBeSkipped(LongNameTest.java:102)

[INFO] Running org.apache.jackrabbit.oak.upgrade.UpgradeFromTwoSourcesTest
[ERROR] Tests run: 1, Failures: 0, Errors: 1, Skipped: 0, Time elapsed: 4.114 s <<< FAILURE! - in org.apache.jackrabbit.oak.upgrade.UpgradeFromTwoSourcesTest
[ERROR] shouldContainNodesFromBothSources(org.apache.jackrabbit.oak.upgrade.UpgradeFromTwoSourcesTest)  Time elapsed: 3.82 s  <<< ERROR!
javax.jcr.RepositoryException: Failed to copy content
	at org.apache.jackrabbit.oak.upgrade.UpgradeFromTwoSourcesTest.doUpgradeRepository(UpgradeFromTwoSourcesTest.java:113)
	at org.apache.jackrabbit.oak.upgrade.UpgradeFromTwoSourcesTest.upgradeRepository(UpgradeFromTwoSourcesTest.java:100)
Caused by: java.lang.NullPointerException: QueryIndexProvider yet not initialized
	at org.apache.jackrabbit.oak.upgrade.UpgradeFromTwoSourcesTest.doUpgradeRepository(UpgradeFromTwoSourcesTest.java:113)
	at org.apache.jackrabbit.oak.upgrade.UpgradeFromTwoSourcesTest.upgradeRepository(UpgradeFromTwoSourcesTest.java:100)

[INFO] Running org.apache.jackrabbit.oak.upgrade.PrivilegeUpgradeTest
[ERROR] Tests run: 3, Failures: 1, Errors: 2, Skipped: 0, Time elapsed: 6.964 s <<< FAILURE! - in org.apache.jackrabbit.oak.upgrade.PrivilegeUpgradeTest
[ERROR] verifyCustomPrivilegeBits(org.apache.jackrabbit.oak.upgrade.PrivilegeUpgradeTest)  Time elapsed: 6.834 s  <<< ERROR!
javax.jcr.RepositoryException: Failed to copy content
Caused by: java.lang.NullPointerException: QueryIndexProvider yet not initialized

[ERROR] verifyPrivileges(org.apache.jackrabbit.oak.upgrade.PrivilegeUpgradeTest)  Time elapsed: 0.117 s  <<< FAILURE!
junit.framework.AssertionFailedError: Miss match in aggregate privilege jcr:all expected [rep:readNodes, rep:readProperties, rep:addProperties, rep:alterProperties, rep:removeProperties, jcr:addChildNodes, jcr:removeChildNodes, jcr:removeNode, jcr:readAccessControl, jcr:modifyAccessControl, jcr:nodeTypeManagement, jcr:versionManagement, jcr:lockManagement, jcr:lifecycleManagement, jcr:retentionManagement, jcr:workspaceManagement, jcr:nodeTypeDefinitionManagement, jcr:namespaceManagement, rep:privilegeManagement, rep:userManagement, rep:indexDefinitionManagement, jcr:read, jcr:modifyProperties, jcr:write, rep:write, test:privilege, test:privilege2, test:aggregate, test:aggregate2] actual [jcr:versionManagement, jcr:addChildNodes, jcr:readAccessControl, jcr:nodeTypeDefinitionManagement, jcr:lifecycleManagement, jcr:retentionManagement, rep:alterProperties, jcr:removeNode, rep:readProperties, rep:indexDefinitionManagement, jcr:write, rep:privilegeManagement, jcr:workspaceManagement, rep:removeProperties, jcr:modifyAccessControl, jcr:namespaceManagement, rep:userManagement, jcr:read, rep:write, rep:addProperties, jcr:lockManagement, jcr:nodeTypeManagement, jcr:removeChildNodes, jcr:modifyProperties, rep:readNodes]
	at org.apache.jackrabbit.oak.upgrade.PrivilegeUpgradeTest.verifyPrivileges(PrivilegeUpgradeTest.java:141)

[ERROR] verifyCustomPrivileges(org.apache.jackrabbit.oak.upgrade.PrivilegeUpgradeTest)  Time elapsed: 0.012 s  <<< ERROR!
javax.jcr.security.AccessControlException: No such privilege test:privilege
	at org.apache.jackrabbit.oak.upgrade.PrivilegeUpgradeTest.verifyCustomPrivileges(PrivilegeUpgradeTest.java:174)

[INFO] Running org.apache.jackrabbit.oak.upgrade.CopyCheckpointsTest
[INFO] Tests run: 3, Failures: 0, Errors: 0, Skipped: 0, Time elapsed: 2.704 s - in org.apache.jackrabbit.oak.upgrade.CopyCheckpointsTest
[INFO] Running org.apache.jackrabbit.oak.upgrade.IncludeExcludeUpgradeTest
[ERROR] Tests run: 3, Failures: 1, Errors: 1, Skipped: 0, Time elapsed: 1.539 s <<< FAILURE! - in org.apache.jackrabbit.oak.upgrade.IncludeExcludeUpgradeTest
[ERROR] shouldLackExcludedPaths(org.apache.jackrabbit.oak.upgrade.IncludeExcludeUpgradeTest)  Time elapsed: 1.431 s  <<< ERROR!
javax.jcr.RepositoryException: Failed to copy content
	at org.apache.jackrabbit.oak.upgrade.IncludeExcludeUpgradeTest.doUpgradeRepository(IncludeExcludeUpgradeTest.java:79)
Caused by: java.lang.NullPointerException: QueryIndexProvider yet not initialized
	at org.apache.jackrabbit.oak.upgrade.IncludeExcludeUpgradeTest.doUpgradeRepository(IncludeExcludeUpgradeTest.java:79)

[ERROR] shouldHaveIncludedPaths(org.apache.jackrabbit.oak.upgrade.IncludeExcludeUpgradeTest)  Time elapsed: 0.01 s  <<< FAILURE!
java.lang.AssertionError: node /content/foo/en should exist
	at org.apache.jackrabbit.oak.upgrade.IncludeExcludeUpgradeTest.shouldHaveIncludedPaths(IncludeExcludeUpgradeTest.java:87)

[INFO] Running org.apache.jackrabbit.oak.upgrade.RepositoryGroupMemberUpgradeTest
[ERROR] Tests run: 3, Failures: 2, Errors: 1, Skipped: 0, Time elapsed: 1.022 s <<< FAILURE! - in org.apache.jackrabbit.oak.upgrade.RepositoryGroupMemberUpgradeTest
[ERROR] verifyGroupNodeTypes(org.apache.jackrabbit.oak.upgrade.RepositoryGroupMemberUpgradeTest)  Time elapsed: 0.909 s  <<< ERROR!
javax.jcr.RepositoryException: Failed to copy content
Caused by: java.lang.NullPointerException: QueryIndexProvider yet not initialized

[ERROR] verifyMemberOf(org.apache.jackrabbit.oak.upgrade.RepositoryGroupMemberUpgradeTest)  Time elapsed: 0.096 s  <<< FAILURE!
junit.framework.AssertionFailedError
	at org.apache.jackrabbit.oak.upgrade.RepositoryGroupMemberUpgradeTest.verifyMemberOf(RepositoryGroupMemberUpgradeTest.java:132)

[ERROR] verifyMembers(org.apache.jackrabbit.oak.upgrade.RepositoryGroupMemberUpgradeTest)  Time elapsed: 0.016 s  <<< FAILURE!
junit.framework.AssertionFailedError
	at org.apache.jackrabbit.oak.upgrade.RepositoryGroupMemberUpgradeTest.verifyMembers(RepositoryGroupMemberUpgradeTest.java:106)

[INFO] Running org.apache.jackrabbit.oak.upgrade.BrokenVersionableTest
[INFO] Tests run: 1, Failures: 0, Errors: 0, Skipped: 0, Time elapsed: 0.495 s - in org.apache.jackrabbit.oak.upgrade.BrokenVersionableTest
[INFO] Running org.apache.jackrabbit.oak.upgrade.SameNodeSiblingsTest
[ERROR] Tests run: 3, Failures: 0, Errors: 3, Skipped: 0, Time elapsed: 4.973 s <<< FAILURE! - in org.apache.jackrabbit.oak.upgrade.SameNodeSiblingsTest
[ERROR] snsShouldntBeRenamed(org.apache.jackrabbit.oak.upgrade.SameNodeSiblingsTest)  Time elapsed: 1.794 s  <<< ERROR!
javax.jcr.RepositoryException: Failed to copy content
	at org.apache.jackrabbit.oak.upgrade.SameNodeSiblingsTest.migrate(SameNodeSiblingsTest.java:157)
	at org.apache.jackrabbit.oak.upgrade.SameNodeSiblingsTest.snsShouldntBeRenamed(SameNodeSiblingsTest.java:93)
Caused by: java.lang.NullPointerException: QueryIndexProvider yet not initialized
	at org.apache.jackrabbit.oak.upgrade.SameNodeSiblingsTest.migrate(SameNodeSiblingsTest.java:157)
	at org.apache.jackrabbit.oak.upgrade.SameNodeSiblingsTest.snsShouldntBeRenamed(SameNodeSiblingsTest.java:93)

[ERROR] snsNewNameAlreadyExists(org.apache.jackrabbit.oak.upgrade.SameNodeSiblingsTest)  Time elapsed: 1.479 s  <<< ERROR!
javax.jcr.RepositoryException: Failed to copy content
	at org.apache.jackrabbit.oak.upgrade.SameNodeSiblingsTest.migrate(SameNodeSiblingsTest.java:157)
	at org.apache.jackrabbit.oak.upgrade.SameNodeSiblingsTest.snsNewNameAlreadyExists(SameNodeSiblingsTest.java:115)
Caused by: java.lang.NullPointerException: QueryIndexProvider yet not initialized
	at org.apache.jackrabbit.oak.upgrade.SameNodeSiblingsTest.migrate(SameNodeSiblingsTest.java:157)
	at org.apache.jackrabbit.oak.upgrade.SameNodeSiblingsTest.snsNewNameAlreadyExists(SameNodeSiblingsTest.java:115)

[ERROR] snsShouldBeRenamed(org.apache.jackrabbit.oak.upgrade.SameNodeSiblingsTest)  Time elapsed: 1.698 s  <<< ERROR!
javax.jcr.RepositoryException: Failed to copy content
	at org.apache.jackrabbit.oak.upgrade.SameNodeSiblingsTest.migrate(SameNodeSiblingsTest.java:157)
	at org.apache.jackrabbit.oak.upgrade.SameNodeSiblingsTest.snsShouldBeRenamed(SameNodeSiblingsTest.java:66)
Caused by: java.lang.NullPointerException: QueryIndexProvider yet not initialized
	at org.apache.jackrabbit.oak.upgrade.SameNodeSiblingsTest.migrate(SameNodeSiblingsTest.java:157)
	at org.apache.jackrabbit.oak.upgrade.SameNodeSiblingsTest.snsShouldBeRenamed(SameNodeSiblingsTest.java:66)

[INFO] Running org.apache.jackrabbit.oak.upgrade.IncludeExcludeSidegradeTest
[INFO] Tests run: 3, Failures: 0, Errors: 0, Skipped: 0, Time elapsed: 0.634 s - in org.apache.jackrabbit.oak.upgrade.IncludeExcludeSidegradeTest
[INFO] Running org.apache.jackrabbit.oak.upgrade.RepeatedRepositorySidegradeTest
[INFO] Tests run: 3, Failures: 0, Errors: 0, Skipped: 0, Time elapsed: 1.148 s - in org.apache.jackrabbit.oak.upgrade.RepeatedRepositorySidegradeTest
[INFO] Running org.apache.jackrabbit.oak.upgrade.RepositorySidegradeTest
[INFO] Tests run: 7, Failures: 0, Errors: 0, Skipped: 0, Time elapsed: 3.473 s - in org.apache.jackrabbit.oak.upgrade.RepositorySidegradeTest
[INFO] Running org.apache.jackrabbit.oak.upgrade.blob.LengthCachingDataStoreTest
[INFO] Tests run: 5, Failures: 0, Errors: 0, Skipped: 0, Time elapsed: 0.038 s - in org.apache.jackrabbit.oak.upgrade.blob.LengthCachingDataStoreTest
[INFO] Running org.apache.jackrabbit.oak.upgrade.UpgradeOldSegmentTest
[INFO] Tests run: 1, Failures: 0, Errors: 0, Skipped: 0, Time elapsed: 0.811 s - in org.apache.jackrabbit.oak.upgrade.UpgradeOldSegmentTest
[INFO] Running org.apache.jackrabbit.oak.upgrade.CopyVersionHistorySidegradeTest
[INFO] Tests run: 8, Failures: 0, Errors: 0, Skipped: 0, Time elapsed: 1.887 s - in org.apache.jackrabbit.oak.upgrade.CopyVersionHistorySidegradeTest
[INFO] Running org.apache.jackrabbit.oak.upgrade.CopyVersionHistoryTest
[ERROR] Tests run: 16, Failures: 0, Errors: 16, Skipped: 0, Time elapsed: 3.719 s <<< FAILURE! - in org.apache.jackrabbit.oak.upgrade.CopyVersionHistoryTest
[ERROR] referencedOlderThanOrphaned(org.apache.jackrabbit.oak.upgrade.CopyVersionHistoryTest)  Time elapsed: 2.053 s  <<< ERROR!
javax.jcr.RepositoryException: Failed to copy content
	at org.apache.jackrabbit.oak.upgrade.CopyVersionHistoryTest.migrate(CopyVersionHistoryTest.java:300)
	at org.apache.jackrabbit.oak.upgrade.CopyVersionHistoryTest.performCopy(CopyVersionHistoryTest.java:285)
	at org.apache.jackrabbit.oak.upgrade.CopyVersionHistoryTest.referencedOlderThanOrphaned(CopyVersionHistoryTest.java:185)
Caused by: java.lang.NullPointerException: QueryIndexProvider yet not initialized
	at org.apache.jackrabbit.oak.upgrade.CopyVersionHistoryTest.migrate(CopyVersionHistoryTest.java:300)
	at org.apache.jackrabbit.oak.upgrade.CopyVersionHistoryTest.performCopy(CopyVersionHistoryTest.java:285)
	at org.apache.jackrabbit.oak.upgrade.CopyVersionHistoryTest.referencedOlderThanOrphaned(CopyVersionHistoryTest.java:185)

[ERROR] referencedOlderThanOrphaned(org.apache.jackrabbit.oak.upgrade.CopyVersionHistoryTest)  Time elapsed: 2.053 s  <<< ERROR!
java.lang.NullPointerException
	at org.apache.jackrabbit.oak.upgrade.CopyVersionHistoryTest.closeRepository(CopyVersionHistoryTest.java:312)

[ERROR] copyAllVersions(org.apache.jackrabbit.oak.upgrade.CopyVersionHistoryTest)  Time elapsed: 0.243 s  <<< ERROR!
javax.jcr.RepositoryException: Failed to copy content
	at org.apache.jackrabbit.oak.upgrade.CopyVersionHistoryTest.migrate(CopyVersionHistoryTest.java:300)
	at org.apache.jackrabbit.oak.upgrade.CopyVersionHistoryTest.performCopy(CopyVersionHistoryTest.java:285)
	at org.apache.jackrabbit.oak.upgrade.CopyVersionHistoryTest.copyAllVersions(CopyVersionHistoryTest.java:153)
Caused by: java.lang.NullPointerException: QueryIndexProvider yet not initialized
	at org.apache.jackrabbit.oak.upgrade.CopyVersionHistoryTest.migrate(CopyVersionHistoryTest.java:300)
	at org.apache.jackrabbit.oak.upgrade.CopyVersionHistoryTest.performCopy(CopyVersionHistoryTest.java:285)
	at org.apache.jackrabbit.oak.upgrade.CopyVersionHistoryTest.copyAllVersions(CopyVersionHistoryTest.java:153)

[ERROR] copyAllVersions(org.apache.jackrabbit.oak.upgrade.CopyVersionHistoryTest)  Time elapsed: 0.243 s  <<< ERROR!
java.lang.NullPointerException
	at org.apache.jackrabbit.oak.upgrade.CopyVersionHistoryTest.closeRepository(CopyVersionHistoryTest.java:312)

[ERROR] onlyReferencedAfterDate(org.apache.jackrabbit.oak.upgrade.CopyVersionHistoryTest)  Time elapsed: 0.246 s  <<< ERROR!
javax.jcr.RepositoryException: Failed to copy content
	at org.apache.jackrabbit.oak.upgrade.CopyVersionHistoryTest.migrate(CopyVersionHistoryTest.java:300)
	at org.apache.jackrabbit.oak.upgrade.CopyVersionHistoryTest.performCopy(CopyVersionHistoryTest.java:285)
	at org.apache.jackrabbit.oak.upgrade.CopyVersionHistoryTest.onlyReferencedAfterDate(CopyVersionHistoryTest.java:216)
Caused by: java.lang.NullPointerException: QueryIndexProvider yet not initialized
	at org.apache.jackrabbit.oak.upgrade.CopyVersionHistoryTest.migrate(CopyVersionHistoryTest.java:300)
	at org.apache.jackrabbit.oak.upgrade.CopyVersionHistoryTest.performCopy(CopyVersionHistoryTest.java:285)
	at org.apache.jackrabbit.oak.upgrade.CopyVersionHistoryTest.onlyReferencedAfterDate(CopyVersionHistoryTest.java:216)

[ERROR] onlyReferencedAfterDate(org.apache.jackrabbit.oak.upgrade.CopyVersionHistoryTest)  Time elapsed: 0.246 s  <<< ERROR!
java.lang.NullPointerException
	at org.apache.jackrabbit.oak.upgrade.CopyVersionHistoryTest.closeRepository(CopyVersionHistoryTest.java:312)

[ERROR] onlyReferenced(org.apache.jackrabbit.oak.upgrade.CopyVersionHistoryTest)  Time elapsed: 0.197 s  <<< ERROR!
javax.jcr.RepositoryException: Failed to copy content
	at org.apache.jackrabbit.oak.upgrade.CopyVersionHistoryTest.migrate(CopyVersionHistoryTest.java:300)
	at org.apache.jackrabbit.oak.upgrade.CopyVersionHistoryTest.performCopy(CopyVersionHistoryTest.java:285)
	at org.apache.jackrabbit.oak.upgrade.CopyVersionHistoryTest.onlyReferenced(CopyVersionHistoryTest.java:201)
Caused by: java.lang.NullPointerException: QueryIndexProvider yet not initialized
	at org.apache.jackrabbit.oak.upgrade.CopyVersionHistoryTest.migrate(CopyVersionHistoryTest.java:300)
	at org.apache.jackrabbit.oak.upgrade.CopyVersionHistoryTest.performCopy(CopyVersionHistoryTest.java:285)
	at org.apache.jackrabbit.oak.upgrade.CopyVersionHistoryTest.onlyReferenced(CopyVersionHistoryTest.java:201)

[ERROR] onlyReferenced(org.apache.jackrabbit.oak.upgrade.CopyVersionHistoryTest)  Time elapsed: 0.198 s  <<< ERROR!
java.lang.NullPointerException
	at org.apache.jackrabbit.oak.upgrade.CopyVersionHistoryTest.closeRepository(CopyVersionHistoryTest.java:312)

[ERROR] referencedSinceDate(org.apache.jackrabbit.oak.upgrade.CopyVersionHistoryTest)  Time elapsed: 0.223 s  <<< ERROR!
javax.jcr.RepositoryException: Failed to copy content
	at org.apache.jackrabbit.oak.upgrade.CopyVersionHistoryTest.migrate(CopyVersionHistoryTest.java:300)
	at org.apache.jackrabbit.oak.upgrade.CopyVersionHistoryTest.performCopy(CopyVersionHistoryTest.java:285)
	at org.apache.jackrabbit.oak.upgrade.CopyVersionHistoryTest.referencedSinceDate(CopyVersionHistoryTest.java:169)
Caused by: java.lang.NullPointerException: QueryIndexProvider yet not initialized
	at org.apache.jackrabbit.oak.upgrade.CopyVersionHistoryTest.migrate(CopyVersionHistoryTest.java:300)
	at org.apache.jackrabbit.oak.upgrade.CopyVersionHistoryTest.performCopy(CopyVersionHistoryTest.java:285)
	at org.apache.jackrabbit.oak.upgrade.CopyVersionHistoryTest.referencedSinceDate(CopyVersionHistoryTest.java:169)

[ERROR] referencedSinceDate(org.apache.jackrabbit.oak.upgrade.CopyVersionHistoryTest)  Time elapsed: 0.224 s  <<< ERROR!
java.lang.NullPointerException
	at org.apache.jackrabbit.oak.upgrade.CopyVersionHistoryTest.closeRepository(CopyVersionHistoryTest.java:312)

[ERROR] dontCopyVersionHistory(org.apache.jackrabbit.oak.upgrade.CopyVersionHistoryTest)  Time elapsed: 0.279 s  <<< ERROR!
javax.jcr.RepositoryException: Failed to copy content
	at org.apache.jackrabbit.oak.upgrade.CopyVersionHistoryTest.migrate(CopyVersionHistoryTest.java:300)
	at org.apache.jackrabbit.oak.upgrade.CopyVersionHistoryTest.performCopy(CopyVersionHistoryTest.java:285)
	at org.apache.jackrabbit.oak.upgrade.CopyVersionHistoryTest.dontCopyVersionHistory(CopyVersionHistoryTest.java:246)
Caused by: java.lang.NullPointerException: QueryIndexProvider yet not initialized
	at org.apache.jackrabbit.oak.upgrade.CopyVersionHistoryTest.migrate(CopyVersionHistoryTest.java:300)
	at org.apache.jackrabbit.oak.upgrade.CopyVersionHistoryTest.performCopy(CopyVersionHistoryTest.java:285)
	at org.apache.jackrabbit.oak.upgrade.CopyVersionHistoryTest.dontCopyVersionHistory(CopyVersionHistoryTest.java:246)

[ERROR] dontCopyVersionHistory(org.apache.jackrabbit.oak.upgrade.CopyVersionHistoryTest)  Time elapsed: 0.279 s  <<< ERROR!
java.lang.NullPointerException
	at org.apache.jackrabbit.oak.upgrade.CopyVersionHistoryTest.closeRepository(CopyVersionHistoryTest.java:312)

[ERROR] overrideOrphaned(org.apache.jackrabbit.oak.upgrade.CopyVersionHistoryTest)  Time elapsed: 0.239 s  <<< ERROR!
javax.jcr.RepositoryException: Failed to copy content
	at org.apache.jackrabbit.oak.upgrade.CopyVersionHistoryTest.migrate(CopyVersionHistoryTest.java:300)
	at org.apache.jackrabbit.oak.upgrade.CopyVersionHistoryTest.performCopy(CopyVersionHistoryTest.java:285)
	at org.apache.jackrabbit.oak.upgrade.CopyVersionHistoryTest.overrideOrphaned(CopyVersionHistoryTest.java:232)
Caused by: java.lang.NullPointerException: QueryIndexProvider yet not initialized
	at org.apache.jackrabbit.oak.upgrade.CopyVersionHistoryTest.migrate(CopyVersionHistoryTest.java:300)
	at org.apache.jackrabbit.oak.upgrade.CopyVersionHistoryTest.performCopy(CopyVersionHistoryTest.java:285)
	at org.apache.jackrabbit.oak.upgrade.CopyVersionHistoryTest.overrideOrphaned(CopyVersionHistoryTest.java:232)

[ERROR] overrideOrphaned(org.apache.jackrabbit.oak.upgrade.CopyVersionHistoryTest)  Time elapsed: 0.243 s  <<< ERROR!
java.lang.NullPointerException
	at org.apache.jackrabbit.oak.upgrade.CopyVersionHistoryTest.closeRepository(CopyVersionHistoryTest.java:312)

[ERROR] removeVersionHistory(org.apache.jackrabbit.oak.upgrade.CopyVersionHistoryTest)  Time elapsed: 0.231 s  <<< ERROR!
javax.jcr.RepositoryException: Failed to copy content
	at org.apache.jackrabbit.oak.upgrade.CopyVersionHistoryTest.migrate(CopyVersionHistoryTest.java:300)
	at org.apache.jackrabbit.oak.upgrade.CopyVersionHistoryTest.removeVersionHistory(CopyVersionHistoryTest.java:263)
Caused by: java.lang.NullPointerException: QueryIndexProvider yet not initialized
	at org.apache.jackrabbit.oak.upgrade.CopyVersionHistoryTest.migrate(CopyVersionHistoryTest.java:300)
	at org.apache.jackrabbit.oak.upgrade.CopyVersionHistoryTest.removeVersionHistory(CopyVersionHistoryTest.java:263)

[ERROR] removeVersionHistory(org.apache.jackrabbit.oak.upgrade.CopyVersionHistoryTest)  Time elapsed: 0.231 s  <<< ERROR!
java.lang.NullPointerException
	at org.apache.jackrabbit.oak.upgrade.CopyVersionHistoryTest.closeRepository(CopyVersionHistoryTest.java:312)

[INFO] Running org.apache.jackrabbit.oak.upgrade.TickerTest
[INFO] Tests run: 2, Failures: 0, Errors: 0, Skipped: 0, Time elapsed: 0.026 s - in org.apache.jackrabbit.oak.upgrade.TickerTest
[INFO] Running org.apache.jackrabbit.oak.upgrade.AuthorizableFolderEditorTest
[ERROR] Tests run: 1, Failures: 0, Errors: 1, Skipped: 0, Time elapsed: 1.111 s <<< FAILURE! - in org.apache.jackrabbit.oak.upgrade.AuthorizableFolderEditorTest
[ERROR] verifyCorrectedNodeTypes(org.apache.jackrabbit.oak.upgrade.AuthorizableFolderEditorTest)  Time elapsed: 1.106 s  <<< ERROR!
javax.jcr.RepositoryException: Failed to copy content
Caused by: java.lang.NullPointerException: QueryIndexProvider yet not initialized

[INFO] Running org.apache.jackrabbit.oak.upgrade.IncludeIndexTest
[INFO] Tests run: 1, Failures: 0, Errors: 0, Skipped: 0, Time elapsed: 4.517 s - in org.apache.jackrabbit.oak.upgrade.IncludeIndexTest
[INFO] Running org.apache.jackrabbit.oak.upgrade.RepositoryGroupMemberSplitUpgradeTest
[ERROR] Tests run: 3, Failures: 2, Errors: 1, Skipped: 0, Time elapsed: 1.429 s <<< FAILURE! - in org.apache.jackrabbit.oak.upgrade.RepositoryGroupMemberSplitUpgradeTest
[ERROR] verifyGroupNodeTypes(org.apache.jackrabbit.oak.upgrade.RepositoryGroupMemberSplitUpgradeTest)  Time elapsed: 1.323 s  <<< ERROR!
javax.jcr.RepositoryException: Failed to copy content
Caused by: java.lang.NullPointerException: QueryIndexProvider yet not initialized

[ERROR] verifyMemberOf(org.apache.jackrabbit.oak.upgrade.RepositoryGroupMemberSplitUpgradeTest)  Time elapsed: 0.094 s  <<< FAILURE!
junit.framework.AssertionFailedError

[ERROR] verifyMembers(org.apache.jackrabbit.oak.upgrade.RepositoryGroupMemberSplitUpgradeTest)  Time elapsed: 0.012 s  <<< FAILURE!
junit.framework.AssertionFailedError

[INFO] 
[INFO] Results:
[INFO] 
[ERROR] Failures: 
[ERROR]   IncludeExcludeUpgradeTest.shouldHaveIncludedPaths:87->AbstractRepositoryUpgradeTest.assertExisting:163->AbstractRepositoryUpgradeTest.assertExisting:171 node /content/foo/en should exist
[ERROR]   PrivilegeUpgradeTest.verifyPrivileges:141 Miss match in aggregate privilege jcr:all expected [rep:readNodes, rep:readProperties, rep:addProperties, rep:alterProperties, rep:removeProperties, jcr:addChildNodes, jcr:removeChildNodes, jcr:removeNode, jcr:readAccessControl, jcr:modifyAccessControl, jcr:nodeTypeManagement, jcr:versionManagement, jcr:lockManagement, jcr:lifecycleManagement, jcr:retentionManagement, jcr:workspaceManagement, jcr:nodeTypeDefinitionManagement, jcr:namespaceManagement, rep:privilegeManagement, rep:userManagement, rep:indexDefinitionManagement, jcr:read, jcr:modifyProperties, jcr:write, rep:write, test:privilege, test:privilege2, test:aggregate, test:aggregate2] actual [jcr:versionManagement, jcr:addChildNodes, jcr:readAccessControl, jcr:nodeTypeDefinitionManagement, jcr:lifecycleManagement, jcr:retentionManagement, rep:alterProperties, jcr:removeNode, rep:readProperties, rep:indexDefinitionManagement, jcr:write, rep:privilegeManagement, jcr:workspaceManagement, rep:removeProperties, jcr:modifyAccessControl, jcr:namespaceManagement, rep:userManagement, jcr:read, rep:write, rep:addProperties, jcr:lockManagement, jcr:nodeTypeManagement, jcr:removeChildNodes, jcr:modifyProperties, rep:readNodes]
[ERROR]   RepositoryGroupMemberSplitUpgradeTest>RepositoryGroupMemberUpgradeTest.verifyMemberOf:132
[ERROR]   RepositoryGroupMemberSplitUpgradeTest>RepositoryGroupMemberUpgradeTest.verifyMembers:106
[ERROR]   RepositoryGroupMemberUpgradeTest.verifyMemberOf:132
[ERROR]   RepositoryGroupMemberUpgradeTest.verifyMembers:106
[ERROR]   RepositoryUpgradeTest.verifyCustomNodeTypes:178
[ERROR]   RepositoryUpgradeTest.verifyGenericProperties:235
[ERROR]   RepositoryUpgradeTest.verifyReferencePropertiesContent:303
[ERROR]   RepositoryUpgradeTest.verifyVersionHistory:355
[ERROR] Errors: 
[ERROR]   AuthorizableFolderEditorTest>AbstractRepositoryUpgradeTest.upgradeRepository:98->AbstractRepositoryUpgradeTest.doUpgradeRepository:139 Â» Repository
[ERROR]   CopyNodeTypesUpgradeTest>AbstractRepositoryUpgradeTest.upgradeRepository:98->AbstractRepositoryUpgradeTest.doUpgradeRepository:139 Â» Repository
[ERROR] org.apache.jackrabbit.oak.upgrade.CopyVersionHistoryTest.copyAllVersions(org.apache.jackrabbit.oak.upgrade.CopyVersionHistoryTest)
[ERROR]   Run 1: CopyVersionHistoryTest.copyAllVersions:153->performCopy:285->migrate:300 Â» Repository
[ERROR]   Run 2: CopyVersionHistoryTest.closeRepository:312 NullPointer
[INFO] 
[ERROR] org.apache.jackrabbit.oak.upgrade.CopyVersionHistoryTest.dontCopyVersionHistory(org.apache.jackrabbit.oak.upgrade.CopyVersionHistoryTest)
[ERROR]   Run 1: CopyVersionHistoryTest.dontCopyVersionHistory:246->performCopy:285->migrate:300 Â» Repository
[ERROR]   Run 2: CopyVersionHistoryTest.closeRepository:312 NullPointer
[INFO] 
[ERROR] org.apache.jackrabbit.oak.upgrade.CopyVersionHistoryTest.onlyReferenced(org.apache.jackrabbit.oak.upgrade.CopyVersionHistoryTest)
[ERROR]   Run 1: CopyVersionHistoryTest.onlyReferenced:201->performCopy:285->migrate:300 Â» Repository
[ERROR]   Run 2: CopyVersionHistoryTest.closeRepository:312 NullPointer
[INFO] 
[ERROR] org.apache.jackrabbit.oak.upgrade.CopyVersionHistoryTest.onlyReferencedAfterDate(org.apache.jackrabbit.oak.upgrade.CopyVersionHistoryTest)
[ERROR]   Run 1: CopyVersionHistoryTest.onlyReferencedAfterDate:216->performCopy:285->migrate:300 Â» Repository
[ERROR]   Run 2: CopyVersionHistoryTest.closeRepository:312 NullPointer
[INFO] 
[ERROR] org.apache.jackrabbit.oak.upgrade.CopyVersionHistoryTest.overrideOrphaned(org.apache.jackrabbit.oak.upgrade.CopyVersionHistoryTest)
[ERROR]   Run 1: CopyVersionHistoryTest.overrideOrphaned:232->performCopy:285->migrate:300 Â» Repository
[ERROR]   Run 2: CopyVersionHistoryTest.closeRepository:312 NullPointer
[INFO] 
[ERROR] org.apache.jackrabbit.oak.upgrade.CopyVersionHistoryTest.referencedOlderThanOrphaned(org.apache.jackrabbit.oak.upgrade.CopyVersionHistoryTest)
[ERROR]   Run 1: CopyVersionHistoryTest.referencedOlderThanOrphaned:185->performCopy:285->migrate:300 Â» Repository
[ERROR]   Run 2: CopyVersionHistoryTest.closeRepository:312 NullPointer
[INFO] 
[ERROR] org.apache.jackrabbit.oak.upgrade.CopyVersionHistoryTest.referencedSinceDate(org.apache.jackrabbit.oak.upgrade.CopyVersionHistoryTest)
[ERROR]   Run 1: CopyVersionHistoryTest.referencedSinceDate:169->performCopy:285->migrate:300 Â» Repository
[ERROR]   Run 2: CopyVersionHistoryTest.closeRepository:312 NullPointer
[INFO] 
[ERROR] org.apache.jackrabbit.oak.upgrade.CopyVersionHistoryTest.removeVersionHistory(org.apache.jackrabbit.oak.upgrade.CopyVersionHistoryTest)
[ERROR]   Run 1: CopyVersionHistoryTest.removeVersionHistory:263->migrate:300 Â» Repository Fail...
[ERROR]   Run 2: CopyVersionHistoryTest.closeRepository:312 NullPointer
[INFO] 
[ERROR]   IncludeExcludeUpgradeTest>AbstractRepositoryUpgradeTest.upgradeRepository:98->doUpgradeRepository:79 Â» Repository
[ERROR]   LongNameTest.longNameOnSegmentStoreWorksFine:145->upgrade:159 Â» Repository Fai...
[ERROR]   LongNameTest.longNameShouldBeSkipped:102->upgrade:159 Â» Repository Failed to c...
[ERROR]   PrivilegeUpgradeTest>AbstractRepositoryUpgradeTest.upgradeRepository:98->AbstractRepositoryUpgradeTest.doUpgradeRepository:139 Â» Repository
[ERROR]   PrivilegeUpgradeTest.verifyCustomPrivileges:174 Â» AccessControl No such privil...
[ERROR]   RepeatedRepositoryUpgradeTest.upgradeRepository:106->doUpgradeRepository:133 Â» Repository
[ERROR]   RepeatedRepositoryUpgradeTest.upgradeRepository:98->createSourceContent:146->registerCustomPrivileges:171 Â» Namespace
[ERROR]   RepeatedRepositoryUpgradeTest.upgradeRepository:98->createSourceContent:146->registerCustomPrivileges:171 Â» Namespace
[ERROR]   RepositoryGroupMemberSplitUpgradeTest>AbstractRepositoryUpgradeTest.upgradeRepository:98->AbstractRepositoryUpgradeTest.doUpgradeRepository:139 Â» Repository
[ERROR]   RepositoryGroupMemberUpgradeTest>AbstractRepositoryUpgradeTest.upgradeRepository:98->AbstractRepositoryUpgradeTest.doUpgradeRepository:139 Â» Repository
[ERROR]   RepositoryUpgradeTest>AbstractRepositoryUpgradeTest.upgradeRepository:98->AbstractRepositoryUpgradeTest.doUpgradeRepository:139 Â» Repository
[ERROR]   RepositoryUpgradeTest.verifySNS:417 Â» PathNotFound Node with path /sns does no...
[ERROR]   SameNodeSiblingsTest.snsNewNameAlreadyExists:115->migrate:157 Â» Repository Fai...
[ERROR]   SameNodeSiblingsTest.snsShouldBeRenamed:66->migrate:157 Â» Repository Failed to...
[ERROR]   SameNodeSiblingsTest.snsShouldntBeRenamed:93->migrate:157 Â» Repository Failed ...
[ERROR]   UpgradeFromTwoSourcesTest.upgradeRepository:100->doUpgradeRepository:113 Â» Repository
[ERROR] org.apache.jackrabbit.oak.upgrade.cli.Jcr2ToSegmentTest.validateMigration(org.apache.jackrabbit.oak.upgrade.cli.Jcr2ToSegmentTest)
[ERROR]   Run 1: Jcr2ToSegmentTest.prepare:56 Â» Runtime javax.jcr.RepositoryException: Failed t...
[ERROR]   Run 2: Jcr2ToSegmentTest.clean:65 NullPointer
[INFO] 
[INFO] 
[ERROR] Tests run: 114, Failures: 10, Errors: 27, Skipped: 4
[INFO] 
[INFO] ------------------------------------------------------------------------
[INFO] BUILD FAILURE
[INFO] ------------------------------------------------------------------------
[INFO] Total time: 02:17 min
[INFO] Finished at: 2017-10-27T16:06:20Z
[INFO] Final Memory: 86M/931M
[INFO] ------------------------------------------------------------------------
[ERROR] Failed to execute goal org.apache.maven.plugins:maven-surefire-plugin:2.20.1:test (default-test) on project oak-upgrade: There are test failures.
[ERROR] 
[ERROR] Please refer to /home/travis/build/apache/jackrabbit-oak/oak-upgrade/target/surefire-reports for the individual test results.
[ERROR] Please refer to dump files (if any exist) [date]-jvmRun[N].dump, [date].dumpstream and [date]-jvmRun[N].dumpstream.
[ERROR] -> [Help 1]
[ERROR] 
[ERROR] To see the full stack trace of the errors, re-run Maven with the -e switch.
[ERROR] Re-run Maven using the -X switch to enable full debug logging.
[ERROR] 
[ERROR] For more information about the errors and possible solutions, please read the following articles:
[ERROR] [Help 1] http://cwiki.apache.org/confluence/display/MAVEN/MojoFailureException

travis_time:end:1bb2c36a:start=1509120242403269010,finish=1509120381226511393,duration=138823242383[0K
[31;1mThe command "mvn --batch-mode clean verify -Dbaseline.skip=true -PintegrationTesting -Dnsfixtures=DOCUMENT_NS -pl :${MODULE} -nsu" exited with 1.[0m
travis_fold:start:cache.2[0Kstore build cache
travis_time:start:08fa7056[0K
travis_time:end:08fa7056:start=1509120381234678602,finish=1509120381239687335,duration=5008733[0Ktravis_time:start:03aab265[0K[32;1mchange detected (content changed, file is created, or file is deleted):
/home/travis/.m2/repository/org/apache/jackrabbit/oak-api/1.8-SNAPSHOT/maven-metadata-local.xml
/home/travis/.m2/repository/org/apache/jackrabbit/oak-api/1.8-SNAPSHOT/oak-api-1.8-SNAPSHOT.jar
/home/travis/.m2/repository/org/apache/jackrabbit/oak-api/1.8-SNAPSHOT/oak-api-1.8-SNAPSHOT-tests.jar
/home/travis/.m2/repository/org/apache/jackrabbit/oak-api/1.8-SNAPSHOT/_remote.repositories
/home/travis/.m2/repository/org/apache/jackrabbit/oak-api/maven-metadata-local.xml
/home/travis/.m2/repository/org/apache/jackrabbit/oak-blob/1.8-SNAPSHOT/maven-metadata-local.xml
/home/travis/.m2/repository/org/apache/jackrabbit/oak-blob/1.8-SNAPSHOT/oak-blob-1.8-SNAPSHOT.jar
/home/travis/.m2/repository/org/apache/jackrabbit/oak-blob/1.8-SNAPSHOT/oak-blob-1.8-SNAPSHOT-tests.jar
/home/travis/.m2/repository/org/apache/jackrabbit/oak-blob/1.8-SNAPSHOT/_remote.repositories
/home/travis/.m2/repository/org/apache/jackrabbit/oak-blob-cloud/1.8-SNAPSHOT/maven-metadata-local.xml
/home/travis/.m2/repository/org/apach
[0m
[32;1m...
[0m
[32;1mchanges detected, packing new archive[0m
.
[32;1muploading archive[0m

travis_time:end:03aab265:start=1509120381245496211,finish=1509120396712452677,duration=15466956466[0Ktravis_fold:end:cache.2[0K
Done. Your build exited with 1.
