travis_fold:start:worker_info[0K[33;1mWorker information[0m
hostname: i-0ab1bba-precise-production-2-worker-org-docker.travisci.net:f47b0a90-14c5-4909-9c55-56acd7453584
version: v2.5.0 https://github.com/travis-ci/worker/tree/da3a43228dffc0fcca5a46569ca786b22991979f
instance: 5b70130:travis:java
startup: 740.72219ms
travis_fold:end:worker_info[0Ktravis_fold:start:system_info[0K[33;1mBuild system information[0m
Build language: java
Build group: stable
Build dist: precise
Build id: 258300306
Job id: 258300333
travis-build version: 7f06d8619
[34m[1mBuild image provisioning date and time[0m
Thu Feb  5 15:09:33 UTC 2015
[34m[1mOperating System Details[0m
Distributor ID:	Ubuntu
Description:	Ubuntu 12.04.5 LTS
Release:	12.04
Codename:	precise
[34m[1mLinux Version[0m
3.13.0-29-generic
[34m[1mCookbooks Version[0m
a68419e https://github.com/travis-ci/travis-cookbooks/tree/a68419e
[34m[1mGCC version[0m
gcc (Ubuntu/Linaro 4.6.3-1ubuntu5) 4.6.3
Copyright (C) 2011 Free Software Foundation, Inc.
This is free software; see the source for copying conditions.  There is NO
warranty; not even for MERCHANTABILITY or FITNESS FOR A PARTICULAR PURPOSE.

[34m[1mLLVM version[0m
clang version 3.4 (tags/RELEASE_34/final)
Target: x86_64-unknown-linux-gnu
Thread model: posix
[34m[1mPre-installed Ruby versions[0m
ruby-1.9.3-p551
[34m[1mPre-installed Node.js versions[0m
v0.10.36
[34m[1mPre-installed Go versions[0m
1.4.1
[34m[1mRedis version[0m
redis-server 2.8.19
[34m[1mriak version[0m
2.0.2
[34m[1mMongoDB version[0m
MongoDB 2.4.12
[34m[1mCouchDB version[0m
couchdb 1.6.1
[34m[1mNeo4j version[0m
1.9.4
[34m[1mRabbitMQ Version[0m
3.4.3
[34m[1mElasticSearch version[0m
1.4.0
[34m[1mInstalled Sphinx versions[0m
2.0.10
2.1.9
2.2.6
[34m[1mDefault Sphinx version[0m
2.2.6
[34m[1mInstalled Firefox version[0m
firefox 31.0esr
[34m[1mPhantomJS version[0m
1.9.8
[34m[1mant -version[0m
Apache Ant(TM) version 1.8.2 compiled on December 3 2011
[34m[1mmvn -version[0m
Apache Maven 3.2.5 (12a6b3acb947671f09b81f49094c53f426d8cea1; 2014-12-14T17:29:23+00:00)
Maven home: /usr/local/maven
Java version: 1.7.0_76, vendor: Oracle Corporation
Java home: /usr/lib/jvm/java-7-oracle/jre
Default locale: en_US, platform encoding: ANSI_X3.4-1968
OS name: "linux", version: "3.13.0-29-generic", arch: "amd64", family: "unix"
travis_fold:end:system_info[0K
travis_fold:start:fix.CVE-2015-7547[0K$ export DEBIAN_FRONTEND=noninteractive
Reading package lists...
Building dependency tree...
Reading state information...
The following extra packages will be installed:
  libc-bin libc-dev-bin libc6-dev
Suggested packages:
  glibc-doc
The following packages will be upgraded:
  libc-bin libc-dev-bin libc6 libc6-dev
4 upgraded, 0 newly installed, 0 to remove and 278 not upgraded.
Need to get 8,856 kB of archives.
After this operation, 13.3 kB of additional disk space will be used.
Get:1 http://us.archive.ubuntu.com/ubuntu/ precise-updates/main libc6-dev amd64 2.15-0ubuntu10.18 [2,948 kB]
Get:2 http://us.archive.ubuntu.com/ubuntu/ precise-updates/main libc-dev-bin amd64 2.15-0ubuntu10.18 [84.5 kB]
Get:3 http://us.archive.ubuntu.com/ubuntu/ precise-updates/main libc-bin amd64 2.15-0ubuntu10.18 [1,178 kB]
Get:4 http://us.archive.ubuntu.com/ubuntu/ precise-updates/main libc6 amd64 2.15-0ubuntu10.18 [4,646 kB]
Fetched 8,856 kB in 0s (22.8 MB/s)
Preconfiguring packages ...
(Reading database ... (Reading database ... 5%(Reading database ... 10%(Reading database ... 15%(Reading database ... 20%(Reading database ... 25%(Reading database ... 30%(Reading database ... 35%(Reading database ... 40%(Reading database ... 45%(Reading database ... 50%(Reading database ... 55%(Reading database ... 60%(Reading database ... 65%(Reading database ... 70%(Reading database ... 75%(Reading database ... 80%(Reading database ... 85%(Reading database ... 90%(Reading database ... 95%(Reading database ... 100%(Reading database ... 72019 files and directories currently installed.)
Preparing to replace libc6-dev 2.15-0ubuntu10.10 (using .../libc6-dev_2.15-0ubuntu10.18_amd64.deb) ...
Unpacking replacement libc6-dev ...
Preparing to replace libc-dev-bin 2.15-0ubuntu10.10 (using .../libc-dev-bin_2.15-0ubuntu10.18_amd64.deb) ...
Unpacking replacement libc-dev-bin ...
Preparing to replace libc-bin 2.15-0ubuntu10.10 (using .../libc-bin_2.15-0ubuntu10.18_amd64.deb) ...
Unpacking replacement libc-bin ...
Processing triggers for man-db ...
Setting up libc-bin (2.15-0ubuntu10.18) ...
(Reading database ... (Reading database ... 5%(Reading database ... 10%(Reading database ... 15%(Reading database ... 20%(Reading database ... 25%(Reading database ... 30%(Reading database ... 35%(Reading database ... 40%(Reading database ... 45%(Reading database ... 50%(Reading database ... 55%(Reading database ... 60%(Reading database ... 65%(Reading database ... 70%(Reading database ... 75%(Reading database ... 80%(Reading database ... 85%(Reading database ... 90%(Reading database ... 95%(Reading database ... 100%(Reading database ... 72018 files and directories currently installed.)
Preparing to replace libc6 2.15-0ubuntu10.10 (using .../libc6_2.15-0ubuntu10.18_amd64.deb) ...
Unpacking replacement libc6 ...
Setting up libc6 (2.15-0ubuntu10.18) ...
Setting up libc-dev-bin (2.15-0ubuntu10.18) ...
Setting up libc6-dev (2.15-0ubuntu10.18) ...
Processing triggers for libc-bin ...
ldconfig deferred processing now taking place
travis_fold:end:fix.CVE-2015-7547[0Ktravis_fold:start:update_libssl1.0.0[0K$ sudo apt-get install ca-certificates libssl1.0.0
Reading package lists... 0%Reading package lists... 0%Reading package lists... 1%Reading package lists... 10%Reading package lists... 10%Reading package lists... 11%Reading package lists... 11%Reading package lists... 34%Reading package lists... 46%Reading package lists... 46%Reading package lists... 47%Reading package lists... 47%Reading package lists... 58%Reading package lists... 58%Reading package lists... 58%Reading package lists... 58%Reading package lists... 60%Reading package lists... 93%Reading package lists... 94%Reading package lists... 94%Reading package lists... 95%Reading package lists... 95%Reading package lists... 95%Reading package lists... 95%Reading package lists... 95%Reading package lists... 95%Reading package lists... 95%Reading package lists... 95%Reading package lists... 95%Reading package lists... 95%Reading package lists... 95%Reading package lists... 95%Reading package lists... 95%Reading package lists... 95%Reading package lists... 95%Reading package lists... 95%Reading package lists... 95%Reading package lists... 95%Reading package lists... 95%Reading package lists... 95%Reading package lists... 95%Reading package lists... 95%Reading package lists... 95%Reading package lists... 95%Reading package lists... 95%Reading package lists... 95%Reading package lists... 95%Reading package lists... 95%Reading package lists... 95%Reading package lists... 95%Reading package lists... 95%Reading package lists... 95%Reading package lists... 95%Reading package lists... 95%Reading package lists... 95%Reading package lists... 95%Reading package lists... 95%Reading package lists... 95%Reading package lists... 95%Reading package lists... 95%Reading package lists... 95%Reading package lists... 95%Reading package lists... 95%Reading package lists... 95%Reading package lists... 95%Reading package lists... 95%Reading package lists... 95%Reading package lists... 95%Reading package lists... 95%Reading package lists... 95%Reading package lists... 95%Reading package lists... 95%Reading package lists... 95%Reading package lists... 95%Reading package lists... 95%Reading package lists... 95%Reading package lists... 95%Reading package lists... 95%Reading package lists... 95%Reading package lists... 96%Reading package lists... 96%Reading package lists... 96%Reading package lists... 96%Reading package lists... 97%Reading package lists... 97%Reading package lists... 98%Reading package lists... 98%Reading package lists... 98%Reading package lists... 98%Reading package lists... 98%Reading package lists... 98%Reading package lists... 98%Reading package lists... 98%Reading package lists... 98%Reading package lists... 98%Reading package lists... 98%Reading package lists... 98%Reading package lists... 98%Reading package lists... 98%Reading package lists... 98%Reading package lists... 98%Reading package lists... 98%Reading package lists... 98%Reading package lists... Done
Building dependency tree... 0%Building dependency tree... 0%Building dependency tree... 50%Building dependency tree... 50%Building dependency tree... 81%Building dependency tree       
Reading state information... 0%Reading state information... 0%Reading state information... Done
The following extra packages will be installed:
  libssl-dev
The following packages will be upgraded:
  ca-certificates libssl-dev libssl1.0.0
3 upgraded, 0 newly installed, 0 to remove and 275 not upgraded.
Need to get 2,842 kB of archives.
After this operation, 41.0 kB of additional disk space will be used.
0% [Working]            Get:1 http://us.archive.ubuntu.com/ubuntu/ precise-updates/main libssl-dev amd64 1.0.1-4ubuntu5.39 [1,580 kB]
            0% [1 libssl-dev 14.1 kB/1,580 kB 1%]                                     Get:2 http://us.archive.ubuntu.com/ubuntu/ precise-updates/main libssl1.0.0 amd64 1.0.1-4ubuntu5.39 [1,054 kB]
                                     67% [2 libssl1.0.0 328 kB/1,054 kB 31%]                                       93% [Working]             Get:3 http://us.archive.ubuntu.com/ubuntu/ precise-updates/main ca-certificates all 20160104ubuntu0.12.04.1 [208 kB]
             93% [3 ca-certificates 0 B/208 kB 0%]                                     100% [Working]              Fetched 2,842 kB in 0s (13.4 MB/s)
Preconfiguring packages ...
(Reading database ... (Reading database ... 5%(Reading database ... 10%(Reading database ... 15%(Reading database ... 20%(Reading database ... 25%(Reading database ... 30%(Reading database ... 35%(Reading database ... 40%(Reading database ... 45%(Reading database ... 50%(Reading database ... 55%(Reading database ... 60%(Reading database ... 65%(Reading database ... 70%(Reading database ... 75%(Reading database ... 80%(Reading database ... 85%(Reading database ... 90%(Reading database ... 95%(Reading database ... 100%(Reading database ... 72018 files and directories currently installed.)
Preparing to replace libssl-dev 1.0.1-4ubuntu5.21 (using .../libssl-dev_1.0.1-4ubuntu5.39_amd64.deb) ...
Unpacking replacement libssl-dev ...
Preparing to replace libssl1.0.0 1.0.1-4ubuntu5.21 (using .../libssl1.0.0_1.0.1-4ubuntu5.39_amd64.deb) ...
Unpacking replacement libssl1.0.0 ...
Setting up libssl1.0.0 (1.0.1-4ubuntu5.39) ...
Processing triggers for libc-bin ...
ldconfig deferred processing now taking place
(Reading database ... (Reading database ... 5%(Reading database ... 10%(Reading database ... 15%(Reading database ... 20%(Reading database ... 25%(Reading database ... 30%(Reading database ... 35%(Reading database ... 40%(Reading database ... 45%(Reading database ... 50%(Reading database ... 55%(Reading database ... 60%(Reading database ... 65%(Reading database ... 70%(Reading database ... 75%(Reading database ... 80%(Reading database ... 85%(Reading database ... 90%(Reading database ... 95%(Reading database ... 100%(Reading database ... 72018 files and directories currently installed.)
Preparing to replace ca-certificates 20130906ubuntu0.12.04.1 (using .../ca-certificates_20160104ubuntu0.12.04.1_all.deb) ...
Unpacking replacement ca-certificates ...
Processing triggers for man-db ...
Setting up libssl-dev (1.0.1-4ubuntu5.39) ...
Setting up ca-certificates (20160104ubuntu0.12.04.1) ...
Updating certificates in /etc/ssl/certs... 35 added, 26 removed; done.
Running hooks in /etc/ca-certificates/update.d....
Adding debian:ACCVRAIZ1.pem
Adding debian:Atos_TrustedRoot_2011.pem
Adding debian:CA_WoSign_ECC_Root.pem
Adding debian:Certification_Authority_of_WoSign_G2.pem
Adding debian:Certinomis_-_Root_CA.pem
Adding debian:CFCA_EV_ROOT.pem
Adding debian:COMODO_RSA_Certification_Authority.pem
Adding debian:DigiCert_Assured_ID_Root_G2.pem
Adding debian:DigiCert_Assured_ID_Root_G3.pem
Adding debian:DigiCert_Global_Root_G2.pem
Adding debian:DigiCert_Global_Root_G3.pem
Adding debian:DigiCert_Trusted_Root_G4.pem
Adding debian:Entrust_Root_Certification_Authority_-_EC1.pem
Adding debian:Entrust_Root_Certification_Authority_-_G2.pem
Adding debian:E-Tugra_Certification_Authority.pem
Adding debian:GlobalSign_ECC_Root_CA_-_R4.pem
Adding debian:GlobalSign_ECC_Root_CA_-_R5.pem
Adding debian:IdenTrust_Commercial_Root_CA_1.pem
Adding debian:IdenTrust_Public_Sector_Root_CA_1.pem
Adding debian:OISTE_WISeKey_Global_Root_GB_CA.pem
Adding debian:QuoVadis_Root_CA_1_G3.pem
Adding debian:QuoVadis_Root_CA_2_G3.pem
Adding debian:QuoVadis_Root_CA_3_G3.pem
Adding debian:Staat_der_Nederlanden_EV_Root_CA.pem
Adding debian:Staat_der_Nederlanden_Root_CA_-_G3.pem
Adding debian:S-TRUST_Universal_Root_CA.pem
Adding debian:TeliaSonera_Root_CA_v1.pem
Adding debian:T-TeleSec_GlobalRoot_Class_2.pem
Adding debian:TÃœRKTRUST_Elektronik_Sertifika_Hizmet_SaÄŸlayÄ±cÄ±sÄ±_H5.pem
Adding debian:TÃœRKTRUST_Elektronik_Sertifika_Hizmet_SaÄŸlayÄ±cÄ±sÄ±_H6.pem
Adding debian:TWCA_Global_Root_CA.pem
Adding debian:USERTrust_ECC_Certification_Authority.pem
Adding debian:USERTrust_RSA_Certification_Authority.pem
Adding debian:WoSign_China.pem
Adding debian:WoSign.pem
Removing debian:A-Trust-nQual-03.pem
Removing debian:America_Online_Root_Certification_Authority_1.pem
Removing debian:America_Online_Root_Certification_Authority_2.pem
Removing debian:Buypass_Class_3_CA_1.pem
Removing debian:ComSign_Secured_CA.pem
Removing debian:Digital_Signature_Trust_Co._Global_CA_1.pem
Removing debian:Digital_Signature_Trust_Co._Global_CA_3.pem
Removing debian:E-Guven_Kok_Elektronik_Sertifika_Hizmet_Saglayicisi.pem
Removing debian:Entrust.net_Secure_Server_CA.pem
Removing debian:Firmaprofesional_Root_CA.pem
Removing debian:GTE_CyberTrust_Global_Root.pem
Removing debian:RSA_Root_Certificate_1.pem
Removing debian:TC_TrustCenter_Class_2_CA_II.pem
Removing debian:TC_TrustCenter_Universal_CA_I.pem
Removing debian:TDC_Internet_Root_CA.pem
Removing debian:TDC_OCES_Root_CA.pem
Removing debian:TURKTRUST_Certificate_Services_Provider_Root_1.pem
Removing debian:TURKTRUST_Certificate_Services_Provider_Root_2.pem
Removing debian:Thawte_Premium_Server_CA.pem
Removing debian:Thawte_Server_CA.pem
Removing debian:UTN_DATACorp_SGC_Root_CA.pem
Removing debian:ValiCert_Class_1_VA.pem
Removing debian:ValiCert_Class_2_VA.pem
Removing debian:Verisign_Class_4_Public_Primary_Certification_Authority_-_G3.pem
Removing debian:Wells_Fargo_Root_CA.pem
Removing debian:spi-cacert-2008.pem
done.
done.
travis_fold:end:update_libssl1.0.0[0K$ jdk_switcher use oraclejdk8
Switching to Oracle JDK8 (java-8-oracle), JAVA_HOME will be set to /usr/lib/jvm/java-8-oracle
travis_fold:start:git.checkout[0Ktravis_time:start:143cebc7[0K$ git clone --depth=50 https://github.com/checkstyle/checkstyle.git checkstyle/checkstyle
Cloning into 'checkstyle/checkstyle'...
remote: Counting objects: 3827, done.[K
remote: Compressing objects:   0% (1/2424)   [Kremote: Compressing objects:   1% (25/2424)   [Kremote: Compressing objects:   2% (49/2424)   [Kremote: Compressing objects:   3% (73/2424)   [Kremote: Compressing objects:   4% (97/2424)   [Kremote: Compressing objects:   5% (122/2424)   [Kremote: Compressing objects:   6% (146/2424)   [Kremote: Compressing objects:   7% (170/2424)   [Kremote: Compressing objects:   8% (194/2424)   [Kremote: Compressing objects:   9% (219/2424)   [Kremote: Compressing objects:  10% (243/2424)   [Kremote: Compressing objects:  11% (267/2424)   [Kremote: Compressing objects:  12% (291/2424)   [Kremote: Compressing objects:  13% (316/2424)   [Kremote: Compressing objects:  14% (340/2424)   [Kremote: Compressing objects:  15% (364/2424)   [Kremote: Compressing objects:  16% (388/2424)   [Kremote: Compressing objects:  17% (413/2424)   [Kremote: Compressing objects:  18% (437/2424)   [Kremote: Compressing objects:  19% (461/2424)   [Kremote: Compressing objects:  20% (485/2424)   [Kremote: Compressing objects:  21% (510/2424)   [Kremote: Compressing objects:  22% (534/2424)   [Kremote: Compressing objects:  23% (558/2424)   [Kremote: Compressing objects:  24% (582/2424)   [Kremote: Compressing objects:  25% (606/2424)   [Kremote: Compressing objects:  26% (631/2424)   [Kremote: Compressing objects:  27% (655/2424)   [Kremote: Compressing objects:  28% (679/2424)   [Kremote: Compressing objects:  29% (703/2424)   [Kremote: Compressing objects:  30% (728/2424)   [Kremote: Compressing objects:  31% (752/2424)   [Kremote: Compressing objects:  32% (776/2424)   [Kremote: Compressing objects:  33% (800/2424)   [Kremote: Compressing objects:  34% (825/2424)   [Kremote: Compressing objects:  35% (849/2424)   [Kremote: Compressing objects:  36% (873/2424)   [Kremote: Compressing objects:  37% (897/2424)   [Kremote: Compressing objects:  38% (922/2424)   [Kremote: Compressing objects:  39% (946/2424)   [Kremote: Compressing objects:  40% (970/2424)   [Kremote: Compressing objects:  41% (994/2424)   [Kremote: Compressing objects:  42% (1019/2424)   [Kremote: Compressing objects:  43% (1043/2424)   [Kremote: Compressing objects:  44% (1067/2424)   [Kremote: Compressing objects:  45% (1091/2424)   [Kremote: Compressing objects:  46% (1116/2424)   [Kremote: Compressing objects:  47% (1140/2424)   [Kremote: Compressing objects:  48% (1164/2424)   [Kremote: Compressing objects:  49% (1188/2424)   [Kremote: Compressing objects:  50% (1212/2424)   [Kremote: Compressing objects:  51% (1237/2424)   [Kremote: Compressing objects:  52% (1261/2424)   [Kremote: Compressing objects:  53% (1285/2424)   [Kremote: Compressing objects:  54% (1309/2424)   [Kremote: Compressing objects:  55% (1334/2424)   [Kremote: Compressing objects:  56% (1358/2424)   [Kremote: Compressing objects:  57% (1382/2424)   [Kremote: Compressing objects:  58% (1406/2424)   [Kremote: Compressing objects:  59% (1431/2424)   [Kremote: Compressing objects:  60% (1455/2424)   [Kremote: Compressing objects:  61% (1479/2424)   [Kremote: Compressing objects:  62% (1503/2424)   [Kremote: Compressing objects:  63% (1528/2424)   [Kremote: Compressing objects:  64% (1552/2424)   [Kremote: Compressing objects:  65% (1576/2424)   [Kremote: Compressing objects:  66% (1600/2424)   [Kremote: Compressing objects:  67% (1625/2424)   [Kremote: Compressing objects:  68% (1649/2424)   [Kremote: Compressing objects:  69% (1673/2424)   [Kremote: Compressing objects:  70% (1697/2424)   [Kremote: Compressing objects:  71% (1722/2424)   [Kremote: Compressing objects:  72% (1746/2424)   [Kremote: Compressing objects:  73% (1770/2424)   [Kremote: Compressing objects:  74% (1794/2424)   [Kremote: Compressing objects:  75% (1818/2424)   [Kremote: Compressing objects:  76% (1843/2424)   [Kremote: Compressing objects:  77% (1867/2424)   [Kremote: Compressing objects:  78% (1891/2424)   [Kremote: Compressing objects:  79% (1915/2424)   [Kremote: Compressing objects:  80% (1940/2424)   [Kremote: Compressing objects:  81% (1964/2424)   [Kremote: Compressing objects:  82% (1988/2424)   [Kremote: Compressing objects:  83% (2012/2424)   [Kremote: Compressing objects:  84% (2037/2424)   [Kremote: Compressing objects:  85% (2061/2424)   [Kremote: Compressing objects:  86% (2085/2424)   [Kremote: Compressing objects:  87% (2109/2424)   [Kremote: Compressing objects:  88% (2134/2424)   [Kremote: Compressing objects:  89% (2158/2424)   [Kremote: Compressing objects:  90% (2182/2424)   [Kremote: Compressing objects:  91% (2206/2424)   [Kremote: Compressing objects:  92% (2231/2424)   [Kremote: Compressing objects:  93% (2255/2424)   [Kremote: Compressing objects:  94% (2279/2424)   [Kremote: Compressing objects:  95% (2303/2424)   [Kremote: Compressing objects:  96% (2328/2424)   [Kremote: Compressing objects:  97% (2352/2424)   [Kremote: Compressing objects:  98% (2376/2424)   [Kremote: Compressing objects:  99% (2400/2424)   [Kremote: Compressing objects: 100% (2424/2424)   [Kremote: Compressing objects: 100% (2424/2424), done.[K
Receiving objects:   0% (1/3827)   Receiving objects:   1% (39/3827)   Receiving objects:   2% (77/3827)   Receiving objects:   3% (115/3827)   Receiving objects:   4% (154/3827)   Receiving objects:   5% (192/3827)   Receiving objects:   6% (230/3827)   Receiving objects:   7% (268/3827)   Receiving objects:   8% (307/3827)   Receiving objects:   9% (345/3827)   Receiving objects:  10% (383/3827)   Receiving objects:  11% (421/3827)   Receiving objects:  12% (460/3827)   Receiving objects:  13% (498/3827)   Receiving objects:  14% (536/3827)   Receiving objects:  15% (575/3827)   Receiving objects:  16% (613/3827)   Receiving objects:  17% (651/3827)   Receiving objects:  18% (689/3827)   Receiving objects:  19% (728/3827)   Receiving objects:  20% (766/3827)   Receiving objects:  21% (804/3827)   Receiving objects:  22% (842/3827)   Receiving objects:  23% (881/3827)   Receiving objects:  24% (919/3827)   Receiving objects:  25% (957/3827)   Receiving objects:  26% (996/3827)   Receiving objects:  27% (1034/3827)   Receiving objects:  28% (1072/3827)   Receiving objects:  29% (1110/3827)   Receiving objects:  30% (1149/3827)   Receiving objects:  31% (1187/3827)   Receiving objects:  32% (1225/3827)   Receiving objects:  33% (1263/3827)   Receiving objects:  34% (1302/3827)   Receiving objects:  35% (1340/3827)   Receiving objects:  36% (1378/3827)   Receiving objects:  37% (1416/3827)   Receiving objects:  38% (1455/3827)   Receiving objects:  39% (1493/3827)   Receiving objects:  40% (1531/3827)   Receiving objects:  41% (1570/3827)   Receiving objects:  42% (1608/3827)   Receiving objects:  43% (1646/3827)   Receiving objects:  44% (1684/3827)   Receiving objects:  45% (1723/3827)   Receiving objects:  46% (1761/3827)   Receiving objects:  47% (1799/3827)   Receiving objects:  48% (1837/3827)   Receiving objects:  49% (1876/3827)   Receiving objects:  50% (1914/3827)   Receiving objects:  51% (1952/3827)   Receiving objects:  52% (1991/3827)   Receiving objects:  53% (2029/3827)   Receiving objects:  54% (2067/3827)   Receiving objects:  55% (2105/3827)   Receiving objects:  56% (2144/3827)   Receiving objects:  57% (2182/3827)   Receiving objects:  58% (2220/3827)   Receiving objects:  59% (2258/3827)   Receiving objects:  60% (2297/3827)   Receiving objects:  61% (2335/3827)   Receiving objects:  62% (2373/3827)   Receiving objects:  63% (2412/3827)   Receiving objects:  64% (2450/3827)   Receiving objects:  65% (2488/3827)   Receiving objects:  66% (2526/3827)   Receiving objects:  67% (2565/3827)   Receiving objects:  68% (2603/3827)   Receiving objects:  69% (2641/3827)   Receiving objects:  70% (2679/3827)   Receiving objects:  71% (2718/3827)   Receiving objects:  72% (2756/3827)   Receiving objects:  73% (2794/3827)   Receiving objects:  74% (2832/3827)   Receiving objects:  75% (2871/3827)   Receiving objects:  76% (2909/3827)   Receiving objects:  77% (2947/3827)   Receiving objects:  78% (2986/3827)   Receiving objects:  79% (3024/3827)   Receiving objects:  80% (3062/3827)   Receiving objects:  81% (3100/3827)   Receiving objects:  82% (3139/3827)   Receiving objects:  83% (3177/3827)   Receiving objects:  84% (3215/3827)   Receiving objects:  85% (3253/3827)   Receiving objects:  86% (3292/3827)   Receiving objects:  87% (3330/3827)   Receiving objects:  88% (3368/3827), 4.16 MiB | 8.29 MiB/s   Receiving objects:  89% (3407/3827), 4.16 MiB | 8.29 MiB/s   Receiving objects:  90% (3445/3827), 4.16 MiB | 8.29 MiB/s   Receiving objects:  91% (3483/3827), 4.16 MiB | 8.29 MiB/s   Receiving objects:  92% (3521/3827), 4.16 MiB | 8.29 MiB/s   Receiving objects:  93% (3560/3827), 4.16 MiB | 8.29 MiB/s   Receiving objects:  94% (3598/3827), 4.16 MiB | 8.29 MiB/s   Receiving objects:  95% (3636/3827), 4.16 MiB | 8.29 MiB/s   Receiving objects:  96% (3674/3827), 4.16 MiB | 8.29 MiB/s   Receiving objects:  97% (3713/3827), 4.16 MiB | 8.29 MiB/s   remote: Total 3827 (delta 1696), reused 2254 (delta 1063), pack-reused 0[K
Receiving objects:  98% (3751/3827), 4.16 MiB | 8.29 MiB/s   Receiving objects:  99% (3789/3827), 4.16 MiB | 8.29 MiB/s   Receiving objects: 100% (3827/3827), 4.16 MiB | 8.29 MiB/s   Receiving objects: 100% (3827/3827), 4.56 MiB | 8.29 MiB/s, done.
Resolving deltas:   0% (0/1696)   Resolving deltas:   1% (20/1696)   Resolving deltas:   2% (50/1696)   Resolving deltas:   3% (54/1696)   Resolving deltas:   4% (69/1696)   Resolving deltas:   5% (85/1696)   Resolving deltas:   6% (102/1696)   Resolving deltas:   8% (139/1696)   Resolving deltas:  11% (194/1696)   Resolving deltas:  12% (204/1696)   Resolving deltas:  13% (221/1696)   Resolving deltas:  14% (246/1696)   Resolving deltas:  15% (266/1696)   Resolving deltas:  16% (272/1696)   Resolving deltas:  17% (290/1696)   Resolving deltas:  18% (307/1696)   Resolving deltas:  19% (327/1696)   Resolving deltas:  20% (341/1696)   Resolving deltas:  22% (385/1696)   Resolving deltas:  23% (406/1696)   Resolving deltas:  24% (421/1696)   Resolving deltas:  25% (434/1696)   Resolving deltas:  26% (448/1696)   Resolving deltas:  27% (465/1696)   Resolving deltas:  28% (475/1696)   Resolving deltas:  29% (493/1696)   Resolving deltas:  30% (511/1696)   Resolving deltas:  31% (526/1696)   Resolving deltas:  32% (543/1696)   Resolving deltas:  33% (562/1696)   Resolving deltas:  34% (577/1696)   Resolving deltas:  35% (596/1696)   Resolving deltas:  36% (618/1696)   Resolving deltas:  38% (647/1696)   Resolving deltas:  39% (662/1696)   Resolving deltas:  40% (689/1696)   Resolving deltas:  41% (700/1696)   Resolving deltas:  42% (714/1696)   Resolving deltas:  43% (733/1696)   Resolving deltas:  44% (747/1696)   Resolving deltas:  45% (764/1696)   Resolving deltas:  46% (788/1696)   Resolving deltas:  47% (798/1696)   Resolving deltas:  48% (815/1696)   Resolving deltas:  49% (832/1696)   Resolving deltas:  50% (849/1696)   Resolving deltas:  51% (865/1696)   Resolving deltas:  52% (883/1696)   Resolving deltas:  53% (900/1696)   Resolving deltas:  54% (916/1696)   Resolving deltas:  55% (934/1696)   Resolving deltas:  56% (950/1696)   Resolving deltas:  57% (967/1696)   Resolving deltas:  58% (984/1696)   Resolving deltas:  59% (1001/1696)   Resolving deltas:  60% (1018/1696)   Resolving deltas:  61% (1039/1696)   Resolving deltas:  62% (1052/1696)   Resolving deltas:  63% (1070/1696)   Resolving deltas:  64% (1086/1696)   Resolving deltas:  70% (1193/1696)   Resolving deltas:  72% (1233/1696)   Resolving deltas:  73% (1239/1696)   Resolving deltas:  74% (1264/1696)   Resolving deltas:  75% (1272/1696)   Resolving deltas:  76% (1290/1696)   Resolving deltas:  77% (1306/1696)   Resolving deltas:  78% (1326/1696)   Resolving deltas:  79% (1340/1696)   Resolving deltas:  80% (1369/1696)   Resolving deltas:  81% (1374/1696)   Resolving deltas:  82% (1392/1696)   Resolving deltas:  83% (1408/1696)   Resolving deltas:  84% (1430/1696)   Resolving deltas:  85% (1443/1696)   Resolving deltas:  86% (1460/1696)   Resolving deltas:  87% (1478/1696)   Resolving deltas:  88% (1493/1696)   Resolving deltas:  89% (1511/1696)   Resolving deltas:  90% (1529/1696)   Resolving deltas:  91% (1545/1696)   Resolving deltas:  92% (1562/1696)   Resolving deltas:  93% (1579/1696)   Resolving deltas:  94% (1595/1696)   Resolving deltas:  95% (1614/1696)   Resolving deltas:  96% (1629/1696)   Resolving deltas:  97% (1646/1696)   Resolving deltas:  98% (1663/1696)   Resolving deltas:  99% (1680/1696)   Resolving deltas: 100% (1696/1696)   Resolving deltas: 100% (1696/1696), done.
Checking connectivity... done.

travis_time:end:143cebc7:start=1501189691481390820,finish=1501189693589740823,duration=2108350003[0K$ cd checkstyle/checkstyle
travis_time:start:042db8dc[0K$ git fetch origin +refs/pull/4804/merge:
remote: Counting objects: 46, done.[K
remote: Compressing objects:   9% (1/11)   [Kremote: Compressing objects:  18% (2/11)   [Kremote: Compressing objects:  27% (3/11)   [Kremote: Compressing objects:  36% (4/11)   [Kremote: Compressing objects:  45% (5/11)   [Kremote: Compressing objects:  54% (6/11)   [Kremote: Compressing objects:  63% (7/11)   [Kremote: Compressing objects:  72% (8/11)   [Kremote: Compressing objects:  81% (9/11)   [Kremote: Compressing objects:  90% (10/11)   [Kremote: Compressing objects: 100% (11/11)   [Kremote: Compressing objects: 100% (11/11), done.[K
remote: Total 46 (delta 28), reused 41 (delta 27), pack-reused 0[K
Unpacking objects:   2% (1/46)   Unpacking objects:   4% (2/46)   Unpacking objects:   6% (3/46)   Unpacking objects:   8% (4/46)   Unpacking objects:  10% (5/46)   Unpacking objects:  13% (6/46)   Unpacking objects:  15% (7/46)   Unpacking objects:  17% (8/46)   Unpacking objects:  19% (9/46)   Unpacking objects:  21% (10/46)   Unpacking objects:  23% (11/46)   Unpacking objects:  26% (12/46)   Unpacking objects:  28% (13/46)   Unpacking objects:  30% (14/46)   Unpacking objects:  32% (15/46)   Unpacking objects:  34% (16/46)   Unpacking objects:  36% (17/46)   Unpacking objects:  39% (18/46)   Unpacking objects:  41% (19/46)   Unpacking objects:  43% (20/46)   Unpacking objects:  45% (21/46)   Unpacking objects:  47% (22/46)   Unpacking objects:  50% (23/46)   Unpacking objects:  52% (24/46)   Unpacking objects:  54% (25/46)   Unpacking objects:  56% (26/46)   Unpacking objects:  58% (27/46)   Unpacking objects:  60% (28/46)   Unpacking objects:  63% (29/46)   Unpacking objects:  65% (30/46)   Unpacking objects:  67% (31/46)   Unpacking objects:  69% (32/46)   Unpacking objects:  71% (33/46)   Unpacking objects:  73% (34/46)   Unpacking objects:  76% (35/46)   Unpacking objects:  78% (36/46)   Unpacking objects:  80% (37/46)   Unpacking objects:  82% (38/46)   Unpacking objects:  84% (39/46)   Unpacking objects:  86% (40/46)   Unpacking objects:  89% (41/46)   Unpacking objects:  91% (42/46)   Unpacking objects:  93% (43/46)   Unpacking objects:  95% (44/46)   Unpacking objects:  97% (45/46)   Unpacking objects: 100% (46/46)   Unpacking objects: 100% (46/46), done.
From https://github.com/checkstyle/checkstyle
 * branch            refs/pull/4804/merge -> FETCH_HEAD

travis_time:end:042db8dc:start=1501189693625646039,finish=1501189694277580179,duration=651934140[0K$ git checkout -qf FETCH_HEAD
travis_fold:end:git.checkout[0Ktravis_fold:start:apt[0K[33;1mInstalling APT Packages (BETA)[0m
$ export DEBIAN_FRONTEND=noninteractive
travis_time:start:00f745d4[0K$ sudo -E apt-get -yq update &>> ~/apt-get-update.log

travis_time:end:00f745d4:start=1501189694557654813,finish=1501189702277803343,duration=7720148530[0Ktravis_time:start:00af1f27[0K$ sudo -E apt-get -yq --no-install-suggests --no-install-recommends --force-yes install xsltproc xmlstarlet oracle-java8-installer
Reading package lists...
Building dependency tree...
Reading state information...
Suggested packages:
  binfmt-support visualvm ttf-baekmuk ttf-unfonts ttf-unfonts-core
  ttf-kochi-gothic ttf-sazanami-gothic ttf-kochi-mincho ttf-sazanami-mincho
  ttf-arphic-uming
Recommended packages:
  oracle-java8-set-default
The following NEW packages will be installed:
  xmlstarlet xsltproc
The following packages will be upgraded:
  oracle-java8-installer
1 upgraded, 2 newly installed, 0 to remove and 274 not upgraded.
Need to get 232 kB of archives.
After this operation, 494 kB of additional disk space will be used.
Get:1 http://us.archive.ubuntu.com/ubuntu/ precise/main xmlstarlet amd64 1.3.0-1 [184 kB]
Get:2 http://us.archive.ubuntu.com/ubuntu/ precise-updates/main xsltproc amd64 1.1.26-8ubuntu1.4 [15.1 kB]
Get:3 http://ppa.launchpad.net/webupd8team/java/ubuntu/ precise/main oracle-java8-installer all 8u131-1~webupd8~2 [32.8 kB]
Fetched 232 kB in 0s (764 kB/s)
Preconfiguring packages ...
(Reading database ... (Reading database ... 5%(Reading database ... 10%(Reading database ... 15%(Reading database ... 20%(Reading database ... 25%(Reading database ... 30%(Reading database ... 35%(Reading database ... 40%(Reading database ... 45%(Reading database ... 50%(Reading database ... 55%(Reading database ... 60%(Reading database ... 65%(Reading database ... 70%(Reading database ... 75%(Reading database ... 80%(Reading database ... 85%(Reading database ... 90%(Reading database ... 95%(Reading database ... 100%(Reading database ... 72026 files and directories currently installed.)
Preparing to replace oracle-java8-installer 8u31+8u33arm-1~webupd8~1 (using .../oracle-java8-installer_8u131-1~webupd8~2_all.deb) ...
oracle-license-v1-1 license has already been accepted
Unpacking replacement oracle-java8-installer ...
Selecting previously unselected package xmlstarlet.
Unpacking xmlstarlet (from .../xmlstarlet_1.3.0-1_amd64.deb) ...
Selecting previously unselected package xsltproc.
Unpacking xsltproc (from .../xsltproc_1.1.26-8ubuntu1.4_amd64.deb) ...
Processing triggers for shared-mime-info ...
Processing triggers for hicolor-icon-theme ...
Processing triggers for man-db ...
Setting up oracle-java8-installer (8u131-1~webupd8~2) ...
No /var/cache/oracle-jdk8-installer/wgetrc file found.
Creating /var/cache/oracle-jdk8-installer/wgetrc and
using default oracle-java8-installer wgetrc settings for it.
Downloading Oracle Java 8...
--2017-07-27 21:08:33--  http://download.oracle.com/otn-pub/java/jdk/8u131-b11/d54c1d3a095b4ff2b6607d096fa80163/jdk-8u131-linux-x64.tar.gz
Resolving download.oracle.com (download.oracle.com)... 23.215.130.99, 23.215.130.114
Connecting to download.oracle.com (download.oracle.com)|23.215.130.99|:80... connected.
HTTP request sent, awaiting response... 302 Moved Temporarily
Location: https://edelivery.oracle.com/otn-pub/java/jdk/8u131-b11/d54c1d3a095b4ff2b6607d096fa80163/jdk-8u131-linux-x64.tar.gz [following]
--2017-07-27 21:08:33--  https://edelivery.oracle.com/otn-pub/java/jdk/8u131-b11/d54c1d3a095b4ff2b6607d096fa80163/jdk-8u131-linux-x64.tar.gz
Resolving edelivery.oracle.com (edelivery.oracle.com)... 104.96.237.225, 2600:1408:20:398::2d3e, 2600:1408:20:38b::2d3e
Connecting to edelivery.oracle.com (edelivery.oracle.com)|104.96.237.225|:443... connected.
HTTP request sent, awaiting response... 302 Moved Temporarily
Location: http://download.oracle.com/otn-pub/java/jdk/8u131-b11/d54c1d3a095b4ff2b6607d096fa80163/jdk-8u131-linux-x64.tar.gz?AuthParam=1501189832_2023dabd3cca070643c6793b63424b54 [following]
--2017-07-27 21:08:33--  http://download.oracle.com/otn-pub/java/jdk/8u131-b11/d54c1d3a095b4ff2b6607d096fa80163/jdk-8u131-linux-x64.tar.gz?AuthParam=1501189832_2023dabd3cca070643c6793b63424b54
Connecting to download.oracle.com (download.oracle.com)|23.215.130.99|:80... connected.
HTTP request sent, awaiting response... 200 OK
Length: 185540433 (177M) [application/x-gzip]
Saving to: `jdk-8u131-linux-x64.tar.gz'

     0K ........ ........ ........ ........ ........ ........  1% 52.9M 3s
  3072K ........ ........ ........ ........ ........ ........  3% 73.6M 3s
  6144K ........ ........ ........ ........ ........ ........  5%  158M 2s
  9216K ........ ........ ........ ........ ........ ........  6%  184M 2s
 12288K ........ ........ ........ ........ ........ ........  8%  130M 2s
 15360K ........ ........ ........ ........ ........ ........ 10%  121M 2s
 18432K ........ ........ ........ ........ ........ ........ 11%  122M 2s
 21504K ........ ........ ........ ........ ........ ........ 13%  120M 1s
 24576K ........ ........ ........ ........ ........ ........ 15%  120M 1s
 27648K ........ ........ ........ ........ ........ ........ 16%  118M 1s
 30720K ........ ........ ........ ........ ........ ........ 18%  112M 1s
 33792K ........ ........ ........ ........ ........ ........ 20%  102M 1s
 36864K ........ ........ ........ ........ ........ ........ 22%  128M 1s
 39936K ........ ........ ........ ........ ........ ........ 23%  115M 1s
 43008K ........ ........ ........ ........ ........ ........ 25%  129M 1s
 46080K ........ ........ ........ ........ ........ ........ 27%  113M 1s
 49152K ........ ........ ........ ........ ........ ........ 28%  122M 1s
 52224K ........ ........ ........ ........ ........ ........ 30%  124M 1s
 55296K ........ ........ ........ ........ ........ ........ 32%  109M 1s
 58368K ........ ........ ........ ........ ........ ........ 33%  130M 1s
 61440K ........ ........ ........ ........ ........ ........ 35% 4.55M 2s
 64512K ........ ........ ........ ........ ........ ........ 37% 47.2M 2s
 67584K ........ ........ ........ ........ ........ ........ 38% 4.00M 3s
 70656K ........ ........ ........ ........ ........ ........ 40% 9.13M 3s
 73728K ........ ........ ........ ........ ........ ........ 42%  121M 3s
 76800K ........ ........ ........ ........ ........ ........ 44% 38.9M 3s
 79872K ........ ........ ........ ........ ........ ........ 45%  117M 3s
 82944K ........ ........ ........ ........ ........ ........ 47% 17.2M 3s
 86016K ........ ........ ........ ........ ........ ........ 49% 25.7M 3s
 89088K ........ ........ ........ ........ ........ ........ 50% 35.0M 3s
 92160K ........ ........ ........ ........ ........ ........ 52%  107M 3s
 95232K ........ ........ ........ ........ ........ ........ 54%  117M 2s
 98304K ........ ........ ........ ........ ........ ........ 55% 34.6M 2s
101376K ........ ........ ........ ........ ........ ........ 57% 55.9M 2s
104448K ........ ........ ........ ........ ........ ........ 59% 10.6M 2s
107520K ........ ........ ........ ........ ........ ........ 61%  122M 2s
110592K ........ ........ ........ ........ ........ ........ 62% 30.3M 2s
113664K ........ ........ ........ ........ ........ ........ 64% 55.8M 2s
116736K ........ ........ ........ ........ ........ ........ 66% 4.20M 2s
119808K ........ ........ ........ ........ ........ ........ 67%  113M 2s
122880K ........ ........ ........ ........ ........ ........ 69% 10.9M 2s
125952K ........ ........ ........ ........ ........ ........ 71% 6.80M 2s
129024K ........ ........ ........ ........ ........ ........ 72% 74.6M 2s
132096K ........ ........ ........ ........ ........ ........ 74%  110M 2s
135168K ........ ........ ........ ........ ........ ........ 76% 24.8M 2s
138240K ........ ........ ........ ........ ........ ........ 77% 19.0M 1s
141312K ........ ........ ........ ........ ........ ........ 79% 45.2M 1s
144384K ........ ........ ........ ........ ........ ........ 81% 17.9M 1s
147456K ........ ........ ........ ........ ........ ........ 83% 73.9M 1s
150528K ........ ........ ........ ........ ........ ........ 84% 67.3M 1s
153600K ........ ........ ........ ........ ........ ........ 86% 68.6M 1s
156672K ........ ........ ........ ........ ........ ........ 88% 38.0M 1s
159744K ........ ........ ........ ........ ........ ........ 89% 23.9M 1s
162816K ........ ........ ........ ........ ........ ........ 91% 66.9M 1s
165888K ........ ........ ........ ........ ........ ........ 93% 68.3M 0s
168960K ........ ........ ........ ........ ........ ........ 94% 74.5M 0s
172032K ........ ........ ........ ........ ........ ........ 96% 77.0M 0s
175104K ........ ........ ........ ........ ........ ........ 98% 14.4M 0s
178176K ........ ........ ........ ........ ........ ....... 100% 58.2M=6.3s

2017-07-27 21:08:40 (28.1 MB/s) - `jdk-8u131-linux-x64.tar.gz' saved [185540433/185540433]

Download done.
Removing outdated cached downloads...
Oracle JRE 8 browser plugin installed
Oracle JDK 8 installed

#####Important########
To set Oracle JDK8 as default, install the "oracle-java8-set-default" package.
E.g.: sudo apt install oracle-java8-set-default
On Ubuntu systems, oracle-java8-set-default is most probably installed
automatically with this package.
######################

Setting up xmlstarlet (1.3.0-1) ...
Setting up xsltproc (1.1.26-8ubuntu1.4) ...

travis_time:end:00af1f27:start=1501189702297917161,finish=1501189729585802479,duration=27287885318[0Ktravis_fold:end:apt[0K
[33;1mEncrypted environment variables have been removed for security reasons.[0m
[33;1mSee https://docs.travis-ci.com/user/pull-requests/#Pull-Requests-and-Security-Restrictions[0m

[33;1mSetting environment variables from repository settings[0m
$ export READ_ONLY_TOKEN=9ffd28faf1c5d120b63be99b2d585156816e3789

[33;1mSetting environment variables from .travis.yml[0m
$ export DESC="tests es"
$ export CMD="mvn clean integration-test failsafe:verify -DargLine='-Duser.language=es -Duser.country=ES -Xms1024m -Xmx2048m'"

travis_fold:start:cache.1[0KSetting up build cache
$ export CASHER_DIR=$HOME/.casher
travis_time:start:388a14fd[0K$ Installing caching utilities

travis_time:end:388a14fd:start=1501189737101902392,finish=1501189737349766547,duration=247864155[0Ktravis_time:start:08d76746[0K
travis_time:end:08d76746:start=1501189737369915118,finish=1501189737387940383,duration=18025265[0Ktravis_time:start:00199a96[0K[32;1mattempting to download cache archive[0m
[32;1mfetching PR.4804/cache-linux-precise-07df08cfe9905ccd6f31e8d1f619027f33b8574c33e2000f204fbbdc6aa48d93--jdk-oraclejdk8.tgz[0m
[32;1mfound cache[0m

travis_time:end:00199a96:start=1501189737417844120,finish=1501189740597682398,duration=3179838278[0Ktravis_time:start:01915c02[0K
travis_time:end:01915c02:start=1501189740625737020,finish=1501189740649955145,duration=24218125[0Ktravis_time:start:0d3d2641[0K[32;1madding /home/travis/.m2 to cache[0m

travis_time:end:0d3d2641:start=1501189740673786495,finish=1501189744343766388,duration=3669979893[0Ktravis_fold:end:cache.1[0K$ java -Xmx32m -version
java version "1.8.0_131"
Java(TM) SE Runtime Environment (build 1.8.0_131-b11)
Java HotSpot(TM) 64-Bit Server VM (build 25.131-b11, mixed mode)
$ javac -J-Xmx32m -version
javac 1.8.0_131
travis_fold:start:install[0Ktravis_time:start:1bf56be0[0K$ if [ "${TRAVIS_OS_NAME}" == "osx" ]; then
    # https://github.com/travis-ci/travis-ci/issues/6307#issuecomment-233315824
    rvm get head
  fi
  

travis_time:end:1bf56be0:start=1501189745141354836,finish=1501189745159372195,duration=18017359[0Ktravis_fold:end:install[0Ktravis_time:start:1fda8760[0K$ SKIP_FILES=".github|appveyor.yml|circle.yml|distelli-manifest.yml|fast-forward-merge.sh|LICENSE|LICENSE.apache20|README.md|release.sh|RIGHTS.antlr|shippable.yml|wercker.yml|intellij-idea-inspections.xml"

travis_time:end:1fda8760:start=1501189745189820685,finish=1501189745207840190,duration=18019505[0K
[32;1mThe command "SKIP_FILES=".github|appveyor.yml|circle.yml|distelli-manifest.yml|fast-forward-merge.sh|LICENSE|LICENSE.apache20|README.md|release.sh|RIGHTS.antlr|shippable.yml|wercker.yml|intellij-idea-inspections.xml"" exited with 0.[0m
travis_time:start:0430ec39[0K$ SKIP_CI=$(if [[ $(git diff --name-only HEAD HEAD~1 | grep -vE "$SKIP_FILES" | cat | wc -c | sed 's/^ *//' ) > 0 ]]; then echo false; else echo true; fi;)

travis_time:end:0430ec39:start=1501189745229977554,finish=1501189745264615357,duration=34637803[0K
[32;1mThe command "SKIP_CI=$(if [[ $(git diff --name-only HEAD HEAD~1 | grep -vE "$SKIP_FILES" | cat | wc -c | sed 's/^ *//' ) > 0 ]]; then echo false; else echo true; fi;)" exited with 0.[0m
travis_time:start:09fa1a0f[0K$ echo "SKIP_CI="$SKIP_CI
SKIP_CI=false

travis_time:end:09fa1a0f:start=1501189745284329339,finish=1501189745309869411,duration=25540072[0K
[32;1mThe command "echo "SKIP_CI="$SKIP_CI" exited with 0.[0m
travis_time:start:20e59622[0K$ set -e
if [[ $SKIP_CI == 'false' ]];
then
     eval $CMD;
     echo "eval of CMD is completed"
fi

Java HotSpot(TM) 64-Bit Server VM warning: ignoring option MaxPermSize=192m; support was removed in 8.0
[INFO] Scanning for projects...
[INFO] Inspecting build with total of 1 modules...
[INFO] Installing Nexus Staging features:
[INFO]   ... total of 1 executions of maven-deploy-plugin replaced with nexus-staging-maven-plugin
[INFO]                                                                         
[INFO] ------------------------------------------------------------------------
[INFO] Building checkstyle 8.2-SNAPSHOT
[INFO] ------------------------------------------------------------------------
Downloading: https://repository.apache.org/snapshots/junit/junit-dep/maven-metadata.xml
Downloading: http://repo.maven.apache.org/maven2/junit/junit-dep/maven-metadata.xml
Downloading: https://repository.apache.org/releases/junit/junit-dep/maven-metadata.xml
Downloading: https://oss.sonatype.org/content/repositories/releases/junit/junit-dep/maven-metadata.xml
563/563 B               Downloaded: http://repo.maven.apache.org/maven2/junit/junit-dep/maven-metadata.xml (563 B at 0.6 KB/sec)
Downloading: https://oss.sonatype.org/content/repositories/snapshots/junit/junit-dep/maven-metadata.xml
                        563/563 B                           Downloaded: https://oss.sonatype.org/content/repositories/releases/junit/junit-dep/maven-metadata.xml (563 B at 0.2 KB/sec)
[INFO] 
[INFO] --- maven-clean-plugin:3.0.0:clean (default-clean) @ checkstyle ---
[INFO] 
[INFO] --- maven-enforcer-plugin:1.4.1:enforce (enforce-maven) @ checkstyle ---
[INFO] 
[INFO] --- maven-enforcer-plugin:1.4.1:enforce (enforce-versions) @ checkstyle ---
[INFO] 
[INFO] --- antlr-maven-plugin:2.2:generate (default) @ checkstyle ---
[INFO] performing grammar generation [java.g]
ANTLR Parser Generator   Version 2.7.7 (20060906)   1989-2005
/home/travis/build/checkstyle/checkstyle/src/main/resources/com/puppycrawl/tools/checkstyle/grammars/java.g:633:9: warning:nondeterminism between alts 1 and 2 of block upon
/home/travis/build/checkstyle/checkstyle/src/main/resources/com/puppycrawl/tools/checkstyle/grammars/java.g:633:9:     k==1:AT
/home/travis/build/checkstyle/checkstyle/src/main/resources/com/puppycrawl/tools/checkstyle/grammars/java.g:633:9:     k==2:IDENT
/home/travis/build/checkstyle/checkstyle/src/main/resources/com/puppycrawl/tools/checkstyle/grammars/java.g:780:16: warning:nondeterminism between alts 1 and 2 of block upon
/home/travis/build/checkstyle/checkstyle/src/main/resources/com/puppycrawl/tools/checkstyle/grammars/java.g:780:16:     k==1:AT
/home/travis/build/checkstyle/checkstyle/src/main/resources/com/puppycrawl/tools/checkstyle/grammars/java.g:780:16:     k==2:IDENT
/home/travis/build/checkstyle/checkstyle/src/main/resources/com/puppycrawl/tools/checkstyle/grammars/java.g:816:61: warning:nondeterminism between alts 1 and 2 of block upon
/home/travis/build/checkstyle/checkstyle/src/main/resources/com/puppycrawl/tools/checkstyle/grammars/java.g:816:61:     k==1:SEMI
/home/travis/build/checkstyle/checkstyle/src/main/resources/com/puppycrawl/tools/checkstyle/grammars/java.g:816:61:     k==2:"final","abstract","strictfp",SEMI,"void","boolean","byte","char","short","int","float","long","double",IDENT,"private","public","protected","static","transient","native","synchronized","volatile","class","interface",LCURLY,RCURLY,"default",LT,ENUM,AT
/home/travis/build/checkstyle/checkstyle/src/main/resources/com/puppycrawl/tools/checkstyle/grammars/java.g:705:9: warning:nondeterminism between alts 1 and 2 of block upon
/home/travis/build/checkstyle/checkstyle/src/main/resources/com/puppycrawl/tools/checkstyle/grammars/java.g:705:9:     k==1:AT
/home/travis/build/checkstyle/checkstyle/src/main/resources/com/puppycrawl/tools/checkstyle/grammars/java.g:705:9:     k==2:IDENT
/home/travis/build/checkstyle/checkstyle/src/main/resources/com/puppycrawl/tools/checkstyle/grammars/java.g:961: warning:Syntactic predicate superfluous for single alternative
/home/travis/build/checkstyle/checkstyle/src/main/resources/com/puppycrawl/tools/checkstyle/grammars/java.g:987:31: warning:nondeterminism between alts 1 and 2 of block upon
/home/travis/build/checkstyle/checkstyle/src/main/resources/com/puppycrawl/tools/checkstyle/grammars/java.g:987:31:     k==1:IDENT
/home/travis/build/checkstyle/checkstyle/src/main/resources/com/puppycrawl/tools/checkstyle/grammars/java.g:987:31:     k==2:LBRACK,DOT
/home/travis/build/checkstyle/checkstyle/src/main/resources/com/puppycrawl/tools/checkstyle/grammars/java.g:1048:84: warning:nondeterminism between alts 1 and 2 of block upon
/home/travis/build/checkstyle/checkstyle/src/main/resources/com/puppycrawl/tools/checkstyle/grammars/java.g:1048:84:     k==1:SEMI
/home/travis/build/checkstyle/checkstyle/src/main/resources/com/puppycrawl/tools/checkstyle/grammars/java.g:1048:84:     k==2:"final","abstract","strictfp",SEMI,"void","boolean","byte","char","short","int","float","long","double",IDENT,STAR,"private","public","protected","static","transient","native","synchronized","volatile","class",LCURLY,RCURLY,LPAREN,RPAREN,"this","super",COLON,"if","while","do","break","continue","return","switch","throw","for","else","case","default","try",LT,GT,LE,GE,"instanceof",SL,SR,BSR,PLUS,MINUS,DIV,MOD,INC,DEC,BNOT,LNOT,"true","false","null","new",NUM_INT,CHAR_LITERAL,STRING_LITERAL,NUM_FLOAT,NUM_LONG,NUM_DOUBLE,ASSERT,AT
/home/travis/build/checkstyle/checkstyle/src/main/resources/com/puppycrawl/tools/checkstyle/grammars/java.g:1148:9: warning:nondeterminism between alts 1 and 2 of block upon
/home/travis/build/checkstyle/checkstyle/src/main/resources/com/puppycrawl/tools/checkstyle/grammars/java.g:1148:9:     k==1:"default"
/home/travis/build/checkstyle/checkstyle/src/main/resources/com/puppycrawl/tools/checkstyle/grammars/java.g:1148:9:     k==2:"final","abstract","strictfp",SEMI,"void","boolean","byte","char","short","int","float","long","double",IDENT,STAR,"private","public","protected","static","transient","native","synchronized","volatile","class",LCURLY,RCURLY,LPAREN,RPAREN,"this","super",COLON,"if","while","do","break","continue","return","switch","throw","for","case","default","try",LT,GT,LE,GE,"instanceof",SL,SR,BSR,PLUS,MINUS,DIV,MOD,INC,DEC,BNOT,LNOT,"true","false","null","new",NUM_INT,CHAR_LITERAL,STRING_LITERAL,NUM_FLOAT,NUM_LONG,NUM_DOUBLE,ASSERT,AT
/home/travis/build/checkstyle/checkstyle/src/main/resources/com/puppycrawl/tools/checkstyle/grammars/java.g:1356:26: warning:nondeterminism between alts 1 and 2 of block upon
/home/travis/build/checkstyle/checkstyle/src/main/resources/com/puppycrawl/tools/checkstyle/grammars/java.g:1356:26:     k==1:"instanceof"
/home/travis/build/checkstyle/checkstyle/src/main/resources/com/puppycrawl/tools/checkstyle/grammars/java.g:1356:26:     k==2:"void","boolean","byte","char","short","int","float","long","double",IDENT,AT
/home/travis/build/checkstyle/checkstyle/src/main/resources/com/puppycrawl/tools/checkstyle/grammars/java.g:1371: warning:nondeterminism upon
/home/travis/build/checkstyle/checkstyle/src/main/resources/com/puppycrawl/tools/checkstyle/grammars/java.g:1371:     k==1:SL,SR,BSR
/home/travis/build/checkstyle/checkstyle/src/main/resources/com/puppycrawl/tools/checkstyle/grammars/java.g:1371:     k==2:"void","boolean","byte","char","short","int","float","long","double",IDENT,LPAREN,"this","super",PLUS,MINUS,INC,DEC,BNOT,LNOT,"true","false","null","new",NUM_INT,CHAR_LITERAL,STRING_LITERAL,NUM_FLOAT,NUM_LONG,NUM_DOUBLE,AT
/home/travis/build/checkstyle/checkstyle/src/main/resources/com/puppycrawl/tools/checkstyle/grammars/java.g:1371:     between alt 1 and exit branch of block
/home/travis/build/checkstyle/checkstyle/src/main/resources/com/puppycrawl/tools/checkstyle/grammars/java.g:1384: warning:nondeterminism upon
/home/travis/build/checkstyle/checkstyle/src/main/resources/com/puppycrawl/tools/checkstyle/grammars/java.g:1384:     k==1:STAR,DIV,MOD
/home/travis/build/checkstyle/checkstyle/src/main/resources/com/puppycrawl/tools/checkstyle/grammars/java.g:1384:     k==2:"void","boolean","byte","char","short","int","float","long","double",IDENT,LPAREN,"this","super",PLUS,MINUS,INC,DEC,BNOT,LNOT,"true","false","null","new",NUM_INT,CHAR_LITERAL,STRING_LITERAL,NUM_FLOAT,NUM_LONG,NUM_DOUBLE,AT
/home/travis/build/checkstyle/checkstyle/src/main/resources/com/puppycrawl/tools/checkstyle/grammars/java.g:1384:     between alt 1 and exit branch of block
/home/travis/build/checkstyle/checkstyle/src/main/resources/com/puppycrawl/tools/checkstyle/grammars/java.g:1482:9: warning:nondeterminism between alts 1 and 3 of block upon
/home/travis/build/checkstyle/checkstyle/src/main/resources/com/puppycrawl/tools/checkstyle/grammars/java.g:1482:9:     k==1:INC
/home/travis/build/checkstyle/checkstyle/src/main/resources/com/puppycrawl/tools/checkstyle/grammars/java.g:1482:9:     k==2:"final","abstract","strictfp",SEMI,RBRACK,"void","boolean","byte","char","short","int","float","long","double",IDENT,STAR,"private","public","protected","static","transient","native","synchronized","volatile","class","interface",LCURLY,RCURLY,COMMA,LPAREN,RPAREN,"this","super",ASSIGN,COLON,"if","while","do","break","continue","return","switch","throw","for","else","case","default","try",PLUS_ASSIGN,MINUS_ASSIGN,STAR_ASSIGN,DIV_ASSIGN,MOD_ASSIGN,SR_ASSIGN,BSR_ASSIGN,SL_ASSIGN,BAND_ASSIGN,BXOR_ASSIGN,BOR_ASSIGN,QUESTION,LOR,LAND,BOR,BXOR,BAND,NOT_EQUAL,EQUAL,LT,GT,LE,GE,"instanceof",SL,SR,BSR,PLUS,MINUS,DIV,MOD,INC,DEC,BNOT,LNOT,"true","false","null","new",NUM_INT,CHAR_LITERAL,STRING_LITERAL,NUM_FLOAT,NUM_LONG,NUM_DOUBLE,ASSERT,ENUM,AT
/home/travis/build/checkstyle/checkstyle/src/main/resources/com/puppycrawl/tools/checkstyle/grammars/java.g:1482:9: warning:nondeterminism between alts 2 and 3 of block upon
/home/travis/build/checkstyle/checkstyle/src/main/resources/com/puppycrawl/tools/checkstyle/grammars/java.g:1482:9:     k==1:DEC
/home/travis/build/checkstyle/checkstyle/src/main/resources/com/puppycrawl/tools/checkstyle/grammars/java.g:1482:9:     k==2:"final","abstract","strictfp",SEMI,RBRACK,"void","boolean","byte","char","short","int","float","long","double",IDENT,STAR,"private","public","protected","static","transient","native","synchronized","volatile","class","interface",LCURLY,RCURLY,COMMA,LPAREN,RPAREN,"this","super",ASSIGN,COLON,"if","while","do","break","continue","return","switch","throw","for","else","case","default","try",PLUS_ASSIGN,MINUS_ASSIGN,STAR_ASSIGN,DIV_ASSIGN,MOD_ASSIGN,SR_ASSIGN,BSR_ASSIGN,SL_ASSIGN,BAND_ASSIGN,BXOR_ASSIGN,BOR_ASSIGN,QUESTION,LOR,LAND,BOR,BXOR,BAND,NOT_EQUAL,EQUAL,LT,GT,LE,GE,"instanceof",SL,SR,BSR,PLUS,MINUS,DIV,MOD,INC,DEC,BNOT,LNOT,"true","false","null","new",NUM_INT,CHAR_LITERAL,STRING_LITERAL,NUM_FLOAT,NUM_LONG,NUM_DOUBLE,ASSERT,ENUM,AT
/home/travis/build/checkstyle/checkstyle/src/main/resources/com/puppycrawl/tools/checkstyle/grammars/java.g:1562:36: warning:nondeterminism between alts 1 and 2 of block upon
/home/travis/build/checkstyle/checkstyle/src/main/resources/com/puppycrawl/tools/checkstyle/grammars/java.g:1562:36:     k==1:LCURLY
/home/travis/build/checkstyle/checkstyle/src/main/resources/com/puppycrawl/tools/checkstyle/grammars/java.g:1562:36:     k==2:"final","abstract","strictfp",SEMI,"void","boolean","byte","char","short","int","float","long","double",IDENT,"private","public","protected","static","transient","native","synchronized","volatile","class","interface",LCURLY,RCURLY,"default",LT,ENUM,AT
/home/travis/build/checkstyle/checkstyle/src/main/resources/com/puppycrawl/tools/checkstyle/grammars/java.g:1572:33: warning:nondeterminism between alts 1 and 2 of block upon
/home/travis/build/checkstyle/checkstyle/src/main/resources/com/puppycrawl/tools/checkstyle/grammars/java.g:1572:33:     k==1:LCURLY
/home/travis/build/checkstyle/checkstyle/src/main/resources/com/puppycrawl/tools/checkstyle/grammars/java.g:1572:33:     k==2:"void","boolean","byte","char","short","int","float","long","double",IDENT,LCURLY,RCURLY,COMMA,LPAREN,"this","super",PLUS,MINUS,INC,DEC,BNOT,LNOT,"true","false","null","new",NUM_INT,CHAR_LITERAL,STRING_LITERAL,NUM_FLOAT,NUM_LONG,NUM_DOUBLE,AT
/home/travis/build/checkstyle/checkstyle/src/main/resources/com/puppycrawl/tools/checkstyle/grammars/java.g:1615:17: warning:nondeterminism between alts 1 and 2 of block upon
/home/travis/build/checkstyle/checkstyle/src/main/resources/com/puppycrawl/tools/checkstyle/grammars/java.g:1615:17:     k==1:RPAREN
/home/travis/build/checkstyle/checkstyle/src/main/resources/com/puppycrawl/tools/checkstyle/grammars/java.g:1615:17:     k==2:LAMBDA

[INFO] 
[INFO] --- antlr4-maven-plugin:4.7:antlr4 (default) @ checkstyle ---
[INFO] ANTLR 4: Processing source directory /home/travis/build/checkstyle/checkstyle/src/main/resources
[INFO] Processing grammar: com/puppycrawl/tools/checkstyle/grammars/javadoc/JavadocLexer.g4
[INFO] Processing grammar: com/puppycrawl/tools/checkstyle/grammars/javadoc/JavadocParser.g4
[INFO] 
[INFO] --- build-helper-maven-plugin:3.0.0:add-source (add-source) @ checkstyle ---
[INFO] Source directory: /home/travis/build/checkstyle/checkstyle/target/generated-sources/antlr added.
[INFO] 
[INFO] --- maven-resources-plugin:3.0.2:resources (default-resources) @ checkstyle ---
[INFO] Using 'UTF-8' encoding to copy filtered resources.
[INFO] Copying 164 resources
[INFO] Copying 1 resource
[INFO] 
[INFO] --- build-helper-maven-plugin:3.0.0:add-test-source (add-test-source) @ checkstyle ---
[INFO] Test Source directory: /home/travis/build/checkstyle/checkstyle/src/test/resources added.
[INFO] 
[INFO] --- build-helper-maven-plugin:3.0.0:add-test-source (add-it-test-source) @ checkstyle ---
[INFO] Test Source directory: /home/travis/build/checkstyle/checkstyle/src/it/java added.
[INFO] 
[INFO] --- build-helper-maven-plugin:3.0.0:add-test-source (add-it-test-resource) @ checkstyle ---
[INFO] Test Source directory: /home/travis/build/checkstyle/checkstyle/src/it/resources added.
[INFO] 
[INFO] --- maven-compiler-plugin:3.6.1:compile (default-compile) @ checkstyle ---
[INFO] Changes detected - recompiling the module!
[INFO] Compiling 349 source files to /home/travis/build/checkstyle/checkstyle/target/classes
[INFO] /home/travis/build/checkstyle/checkstyle/src/main/java/com/puppycrawl/tools/checkstyle/JavadocDetailNodeParser.java: Some input files use or override a deprecated API.
[INFO] /home/travis/build/checkstyle/checkstyle/src/main/java/com/puppycrawl/tools/checkstyle/JavadocDetailNodeParser.java: Recompile with -Xlint:deprecation for details.
[INFO] /home/travis/build/checkstyle/checkstyle/src/main/java/com/puppycrawl/tools/checkstyle/api/AutomaticBean.java: Some input files use unchecked or unsafe operations.
[INFO] /home/travis/build/checkstyle/checkstyle/src/main/java/com/puppycrawl/tools/checkstyle/api/AutomaticBean.java: Recompile with -Xlint:unchecked for details.
[INFO] 
[INFO] --- maven-antrun-plugin:1.8:run (ant-phase-compile) @ checkstyle ---
[INFO] Executing tasks

main:

execute:
[propertyfile] Creating new property file: /home/travis/build/checkstyle/checkstyle/target/classes/checkstylecompilation.properties
  [javadoc] Generating Javadoc
  [javadoc] Javadoc execution
  [javadoc] Loading source file /home/travis/build/checkstyle/checkstyle/src/main/java/com/puppycrawl/tools/checkstyle/api/TokenTypes.java...
  [javadoc] Constructing Javadoc information...
[INFO] Executed tasks
[INFO] 
[INFO] --- maven-resources-plugin:3.0.2:testResources (default-testResources) @ checkstyle ---
[INFO] Using 'UTF-8' encoding to copy filtered resources.
[INFO] Copying 979 resources
[INFO] 
[INFO] --- maven-compiler-plugin:3.6.1:testCompile (default-testCompile) @ checkstyle ---
[INFO] Changes detected - recompiling the module!
[INFO] Compiling 1224 source files to /home/travis/build/checkstyle/checkstyle/target/test-classes
[WARNING] /home/travis/build/checkstyle/checkstyle/src/test/java/com/puppycrawl/tools/checkstyle/api/AbstractLoaderTest.java:[36,47] com.sun.org.apache.xerces.internal.impl.Constants is internal proprietary API and may be removed in a future release
[WARNING] /home/travis/build/checkstyle/checkstyle/src/test/java/com/puppycrawl/tools/checkstyle/api/AbstractLoaderTest.java:[41,13] com.sun.org.apache.xerces.internal.impl.Constants is internal proprietary API and may be removed in a future release
[WARNING] /home/travis/build/checkstyle/checkstyle/src/test/java/com/puppycrawl/tools/checkstyle/api/AbstractLoaderTest.java:[41,44] com.sun.org.apache.xerces.internal.impl.Constants is internal proprietary API and may be removed in a future release
[INFO] /home/travis/build/checkstyle/checkstyle/src/test/java/com/puppycrawl/tools/checkstyle/checks/javadoc/AbstractTypeAwareCheckTest.java: Some input files use or override a deprecated API.
[INFO] /home/travis/build/checkstyle/checkstyle/src/test/java/com/puppycrawl/tools/checkstyle/checks/javadoc/AbstractTypeAwareCheckTest.java: Recompile with -Xlint:deprecation for details.
[INFO] /home/travis/build/checkstyle/checkstyle/src/test/resources/com/puppycrawl/tools/checkstyle/utils/checkutils/InputCheckUtilsTest.java: /home/travis/build/checkstyle/checkstyle/src/test/resources/com/puppycrawl/tools/checkstyle/utils/checkutils/InputCheckUtilsTest.java uses unchecked or unsafe operations.
[INFO] /home/travis/build/checkstyle/checkstyle/src/test/resources/com/puppycrawl/tools/checkstyle/utils/checkutils/InputCheckUtilsTest.java: Recompile with -Xlint:unchecked for details.
[INFO] 
[INFO] --- maven-surefire-plugin:2.20:test (default-test) @ checkstyle ---
[INFO] 
[INFO] -------------------------------------------------------
[INFO]  T E S T S
[INFO] -------------------------------------------------------
[INFO] Running com.puppycrawl.tools.checkstyle.ant.CheckstyleAntTaskTest
[INFO] Tests run: 40, Failures: 0, Errors: 0, Skipped: 0, Time elapsed: 11.832 s - in com.puppycrawl.tools.checkstyle.ant.CheckstyleAntTaskTest
[INFO] Running com.puppycrawl.tools.checkstyle.api.LineColumnTest
[INFO] Tests run: 5, Failures: 0, Errors: 0, Skipped: 0, Time elapsed: 0.778 s - in com.puppycrawl.tools.checkstyle.api.LineColumnTest
[INFO] Running com.puppycrawl.tools.checkstyle.api.TokenTypesTest
[INFO] Tests run: 2, Failures: 0, Errors: 0, Skipped: 0, Time elapsed: 0.014 s - in com.puppycrawl.tools.checkstyle.api.TokenTypesTest
[INFO] Running com.puppycrawl.tools.checkstyle.api.AbstractFileSetCheckTest
[INFO] Tests run: 4, Failures: 0, Errors: 0, Skipped: 0, Time elapsed: 0.022 s - in com.puppycrawl.tools.checkstyle.api.AbstractFileSetCheckTest
[INFO] Running com.puppycrawl.tools.checkstyle.api.AbstractCheckTest
[INFO] Tests run: 8, Failures: 0, Errors: 0, Skipped: 0, Time elapsed: 0.252 s - in com.puppycrawl.tools.checkstyle.api.AbstractCheckTest
[INFO] Running com.puppycrawl.tools.checkstyle.api.DetailASTTest
[INFO] Tests run: 8, Failures: 0, Errors: 0, Skipped: 0, Time elapsed: 11.104 s - in com.puppycrawl.tools.checkstyle.api.DetailASTTest
[INFO] Running com.puppycrawl.tools.checkstyle.api.AbstractViolationReporterTest
[INFO] Tests run: 6, Failures: 0, Errors: 0, Skipped: 0, Time elapsed: 0.007 s - in com.puppycrawl.tools.checkstyle.api.AbstractViolationReporterTest
[INFO] Running com.puppycrawl.tools.checkstyle.api.ScopeTest
[INFO] Tests run: 10, Failures: 0, Errors: 0, Skipped: 0, Time elapsed: 0.019 s - in com.puppycrawl.tools.checkstyle.api.ScopeTest
[INFO] Running com.puppycrawl.tools.checkstyle.api.LocalizedMessageTest
[INFO] Tests run: 13, Failures: 0, Errors: 0, Skipped: 0, Time elapsed: 1.01 s - in com.puppycrawl.tools.checkstyle.api.LocalizedMessageTest
[INFO] Running com.puppycrawl.tools.checkstyle.api.FileContentsTest
[INFO] Tests run: 11, Failures: 0, Errors: 0, Skipped: 0, Time elapsed: 0.051 s - in com.puppycrawl.tools.checkstyle.api.FileContentsTest
[INFO] Running com.puppycrawl.tools.checkstyle.api.JavadocTokenTypesTest
[INFO] Tests run: 1, Failures: 0, Errors: 0, Skipped: 0, Time elapsed: 0.015 s - in com.puppycrawl.tools.checkstyle.api.JavadocTokenTypesTest
[INFO] Running com.puppycrawl.tools.checkstyle.api.FullIdentTest
[INFO] Tests run: 3, Failures: 0, Errors: 0, Skipped: 0, Time elapsed: 0.001 s - in com.puppycrawl.tools.checkstyle.api.FullIdentTest
[INFO] Running com.puppycrawl.tools.checkstyle.api.AutomaticBeanTest
[INFO] Tests run: 8, Failures: 0, Errors: 0, Skipped: 0, Time elapsed: 0.082 s - in com.puppycrawl.tools.checkstyle.api.AutomaticBeanTest
[INFO] Running com.puppycrawl.tools.checkstyle.api.SeverityLevelTest
[INFO] Tests run: 4, Failures: 0, Errors: 0, Skipped: 0, Time elapsed: 0.024 s - in com.puppycrawl.tools.checkstyle.api.SeverityLevelTest
[INFO] Running com.puppycrawl.tools.checkstyle.api.AbstractLoaderTest
[INFO] Tests run: 2, Failures: 0, Errors: 0, Skipped: 0, Time elapsed: 0.021 s - in com.puppycrawl.tools.checkstyle.api.AbstractLoaderTest
[INFO] Running com.puppycrawl.tools.checkstyle.api.SeverityLevelCounterTest
[INFO] Tests run: 3, Failures: 0, Errors: 0, Skipped: 0, Time elapsed: 0.012 s - in com.puppycrawl.tools.checkstyle.api.SeverityLevelCounterTest
[INFO] Running com.puppycrawl.tools.checkstyle.api.FileTextTest
[INFO] Tests run: 5, Failures: 0, Errors: 0, Skipped: 0, Time elapsed: 0.538 s - in com.puppycrawl.tools.checkstyle.api.FileTextTest
[INFO] Running com.puppycrawl.tools.checkstyle.checks.annotation.SuppressWarningsCheckTest
[INFO] Tests run: 24, Failures: 0, Errors: 0, Skipped: 0, Time elapsed: 0.873 s - in com.puppycrawl.tools.checkstyle.checks.annotation.SuppressWarningsCheckTest
[INFO] Running com.puppycrawl.tools.checkstyle.checks.annotation.AnnotationLocationCheckTest
[INFO] Tests run: 9, Failures: 0, Errors: 0, Skipped: 0, Time elapsed: 0.159 s - in com.puppycrawl.tools.checkstyle.checks.annotation.AnnotationLocationCheckTest
[INFO] Running com.puppycrawl.tools.checkstyle.checks.annotation.MissingDeprecatedCheckTest
[INFO] Tests run: 8, Failures: 0, Errors: 0, Skipped: 0, Time elapsed: 0.118 s - in com.puppycrawl.tools.checkstyle.checks.annotation.MissingDeprecatedCheckTest
[INFO] Running com.puppycrawl.tools.checkstyle.checks.annotation.MissingOverrideCheckTest
[INFO] Tests run: 14, Failures: 0, Errors: 0, Skipped: 0, Time elapsed: 0.227 s - in com.puppycrawl.tools.checkstyle.checks.annotation.MissingOverrideCheckTest
[INFO] Running com.puppycrawl.tools.checkstyle.checks.annotation.PackageAnnotationCheckTest
[INFO] Tests run: 4, Failures: 0, Errors: 0, Skipped: 0, Time elapsed: 0.015 s - in com.puppycrawl.tools.checkstyle.checks.annotation.PackageAnnotationCheckTest
[INFO] Running com.puppycrawl.tools.checkstyle.checks.annotation.AnnotationUseStyleCheckTest
[INFO] Tests run: 17, Failures: 0, Errors: 0, Skipped: 0, Time elapsed: 0.348 s - in com.puppycrawl.tools.checkstyle.checks.annotation.AnnotationUseStyleCheckTest
[INFO] Running com.puppycrawl.tools.checkstyle.checks.blocks.LeftCurlyCheckTest
[INFO] Tests run: 21, Failures: 0, Errors: 0, Skipped: 0, Time elapsed: 0.492 s - in com.puppycrawl.tools.checkstyle.checks.blocks.LeftCurlyCheckTest
[INFO] Running com.puppycrawl.tools.checkstyle.checks.blocks.RightCurlyCheckTest
[INFO] Tests run: 24, Failures: 0, Errors: 0, Skipped: 0, Time elapsed: 0.44 s - in com.puppycrawl.tools.checkstyle.checks.blocks.RightCurlyCheckTest
[INFO] Running com.puppycrawl.tools.checkstyle.checks.blocks.EmptyCatchBlockCheckTest
[INFO] Tests run: 4, Failures: 0, Errors: 0, Skipped: 0, Time elapsed: 0.035 s - in com.puppycrawl.tools.checkstyle.checks.blocks.EmptyCatchBlockCheckTest
[INFO] Running com.puppycrawl.tools.checkstyle.checks.blocks.AvoidNestedBlocksCheckTest
[INFO] Tests run: 4, Failures: 0, Errors: 0, Skipped: 0, Time elapsed: 0.013 s - in com.puppycrawl.tools.checkstyle.checks.blocks.AvoidNestedBlocksCheckTest
[INFO] Running com.puppycrawl.tools.checkstyle.checks.blocks.EmptyBlockCheckTest
[INFO] Tests run: 12, Failures: 0, Errors: 0, Skipped: 0, Time elapsed: 0.183 s - in com.puppycrawl.tools.checkstyle.checks.blocks.EmptyBlockCheckTest
[INFO] Running com.puppycrawl.tools.checkstyle.checks.blocks.NeedBracesCheckTest
[INFO] Tests run: 10, Failures: 0, Errors: 0, Skipped: 0, Time elapsed: 0.304 s - in com.puppycrawl.tools.checkstyle.checks.blocks.NeedBracesCheckTest
[INFO] Running com.puppycrawl.tools.checkstyle.checks.coding.FinalLocalVariableCheckTest
[INFO] Tests run: 16, Failures: 0, Errors: 0, Skipped: 0, Time elapsed: 0.504 s - in com.puppycrawl.tools.checkstyle.checks.coding.FinalLocalVariableCheckTest
[INFO] Running com.puppycrawl.tools.checkstyle.checks.coding.OverloadMethodsDeclarationOrderCheckTest
[INFO] Tests run: 2, Failures: 0, Errors: 0, Skipped: 0, Time elapsed: 0.036 s - in com.puppycrawl.tools.checkstyle.checks.coding.OverloadMethodsDeclarationOrderCheckTest
[INFO] Running com.puppycrawl.tools.checkstyle.checks.coding.AvoidInlineConditionalsCheckTest
[INFO] Tests run: 2, Failures: 0, Errors: 0, Skipped: 0, Time elapsed: 0.034 s - in com.puppycrawl.tools.checkstyle.checks.coding.AvoidInlineConditionalsCheckTest
[INFO] Running com.puppycrawl.tools.checkstyle.checks.coding.UnnecessaryParenthesesCheckTest
[INFO] Tests run: 3, Failures: 0, Errors: 0, Skipped: 0, Time elapsed: 0.082 s - in com.puppycrawl.tools.checkstyle.checks.coding.UnnecessaryParenthesesCheckTest
[INFO] Running com.puppycrawl.tools.checkstyle.checks.coding.NoFinalizerCheckTest
[INFO] Tests run: 2, Failures: 0, Errors: 0, Skipped: 0, Time elapsed: 0.05 s - in com.puppycrawl.tools.checkstyle.checks.coding.NoFinalizerCheckTest
[INFO] Running com.puppycrawl.tools.checkstyle.checks.coding.MultipleVariableDeclarationsCheckTest
[INFO] Tests run: 2, Failures: 0, Errors: 0, Skipped: 0, Time elapsed: 0.063 s - in com.puppycrawl.tools.checkstyle.checks.coding.MultipleVariableDeclarationsCheckTest
[INFO] Running com.puppycrawl.tools.checkstyle.checks.coding.SimplifyBooleanReturnCheckTest
[INFO] Tests run: 2, Failures: 0, Errors: 0, Skipped: 0, Time elapsed: 0.029 s - in com.puppycrawl.tools.checkstyle.checks.coding.SimplifyBooleanReturnCheckTest
[INFO] Running com.puppycrawl.tools.checkstyle.checks.coding.NestedForDepthCheckTest
[INFO] Tests run: 3, Failures: 0, Errors: 0, Skipped: 0, Time elapsed: 0.027 s - in com.puppycrawl.tools.checkstyle.checks.coding.NestedForDepthCheckTest
[INFO] Running com.puppycrawl.tools.checkstyle.checks.coding.PackageDeclarationCheckTest
[INFO] Tests run: 10, Failures: 0, Errors: 0, Skipped: 0, Time elapsed: 0.141 s - in com.puppycrawl.tools.checkstyle.checks.coding.PackageDeclarationCheckTest
[INFO] Running com.puppycrawl.tools.checkstyle.checks.coding.MagicNumberCheckTest
[INFO] Tests run: 8, Failures: 0, Errors: 0, Skipped: 0, Time elapsed: 0.233 s - in com.puppycrawl.tools.checkstyle.checks.coding.MagicNumberCheckTest
[INFO] Running com.puppycrawl.tools.checkstyle.checks.coding.ReturnCountCheckTest
[INFO] Tests run: 8, Failures: 0, Errors: 0, Skipped: 0, Time elapsed: 0.143 s - in com.puppycrawl.tools.checkstyle.checks.coding.ReturnCountCheckTest
[INFO] Running com.puppycrawl.tools.checkstyle.checks.coding.HiddenFieldCheckTest
[INFO] Tests run: 11, Failures: 0, Errors: 0, Skipped: 0, Time elapsed: 0.364 s - in com.puppycrawl.tools.checkstyle.checks.coding.HiddenFieldCheckTest
[INFO] Running com.puppycrawl.tools.checkstyle.checks.coding.DeclarationOrderCheckTest
[INFO] Tests run: 8, Failures: 0, Errors: 0, Skipped: 0, Time elapsed: 0.088 s - in com.puppycrawl.tools.checkstyle.checks.coding.DeclarationOrderCheckTest
[INFO] Running com.puppycrawl.tools.checkstyle.checks.coding.SimplifyBooleanExpressionCheckTest
[INFO] Tests run: 2, Failures: 0, Errors: 0, Skipped: 0, Time elapsed: 0.017 s - in com.puppycrawl.tools.checkstyle.checks.coding.SimplifyBooleanExpressionCheckTest
[INFO] Running com.puppycrawl.tools.checkstyle.checks.coding.DefaultComesLastCheckTest
[INFO] Tests run: 4, Failures: 0, Errors: 0, Skipped: 0, Time elapsed: 0.062 s - in com.puppycrawl.tools.checkstyle.checks.coding.DefaultComesLastCheckTest
[INFO] Running com.puppycrawl.tools.checkstyle.checks.coding.EmptyStatementCheckTest
[INFO] Tests run: 2, Failures: 0, Errors: 0, Skipped: 0, Time elapsed: 0.012 s - in com.puppycrawl.tools.checkstyle.checks.coding.EmptyStatementCheckTest
[INFO] Running com.puppycrawl.tools.checkstyle.checks.coding.ExplicitInitializationCheckTest
[INFO] Tests run: 3, Failures: 0, Errors: 0, Skipped: 0, Time elapsed: 0.038 s - in com.puppycrawl.tools.checkstyle.checks.coding.ExplicitInitializationCheckTest
[INFO] Running com.puppycrawl.tools.checkstyle.checks.coding.MissingSwitchDefaultCheckTest
[INFO] Tests run: 2, Failures: 0, Errors: 0, Skipped: 0, Time elapsed: 0.016 s - in com.puppycrawl.tools.checkstyle.checks.coding.MissingSwitchDefaultCheckTest
[INFO] Running com.puppycrawl.tools.checkstyle.checks.coding.IllegalTypeCheckTest
[INFO] Tests run: 13, Failures: 0, Errors: 0, Skipped: 0, Time elapsed: 0.162 s - in com.puppycrawl.tools.checkstyle.checks.coding.IllegalTypeCheckTest
[INFO] Running com.puppycrawl.tools.checkstyle.checks.coding.NoCloneCheckTest
[INFO] Tests run: 2, Failures: 0, Errors: 0, Skipped: 0, Time elapsed: 0.016 s - in com.puppycrawl.tools.checkstyle.checks.coding.NoCloneCheckTest
[INFO] Running com.puppycrawl.tools.checkstyle.checks.coding.EqualsAvoidNullCheckTest
[INFO] Tests run: 3, Failures: 0, Errors: 0, Skipped: 0, Time elapsed: 0.155 s - in com.puppycrawl.tools.checkstyle.checks.coding.EqualsAvoidNullCheckTest
[INFO] Running com.puppycrawl.tools.checkstyle.checks.coding.SuperFinalizeCheckTest
[INFO] Tests run: 1, Failures: 0, Errors: 0, Skipped: 0, Time elapsed: 0.017 s - in com.puppycrawl.tools.checkstyle.checks.coding.SuperFinalizeCheckTest
[INFO] Running com.puppycrawl.tools.checkstyle.checks.coding.VariableDeclarationUsageDistanceCheckTest
[INFO] Tests run: 7, Failures: 0, Errors: 0, Skipped: 0, Time elapsed: 0.529 s - in com.puppycrawl.tools.checkstyle.checks.coding.VariableDeclarationUsageDistanceCheckTest
[INFO] Running com.puppycrawl.tools.checkstyle.checks.coding.NestedIfDepthCheckTest
[INFO] Tests run: 3, Failures: 0, Errors: 0, Skipped: 0, Time elapsed: 0.034 s - in com.puppycrawl.tools.checkstyle.checks.coding.NestedIfDepthCheckTest
[INFO] Running com.puppycrawl.tools.checkstyle.checks.coding.IllegalTokenCheckTest
[INFO] Tests run: 7, Failures: 0, Errors: 0, Skipped: 0, Time elapsed: 0.102 s - in com.puppycrawl.tools.checkstyle.checks.coding.IllegalTokenCheckTest
[INFO] Running com.puppycrawl.tools.checkstyle.checks.coding.MissingCtorCheckTest
[INFO] Tests run: 2, Failures: 0, Errors: 0, Skipped: 0, Time elapsed: 0.013 s - in com.puppycrawl.tools.checkstyle.checks.coding.MissingCtorCheckTest
[INFO] Running com.puppycrawl.tools.checkstyle.checks.coding.IllegalInstantiationCheckTest
[INFO] Tests run: 8, Failures: 0, Errors: 0, Skipped: 0, Time elapsed: 0.076 s - in com.puppycrawl.tools.checkstyle.checks.coding.IllegalInstantiationCheckTest
[INFO] Running com.puppycrawl.tools.checkstyle.checks.coding.ArrayTrailingCommaCheckTest
[INFO] Tests run: 2, Failures: 0, Errors: 0, Skipped: 0, Time elapsed: 0.011 s - in com.puppycrawl.tools.checkstyle.checks.coding.ArrayTrailingCommaCheckTest
[INFO] Running com.puppycrawl.tools.checkstyle.checks.coding.MultipleStringLiteralsCheckTest
[INFO] Tests run: 7, Failures: 0, Errors: 0, Skipped: 0, Time elapsed: 0.145 s - in com.puppycrawl.tools.checkstyle.checks.coding.MultipleStringLiteralsCheckTest
[INFO] Running com.puppycrawl.tools.checkstyle.checks.coding.NestedTryDepthCheckTest
[INFO] Tests run: 3, Failures: 0, Errors: 0, Skipped: 0, Time elapsed: 0.028 s - in com.puppycrawl.tools.checkstyle.checks.coding.NestedTryDepthCheckTest
[INFO] Running com.puppycrawl.tools.checkstyle.checks.coding.InnerAssignmentCheckTest
[INFO] Tests run: 3, Failures: 0, Errors: 0, Skipped: 0, Time elapsed: 0.045 s - in com.puppycrawl.tools.checkstyle.checks.coding.InnerAssignmentCheckTest
[INFO] Running com.puppycrawl.tools.checkstyle.checks.coding.FallThroughCheckTest
[INFO] Tests run: 5, Failures: 0, Errors: 0, Skipped: 0, Time elapsed: 0.183 s - in com.puppycrawl.tools.checkstyle.checks.coding.FallThroughCheckTest
[INFO] Running com.puppycrawl.tools.checkstyle.checks.coding.IllegalCatchCheckTest
[INFO] Tests run: 5, Failures: 0, Errors: 0, Skipped: 0, Time elapsed: 0.051 s - in com.puppycrawl.tools.checkstyle.checks.coding.IllegalCatchCheckTest
[INFO] Running com.puppycrawl.tools.checkstyle.checks.coding.CovariantEqualsCheckTest
[INFO] Tests run: 2, Failures: 0, Errors: 0, Skipped: 0, Time elapsed: 0.013 s - in com.puppycrawl.tools.checkstyle.checks.coding.CovariantEqualsCheckTest
[INFO] Running com.puppycrawl.tools.checkstyle.checks.coding.ParameterAssignmentCheckTest
[INFO] Tests run: 4, Failures: 0, Errors: 0, Skipped: 0, Time elapsed: 0.019 s - in com.puppycrawl.tools.checkstyle.checks.coding.ParameterAssignmentCheckTest
[INFO] Running com.puppycrawl.tools.checkstyle.checks.coding.OneStatementPerLineCheckTest
[INFO] Tests run: 4, Failures: 0, Errors: 0, Skipped: 0, Time elapsed: 0.044 s - in com.puppycrawl.tools.checkstyle.checks.coding.OneStatementPerLineCheckTest
[INFO] Running com.puppycrawl.tools.checkstyle.checks.coding.SuperCloneCheckTest
[INFO] Tests run: 3, Failures: 0, Errors: 0, Skipped: 0, Time elapsed: 0.02 s - in com.puppycrawl.tools.checkstyle.checks.coding.SuperCloneCheckTest
[INFO] Running com.puppycrawl.tools.checkstyle.checks.coding.ModifiedControlVariableCheckTest
[INFO] Tests run: 5, Failures: 0, Errors: 0, Skipped: 0, Time elapsed: 0.041 s - in com.puppycrawl.tools.checkstyle.checks.coding.ModifiedControlVariableCheckTest
[INFO] Running com.puppycrawl.tools.checkstyle.checks.coding.IllegalThrowsCheckTest
[INFO] Tests run: 7, Failures: 0, Errors: 0, Skipped: 0, Time elapsed: 0.086 s - in com.puppycrawl.tools.checkstyle.checks.coding.IllegalThrowsCheckTest
[INFO] Running com.puppycrawl.tools.checkstyle.checks.coding.IllegalTokenTextCheckTest
[INFO] Tests run: 7, Failures: 0, Errors: 0, Skipped: 0, Time elapsed: 0.052 s - in com.puppycrawl.tools.checkstyle.checks.coding.IllegalTokenTextCheckTest
[INFO] Running com.puppycrawl.tools.checkstyle.checks.coding.RequireThisCheckTest
[INFO] Tests run: 16, Failures: 0, Errors: 0, Skipped: 0, Time elapsed: 0.451 s - in com.puppycrawl.tools.checkstyle.checks.coding.RequireThisCheckTest
[INFO] Running com.puppycrawl.tools.checkstyle.checks.coding.EqualsHashCodeCheckTest
[INFO] Tests run: 5, Failures: 0, Errors: 0, Skipped: 0, Time elapsed: 0.102 s - in com.puppycrawl.tools.checkstyle.checks.coding.EqualsHashCodeCheckTest
[INFO] Running com.puppycrawl.tools.checkstyle.checks.coding.StringLiteralEqualityCheckTest
[INFO] Tests run: 2, Failures: 0, Errors: 0, Skipped: 0, Time elapsed: 0.031 s - in com.puppycrawl.tools.checkstyle.checks.coding.StringLiteralEqualityCheckTest
[INFO] Running com.puppycrawl.tools.checkstyle.checks.design.InnerTypeLastCheckTest
[INFO] Tests run: 3, Failures: 0, Errors: 0, Skipped: 0, Time elapsed: 0.047 s - in com.puppycrawl.tools.checkstyle.checks.design.InnerTypeLastCheckTest
[INFO] Running com.puppycrawl.tools.checkstyle.checks.design.ThrowsCountCheckTest
[INFO] Tests run: 6, Failures: 0, Errors: 0, Skipped: 0, Time elapsed: 0.028 s - in com.puppycrawl.tools.checkstyle.checks.design.ThrowsCountCheckTest
[INFO] Running com.puppycrawl.tools.checkstyle.checks.design.InterfaceIsTypeCheckTest
[INFO] Tests run: 4, Failures: 0, Errors: 0, Skipped: 0, Time elapsed: 0.018 s - in com.puppycrawl.tools.checkstyle.checks.design.InterfaceIsTypeCheckTest
[INFO] Running com.puppycrawl.tools.checkstyle.checks.design.FinalClassCheckTest
[INFO] Tests run: 6, Failures: 0, Errors: 0, Skipped: 0, Time elapsed: 0.024 s - in com.puppycrawl.tools.checkstyle.checks.design.FinalClassCheckTest
[INFO] Running com.puppycrawl.tools.checkstyle.checks.design.OneTopLevelClassCheckTest
[INFO] Tests run: 11, Failures: 0, Errors: 0, Skipped: 0, Time elapsed: 0.061 s - in com.puppycrawl.tools.checkstyle.checks.design.OneTopLevelClassCheckTest
[INFO] Running com.puppycrawl.tools.checkstyle.checks.design.DesignForExtensionCheckTest
[INFO] Tests run: 7, Failures: 0, Errors: 0, Skipped: 0, Time elapsed: 0.088 s - in com.puppycrawl.tools.checkstyle.checks.design.DesignForExtensionCheckTest
[INFO] Running com.puppycrawl.tools.checkstyle.checks.design.MutableExceptionCheckTest
[INFO] Tests run: 6, Failures: 0, Errors: 0, Skipped: 0, Time elapsed: 0.034 s - in com.puppycrawl.tools.checkstyle.checks.design.MutableExceptionCheckTest
[INFO] Running com.puppycrawl.tools.checkstyle.checks.design.HideUtilityClassConstructorCheckTest
[INFO] Tests run: 12, Failures: 0, Errors: 0, Skipped: 0, Time elapsed: 0.094 s - in com.puppycrawl.tools.checkstyle.checks.design.HideUtilityClassConstructorCheckTest
[INFO] Running com.puppycrawl.tools.checkstyle.checks.design.VisibilityModifierCheckTest
[INFO] Tests run: 25, Failures: 0, Errors: 0, Skipped: 0, Time elapsed: 0.29 s - in com.puppycrawl.tools.checkstyle.checks.design.VisibilityModifierCheckTest
[INFO] Running com.puppycrawl.tools.checkstyle.checks.header.HeaderCheckTest
[INFO] Tests run: 16, Failures: 0, Errors: 0, Skipped: 0, Time elapsed: 3.909 s - in com.puppycrawl.tools.checkstyle.checks.header.HeaderCheckTest
[INFO] Running com.puppycrawl.tools.checkstyle.checks.header.RegexpHeaderCheckTest
[INFO] Tests run: 25, Failures: 0, Errors: 0, Skipped: 0, Time elapsed: 1.917 s - in com.puppycrawl.tools.checkstyle.checks.header.RegexpHeaderCheckTest
[INFO] Running com.puppycrawl.tools.checkstyle.checks.imports.AvoidStarImportCheckTest
[INFO] Tests run: 6, Failures: 0, Errors: 0, Skipped: 0, Time elapsed: 0.154 s - in com.puppycrawl.tools.checkstyle.checks.imports.AvoidStarImportCheckTest
[INFO] Running com.puppycrawl.tools.checkstyle.checks.imports.ImportControlRegExpTest
[INFO] Tests run: 3, Failures: 0, Errors: 0, Skipped: 0, Time elapsed: 0.015 s - in com.puppycrawl.tools.checkstyle.checks.imports.ImportControlRegExpTest
[INFO] Running com.puppycrawl.tools.checkstyle.checks.imports.RedundantImportCheckTest
[INFO] Tests run: 4, Failures: 0, Errors: 0, Skipped: 0, Time elapsed: 0.03 s - in com.puppycrawl.tools.checkstyle.checks.imports.RedundantImportCheckTest
[INFO] Running com.puppycrawl.tools.checkstyle.checks.imports.ImportControlRegExpInPkgTest
[INFO] Tests run: 7, Failures: 0, Errors: 0, Skipped: 0, Time elapsed: 0.009 s - in com.puppycrawl.tools.checkstyle.checks.imports.ImportControlRegExpInPkgTest
[INFO] Running com.puppycrawl.tools.checkstyle.checks.imports.ImportControlLoaderTest
[INFO] Tests run: 7, Failures: 0, Errors: 0, Skipped: 0, Time elapsed: 1.941 s - in com.puppycrawl.tools.checkstyle.checks.imports.ImportControlLoaderTest
[INFO] Running com.puppycrawl.tools.checkstyle.checks.imports.ImportOrderCheckTest
[INFO] Tests run: 36, Failures: 0, Errors: 0, Skipped: 0, Time elapsed: 4.1 s - in com.puppycrawl.tools.checkstyle.checks.imports.ImportOrderCheckTest
[INFO] Running com.puppycrawl.tools.checkstyle.checks.imports.AccessResultTest
[INFO] Tests run: 2, Failures: 0, Errors: 0, Skipped: 0, Time elapsed: 0.002 s - in com.puppycrawl.tools.checkstyle.checks.imports.AccessResultTest
[INFO] Running com.puppycrawl.tools.checkstyle.checks.imports.AvoidStaticImportCheckTest
[INFO] Tests run: 7, Failures: 0, Errors: 0, Skipped: 0, Time elapsed: 0.049 s - in com.puppycrawl.tools.checkstyle.checks.imports.AvoidStaticImportCheckTest
[INFO] Running com.puppycrawl.tools.checkstyle.checks.imports.UnusedImportsCheckTest
[INFO] Tests run: 11, Failures: 0, Errors: 0, Skipped: 0, Time elapsed: 0.169 s - in com.puppycrawl.tools.checkstyle.checks.imports.UnusedImportsCheckTest
[INFO] Running com.puppycrawl.tools.checkstyle.checks.imports.ImportControlCheckTest
[INFO] Tests run: 29, Failures: 0, Errors: 0, Skipped: 0, Time elapsed: 1.32 s - in com.puppycrawl.tools.checkstyle.checks.imports.ImportControlCheckTest
[INFO] Running com.puppycrawl.tools.checkstyle.checks.imports.PkgImportRuleTest
[INFO] Tests run: 6, Failures: 0, Errors: 0, Skipped: 0, Time elapsed: 0.003 s - in com.puppycrawl.tools.checkstyle.checks.imports.PkgImportRuleTest
[INFO] Running com.puppycrawl.tools.checkstyle.checks.imports.IllegalImportCheckTest
[INFO] Tests run: 8, Failures: 0, Errors: 0, Skipped: 0, Time elapsed: 0.101 s - in com.puppycrawl.tools.checkstyle.checks.imports.IllegalImportCheckTest
[INFO] Running com.puppycrawl.tools.checkstyle.checks.imports.ImportControlTest
[INFO] Tests run: 4, Failures: 0, Errors: 0, Skipped: 0, Time elapsed: 0.003 s - in com.puppycrawl.tools.checkstyle.checks.imports.ImportControlTest
[INFO] Running com.puppycrawl.tools.checkstyle.checks.imports.ClassImportRuleTest
[INFO] Tests run: 3, Failures: 0, Errors: 0, Skipped: 0, Time elapsed: 0.003 s - in com.puppycrawl.tools.checkstyle.checks.imports.ClassImportRuleTest
[INFO] Running com.puppycrawl.tools.checkstyle.checks.imports.CustomImportOrderCheckTest
[INFO] Tests run: 32, Failures: 0, Errors: 0, Skipped: 0, Time elapsed: 0.437 s - in com.puppycrawl.tools.checkstyle.checks.imports.CustomImportOrderCheckTest
[INFO] Running com.puppycrawl.tools.checkstyle.checks.indentation.CommentsIndentationCheckTest
[INFO] Tests run: 11, Failures: 0, Errors: 0, Skipped: 0, Time elapsed: 0.207 s - in com.puppycrawl.tools.checkstyle.checks.indentation.CommentsIndentationCheckTest
[INFO] Running com.puppycrawl.tools.checkstyle.checks.indentation.LineSetTest
[INFO] Tests run: 1, Failures: 0, Errors: 0, Skipped: 0, Time elapsed: 0.002 s - in com.puppycrawl.tools.checkstyle.checks.indentation.LineSetTest
[INFO] Running com.puppycrawl.tools.checkstyle.checks.indentation.IndentationCheckTest
[INFO] Tests run: 77, Failures: 0, Errors: 0, Skipped: 0, Time elapsed: 1.519 s - in com.puppycrawl.tools.checkstyle.checks.indentation.IndentationCheckTest
[INFO] Running com.puppycrawl.tools.checkstyle.checks.javadoc.JavadocTypeCheckTest
[INFO] Tests run: 25, Failures: 0, Errors: 0, Skipped: 0, Time elapsed: 0.177 s - in com.puppycrawl.tools.checkstyle.checks.javadoc.JavadocTypeCheckTest
[INFO] Running com.puppycrawl.tools.checkstyle.checks.javadoc.JavadocTagInfoTest
[INFO] Tests run: 15, Failures: 0, Errors: 0, Skipped: 0, Time elapsed: 0.008 s - in com.puppycrawl.tools.checkstyle.checks.javadoc.JavadocTagInfoTest
[INFO] Running com.puppycrawl.tools.checkstyle.checks.javadoc.JavadocParagraphCheckTest
[INFO] Tests run: 4, Failures: 0, Errors: 0, Skipped: 0, Time elapsed: 2.267 s - in com.puppycrawl.tools.checkstyle.checks.javadoc.JavadocParagraphCheckTest
[INFO] Running com.puppycrawl.tools.checkstyle.checks.javadoc.JavadocMethodCheckTest
[INFO] Tests run: 37, Failures: 0, Errors: 0, Skipped: 0, Time elapsed: 0.527 s - in com.puppycrawl.tools.checkstyle.checks.javadoc.JavadocMethodCheckTest
[INFO] Running com.puppycrawl.tools.checkstyle.checks.javadoc.JavadocTagContinuationIndentationCheckTest
[INFO] Tests run: 4, Failures: 0, Errors: 0, Skipped: 0, Time elapsed: 0.279 s - in com.puppycrawl.tools.checkstyle.checks.javadoc.JavadocTagContinuationIndentationCheckTest
[INFO] Running com.puppycrawl.tools.checkstyle.checks.javadoc.NonEmptyAtclauseDescriptionCheckTest
[INFO] Tests run: 3, Failures: 0, Errors: 0, Skipped: 0, Time elapsed: 0.162 s - in com.puppycrawl.tools.checkstyle.checks.javadoc.NonEmptyAtclauseDescriptionCheckTest
[INFO] Running com.puppycrawl.tools.checkstyle.checks.javadoc.AtclauseOrderCheckTest
[INFO] Tests run: 5, Failures: 0, Errors: 0, Skipped: 0, Time elapsed: 0.606 s - in com.puppycrawl.tools.checkstyle.checks.javadoc.AtclauseOrderCheckTest
[INFO] Running com.puppycrawl.tools.checkstyle.checks.javadoc.WriteTagCheckTest
[INFO] Tests run: 13, Failures: 0, Errors: 0, Skipped: 0, Time elapsed: 0.144 s - in com.puppycrawl.tools.checkstyle.checks.javadoc.WriteTagCheckTest
[INFO] Running com.puppycrawl.tools.checkstyle.checks.javadoc.JavadocNodeImplTest
[INFO] Tests run: 2, Failures: 0, Errors: 0, Skipped: 0, Time elapsed: 0.002 s - in com.puppycrawl.tools.checkstyle.checks.javadoc.JavadocNodeImplTest
[INFO] Running com.puppycrawl.tools.checkstyle.checks.javadoc.JavadocPackageCheckTest
[INFO] Tests run: 7, Failures: 0, Errors: 0, Skipped: 0, Time elapsed: 0.06 s - in com.puppycrawl.tools.checkstyle.checks.javadoc.JavadocPackageCheckTest
[INFO] Running com.puppycrawl.tools.checkstyle.checks.javadoc.JavadocTagTest
[INFO] Tests run: 3, Failures: 0, Errors: 0, Skipped: 0, Time elapsed: 0.001 s - in com.puppycrawl.tools.checkstyle.checks.javadoc.JavadocTagTest
[INFO] Running com.puppycrawl.tools.checkstyle.checks.javadoc.JavadocStyleCheckTest
[INFO] Tests run: 19, Failures: 0, Errors: 0, Skipped: 0, Time elapsed: 0.316 s - in com.puppycrawl.tools.checkstyle.checks.javadoc.JavadocStyleCheckTest
[INFO] Running com.puppycrawl.tools.checkstyle.checks.javadoc.utils.BlockTagUtilsTest
[INFO] Tests run: 4, Failures: 0, Errors: 0, Skipped: 0, Time elapsed: 0.003 s - in com.puppycrawl.tools.checkstyle.checks.javadoc.utils.BlockTagUtilsTest
[INFO] Running com.puppycrawl.tools.checkstyle.checks.javadoc.utils.InlineTagUtilsTest
[INFO] Tests run: 7, Failures: 0, Errors: 0, Skipped: 0, Time elapsed: 0.038 s - in com.puppycrawl.tools.checkstyle.checks.javadoc.utils.InlineTagUtilsTest
[INFO] Running com.puppycrawl.tools.checkstyle.checks.javadoc.AbstractTypeAwareCheckTest
[INFO] Tests run: 6, Failures: 0, Errors: 0, Skipped: 0, Time elapsed: 0.019 s - in com.puppycrawl.tools.checkstyle.checks.javadoc.AbstractTypeAwareCheckTest
[INFO] Running com.puppycrawl.tools.checkstyle.checks.javadoc.JavadocVariableCheckTest
[INFO] Tests run: 13, Failures: 0, Errors: 0, Skipped: 0, Time elapsed: 0.147 s - in com.puppycrawl.tools.checkstyle.checks.javadoc.JavadocVariableCheckTest
[INFO] Running com.puppycrawl.tools.checkstyle.checks.javadoc.SummaryJavadocCheckTest
[INFO] Tests run: 7, Failures: 0, Errors: 0, Skipped: 0, Time elapsed: 0.244 s - in com.puppycrawl.tools.checkstyle.checks.javadoc.SummaryJavadocCheckTest
[INFO] Running com.puppycrawl.tools.checkstyle.checks.javadoc.AbstractJavadocCheckTest
[INFO] Tests run: 16, Failures: 0, Errors: 0, Skipped: 0, Time elapsed: 0.768 s - in com.puppycrawl.tools.checkstyle.checks.javadoc.AbstractJavadocCheckTest
[INFO] Running com.puppycrawl.tools.checkstyle.checks.javadoc.SingleLineJavadocCheckTest
[INFO] Tests run: 4, Failures: 0, Errors: 0, Skipped: 0, Time elapsed: 0.078 s - in com.puppycrawl.tools.checkstyle.checks.javadoc.SingleLineJavadocCheckTest
[INFO] Running com.puppycrawl.tools.checkstyle.checks.metrics.BooleanExpressionComplexityCheckTest
[INFO] Tests run: 4, Failures: 0, Errors: 0, Skipped: 0, Time elapsed: 0.037 s - in com.puppycrawl.tools.checkstyle.checks.metrics.BooleanExpressionComplexityCheckTest
[INFO] Running com.puppycrawl.tools.checkstyle.checks.metrics.NPathComplexityCheckTest
[INFO] Tests run: 8, Failures: 0, Errors: 0, Skipped: 0, Time elapsed: 0.114 s - in com.puppycrawl.tools.checkstyle.checks.metrics.NPathComplexityCheckTest
[INFO] Running com.puppycrawl.tools.checkstyle.checks.metrics.CyclomaticComplexityCheckTest
[INFO] Tests run: 5, Failures: 0, Errors: 0, Skipped: 0, Time elapsed: 0.114 s - in com.puppycrawl.tools.checkstyle.checks.metrics.CyclomaticComplexityCheckTest
[INFO] Running com.puppycrawl.tools.checkstyle.checks.metrics.JavaNCSSCheckTest
[INFO] Tests run: 4, Failures: 0, Errors: 0, Skipped: 0, Time elapsed: 0.029 s - in com.puppycrawl.tools.checkstyle.checks.metrics.JavaNCSSCheckTest
[INFO] Running com.puppycrawl.tools.checkstyle.checks.metrics.ClassFanOutComplexityCheckTest
[INFO] Tests run: 10, Failures: 0, Errors: 0, Skipped: 0, Time elapsed: 0.34 s - in com.puppycrawl.tools.checkstyle.checks.metrics.ClassFanOutComplexityCheckTest
[INFO] Running com.puppycrawl.tools.checkstyle.checks.metrics.ClassDataAbstractionCouplingCheckTest
[INFO] Tests run: 9, Failures: 0, Errors: 0, Skipped: 0, Time elapsed: 0.113 s - in com.puppycrawl.tools.checkstyle.checks.metrics.ClassDataAbstractionCouplingCheckTest
[INFO] Running com.puppycrawl.tools.checkstyle.checks.modifier.RedundantModifierCheckTest
[INFO] Tests run: 15, Failures: 0, Errors: 0, Skipped: 0, Time elapsed: 0.167 s - in com.puppycrawl.tools.checkstyle.checks.modifier.RedundantModifierCheckTest
[INFO] Running com.puppycrawl.tools.checkstyle.checks.modifier.ModifierOrderCheckTest
[INFO] Tests run: 7, Failures: 0, Errors: 0, Skipped: 0, Time elapsed: 0.032 s - in com.puppycrawl.tools.checkstyle.checks.modifier.ModifierOrderCheckTest
[INFO] Running com.puppycrawl.tools.checkstyle.checks.naming.AbbreviationAsWordInNameCheckTest
[INFO] Tests run: 12, Failures: 0, Errors: 0, Skipped: 0, Time elapsed: 0.104 s - in com.puppycrawl.tools.checkstyle.checks.naming.AbbreviationAsWordInNameCheckTest
[INFO] Running com.puppycrawl.tools.checkstyle.checks.naming.CatchParameterNameCheckTest
[INFO] Tests run: 5, Failures: 0, Errors: 0, Skipped: 0, Time elapsed: 0.029 s - in com.puppycrawl.tools.checkstyle.checks.naming.CatchParameterNameCheckTest
[INFO] Running com.puppycrawl.tools.checkstyle.checks.naming.ConstantNameCheckTest
[INFO] Tests run: 9, Failures: 0, Errors: 0, Skipped: 0, Time elapsed: 0.076 s - in com.puppycrawl.tools.checkstyle.checks.naming.ConstantNameCheckTest
[INFO] Running com.puppycrawl.tools.checkstyle.checks.naming.InterfaceTypeParameterNameCheckTest
[INFO] Tests run: 3, Failures: 0, Errors: 0, Skipped: 0, Time elapsed: 0.014 s - in com.puppycrawl.tools.checkstyle.checks.naming.InterfaceTypeParameterNameCheckTest
[INFO] Running com.puppycrawl.tools.checkstyle.checks.naming.LocalVariableNameCheckTest
[INFO] Tests run: 3, Failures: 0, Errors: 0, Skipped: 0, Time elapsed: 0.022 s - in com.puppycrawl.tools.checkstyle.checks.naming.LocalVariableNameCheckTest
[INFO] Running com.puppycrawl.tools.checkstyle.checks.naming.TypeNameCheckTest
[INFO] Tests run: 6, Failures: 0, Errors: 0, Skipped: 0, Time elapsed: 0.046 s - in com.puppycrawl.tools.checkstyle.checks.naming.TypeNameCheckTest
[INFO] Running com.puppycrawl.tools.checkstyle.checks.naming.MethodNameCheckTest
[INFO] Tests run: 8, Failures: 0, Errors: 0, Skipped: 0, Time elapsed: 0.077 s - in com.puppycrawl.tools.checkstyle.checks.naming.MethodNameCheckTest
[INFO] Running com.puppycrawl.tools.checkstyle.checks.naming.LocalFinalVariableNameCheckTest
[INFO] Tests run: 6, Failures: 0, Errors: 0, Skipped: 0, Time elapsed: 0.044 s - in com.puppycrawl.tools.checkstyle.checks.naming.LocalFinalVariableNameCheckTest
[INFO] Running com.puppycrawl.tools.checkstyle.checks.naming.MethodTypeParameterNameCheckTest
[INFO] Tests run: 3, Failures: 0, Errors: 0, Skipped: 0, Time elapsed: 0.014 s - in com.puppycrawl.tools.checkstyle.checks.naming.MethodTypeParameterNameCheckTest
[INFO] Running com.puppycrawl.tools.checkstyle.checks.naming.AbstractClassNameCheckTest
[INFO] Tests run: 7, Failures: 0, Errors: 0, Skipped: 0, Time elapsed: 0.04 s - in com.puppycrawl.tools.checkstyle.checks.naming.AbstractClassNameCheckTest
[INFO] Running com.puppycrawl.tools.checkstyle.checks.naming.PackageNameCheckTest
[INFO] Tests run: 4, Failures: 0, Errors: 0, Skipped: 0, Time elapsed: 0.048 s - in com.puppycrawl.tools.checkstyle.checks.naming.PackageNameCheckTest
[INFO] Running com.puppycrawl.tools.checkstyle.checks.naming.MemberNameCheckTest
[INFO] Tests run: 12, Failures: 0, Errors: 0, Skipped: 0, Time elapsed: 0.079 s - in com.puppycrawl.tools.checkstyle.checks.naming.MemberNameCheckTest
[INFO] Running com.puppycrawl.tools.checkstyle.checks.naming.ClassTypeParameterNameCheckTest
[INFO] Tests run: 4, Failures: 0, Errors: 0, Skipped: 0, Time elapsed: 0.023 s - in com.puppycrawl.tools.checkstyle.checks.naming.ClassTypeParameterNameCheckTest
[INFO] Running com.puppycrawl.tools.checkstyle.checks.naming.StaticVariableNameCheckTest
[INFO] Tests run: 5, Failures: 0, Errors: 0, Skipped: 0, Time elapsed: 0.044 s - in com.puppycrawl.tools.checkstyle.checks.naming.StaticVariableNameCheckTest
[INFO] Running com.puppycrawl.tools.checkstyle.checks.naming.ParameterNameCheckTest
[INFO] Tests run: 10, Failures: 0, Errors: 0, Skipped: 0, Time elapsed: 0.061 s - in com.puppycrawl.tools.checkstyle.checks.naming.ParameterNameCheckTest
[INFO] Running com.puppycrawl.tools.checkstyle.checks.regexp.RegexpCheckTest
[INFO] Tests run: 24, Failures: 0, Errors: 0, Skipped: 0, Time elapsed: 0.209 s - in com.puppycrawl.tools.checkstyle.checks.regexp.RegexpCheckTest
[INFO] Running com.puppycrawl.tools.checkstyle.checks.regexp.RegexpSinglelineJavaCheckTest
[INFO] Tests run: 19, Failures: 0, Errors: 0, Skipped: 0, Time elapsed: 0.205 s - in com.puppycrawl.tools.checkstyle.checks.regexp.RegexpSinglelineJavaCheckTest
[INFO] Running com.puppycrawl.tools.checkstyle.checks.regexp.RegexpSinglelineCheckTest
[INFO] Tests run: 6, Failures: 0, Errors: 0, Skipped: 0, Time elapsed: 0.096 s - in com.puppycrawl.tools.checkstyle.checks.regexp.RegexpSinglelineCheckTest
[INFO] Running com.puppycrawl.tools.checkstyle.checks.regexp.RegexpMultilineCheckTest
[INFO] Tests run: 13, Failures: 0, Errors: 0, Skipped: 0, Time elapsed: 0.813 s - in com.puppycrawl.tools.checkstyle.checks.regexp.RegexpMultilineCheckTest
[INFO] Running com.puppycrawl.tools.checkstyle.checks.regexp.RegexpOnFilenameCheckTest
[INFO] Tests run: 20, Failures: 0, Errors: 0, Skipped: 0, Time elapsed: 0.122 s - in com.puppycrawl.tools.checkstyle.checks.regexp.RegexpOnFilenameCheckTest
[INFO] Running com.puppycrawl.tools.checkstyle.checks.sizes.MethodCountCheckTest
[INFO] Tests run: 9, Failures: 0, Errors: 0, Skipped: 0, Time elapsed: 0.061 s - in com.puppycrawl.tools.checkstyle.checks.sizes.MethodCountCheckTest
[INFO] Running com.puppycrawl.tools.checkstyle.checks.sizes.ParameterNumberCheckTest
[INFO] Tests run: 6, Failures: 0, Errors: 0, Skipped: 0, Time elapsed: 0.049 s - in com.puppycrawl.tools.checkstyle.checks.sizes.ParameterNumberCheckTest
[INFO] Running com.puppycrawl.tools.checkstyle.checks.sizes.AnonInnerLengthCheckTest
[INFO] Tests run: 4, Failures: 0, Errors: 0, Skipped: 0, Time elapsed: 0.048 s - in com.puppycrawl.tools.checkstyle.checks.sizes.AnonInnerLengthCheckTest
[INFO] Running com.puppycrawl.tools.checkstyle.checks.sizes.InputLineLengthCheckTest
[INFO] Tests run: 6, Failures: 0, Errors: 0, Skipped: 0, Time elapsed: 0.035 s - in com.puppycrawl.tools.checkstyle.checks.sizes.InputLineLengthCheckTest
[INFO] Running com.puppycrawl.tools.checkstyle.checks.sizes.MethodLengthCheckTest
[INFO] Tests run: 5, Failures: 0, Errors: 0, Skipped: 0, Time elapsed: 0.021 s - in com.puppycrawl.tools.checkstyle.checks.sizes.MethodLengthCheckTest
[INFO] Running com.puppycrawl.tools.checkstyle.checks.sizes.OuterTypeNumberCheckTest
[INFO] Tests run: 5, Failures: 0, Errors: 0, Skipped: 0, Time elapsed: 0.021 s - in com.puppycrawl.tools.checkstyle.checks.sizes.OuterTypeNumberCheckTest
[INFO] Running com.puppycrawl.tools.checkstyle.checks.sizes.FileLengthCheckTest
[INFO] Tests run: 5, Failures: 0, Errors: 0, Skipped: 0, Time elapsed: 0.02 s - in com.puppycrawl.tools.checkstyle.checks.sizes.FileLengthCheckTest
[INFO] Running com.puppycrawl.tools.checkstyle.checks.sizes.ExecutableStatementCountCheckTest
[INFO] Tests run: 8, Failures: 0, Errors: 0, Skipped: 0, Time elapsed: 0.078 s - in com.puppycrawl.tools.checkstyle.checks.sizes.ExecutableStatementCountCheckTest
[INFO] Running com.puppycrawl.tools.checkstyle.checks.whitespace.NoWhitespaceAfterCheckTest
[INFO] Tests run: 10, Failures: 0, Errors: 0, Skipped: 0, Time elapsed: 0.109 s - in com.puppycrawl.tools.checkstyle.checks.whitespace.NoWhitespaceAfterCheckTest
[INFO] Running com.puppycrawl.tools.checkstyle.checks.whitespace.OperatorWrapCheckTest
[INFO] Tests run: 6, Failures: 0, Errors: 0, Skipped: 0, Time elapsed: 0.05 s - in com.puppycrawl.tools.checkstyle.checks.whitespace.OperatorWrapCheckTest
[INFO] Running com.puppycrawl.tools.checkstyle.checks.whitespace.MethodParamPadCheckTest
[INFO] Tests run: 7, Failures: 0, Errors: 0, Skipped: 0, Time elapsed: 0.072 s - in com.puppycrawl.tools.checkstyle.checks.whitespace.MethodParamPadCheckTest
[INFO] Running com.puppycrawl.tools.checkstyle.checks.whitespace.EmptyLineSeparatorCheckTest
[INFO] Tests run: 16, Failures: 0, Errors: 0, Skipped: 0, Time elapsed: 0.097 s - in com.puppycrawl.tools.checkstyle.checks.whitespace.EmptyLineSeparatorCheckTest
[INFO] Running com.puppycrawl.tools.checkstyle.checks.whitespace.SeparatorWrapCheckTest
[INFO] Tests run: 7, Failures: 0, Errors: 0, Skipped: 0, Time elapsed: 0.042 s - in com.puppycrawl.tools.checkstyle.checks.whitespace.SeparatorWrapCheckTest
[INFO] Running com.puppycrawl.tools.checkstyle.checks.whitespace.FileTabCharacterCheckTest
[INFO] Tests run: 3, Failures: 0, Errors: 0, Skipped: 0, Time elapsed: 0.019 s - in com.puppycrawl.tools.checkstyle.checks.whitespace.FileTabCharacterCheckTest
[INFO] Running com.puppycrawl.tools.checkstyle.checks.whitespace.NoWhitespaceBeforeCheckTest
[INFO] Tests run: 4, Failures: 0, Errors: 0, Skipped: 0, Time elapsed: 0.048 s - in com.puppycrawl.tools.checkstyle.checks.whitespace.NoWhitespaceBeforeCheckTest
[INFO] Running com.puppycrawl.tools.checkstyle.checks.whitespace.WhitespaceAroundCheckTest
[INFO] Tests run: 22, Failures: 0, Errors: 0, Skipped: 0, Time elapsed: 0.177 s - in com.puppycrawl.tools.checkstyle.checks.whitespace.WhitespaceAroundCheckTest
[INFO] Running com.puppycrawl.tools.checkstyle.checks.whitespace.EmptyForIteratorPadCheckTest
[INFO] Tests run: 5, Failures: 0, Errors: 0, Skipped: 0, Time elapsed: 0.021 s - in com.puppycrawl.tools.checkstyle.checks.whitespace.EmptyForIteratorPadCheckTest
[INFO] Running com.puppycrawl.tools.checkstyle.checks.whitespace.ParenPadCheckTest
[INFO] Tests run: 14, Failures: 0, Errors: 0, Skipped: 0, Time elapsed: 0.19 s - in com.puppycrawl.tools.checkstyle.checks.whitespace.ParenPadCheckTest
[INFO] Running com.puppycrawl.tools.checkstyle.checks.whitespace.TypecastParenPadCheckTest
[INFO] Tests run: 4, Failures: 0, Errors: 0, Skipped: 0, Time elapsed: 0.046 s - in com.puppycrawl.tools.checkstyle.checks.whitespace.TypecastParenPadCheckTest
[INFO] Running com.puppycrawl.tools.checkstyle.checks.whitespace.WhitespaceAfterCheckTest
[INFO] Tests run: 14, Failures: 0, Errors: 0, Skipped: 0, Time elapsed: 0.068 s - in com.puppycrawl.tools.checkstyle.checks.whitespace.WhitespaceAfterCheckTest
[INFO] Running com.puppycrawl.tools.checkstyle.checks.whitespace.NoLineWrapCheckTest
[INFO] Tests run: 3, Failures: 0, Errors: 0, Skipped: 0, Time elapsed: 0.012 s - in com.puppycrawl.tools.checkstyle.checks.whitespace.NoLineWrapCheckTest
[INFO] Running com.puppycrawl.tools.checkstyle.checks.whitespace.EmptyForInitializerPadCheckTest
[INFO] Tests run: 7, Failures: 0, Errors: 0, Skipped: 0, Time elapsed: 0.027 s - in com.puppycrawl.tools.checkstyle.checks.whitespace.EmptyForInitializerPadCheckTest
[INFO] Running com.puppycrawl.tools.checkstyle.checks.whitespace.GenericWhitespaceCheckTest
[INFO] Tests run: 9, Failures: 0, Errors: 0, Skipped: 0, Time elapsed: 0.043 s - in com.puppycrawl.tools.checkstyle.checks.whitespace.GenericWhitespaceCheckTest
[INFO] Running com.puppycrawl.tools.checkstyle.checks.whitespace.SingleSpaceSeparatorCheckTest
[INFO] Tests run: 4, Failures: 0, Errors: 0, Skipped: 0, Time elapsed: 0.041 s - in com.puppycrawl.tools.checkstyle.checks.whitespace.SingleSpaceSeparatorCheckTest
[INFO] Running com.puppycrawl.tools.checkstyle.checks.TodoCommentCheckTest
[INFO] Tests run: 3, Failures: 0, Errors: 0, Skipped: 0, Time elapsed: 0.001 s - in com.puppycrawl.tools.checkstyle.checks.TodoCommentCheckTest
[INFO] Running com.puppycrawl.tools.checkstyle.checks.FinalParametersCheckTest
[INFO] Tests run: 7, Failures: 0, Errors: 0, Skipped: 0, Time elapsed: 0.058 s - in com.puppycrawl.tools.checkstyle.checks.FinalParametersCheckTest
[INFO] Running com.puppycrawl.tools.checkstyle.checks.ArrayTypeStyleCheckTest
[INFO] Tests run: 4, Failures: 0, Errors: 0, Skipped: 0, Time elapsed: 0.023 s - in com.puppycrawl.tools.checkstyle.checks.ArrayTypeStyleCheckTest
[INFO] Running com.puppycrawl.tools.checkstyle.checks.UpperEllCheckTest
[INFO] Tests run: 3, Failures: 0, Errors: 0, Skipped: 0, Time elapsed: 0.012 s - in com.puppycrawl.tools.checkstyle.checks.UpperEllCheckTest
[INFO] Running com.puppycrawl.tools.checkstyle.checks.ClassResolverTest
[INFO] Tests run: 6, Failures: 0, Errors: 0, Skipped: 0, Time elapsed: 0.628 s - in com.puppycrawl.tools.checkstyle.checks.ClassResolverTest
[INFO] Running com.puppycrawl.tools.checkstyle.checks.AvoidEscapedUnicodeCharactersCheckTest
[INFO] Tests run: 8, Failures: 0, Errors: 0, Skipped: 0, Time elapsed: 2.285 s - in com.puppycrawl.tools.checkstyle.checks.AvoidEscapedUnicodeCharactersCheckTest
[INFO] Running com.puppycrawl.tools.checkstyle.checks.SuppressWarningsHolderTest
[INFO] Tests run: 16, Failures: 0, Errors: 0, Skipped: 0, Time elapsed: 2.099 s - in com.puppycrawl.tools.checkstyle.checks.SuppressWarningsHolderTest
[INFO] Running com.puppycrawl.tools.checkstyle.checks.UncommentedMainCheckTest
[INFO] Tests run: 7, Failures: 0, Errors: 0, Skipped: 0, Time elapsed: 0.085 s - in com.puppycrawl.tools.checkstyle.checks.UncommentedMainCheckTest
[INFO] Running com.puppycrawl.tools.checkstyle.checks.UniquePropertiesCheckTest
[INFO] Tests run: 5, Failures: 0, Errors: 0, Skipped: 0, Time elapsed: 0.028 s - in com.puppycrawl.tools.checkstyle.checks.UniquePropertiesCheckTest
[INFO] Running com.puppycrawl.tools.checkstyle.checks.DescendantTokenCheckTest
[INFO] Tests run: 18, Failures: 0, Errors: 0, Skipped: 0, Time elapsed: 0.155 s - in com.puppycrawl.tools.checkstyle.checks.DescendantTokenCheckTest
[INFO] Running com.puppycrawl.tools.checkstyle.checks.TranslationCheckTest
[INFO] Tests run: 17, Failures: 0, Errors: 0, Skipped: 0, Time elapsed: 0.285 s - in com.puppycrawl.tools.checkstyle.checks.TranslationCheckTest
[INFO] Running com.puppycrawl.tools.checkstyle.checks.FileSetCheckLifecycleTest
[INFO] Tests run: 3, Failures: 0, Errors: 0, Skipped: 0, Time elapsed: 0.027 s - in com.puppycrawl.tools.checkstyle.checks.FileSetCheckLifecycleTest
[INFO] Running com.puppycrawl.tools.checkstyle.checks.OuterTypeFilenameCheckTest
[INFO] Tests run: 9, Failures: 0, Errors: 0, Skipped: 0, Time elapsed: 0.04 s - in com.puppycrawl.tools.checkstyle.checks.OuterTypeFilenameCheckTest
[INFO] Running com.puppycrawl.tools.checkstyle.checks.TrailingCommentCheckTest
[INFO] Tests run: 5, Failures: 0, Errors: 0, Skipped: 0, Time elapsed: 0.176 s - in com.puppycrawl.tools.checkstyle.checks.TrailingCommentCheckTest
[INFO] Running com.puppycrawl.tools.checkstyle.checks.NewlineAtEndOfFileCheckTest
[INFO] Tests run: 10, Failures: 0, Errors: 0, Skipped: 0, Time elapsed: 0.049 s - in com.puppycrawl.tools.checkstyle.checks.NewlineAtEndOfFileCheckTest
[INFO] Running com.puppycrawl.tools.checkstyle.checks.FileContentsHolderTest
[INFO] Tests run: 1, Failures: 0, Errors: 0, Skipped: 0, Time elapsed: 0.001 s - in com.puppycrawl.tools.checkstyle.checks.FileContentsHolderTest
[INFO] Running com.puppycrawl.tools.checkstyle.doclets.TokenTypesDocletTest
Loading source file src/test/resources/com/puppycrawl/tools/checkstyle/doclets/InputTokenTypesDocletEmptyJavadoc.java...
Constructing Javadoc information...
Loading source file src/test/resources/com/puppycrawl/tools/checkstyle/doclets/InputTokenTypesDocletCorrect.java...
Constructing Javadoc information...
Loading source file src/test/resources/com/puppycrawl/tools/checkstyle/doclets/InputTokenTypesDocletNotConstants.java...
Constructing Javadoc information...
[INFO] Tests run: 6, Failures: 0, Errors: 0, Skipped: 0, Time elapsed: 1.146 s - in com.puppycrawl.tools.checkstyle.doclets.TokenTypesDocletTest
[INFO] Running com.puppycrawl.tools.checkstyle.filters.FilterSetTest
[INFO] Tests run: 8, Failures: 0, Errors: 0, Skipped: 0, Time elapsed: 0.1 s - in com.puppycrawl.tools.checkstyle.filters.FilterSetTest
[INFO] Running com.puppycrawl.tools.checkstyle.filters.SeverityMatchFilterTest
[INFO] Tests run: 3, Failures: 0, Errors: 0, Skipped: 0, Time elapsed: 0 s - in com.puppycrawl.tools.checkstyle.filters.SeverityMatchFilterTest
[INFO] Running com.puppycrawl.tools.checkstyle.filters.SuppressElementTest
[INFO] Tests run: 15, Failures: 0, Errors: 0, Skipped: 0, Time elapsed: 0.263 s - in com.puppycrawl.tools.checkstyle.filters.SuppressElementTest
[INFO] Running com.puppycrawl.tools.checkstyle.filters.SuppressionsLoaderTest
[INFO] Tests run: 15, Failures: 0, Errors: 0, Skipped: 0, Time elapsed: 0.81 s - in com.puppycrawl.tools.checkstyle.filters.SuppressionsLoaderTest
[INFO] Running com.puppycrawl.tools.checkstyle.filters.BeforeExecutionFileFilterSetTest
[INFO] Tests run: 5, Failures: 0, Errors: 0, Skipped: 0, Time elapsed: 0.002 s - in com.puppycrawl.tools.checkstyle.filters.BeforeExecutionFileFilterSetTest
[INFO] Running com.puppycrawl.tools.checkstyle.filters.SuppressionFilterTest
[INFO] Tests run: 11, Failures: 0, Errors: 0, Skipped: 0, Time elapsed: 3.365 s - in com.puppycrawl.tools.checkstyle.filters.SuppressionFilterTest
[INFO] Running com.puppycrawl.tools.checkstyle.filters.IntRangeFilterTest
[INFO] Tests run: 4, Failures: 0, Errors: 0, Skipped: 0, Time elapsed: 0.054 s - in com.puppycrawl.tools.checkstyle.filters.IntRangeFilterTest
[INFO] Running com.puppycrawl.tools.checkstyle.filters.IntMatchFilterTest
[INFO] Tests run: 3, Failures: 0, Errors: 0, Skipped: 0, Time elapsed: 0.033 s - in com.puppycrawl.tools.checkstyle.filters.IntMatchFilterTest
[INFO] Running com.puppycrawl.tools.checkstyle.filters.SuppressionCommentFilterTest
[INFO] Tests run: 17, Failures: 0, Errors: 0, Skipped: 0, Time elapsed: 0.655 s - in com.puppycrawl.tools.checkstyle.filters.SuppressionCommentFilterTest
[INFO] Running com.puppycrawl.tools.checkstyle.filters.CsvFilterTest
[INFO] Tests run: 6, Failures: 0, Errors: 0, Skipped: 0, Time elapsed: 0.069 s - in com.puppycrawl.tools.checkstyle.filters.CsvFilterTest
[INFO] Running com.puppycrawl.tools.checkstyle.filters.SuppressWithNearbyCommentFilterTest
[INFO] Tests run: 17, Failures: 0, Errors: 0, Skipped: 0, Time elapsed: 0.442 s - in com.puppycrawl.tools.checkstyle.filters.SuppressWithNearbyCommentFilterTest
[INFO] Running com.puppycrawl.tools.checkstyle.filters.SuppressWarningsFilterTest
[INFO] Tests run: 3, Failures: 0, Errors: 0, Skipped: 0, Time elapsed: 0.101 s - in com.puppycrawl.tools.checkstyle.filters.SuppressWarningsFilterTest
[INFO] Running com.puppycrawl.tools.checkstyle.grammars.comments.AllBlockCommentsTest
[ERROR] Tests run: 2, Failures: 0, Errors: 1, Skipped: 0, Time elapsed: 0.028 s <<< FAILURE! - in com.puppycrawl.tools.checkstyle.grammars.comments.AllBlockCommentsTest
[ERROR] testAstTree(com.puppycrawl.tools.checkstyle.grammars.comments.AllBlockCommentsTest)  Time elapsed: 0.011 s  <<< ERROR!
java.nio.file.NoSuchFileException: /home/travis/build/checkstyle/checkstyle/src/test/resources/com/puppycrawl/tools/checkstyle/grammars/comments/InputFullOfBlockCommentsAst.txt
	at com.puppycrawl.tools.checkstyle.grammars.comments.AllBlockCommentsTest.testAstTree(AllBlockCommentsTest.java:60)

[INFO] Running com.puppycrawl.tools.checkstyle.grammars.comments.AllSinglelineCommentsTest
[ERROR] Tests run: 2, Failures: 0, Errors: 1, Skipped: 0, Time elapsed: 0.039 s <<< FAILURE! - in com.puppycrawl.tools.checkstyle.grammars.comments.AllSinglelineCommentsTest
[ERROR] testAstTree(com.puppycrawl.tools.checkstyle.grammars.comments.AllSinglelineCommentsTest)  Time elapsed: 0.002 s  <<< ERROR!
java.nio.file.NoSuchFileException: /home/travis/build/checkstyle/checkstyle/src/test/resources/com/puppycrawl/tools/checkstyle/grammars/comments/InputFullOfSinglelineCommentsAst.txt
	at com.puppycrawl.tools.checkstyle.grammars.comments.AllSinglelineCommentsTest.testAstTree(AllSinglelineCommentsTest.java:60)

[INFO] Running com.puppycrawl.tools.checkstyle.grammars.comments.CommentsTest
[INFO] Tests run: 5, Failures: 0, Errors: 0, Skipped: 0, Time elapsed: 0.019 s - in com.puppycrawl.tools.checkstyle.grammars.comments.CommentsTest
[INFO] Running com.puppycrawl.tools.checkstyle.grammars.java8.DefaultMethodsTest
[INFO] Tests run: 2, Failures: 0, Errors: 0, Skipped: 0, Time elapsed: 0.03 s - in com.puppycrawl.tools.checkstyle.grammars.java8.DefaultMethodsTest
[INFO] Running com.puppycrawl.tools.checkstyle.grammars.java8.LambdaTest
[INFO] Tests run: 18, Failures: 0, Errors: 0, Skipped: 0, Time elapsed: 0.144 s - in com.puppycrawl.tools.checkstyle.grammars.java8.LambdaTest
[INFO] Running com.puppycrawl.tools.checkstyle.grammars.java8.AnnotationTest
[INFO] Tests run: 11, Failures: 0, Errors: 0, Skipped: 0, Time elapsed: 0.068 s - in com.puppycrawl.tools.checkstyle.grammars.java8.AnnotationTest
[INFO] Running com.puppycrawl.tools.checkstyle.grammars.java8.TypeUseAnnotationsOnQualifiedTypesTest
[INFO] Tests run: 1, Failures: 0, Errors: 0, Skipped: 0, Time elapsed: 0.008 s - in com.puppycrawl.tools.checkstyle.grammars.java8.TypeUseAnnotationsOnQualifiedTypesTest
[INFO] Running com.puppycrawl.tools.checkstyle.grammars.java8.ReceiverParameterTest
[INFO] Tests run: 1, Failures: 0, Errors: 0, Skipped: 0, Time elapsed: 0.006 s - in com.puppycrawl.tools.checkstyle.grammars.java8.ReceiverParameterTest
[INFO] Running com.puppycrawl.tools.checkstyle.grammars.java8.AnnotationsOnArrayTest
[INFO] Tests run: 1, Failures: 0, Errors: 0, Skipped: 0, Time elapsed: 0.016 s - in com.puppycrawl.tools.checkstyle.grammars.java8.AnnotationsOnArrayTest
[INFO] Running com.puppycrawl.tools.checkstyle.grammars.java8.MethodReferencesTest
[INFO] Tests run: 7, Failures: 0, Errors: 0, Skipped: 0, Time elapsed: 0.046 s - in com.puppycrawl.tools.checkstyle.grammars.java8.MethodReferencesTest
[INFO] Running com.puppycrawl.tools.checkstyle.grammars.javadoc.JavadocParseTreeTest
[INFO] Tests run: 35, Failures: 0, Errors: 0, Skipped: 0, Time elapsed: 0.625 s - in com.puppycrawl.tools.checkstyle.grammars.javadoc.JavadocParseTreeTest
[INFO] Running com.puppycrawl.tools.checkstyle.grammars.AstRegressionTest
[INFO] Tests run: 16, Failures: 0, Errors: 0, Skipped: 0, Time elapsed: 0.162 s - in com.puppycrawl.tools.checkstyle.grammars.AstRegressionTest
[INFO] Running com.puppycrawl.tools.checkstyle.grammars.UnicodeEscapeTest
[INFO] Tests run: 1, Failures: 0, Errors: 0, Skipped: 0, Time elapsed: 0.034 s - in com.puppycrawl.tools.checkstyle.grammars.UnicodeEscapeTest
[INFO] Running com.puppycrawl.tools.checkstyle.grammars.Java7DiamondTest
[INFO] Tests run: 1, Failures: 0, Errors: 0, Skipped: 0, Time elapsed: 0.064 s - in com.puppycrawl.tools.checkstyle.grammars.Java7DiamondTest
[INFO] Running com.puppycrawl.tools.checkstyle.grammars.LineCommentAtTheEndOfFileTest
[INFO] Tests run: 1, Failures: 0, Errors: 0, Skipped: 0, Time elapsed: 0.037 s - in com.puppycrawl.tools.checkstyle.grammars.LineCommentAtTheEndOfFileTest
[INFO] Running com.puppycrawl.tools.checkstyle.grammars.Java7MultiCatchTest
[INFO] Tests run: 1, Failures: 0, Errors: 0, Skipped: 0, Time elapsed: 0.024 s - in com.puppycrawl.tools.checkstyle.grammars.Java7MultiCatchTest
[INFO] Running com.puppycrawl.tools.checkstyle.grammars.HexFloatsTest
[INFO] Tests run: 1, Failures: 0, Errors: 0, Skipped: 0, Time elapsed: 0.007 s - in com.puppycrawl.tools.checkstyle.grammars.HexFloatsTest
[INFO] Running com.puppycrawl.tools.checkstyle.grammars.Java9TryWithResourcesTest
[INFO] Tests run: 1, Failures: 0, Errors: 0, Skipped: 0, Time elapsed: 0.006 s - in com.puppycrawl.tools.checkstyle.grammars.Java9TryWithResourcesTest
[INFO] Running com.puppycrawl.tools.checkstyle.grammars.MultiDimensionalArraysInGenericsTest
[INFO] Tests run: 1, Failures: 0, Errors: 0, Skipped: 0, Time elapsed: 0.011 s - in com.puppycrawl.tools.checkstyle.grammars.MultiDimensionalArraysInGenericsTest
[INFO] Running com.puppycrawl.tools.checkstyle.grammars.EmbeddedNullCharTest
[INFO] Tests run: 1, Failures: 0, Errors: 0, Skipped: 0, Time elapsed: 0.005 s - in com.puppycrawl.tools.checkstyle.grammars.EmbeddedNullCharTest
[INFO] Running com.puppycrawl.tools.checkstyle.grammars.GeneratedJavaTokenTypesTest
[INFO] Tests run: 1, Failures: 0, Errors: 0, Skipped: 0, Time elapsed: 0.002 s - in com.puppycrawl.tools.checkstyle.grammars.GeneratedJavaTokenTypesTest
[INFO] Running com.puppycrawl.tools.checkstyle.grammars.Java7NumericalLiteralsTest
[INFO] Tests run: 1, Failures: 0, Errors: 0, Skipped: 0, Time elapsed: 0.04 s - in com.puppycrawl.tools.checkstyle.grammars.Java7NumericalLiteralsTest
[INFO] Running com.puppycrawl.tools.checkstyle.grammars.GeneratedJava14LexerTest
[INFO] Tests run: 2, Failures: 0, Errors: 0, Skipped: 0, Time elapsed: 0.017 s - in com.puppycrawl.tools.checkstyle.grammars.GeneratedJava14LexerTest
[INFO] Running com.puppycrawl.tools.checkstyle.grammars.Java7TryWithResourcesTest
[INFO] Tests run: 1, Failures: 0, Errors: 0, Skipped: 0, Time elapsed: 0.012 s - in com.puppycrawl.tools.checkstyle.grammars.Java7TryWithResourcesTest
[INFO] Running com.puppycrawl.tools.checkstyle.grammars.Java7StringSwitchTest
[INFO] Tests run: 1, Failures: 0, Errors: 0, Skipped: 0, Time elapsed: 0.028 s - in com.puppycrawl.tools.checkstyle.grammars.Java7StringSwitchTest
[INFO] Running com.puppycrawl.tools.checkstyle.grammars.VarargTest
[INFO] Tests run: 1, Failures: 0, Errors: 0, Skipped: 0, Time elapsed: 0 s - in com.puppycrawl.tools.checkstyle.grammars.VarargTest
[INFO] Running com.puppycrawl.tools.checkstyle.gui.MainFrameModelTest
[INFO] Tests run: 9, Failures: 0, Errors: 0, Skipped: 0, Time elapsed: 1.648 s - in com.puppycrawl.tools.checkstyle.gui.MainFrameModelTest
[INFO] Running com.puppycrawl.tools.checkstyle.gui.ParseTreeTablePresentationTest
[INFO] Tests run: 16, Failures: 0, Errors: 0, Skipped: 0, Time elapsed: 0.163 s - in com.puppycrawl.tools.checkstyle.gui.ParseTreeTablePresentationTest
[INFO] Running com.puppycrawl.tools.checkstyle.gui.CodeSelectorPresentationTest
[INFO] Tests run: 5, Failures: 0, Errors: 0, Skipped: 0, Time elapsed: 0.012 s - in com.puppycrawl.tools.checkstyle.gui.CodeSelectorPresentationTest
[INFO] Running com.puppycrawl.tools.checkstyle.internal.XdocsPagesTest
[INFO] Tests run: 5, Failures: 0, Errors: 0, Skipped: 0, Time elapsed: 5.67 s - in com.puppycrawl.tools.checkstyle.internal.XdocsPagesTest
[INFO] Running com.puppycrawl.tools.checkstyle.internal.AllChecksTest
[INFO] Tests run: 11, Failures: 0, Errors: 0, Skipped: 0, Time elapsed: 4.638 s - in com.puppycrawl.tools.checkstyle.internal.AllChecksTest
[INFO] Running com.puppycrawl.tools.checkstyle.internal.CommitValidationTest
[INFO] Tests run: 3, Failures: 0, Errors: 0, Skipped: 0, Time elapsed: 0.4 s - in com.puppycrawl.tools.checkstyle.internal.CommitValidationTest
[INFO] Running com.puppycrawl.tools.checkstyle.utils.BlockCommentPositionTest
[INFO] Tests run: 1, Failures: 0, Errors: 0, Skipped: 0, Time elapsed: 0.039 s - in com.puppycrawl.tools.checkstyle.utils.BlockCommentPositionTest
[INFO] Running com.puppycrawl.tools.checkstyle.utils.JavadocUtilsTest
[INFO] Tests run: 23, Failures: 0, Errors: 0, Skipped: 0, Time elapsed: 0.963 s - in com.puppycrawl.tools.checkstyle.utils.JavadocUtilsTest
[INFO] Running com.puppycrawl.tools.checkstyle.utils.ModuleReflectionUtilsTest
[INFO] Tests run: 8, Failures: 0, Errors: 0, Skipped: 0, Time elapsed: 0 s - in com.puppycrawl.tools.checkstyle.utils.ModuleReflectionUtilsTest
[INFO] Running com.puppycrawl.tools.checkstyle.utils.AnnotationUtilityTest
[INFO] Tests run: 12, Failures: 0, Errors: 0, Skipped: 0, Time elapsed: 0.019 s - in com.puppycrawl.tools.checkstyle.utils.AnnotationUtilityTest
[INFO] Running com.puppycrawl.tools.checkstyle.utils.CommonUtilsTest
[INFO] Tests run: 40, Failures: 0, Errors: 0, Skipped: 0, Time elapsed: 1.341 s - in com.puppycrawl.tools.checkstyle.utils.CommonUtilsTest
[INFO] Running com.puppycrawl.tools.checkstyle.utils.ScopeUtilsTest
[INFO] Tests run: 21, Failures: 0, Errors: 0, Skipped: 0, Time elapsed: 0.012 s - in com.puppycrawl.tools.checkstyle.utils.ScopeUtilsTest
[INFO] Running com.puppycrawl.tools.checkstyle.utils.CheckUtilsTest
[INFO] Tests run: 21, Failures: 0, Errors: 0, Skipped: 0, Time elapsed: 0.127 s - in com.puppycrawl.tools.checkstyle.utils.CheckUtilsTest
[INFO] Running com.puppycrawl.tools.checkstyle.utils.TokenUtilsTest
[INFO] Tests run: 15, Failures: 0, Errors: 0, Skipped: 0, Time elapsed: 0.01 s - in com.puppycrawl.tools.checkstyle.utils.TokenUtilsTest
[INFO] Running com.puppycrawl.tools.checkstyle.PropertiesExpanderTest
[INFO] Tests run: 2, Failures: 0, Errors: 0, Skipped: 0, Time elapsed: 0.004 s - in com.puppycrawl.tools.checkstyle.PropertiesExpanderTest
[INFO] Running com.puppycrawl.tools.checkstyle.MainTest
[INFO] Tests run: 52, Failures: 0, Errors: 0, Skipped: 0, Time elapsed: 13.038 s - in com.puppycrawl.tools.checkstyle.MainTest
[INFO] Running com.puppycrawl.tools.checkstyle.PackageNamesLoaderTest
[INFO] Tests run: 5, Failures: 0, Errors: 0, Skipped: 0, Time elapsed: 0.035 s - in com.puppycrawl.tools.checkstyle.PackageNamesLoaderTest
[INFO] Running com.puppycrawl.tools.checkstyle.ConfigurationLoaderTest
[INFO] Tests run: 30, Failures: 0, Errors: 0, Skipped: 0, Time elapsed: 1.118 s - in com.puppycrawl.tools.checkstyle.ConfigurationLoaderTest
[INFO] Running com.puppycrawl.tools.checkstyle.XMLLoggerTest
[INFO] Tests run: 10, Failures: 0, Errors: 0, Skipped: 0, Time elapsed: 0.026 s - in com.puppycrawl.tools.checkstyle.XMLLoggerTest
[INFO] Running com.puppycrawl.tools.checkstyle.CheckerTest
[INFO] Tests run: 35, Failures: 0, Errors: 0, Skipped: 0, Time elapsed: 0.554 s - in com.puppycrawl.tools.checkstyle.CheckerTest
[INFO] Running com.puppycrawl.tools.checkstyle.DefaultLoggerTest
[INFO] Tests run: 2, Failures: 0, Errors: 0, Skipped: 0, Time elapsed: 0.002 s - in com.puppycrawl.tools.checkstyle.DefaultLoggerTest
[INFO] Running com.puppycrawl.tools.checkstyle.PackageObjectFactoryTest
[INFO] Tests run: 13, Failures: 0, Errors: 0, Skipped: 0, Time elapsed: 0.953 s - in com.puppycrawl.tools.checkstyle.PackageObjectFactoryTest
[INFO] Running com.puppycrawl.tools.checkstyle.ThreadModeSettingsTest
[INFO] Tests run: 6, Failures: 0, Errors: 0, Skipped: 0, Time elapsed: 0.178 s - in com.puppycrawl.tools.checkstyle.ThreadModeSettingsTest
[INFO] Running com.puppycrawl.tools.checkstyle.PropertyCacheFileTest
[INFO] Tests run: 16, Failures: 0, Errors: 0, Skipped: 0, Time elapsed: 1.089 s - in com.puppycrawl.tools.checkstyle.PropertyCacheFileTest
[INFO] Running com.puppycrawl.tools.checkstyle.DefinitionsTest
[INFO] Tests run: 1, Failures: 0, Errors: 0, Skipped: 0, Time elapsed: 0 s - in com.puppycrawl.tools.checkstyle.DefinitionsTest
[INFO] Running com.puppycrawl.tools.checkstyle.DefaultConfigurationTest
[INFO] Tests run: 4, Failures: 0, Errors: 0, Skipped: 0, Time elapsed: 0.001 s - in com.puppycrawl.tools.checkstyle.DefaultConfigurationTest
[INFO] Running com.puppycrawl.tools.checkstyle.TreeWalkerTest
[INFO] Tests run: 26, Failures: 0, Errors: 0, Skipped: 0, Time elapsed: 0.152 s - in com.puppycrawl.tools.checkstyle.TreeWalkerTest
[INFO] Running com.puppycrawl.tools.checkstyle.filefilters.ExclusionBeforeExecutionFileFilterTest
[INFO] Tests run: 4, Failures: 0, Errors: 0, Skipped: 0, Time elapsed: 0.006 s - in com.puppycrawl.tools.checkstyle.filefilters.ExclusionBeforeExecutionFileFilterTest
[INFO] Running com.puppycrawl.tools.checkstyle.AstTreeStringPrinterTest
[INFO] Tests run: 11, Failures: 0, Errors: 0, Skipped: 0, Time elapsed: 0.106 s - in com.puppycrawl.tools.checkstyle.AstTreeStringPrinterTest
[INFO] Running com.puppycrawl.tools.checkstyle.DetailNodeTreeStringPrinterTest
[INFO] Tests run: 5, Failures: 0, Errors: 0, Skipped: 0, Time elapsed: 0.013 s - in com.puppycrawl.tools.checkstyle.DetailNodeTreeStringPrinterTest
[INFO] Running com.puppycrawl.tools.checkstyle.AuditEventDefaultFormatterTest
[INFO] Tests run: 5, Failures: 0, Errors: 0, Skipped: 0, Time elapsed: 0.469 s - in com.puppycrawl.tools.checkstyle.AuditEventDefaultFormatterTest
[INFO] 
[INFO] Results:
[INFO] 
[ERROR] Errors: 
[ERROR]   AllBlockCommentsTest.testAstTree:60->BaseCheckTestSupport.verifyAst:172->BaseCheckTestSupport.readFile:225 Â» NoSuchFile
[ERROR]   AllSinglelineCommentsTest.testAstTree:60->BaseCheckTestSupport.verifyAst:172->BaseCheckTestSupport.readFile:225 Â» NoSuchFile
[INFO] 
[ERROR] Tests run: 2261, Failures: 0, Errors: 2, Skipped: 0
[INFO] 
[INFO] ------------------------------------------------------------------------
[INFO] BUILD FAILURE
[INFO] ------------------------------------------------------------------------
[INFO] Total time: 02:54 min
[INFO] Finished at: 2017-07-27T21:12:04+00:00
[INFO] Final Memory: 44M/424M
[INFO] ------------------------------------------------------------------------
[ERROR] Failed to execute goal org.apache.maven.plugins:maven-surefire-plugin:2.20:test (default-test) on project checkstyle: There are test failures.
[ERROR] 
[ERROR] Please refer to /home/travis/build/checkstyle/checkstyle/target/surefire-reports for the individual test results.
[ERROR] Please refer to dump files (if any exist) [date]-jvmRun[N].dump, [date].dumpstream and [date]-jvmRun[N].dumpstream.
[ERROR] -> [Help 1]
[ERROR] 
[ERROR] To see the full stack trace of the errors, re-run Maven with the -e switch.
[ERROR] Re-run Maven using the -X switch to enable full debug logging.
[ERROR] 
[ERROR] For more information about the errors and possible solutions, please read the following articles:
[ERROR] [Help 1] http://cwiki.apache.org/confluence/display/MAVEN/MojoFailureException
