travis_fold:start:worker_info[0K[33;1mWorker information[0m
hostname: i-07e6a86-precise-production-2-worker-org-docker.travisci.net:a51a0cff-9b9f-498d-b3c9-49d1e4881b0a
version: v2.5.0 https://github.com/travis-ci/worker/tree/da3a43228dffc0fcca5a46569ca786b22991979f
instance: c8426c2:travis:java
startup: 576.46227ms
travis_fold:end:worker_info[0Ktravis_fold:start:system_info[0K[33;1mBuild system information[0m
Build language: java
Build group: stable
Build dist: precise
Build id: 265751347
Job id: 265751364
Runtime kernel version: 4.8.12-040812-generic
travis-build version: 2643297a3
[34m[1mBuild image provisioning date and time[0m
Thu Feb  5 15:09:33 UTC 2015
[34m[1mOperating System Details[0m
Distributor ID:	Ubuntu
Description:	Ubuntu 12.04.5 LTS
Release:	12.04
Codename:	precise
[34m[1mLinux Version[0m
3.13.0-29-generic
[34m[1mCookbooks Version[0m
a68419e https://github.com/travis-ci/travis-cookbooks/tree/a68419e
[34m[1mGCC version[0m
gcc (Ubuntu/Linaro 4.6.3-1ubuntu5) 4.6.3
Copyright (C) 2011 Free Software Foundation, Inc.
This is free software; see the source for copying conditions.  There is NO
warranty; not even for MERCHANTABILITY or FITNESS FOR A PARTICULAR PURPOSE.

[34m[1mLLVM version[0m
clang version 3.4 (tags/RELEASE_34/final)
Target: x86_64-unknown-linux-gnu
Thread model: posix
[34m[1mPre-installed Ruby versions[0m
ruby-1.9.3-p551
[34m[1mPre-installed Node.js versions[0m
v0.10.36
[34m[1mPre-installed Go versions[0m
1.4.1
[34m[1mRedis version[0m
redis-server 2.8.19
[34m[1mriak version[0m
2.0.2
[34m[1mMongoDB version[0m
MongoDB 2.4.12
[34m[1mCouchDB version[0m
couchdb 1.6.1
[34m[1mNeo4j version[0m
1.9.4
[34m[1mRabbitMQ Version[0m
3.4.3
[34m[1mElasticSearch version[0m
1.4.0
[34m[1mInstalled Sphinx versions[0m
2.0.10
2.1.9
2.2.6
[34m[1mDefault Sphinx version[0m
2.2.6
[34m[1mInstalled Firefox version[0m
firefox 31.0esr
[34m[1mPhantomJS version[0m
1.9.8
[34m[1mant -version[0m
Apache Ant(TM) version 1.8.2 compiled on December 3 2011
[34m[1mmvn -version[0m
Apache Maven 3.2.5 (12a6b3acb947671f09b81f49094c53f426d8cea1; 2014-12-14T17:29:23+00:00)
Maven home: /usr/local/maven
Java version: 1.7.0_76, vendor: Oracle Corporation
Java home: /usr/lib/jvm/java-7-oracle/jre
Default locale: en_US, platform encoding: ANSI_X3.4-1968
OS name: "linux", version: "3.13.0-29-generic", arch: "amd64", family: "unix"
travis_fold:end:system_info[0K
travis_fold:start:fix.CVE-2015-7547[0K$ export DEBIAN_FRONTEND=noninteractive
Reading package lists...
Building dependency tree...
Reading state information...
The following extra packages will be installed:
  libc-bin libc-dev-bin libc6-dev
Suggested packages:
  glibc-doc
The following packages will be upgraded:
  libc-bin libc-dev-bin libc6 libc6-dev
4 upgraded, 0 newly installed, 0 to remove and 278 not upgraded.
Need to get 8,856 kB of archives.
After this operation, 13.3 kB of additional disk space will be used.
Get:1 http://us.archive.ubuntu.com/ubuntu/ precise-updates/main libc6-dev amd64 2.15-0ubuntu10.18 [2,948 kB]
Get:2 http://us.archive.ubuntu.com/ubuntu/ precise-updates/main libc-dev-bin amd64 2.15-0ubuntu10.18 [84.5 kB]
Get:3 http://us.archive.ubuntu.com/ubuntu/ precise-updates/main libc-bin amd64 2.15-0ubuntu10.18 [1,178 kB]
Get:4 http://us.archive.ubuntu.com/ubuntu/ precise-updates/main libc6 amd64 2.15-0ubuntu10.18 [4,646 kB]
Fetched 8,856 kB in 0s (33.4 MB/s)
Preconfiguring packages ...
(Reading database ... (Reading database ... 5%(Reading database ... 10%(Reading database ... 15%(Reading database ... 20%(Reading database ... 25%(Reading database ... 30%(Reading database ... 35%(Reading database ... 40%(Reading database ... 45%(Reading database ... 50%(Reading database ... 55%(Reading database ... 60%(Reading database ... 65%(Reading database ... 70%(Reading database ... 75%(Reading database ... 80%(Reading database ... 85%(Reading database ... 90%(Reading database ... 95%(Reading database ... 100%(Reading database ... 72019 files and directories currently installed.)
Preparing to replace libc6-dev 2.15-0ubuntu10.10 (using .../libc6-dev_2.15-0ubuntu10.18_amd64.deb) ...
Unpacking replacement libc6-dev ...
Preparing to replace libc-dev-bin 2.15-0ubuntu10.10 (using .../libc-dev-bin_2.15-0ubuntu10.18_amd64.deb) ...
Unpacking replacement libc-dev-bin ...
Preparing to replace libc-bin 2.15-0ubuntu10.10 (using .../libc-bin_2.15-0ubuntu10.18_amd64.deb) ...
Unpacking replacement libc-bin ...
Processing triggers for man-db ...
Setting up libc-bin (2.15-0ubuntu10.18) ...
(Reading database ... (Reading database ... 5%(Reading database ... 10%(Reading database ... 15%(Reading database ... 20%(Reading database ... 25%(Reading database ... 30%(Reading database ... 35%(Reading database ... 40%(Reading database ... 45%(Reading database ... 50%(Reading database ... 55%(Reading database ... 60%(Reading database ... 65%(Reading database ... 70%(Reading database ... 75%(Reading database ... 80%(Reading database ... 85%(Reading database ... 90%(Reading database ... 95%(Reading database ... 100%(Reading database ... 72018 files and directories currently installed.)
Preparing to replace libc6 2.15-0ubuntu10.10 (using .../libc6_2.15-0ubuntu10.18_amd64.deb) ...
Unpacking replacement libc6 ...
Setting up libc6 (2.15-0ubuntu10.18) ...
Setting up libc-dev-bin (2.15-0ubuntu10.18) ...
Setting up libc6-dev (2.15-0ubuntu10.18) ...
Processing triggers for libc-bin ...
ldconfig deferred processing now taking place
travis_fold:end:fix.CVE-2015-7547[0Ktravis_fold:start:update_libssl1.0.0[0K$ sudo apt-get install ca-certificates libssl1.0.0
Reading package lists... 0%Reading package lists... 0%Reading package lists... 1%Reading package lists... 10%Reading package lists... 10%Reading package lists... 11%Reading package lists... 11%Reading package lists... 46%Reading package lists... 46%Reading package lists... 46%Reading package lists... 47%Reading package lists... 47%Reading package lists... 58%Reading package lists... 58%Reading package lists... 58%Reading package lists... 58%Reading package lists... 94%Reading package lists... 94%Reading package lists... 95%Reading package lists... 95%Reading package lists... 95%Reading package lists... 95%Reading package lists... 95%Reading package lists... 95%Reading package lists... 95%Reading package lists... 95%Reading package lists... 95%Reading package lists... 95%Reading package lists... 95%Reading package lists... 95%Reading package lists... 95%Reading package lists... 95%Reading package lists... 95%Reading package lists... 95%Reading package lists... 95%Reading package lists... 95%Reading package lists... 95%Reading package lists... 95%Reading package lists... 95%Reading package lists... 95%Reading package lists... 95%Reading package lists... 95%Reading package lists... 95%Reading package lists... 95%Reading package lists... 95%Reading package lists... 95%Reading package lists... 95%Reading package lists... 95%Reading package lists... 95%Reading package lists... 95%Reading package lists... 95%Reading package lists... 95%Reading package lists... 95%Reading package lists... 95%Reading package lists... 95%Reading package lists... 95%Reading package lists... 95%Reading package lists... 95%Reading package lists... 95%Reading package lists... 95%Reading package lists... 95%Reading package lists... 95%Reading package lists... 95%Reading package lists... 95%Reading package lists... 95%Reading package lists... 95%Reading package lists... 95%Reading package lists... 95%Reading package lists... 95%Reading package lists... 95%Reading package lists... 95%Reading package lists... 95%Reading package lists... 95%Reading package lists... 95%Reading package lists... 95%Reading package lists... 95%Reading package lists... 95%Reading package lists... 96%Reading package lists... 96%Reading package lists... 96%Reading package lists... 96%Reading package lists... 97%Reading package lists... 97%Reading package lists... 98%Reading package lists... 98%Reading package lists... 98%Reading package lists... 98%Reading package lists... 98%Reading package lists... 98%Reading package lists... 98%Reading package lists... 98%Reading package lists... 98%Reading package lists... 98%Reading package lists... 98%Reading package lists... 98%Reading package lists... 98%Reading package lists... 98%Reading package lists... 98%Reading package lists... 98%Reading package lists... 98%Reading package lists... 98%Reading package lists... Done
Building dependency tree... 0%Building dependency tree... 0%Building dependency tree... 50%Building dependency tree... 50%Building dependency tree       
Reading state information... 0%Reading state information... 0%Reading state information... Done
The following extra packages will be installed:
  libssl-dev
The following packages will be upgraded:
  ca-certificates libssl-dev libssl1.0.0
3 upgraded, 0 newly installed, 0 to remove and 275 not upgraded.
Need to get 2,842 kB of archives.
After this operation, 41.0 kB of additional disk space will be used.
0% [Working]            Get:1 http://us.archive.ubuntu.com/ubuntu/ precise-updates/main libssl-dev amd64 1.0.1-4ubuntu5.39 [1,580 kB]
            0% [1 libssl-dev 14.1 kB/1,580 kB 1%]                                     56% [Working]             Get:2 http://us.archive.ubuntu.com/ubuntu/ precise-updates/main libssl1.0.0 amd64 1.0.1-4ubuntu5.39 [1,054 kB]
             57% [2 libssl1.0.0 28.7 kB/1,054 kB 3%]                                       93% [Waiting for headers]                         Get:3 http://us.archive.ubuntu.com/ubuntu/ precise-updates/main ca-certificates all 20160104ubuntu0.12.04.1 [208 kB]
                         94% [3 ca-certificates 51.7 kB/208 kB 25%]                                          100% [Working]              Fetched 2,842 kB in 0s (17.7 MB/s)
Preconfiguring packages ...
(Reading database ... (Reading database ... 5%(Reading database ... 10%(Reading database ... 15%(Reading database ... 20%(Reading database ... 25%(Reading database ... 30%(Reading database ... 35%(Reading database ... 40%(Reading database ... 45%(Reading database ... 50%(Reading database ... 55%(Reading database ... 60%(Reading database ... 65%(Reading database ... 70%(Reading database ... 75%(Reading database ... 80%(Reading database ... 85%(Reading database ... 90%(Reading database ... 95%(Reading database ... 100%(Reading database ... 72018 files and directories currently installed.)
Preparing to replace libssl-dev 1.0.1-4ubuntu5.21 (using .../libssl-dev_1.0.1-4ubuntu5.39_amd64.deb) ...
Unpacking replacement libssl-dev ...
Preparing to replace libssl1.0.0 1.0.1-4ubuntu5.21 (using .../libssl1.0.0_1.0.1-4ubuntu5.39_amd64.deb) ...
Unpacking replacement libssl1.0.0 ...
Setting up libssl1.0.0 (1.0.1-4ubuntu5.39) ...
Processing triggers for libc-bin ...
ldconfig deferred processing now taking place
(Reading database ... (Reading database ... 5%(Reading database ... 10%(Reading database ... 15%(Reading database ... 20%(Reading database ... 25%(Reading database ... 30%(Reading database ... 35%(Reading database ... 40%(Reading database ... 45%(Reading database ... 50%(Reading database ... 55%(Reading database ... 60%(Reading database ... 65%(Reading database ... 70%(Reading database ... 75%(Reading database ... 80%(Reading database ... 85%(Reading database ... 90%(Reading database ... 95%(Reading database ... 100%(Reading database ... 72018 files and directories currently installed.)
Preparing to replace ca-certificates 20130906ubuntu0.12.04.1 (using .../ca-certificates_20160104ubuntu0.12.04.1_all.deb) ...
Unpacking replacement ca-certificates ...
Processing triggers for man-db ...
Setting up libssl-dev (1.0.1-4ubuntu5.39) ...
Setting up ca-certificates (20160104ubuntu0.12.04.1) ...
Updating certificates in /etc/ssl/certs... 35 added, 26 removed; done.
Running hooks in /etc/ca-certificates/update.d....
Adding debian:ACCVRAIZ1.pem
Adding debian:Atos_TrustedRoot_2011.pem
Adding debian:CA_WoSign_ECC_Root.pem
Adding debian:Certification_Authority_of_WoSign_G2.pem
Adding debian:Certinomis_-_Root_CA.pem
Adding debian:CFCA_EV_ROOT.pem
Adding debian:COMODO_RSA_Certification_Authority.pem
Adding debian:DigiCert_Assured_ID_Root_G2.pem
Adding debian:DigiCert_Assured_ID_Root_G3.pem
Adding debian:DigiCert_Global_Root_G2.pem
Adding debian:DigiCert_Global_Root_G3.pem
Adding debian:DigiCert_Trusted_Root_G4.pem
Adding debian:Entrust_Root_Certification_Authority_-_EC1.pem
Adding debian:Entrust_Root_Certification_Authority_-_G2.pem
Adding debian:E-Tugra_Certification_Authority.pem
Adding debian:GlobalSign_ECC_Root_CA_-_R4.pem
Adding debian:GlobalSign_ECC_Root_CA_-_R5.pem
Adding debian:IdenTrust_Commercial_Root_CA_1.pem
Adding debian:IdenTrust_Public_Sector_Root_CA_1.pem
Adding debian:OISTE_WISeKey_Global_Root_GB_CA.pem
Adding debian:QuoVadis_Root_CA_1_G3.pem
Adding debian:QuoVadis_Root_CA_2_G3.pem
Adding debian:QuoVadis_Root_CA_3_G3.pem
Adding debian:Staat_der_Nederlanden_EV_Root_CA.pem
Adding debian:Staat_der_Nederlanden_Root_CA_-_G3.pem
Adding debian:S-TRUST_Universal_Root_CA.pem
Adding debian:TeliaSonera_Root_CA_v1.pem
Adding debian:T-TeleSec_GlobalRoot_Class_2.pem
Adding debian:TÃœRKTRUST_Elektronik_Sertifika_Hizmet_SaÄŸlayÄ±cÄ±sÄ±_H5.pem
Adding debian:TÃœRKTRUST_Elektronik_Sertifika_Hizmet_SaÄŸlayÄ±cÄ±sÄ±_H6.pem
Adding debian:TWCA_Global_Root_CA.pem
Adding debian:USERTrust_ECC_Certification_Authority.pem
Adding debian:USERTrust_RSA_Certification_Authority.pem
Adding debian:WoSign_China.pem
Adding debian:WoSign.pem
Removing debian:A-Trust-nQual-03.pem
Removing debian:America_Online_Root_Certification_Authority_1.pem
Removing debian:America_Online_Root_Certification_Authority_2.pem
Removing debian:Buypass_Class_3_CA_1.pem
Removing debian:ComSign_Secured_CA.pem
Removing debian:Digital_Signature_Trust_Co._Global_CA_1.pem
Removing debian:Digital_Signature_Trust_Co._Global_CA_3.pem
Removing debian:E-Guven_Kok_Elektronik_Sertifika_Hizmet_Saglayicisi.pem
Removing debian:Entrust.net_Secure_Server_CA.pem
Removing debian:Firmaprofesional_Root_CA.pem
Removing debian:GTE_CyberTrust_Global_Root.pem
Removing debian:RSA_Root_Certificate_1.pem
Removing debian:TC_TrustCenter_Class_2_CA_II.pem
Removing debian:TC_TrustCenter_Universal_CA_I.pem
Removing debian:TDC_Internet_Root_CA.pem
Removing debian:TDC_OCES_Root_CA.pem
Removing debian:TURKTRUST_Certificate_Services_Provider_Root_1.pem
Removing debian:TURKTRUST_Certificate_Services_Provider_Root_2.pem
Removing debian:Thawte_Premium_Server_CA.pem
Removing debian:Thawte_Server_CA.pem
Removing debian:UTN_DATACorp_SGC_Root_CA.pem
Removing debian:ValiCert_Class_1_VA.pem
Removing debian:ValiCert_Class_2_VA.pem
Removing debian:Verisign_Class_4_Public_Primary_Certification_Authority_-_G3.pem
Removing debian:Wells_Fargo_Root_CA.pem
Removing debian:spi-cacert-2008.pem
done.
done.
travis_fold:end:update_libssl1.0.0[0K$ jdk_switcher use oraclejdk8
Switching to Oracle JDK8 (java-8-oracle), JAVA_HOME will be set to /usr/lib/jvm/java-8-oracle
travis_fold:start:git.checkout[0Ktravis_time:start:1979fc5c[0K$ git clone --depth=50 https://github.com/checkstyle/checkstyle.git checkstyle/checkstyle
Cloning into 'checkstyle/checkstyle'...
remote: Counting objects: 3683, done.[K
remote: Compressing objects:   0% (1/2417)   [Kremote: Compressing objects:   1% (25/2417)   [Kremote: Compressing objects:   2% (49/2417)   [Kremote: Compressing objects:   3% (73/2417)   [Kremote: Compressing objects:   4% (97/2417)   [Kremote: Compressing objects:   5% (121/2417)   [Kremote: Compressing objects:   6% (146/2417)   [Kremote: Compressing objects:   7% (170/2417)   [Kremote: Compressing objects:   8% (194/2417)   [Kremote: Compressing objects:   9% (218/2417)   [Kremote: Compressing objects:  10% (242/2417)   [Kremote: Compressing objects:  11% (266/2417)   [Kremote: Compressing objects:  12% (291/2417)   [Kremote: Compressing objects:  13% (315/2417)   [Kremote: Compressing objects:  14% (339/2417)   [Kremote: Compressing objects:  15% (363/2417)   [Kremote: Compressing objects:  16% (387/2417)   [Kremote: Compressing objects:  17% (411/2417)   [Kremote: Compressing objects:  18% (436/2417)   [Kremote: Compressing objects:  19% (460/2417)   [Kremote: Compressing objects:  20% (484/2417)   [Kremote: Compressing objects:  21% (508/2417)   [Kremote: Compressing objects:  22% (532/2417)   [Kremote: Compressing objects:  23% (556/2417)   [Kremote: Compressing objects:  24% (581/2417)   [Kremote: Compressing objects:  25% (605/2417)   [Kremote: Compressing objects:  26% (629/2417)   [Kremote: Compressing objects:  27% (653/2417)   [Kremote: Compressing objects:  28% (677/2417)   [Kremote: Compressing objects:  29% (701/2417)   [Kremote: Compressing objects:  30% (726/2417)   [Kremote: Compressing objects:  31% (750/2417)   [Kremote: Compressing objects:  32% (774/2417)   [Kremote: Compressing objects:  33% (798/2417)   [Kremote: Compressing objects:  34% (822/2417)   [Kremote: Compressing objects:  35% (846/2417)   [Kremote: Compressing objects:  36% (871/2417)   [Kremote: Compressing objects:  37% (895/2417)   [Kremote: Compressing objects:  38% (919/2417)   [Kremote: Compressing objects:  39% (943/2417)   [Kremote: Compressing objects:  40% (967/2417)   [Kremote: Compressing objects:  41% (991/2417)   [Kremote: Compressing objects:  42% (1016/2417)   [Kremote: Compressing objects:  43% (1040/2417)   [Kremote: Compressing objects:  44% (1064/2417)   [Kremote: Compressing objects:  45% (1088/2417)   [Kremote: Compressing objects:  46% (1112/2417)   [Kremote: Compressing objects:  47% (1136/2417)   [Kremote: Compressing objects:  48% (1161/2417)   [Kremote: Compressing objects:  49% (1185/2417)   [Kremote: Compressing objects:  50% (1209/2417)   [Kremote: Compressing objects:  51% (1233/2417)   [Kremote: Compressing objects:  52% (1257/2417)   [Kremote: Compressing objects:  53% (1282/2417)   [Kremote: Compressing objects:  54% (1306/2417)   [Kremote: Compressing objects:  55% (1330/2417)   [Kremote: Compressing objects:  56% (1354/2417)   [Kremote: Compressing objects:  57% (1378/2417)   [Kremote: Compressing objects:  58% (1402/2417)   [Kremote: Compressing objects:  59% (1427/2417)   [Kremote: Compressing objects:  60% (1451/2417)   [Kremote: Compressing objects:  61% (1475/2417)   [Kremote: Compressing objects:  62% (1499/2417)   [Kremote: Compressing objects:  63% (1523/2417)   [Kremote: Compressing objects:  64% (1547/2417)   [Kremote: Compressing objects:  65% (1572/2417)   [Kremote: Compressing objects:  66% (1596/2417)   [Kremote: Compressing objects:  67% (1620/2417)   [Kremote: Compressing objects:  68% (1644/2417)   [Kremote: Compressing objects:  69% (1668/2417)   [Kremote: Compressing objects:  70% (1692/2417)   [Kremote: Compressing objects:  71% (1717/2417)   [Kremote: Compressing objects:  72% (1741/2417)   [Kremote: Compressing objects:  73% (1765/2417)   [Kremote: Compressing objects:  74% (1789/2417)   [Kremote: Compressing objects:  75% (1813/2417)   [Kremote: Compressing objects:  76% (1837/2417)   [Kremote: Compressing objects:  77% (1862/2417)   [Kremote: Compressing objects:  78% (1886/2417)   [Kremote: Compressing objects:  79% (1910/2417)   [Kremote: Compressing objects:  80% (1934/2417)   [Kremote: Compressing objects:  81% (1958/2417)   [Kremote: Compressing objects:  82% (1982/2417)   [Kremote: Compressing objects:  83% (2007/2417)   [Kremote: Compressing objects:  84% (2031/2417)   [Kremote: Compressing objects:  85% (2055/2417)   [Kremote: Compressing objects:  86% (2079/2417)   [Kremote: Compressing objects:  87% (2103/2417)   [Kremote: Compressing objects:  88% (2127/2417)   [Kremote: Compressing objects:  89% (2152/2417)   [Kremote: Compressing objects:  90% (2176/2417)   [Kremote: Compressing objects:  91% (2200/2417)   [Kremote: Compressing objects:  92% (2224/2417)   [Kremote: Compressing objects:  93% (2248/2417)   [Kremote: Compressing objects:  94% (2272/2417)   [Kremote: Compressing objects:  95% (2297/2417)   [Kremote: Compressing objects:  96% (2321/2417)   [Kremote: Compressing objects:  97% (2345/2417)   [Kremote: Compressing objects:  98% (2369/2417)   [Kremote: Compressing objects:  99% (2393/2417)   [Kremote: Compressing objects: 100% (2417/2417)   [Kremote: Compressing objects: 100% (2417/2417), done.[K
Receiving objects:   0% (1/3683)   Receiving objects:   1% (37/3683)   Receiving objects:   2% (74/3683)   Receiving objects:   3% (111/3683)   Receiving objects:   4% (148/3683)   Receiving objects:   5% (185/3683)   Receiving objects:   6% (221/3683)   Receiving objects:   7% (258/3683)   Receiving objects:   8% (295/3683)   Receiving objects:   9% (332/3683)   Receiving objects:  10% (369/3683)   Receiving objects:  11% (406/3683)   Receiving objects:  12% (442/3683)   Receiving objects:  13% (479/3683)   Receiving objects:  14% (516/3683)   Receiving objects:  15% (553/3683)   Receiving objects:  16% (590/3683)   Receiving objects:  17% (627/3683)   Receiving objects:  18% (663/3683)   Receiving objects:  19% (700/3683)   Receiving objects:  20% (737/3683)   Receiving objects:  21% (774/3683)   Receiving objects:  22% (811/3683)   Receiving objects:  23% (848/3683)   Receiving objects:  24% (884/3683)   Receiving objects:  25% (921/3683)   Receiving objects:  26% (958/3683)   Receiving objects:  27% (995/3683)   Receiving objects:  28% (1032/3683)   Receiving objects:  29% (1069/3683)   Receiving objects:  30% (1105/3683)   Receiving objects:  31% (1142/3683)   Receiving objects:  32% (1179/3683)   Receiving objects:  33% (1216/3683)   Receiving objects:  34% (1253/3683)   Receiving objects:  35% (1290/3683)   Receiving objects:  36% (1326/3683)   Receiving objects:  37% (1363/3683)   Receiving objects:  38% (1400/3683)   Receiving objects:  39% (1437/3683)   Receiving objects:  40% (1474/3683)   Receiving objects:  41% (1511/3683)   Receiving objects:  42% (1547/3683)   Receiving objects:  43% (1584/3683)   Receiving objects:  44% (1621/3683)   Receiving objects:  45% (1658/3683)   Receiving objects:  46% (1695/3683)   Receiving objects:  47% (1732/3683)   Receiving objects:  48% (1768/3683)   Receiving objects:  49% (1805/3683)   Receiving objects:  50% (1842/3683)   Receiving objects:  51% (1879/3683)   Receiving objects:  52% (1916/3683)   Receiving objects:  53% (1952/3683)   Receiving objects:  54% (1989/3683)   Receiving objects:  55% (2026/3683)   Receiving objects:  56% (2063/3683)   Receiving objects:  57% (2100/3683)   Receiving objects:  58% (2137/3683)   Receiving objects:  59% (2173/3683)   Receiving objects:  60% (2210/3683)   Receiving objects:  61% (2247/3683)   Receiving objects:  62% (2284/3683)   Receiving objects:  63% (2321/3683)   Receiving objects:  64% (2358/3683)   Receiving objects:  65% (2394/3683)   Receiving objects:  66% (2431/3683)   Receiving objects:  67% (2468/3683)   Receiving objects:  68% (2505/3683)   Receiving objects:  69% (2542/3683)   Receiving objects:  70% (2579/3683)   Receiving objects:  71% (2615/3683)   Receiving objects:  72% (2652/3683)   Receiving objects:  73% (2689/3683)   Receiving objects:  74% (2726/3683)   Receiving objects:  75% (2763/3683)   Receiving objects:  76% (2800/3683)   Receiving objects:  77% (2836/3683)   Receiving objects:  78% (2873/3683)   Receiving objects:  79% (2910/3683)   Receiving objects:  80% (2947/3683)   Receiving objects:  81% (2984/3683)   Receiving objects:  82% (3021/3683)   Receiving objects:  83% (3057/3683)   Receiving objects:  84% (3094/3683)   remote: Total 3683 (delta 1394), reused 2120 (delta 847), pack-reused 0[K
Receiving objects:  85% (3131/3683)   Receiving objects:  86% (3168/3683)   Receiving objects:  87% (3205/3683)   Receiving objects:  88% (3242/3683)   Receiving objects:  89% (3278/3683)   Receiving objects:  90% (3315/3683)   Receiving objects:  91% (3352/3683)   Receiving objects:  92% (3389/3683)   Receiving objects:  93% (3426/3683)   Receiving objects:  94% (3463/3683)   Receiving objects:  95% (3499/3683)   Receiving objects:  96% (3536/3683)   Receiving objects:  97% (3573/3683)   Receiving objects:  98% (3610/3683)   Receiving objects:  99% (3647/3683)   Receiving objects: 100% (3683/3683)   Receiving objects: 100% (3683/3683), 4.51 MiB | 0 bytes/s, done.
Resolving deltas:   0% (0/1394)   Resolving deltas:   1% (18/1394)   Resolving deltas:   2% (28/1394)   Resolving deltas:   3% (44/1394)   Resolving deltas:   4% (66/1394)   Resolving deltas:   9% (131/1394)   Resolving deltas:  10% (143/1394)   Resolving deltas:  13% (190/1394)   Resolving deltas:  14% (203/1394)   Resolving deltas:  16% (229/1394)   Resolving deltas:  17% (240/1394)   Resolving deltas:  18% (251/1394)   Resolving deltas:  19% (268/1394)   Resolving deltas:  20% (282/1394)   Resolving deltas:  22% (308/1394)   Resolving deltas:  23% (324/1394)   Resolving deltas:  24% (338/1394)   Resolving deltas:  25% (349/1394)   Resolving deltas:  26% (368/1394)   Resolving deltas:  27% (385/1394)   Resolving deltas:  28% (402/1394)   Resolving deltas:  29% (418/1394)   Resolving deltas:  30% (420/1394)   Resolving deltas:  31% (439/1394)   Resolving deltas:  32% (449/1394)   Resolving deltas:  33% (472/1394)   Resolving deltas:  35% (489/1394)   Resolving deltas:  36% (508/1394)   Resolving deltas:  37% (516/1394)   Resolving deltas:  38% (530/1394)   Resolving deltas:  39% (547/1394)   Resolving deltas:  40% (558/1394)   Resolving deltas:  41% (580/1394)   Resolving deltas:  42% (587/1394)   Resolving deltas:  43% (602/1394)   Resolving deltas:  44% (614/1394)   Resolving deltas:  45% (629/1394)   Resolving deltas:  46% (642/1394)   Resolving deltas:  47% (657/1394)   Resolving deltas:  48% (672/1394)   Resolving deltas:  49% (688/1394)   Resolving deltas:  50% (697/1394)   Resolving deltas:  51% (712/1394)   Resolving deltas:  52% (726/1394)   Resolving deltas:  53% (739/1394)   Resolving deltas:  54% (753/1394)   Resolving deltas:  55% (767/1394)   Resolving deltas:  56% (781/1394)   Resolving deltas:  57% (804/1394)   Resolving deltas:  58% (811/1394)   Resolving deltas:  59% (823/1394)   Resolving deltas:  60% (837/1394)   Resolving deltas:  61% (853/1394)   Resolving deltas:  62% (865/1394)   Resolving deltas:  63% (879/1394)   Resolving deltas:  64% (893/1394)   Resolving deltas:  65% (909/1394)   Resolving deltas:  66% (921/1394)   Resolving deltas:  67% (938/1394)   Resolving deltas:  68% (950/1394)   Resolving deltas:  69% (962/1394)   Resolving deltas:  70% (977/1394)   Resolving deltas:  71% (990/1394)   Resolving deltas:  72% (1005/1394)   Resolving deltas:  73% (1018/1394)   Resolving deltas:  74% (1034/1394)   Resolving deltas:  75% (1046/1394)   Resolving deltas:  76% (1060/1394)   Resolving deltas:  77% (1074/1394)   Resolving deltas:  78% (1089/1394)   Resolving deltas:  79% (1102/1394)   Resolving deltas:  80% (1119/1394)   Resolving deltas:  81% (1130/1394)   Resolving deltas:  82% (1152/1394)   Resolving deltas:  83% (1158/1394)   Resolving deltas:  84% (1171/1394)   Resolving deltas:  85% (1185/1394)   Resolving deltas:  86% (1199/1394)   Resolving deltas:  87% (1213/1394)   Resolving deltas:  88% (1228/1394)   Resolving deltas:  89% (1241/1394)   Resolving deltas:  90% (1256/1394)   Resolving deltas:  91% (1271/1394)   Resolving deltas:  92% (1283/1394)   Resolving deltas:  93% (1297/1394)   Resolving deltas:  94% (1311/1394)   Resolving deltas:  95% (1325/1394)   Resolving deltas:  96% (1351/1394)   Resolving deltas:  97% (1353/1394)   Resolving deltas:  98% (1368/1394)   Resolving deltas:  99% (1381/1394)   Resolving deltas: 100% (1394/1394)   Resolving deltas: 100% (1394/1394), done.
Checking connectivity... done.

travis_time:end:1979fc5c:start=1503012260731357772,finish=1503012262783441025,duration=2052083253[0K$ cd checkstyle/checkstyle
travis_time:start:159e05c4[0K$ git fetch origin +refs/pull/4960/merge:
remote: Counting objects: 40, done.[K
remote: Compressing objects:   6% (1/15)   [Kremote: Compressing objects:  13% (2/15)   [Kremote: Compressing objects:  20% (3/15)   [Kremote: Compressing objects:  26% (4/15)   [Kremote: Compressing objects:  33% (5/15)   [Kremote: Compressing objects:  40% (6/15)   [Kremote: Compressing objects:  46% (7/15)   [Kremote: Compressing objects:  53% (8/15)   [Kremote: Compressing objects:  60% (9/15)   [Kremote: Compressing objects:  66% (10/15)   [Kremote: Compressing objects:  73% (11/15)   [Kremote: Compressing objects:  80% (12/15)   [Kremote: Compressing objects:  86% (13/15)   [Kremote: Compressing objects:  93% (14/15)   [Kremote: Compressing objects: 100% (15/15)   [Kremote: Compressing objects: 100% (15/15), done.[K
remote: Total 40 (delta 13), reused 23 (delta 9), pack-reused 0[K
Unpacking objects:   2% (1/40)   Unpacking objects:   5% (2/40)   Unpacking objects:   7% (3/40)   Unpacking objects:  10% (4/40)   Unpacking objects:  12% (5/40)   Unpacking objects:  15% (6/40)   Unpacking objects:  17% (7/40)   Unpacking objects:  20% (8/40)   Unpacking objects:  22% (9/40)   Unpacking objects:  25% (10/40)   Unpacking objects:  27% (11/40)   Unpacking objects:  30% (12/40)   Unpacking objects:  32% (13/40)   Unpacking objects:  35% (14/40)   Unpacking objects:  37% (15/40)   Unpacking objects:  40% (16/40)   Unpacking objects:  42% (17/40)   Unpacking objects:  45% (18/40)   Unpacking objects:  47% (19/40)   Unpacking objects:  50% (20/40)   Unpacking objects:  52% (21/40)   Unpacking objects:  55% (22/40)   Unpacking objects:  57% (23/40)   Unpacking objects:  60% (24/40)   Unpacking objects:  62% (25/40)   Unpacking objects:  65% (26/40)   Unpacking objects:  67% (27/40)   Unpacking objects:  70% (28/40)   Unpacking objects:  72% (29/40)   Unpacking objects:  75% (30/40)   Unpacking objects:  77% (31/40)   Unpacking objects:  80% (32/40)   Unpacking objects:  82% (33/40)   Unpacking objects:  85% (34/40)   Unpacking objects:  87% (35/40)   Unpacking objects:  90% (36/40)   Unpacking objects:  92% (37/40)   Unpacking objects:  95% (38/40)   Unpacking objects:  97% (39/40)   Unpacking objects: 100% (40/40)   Unpacking objects: 100% (40/40), done.
From https://github.com/checkstyle/checkstyle
 * branch            refs/pull/4960/merge -> FETCH_HEAD

travis_time:end:159e05c4:start=1503012262789265762,finish=1503012263208224896,duration=418959134[0K$ git checkout -qf FETCH_HEAD
travis_fold:end:git.checkout[0Ktravis_fold:start:apt[0K[33;1mInstalling APT Packages (BETA)[0m
$ export DEBIAN_FRONTEND=noninteractive
travis_time:start:04466848[0K$ sudo -E apt-get -yq update &>> ~/apt-get-update.log

travis_time:end:04466848:start=1503012263358241299,finish=1503012267977655014,duration=4619413715[0Ktravis_time:start:0ed3da3a[0K$ sudo -E apt-get -yq --no-install-suggests --no-install-recommends --force-yes install xsltproc xmlstarlet oracle-java8-installer
Reading package lists...
Building dependency tree...
Reading state information...
Suggested packages:
  binfmt-support visualvm ttf-baekmuk ttf-unfonts ttf-unfonts-core
  ttf-kochi-gothic ttf-sazanami-gothic ttf-kochi-mincho ttf-sazanami-mincho
  ttf-arphic-uming
Recommended packages:
  oracle-java8-set-default
The following NEW packages will be installed:
  xmlstarlet xsltproc
The following packages will be upgraded:
  oracle-java8-installer
1 upgraded, 2 newly installed, 0 to remove and 274 not upgraded.
Need to get 232 kB of archives.
After this operation, 494 kB of additional disk space will be used.
Get:1 http://us.archive.ubuntu.com/ubuntu/ precise/main xmlstarlet amd64 1.3.0-1 [184 kB]
Get:2 http://us.archive.ubuntu.com/ubuntu/ precise-updates/main xsltproc amd64 1.1.26-8ubuntu1.4 [15.1 kB]
Get:3 http://ppa.launchpad.net/webupd8team/java/ubuntu/ precise/main oracle-java8-installer all 8u144-1~webupd8~0 [32.9 kB]
Fetched 232 kB in 0s (767 kB/s)
Preconfiguring packages ...
(Reading database ... (Reading database ... 5%(Reading database ... 10%(Reading database ... 15%(Reading database ... 20%(Reading database ... 25%(Reading database ... 30%(Reading database ... 35%(Reading database ... 40%(Reading database ... 45%(Reading database ... 50%(Reading database ... 55%(Reading database ... 60%(Reading database ... 65%(Reading database ... 70%(Reading database ... 75%(Reading database ... 80%(Reading database ... 85%(Reading database ... 90%(Reading database ... 95%(Reading database ... 100%(Reading database ... 72026 files and directories currently installed.)
Preparing to replace oracle-java8-installer 8u31+8u33arm-1~webupd8~1 (using .../oracle-java8-installer_8u144-1~webupd8~0_all.deb) ...
oracle-license-v1-1 license has already been accepted
Unpacking replacement oracle-java8-installer ...
Selecting previously unselected package xmlstarlet.
Unpacking xmlstarlet (from .../xmlstarlet_1.3.0-1_amd64.deb) ...
Selecting previously unselected package xsltproc.
Unpacking xsltproc (from .../xsltproc_1.1.26-8ubuntu1.4_amd64.deb) ...
Processing triggers for shared-mime-info ...
Processing triggers for hicolor-icon-theme ...
Processing triggers for man-db ...
Setting up oracle-java8-installer (8u144-1~webupd8~0) ...
No /var/cache/oracle-jdk8-installer/wgetrc file found.
Creating /var/cache/oracle-jdk8-installer/wgetrc and
using default oracle-java8-installer wgetrc settings for it.
Downloading Oracle Java 8...
--2017-08-17 23:24:34--  http://download.oracle.com/otn-pub/java/jdk/8u144-b01/090f390dda5b47b9b721c7dfaa008135/jdk-8u144-linux-x64.tar.gz
Resolving download.oracle.com (download.oracle.com)... 2.20.189.177, 2.20.189.169
Connecting to download.oracle.com (download.oracle.com)|2.20.189.177|:80... connected.
HTTP request sent, awaiting response... 302 Moved Temporarily
Location: https://edelivery.oracle.com/otn-pub/java/jdk/8u144-b01/090f390dda5b47b9b721c7dfaa008135/jdk-8u144-linux-x64.tar.gz [following]
--2017-08-17 23:24:34--  https://edelivery.oracle.com/otn-pub/java/jdk/8u144-b01/090f390dda5b47b9b721c7dfaa008135/jdk-8u144-linux-x64.tar.gz
Resolving edelivery.oracle.com (edelivery.oracle.com)... 23.35.109.107, 2600:1408:10:297::2d3e, 2600:1408:10:298::2d3e
Connecting to edelivery.oracle.com (edelivery.oracle.com)|23.35.109.107|:443... connected.
HTTP request sent, awaiting response... 302 Moved Temporarily
Location: http://download.oracle.com/otn-pub/java/jdk/8u144-b01/090f390dda5b47b9b721c7dfaa008135/jdk-8u144-linux-x64.tar.gz?AuthParam=1503012396_4c5b328aba228a582310114cd442cf8f [following]
--2017-08-17 23:24:35--  http://download.oracle.com/otn-pub/java/jdk/8u144-b01/090f390dda5b47b9b721c7dfaa008135/jdk-8u144-linux-x64.tar.gz?AuthParam=1503012396_4c5b328aba228a582310114cd442cf8f
Connecting to download.oracle.com (download.oracle.com)|2.20.189.177|:80... connected.
HTTP request sent, awaiting response... 200 OK
Length: 185515842 (177M) [application/x-gzip]
Saving to: `jdk-8u144-linux-x64.tar.gz'

     0K ........ ........ ........ ........ ........ ........  1% 4.22M 41s
  3072K ........ ........ ........ ........ ........ ........  3% 11.4M 28s
  6144K ........ ........ ........ ........ ........ ........  5% 8.72M 25s
  9216K ........ ........ ........ ........ ........ ........  6% 11.4M 22s
 12288K ........ ........ ........ ........ ........ ........  8% 11.3M 20s
 15360K ........ ........ ........ ........ ........ ........ 10% 11.4M 19s
 18432K ........ ........ ........ ........ ........ ........ 11% 11.5M 18s
 21504K ........ ........ ........ ........ ........ ........ 13% 9.77M 17s
 24576K ........ ........ ........ ........ ........ ........ 15% 10.8M 16s
 27648K ........ ........ ........ ........ ........ ........ 16% 10.6M 16s
 30720K ........ ........ ........ ........ ........ ........ 18% 10.6M 15s
 33792K ........ ........ ........ ........ ........ ........ 20% 11.4M 15s
 36864K ........ ........ ........ ........ ........ ........ 22% 9.91M 14s
 39936K ........ ........ ........ ........ ........ ........ 23% 11.2M 14s
 43008K ........ ........ ........ ........ ........ ........ 25% 5.97M 14s
 46080K ........ ........ ........ ........ ........ ........ 27% 11.3M 14s
 49152K ........ ........ ........ ........ ........ ........ 28% 9.99M 13s
 52224K ........ ........ ........ ........ ........ ........ 30% 11.4M 13s
 55296K ........ ........ ........ ........ ........ ........ 32% 11.3M 13s
 58368K ........ ........ ........ ........ ........ ........ 33% 11.4M 12s
 61440K ........ ........ ........ ........ ........ ........ 35% 8.53M 12s
 64512K ........ ........ ........ ........ ........ ........ 37% 11.4M 11s
 67584K ........ ........ ........ ........ ........ ........ 39% 11.3M 11s
 70656K ........ ........ ........ ........ ........ ........ 40% 11.4M 11s
 73728K ........ ........ ........ ........ ........ ........ 42% 10.7M 10s
 76800K ........ ........ ........ ........ ........ ........ 44% 11.4M 10s
 79872K ........ ........ ........ ........ ........ ........ 45% 11.3M 10s
 82944K ........ ........ ........ ........ ........ ........ 47% 11.4M 9s
 86016K ........ ........ ........ ........ ........ ........ 49% 10.7M 9s
 89088K ........ ........ ........ ........ ........ ........ 50% 11.5M 9s
 92160K ........ ........ ........ ........ ........ ........ 52% 11.3M 8s
 95232K ........ ........ ........ ........ ........ ........ 54% 8.80M 8s
 98304K ........ ........ ........ ........ ........ ........ 55% 10.6M 8s
101376K ........ ........ ........ ........ ........ ........ 57% 10.9M 7s
104448K ........ ........ ........ ........ ........ ........ 59% 11.3M 7s
107520K ........ ........ ........ ........ ........ ........ 61% 9.05M 7s
110592K ........ ........ ........ ........ ........ ........ 62% 10.6M 7s
113664K ........ ........ ........ ........ ........ ........ 64% 11.4M 6s
116736K ........ ........ ........ ........ ........ ........ 66% 11.4M 6s
119808K ........ ........ ........ ........ ........ ........ 67% 11.4M 6s
122880K ........ ........ ........ ........ ........ ........ 69% 8.65M 5s
125952K ........ ........ ........ ........ ........ ........ 71% 11.4M 5s
129024K ........ ........ ........ ........ ........ ........ 72% 11.3M 5s
132096K ........ ........ ........ ........ ........ ........ 74% 6.67M 4s
135168K ........ ........ ........ ........ ........ ........ 76% 11.2M 4s
138240K ........ ........ ........ ........ ........ ........ 78% 10.8M 4s
141312K ........ ........ ........ ........ ........ ........ 79% 11.2M 4s
144384K ........ ........ ........ ........ ........ ........ 81% 11.4M 3s
147456K ........ ........ ........ ........ ........ ........ 83% 9.25M 3s
150528K ........ ........ ........ ........ ........ ........ 84% 11.4M 3s
153600K ........ ........ ........ ........ ........ ........ 86% 11.3M 2s
156672K ........ ........ ........ ........ ........ ........ 88% 11.3M 2s
159744K ........ ........ ........ ........ ........ ........ 89% 10.7M 2s
162816K ........ ........ ........ ........ ........ ........ 91% 11.4M 1s
165888K ........ ........ ........ ........ ........ ........ 93% 8.08M 1s
168960K ........ ........ ........ ........ ........ ........ 94% 9.00M 1s
172032K ........ ........ ........ ........ ........ ........ 96% 10.7M 1s
175104K ........ ........ ........ ........ ........ ........ 98% 11.5M 0s
178176K ........ ........ ........ ........ ........ ......  100% 10.4M=17s

2017-08-17 23:24:52 (10.2 MB/s) - `jdk-8u144-linux-x64.tar.gz' saved [185515842/185515842]

Download done.
Removing outdated cached downloads...
Oracle JDK 8 installed

#####Important########
To set Oracle JDK8 as default, install the "oracle-java8-set-default" package.
E.g.: sudo apt install oracle-java8-set-default
On Ubuntu systems, oracle-java8-set-default is most probably installed
automatically with this package.
######################

Setting up xmlstarlet (1.3.0-1) ...
Setting up xsltproc (1.1.26-8ubuntu1.4) ...

travis_time:end:0ed3da3a:start=1503012267982235004,finish=1503012298506032776,duration=30523797772[0Ktravis_fold:end:apt[0K
[33;1mEncrypted environment variables have been removed for security reasons.[0m
[33;1mSee https://docs.travis-ci.com/user/pull-requests/#Pull-Requests-and-Security-Restrictions[0m

[33;1mSetting environment variables from repository settings[0m
$ export READ_ONLY_TOKEN=9ffd28faf1c5d120b63be99b2d585156816e3789

[33;1mSetting environment variables from .travis.yml[0m
$ export DESC="tests ja"
$ export CMD="mvn clean integration-test failsafe:verify -DargLine='-Duser.language=ja -Duser.country=JP -Xms1024m -Xmx2048m'"

[33;1mDisabling Gradle daemon[0m
travis_time:start:0c359220[0K$ mkdir -p ~/.gradle && echo "org.gradle.daemon=false" >> ~/.gradle/gradle.properties

travis_time:end:0c359220:start=1503012301494361000,finish=1503012301500076186,duration=5715186[0K$ export PATH=$JAVA_HOME/bin:$PATH
travis_fold:start:cache.1[0KSetting up build cache
$ export CASHER_DIR=$HOME/.casher
travis_time:start:006e6f22[0K$ Installing caching utilities

travis_time:end:006e6f22:start=1503012301734999951,finish=1503012301824812201,duration=89812250[0Ktravis_time:start:02af34a2[0K
travis_time:end:02af34a2:start=1503012301831054910,finish=1503012301836490166,duration=5435256[0Ktravis_time:start:1c72f7b0[0K[32;1mattempting to download cache archive[0m
[32;1mfetching PR.4960/cache-linux-precise-1354cdde517c7f33550b8042157b2e5e78c335ab6f0265e96be1bedb3bd271e8--jdk-oraclejdk8.tgz[0m
[32;1mfetching PR.4960/cache--jdk-oraclejdk8.tgz[0m
[32;1mfetching master/cache-linux-precise-1354cdde517c7f33550b8042157b2e5e78c335ab6f0265e96be1bedb3bd271e8--jdk-oraclejdk8.tgz[0m
[32;1mfound cache[0m

travis_time:end:1c72f7b0:start=1503012301841328881,finish=1503012304002105508,duration=2160776627[0Ktravis_time:start:1f3ac932[0K
travis_time:end:1f3ac932:start=1503012304006967344,finish=1503012304011352376,duration=4385032[0Ktravis_time:start:0b2bc4e3[0K[32;1madding /home/travis/.m2 to cache[0m

travis_time:end:0b2bc4e3:start=1503012304016052352,finish=1503012305705151332,duration=1689098980[0Ktravis_fold:end:cache.1[0K$ java -Xmx32m -version
java version "1.8.0_144"
Java(TM) SE Runtime Environment (build 1.8.0_144-b01)
Java HotSpot(TM) 64-Bit Server VM (build 25.144-b01, mixed mode)
$ javac -J-Xmx32m -version
javac 1.8.0_144
travis_fold:start:install[0Ktravis_time:start:07582f97[0K$ if [ "${TRAVIS_OS_NAME}" == "osx" ]; then
    # https://github.com/travis-ci/travis-ci/issues/6307#issuecomment-233315824
    rvm get head
  fi
  

travis_time:end:07582f97:start=1503012305962064491,finish=1503012305966043254,duration=3978763[0Ktravis_fold:end:install[0Ktravis_time:start:01c72d01[0K$ SKIP_FILES=".github|appveyor.yml|circle.yml|distelli-manifest.yml|fast-forward-merge.sh|LICENSE|LICENSE.apache20|README.md|release.sh|RIGHTS.antlr|shippable.yml|wercker.yml|intellij-idea-inspections.xml"

travis_time:end:01c72d01:start=1503012305970964647,finish=1503012305974784954,duration=3820307[0K
[32;1mThe command "SKIP_FILES=".github|appveyor.yml|circle.yml|distelli-manifest.yml|fast-forward-merge.sh|LICENSE|LICENSE.apache20|README.md|release.sh|RIGHTS.antlr|shippable.yml|wercker.yml|intellij-idea-inspections.xml"" exited with 0.[0m
travis_time:start:0e2ce648[0K$ SKIP_CI=$(if [[ $(git diff --name-only HEAD HEAD~1 | grep -vE "$SKIP_FILES" | cat | wc -c | sed 's/^ *//' ) > 0 ]]; then echo false; else echo true; fi;)

travis_time:end:0e2ce648:start=1503012305979764541,finish=1503012305989444962,duration=9680421[0K
[32;1mThe command "SKIP_CI=$(if [[ $(git diff --name-only HEAD HEAD~1 | grep -vE "$SKIP_FILES" | cat | wc -c | sed 's/^ *//' ) > 0 ]]; then echo false; else echo true; fi;)" exited with 0.[0m
travis_time:start:226e8b03[0K$ echo "SKIP_CI="$SKIP_CI
SKIP_CI=false

travis_time:end:226e8b03:start=1503012305994363359,finish=1503012305998119433,duration=3756074[0K
[32;1mThe command "echo "SKIP_CI="$SKIP_CI" exited with 0.[0m
travis_time:start:21c73dee[0K$ set -e
if [[ $SKIP_CI == 'false' ]];
then
     eval $CMD;
     echo "eval of CMD is completed"
fi

Java HotSpot(TM) 64-Bit Server VM warning: ignoring option MaxPermSize=192m; support was removed in 8.0
[INFO] Scanning for projects...
[INFO] Inspecting build with total of 1 modules...
[INFO] Installing Nexus Staging features:
[INFO]   ... total of 1 executions of maven-deploy-plugin replaced with nexus-staging-maven-plugin
[INFO]                                                                         
[INFO] ------------------------------------------------------------------------
[INFO] Building checkstyle 8.2-SNAPSHOT
[INFO] ------------------------------------------------------------------------
Downloading: https://repository.apache.org/snapshots/junit/junit-dep/maven-metadata.xml
Downloading: https://oss.sonatype.org/content/repositories/releases/junit/junit-dep/maven-metadata.xml
Downloading: https://repository.apache.org/releases/junit/junit-dep/maven-metadata.xml
563/563 B               Downloaded: https://oss.sonatype.org/content/repositories/releases/junit/junit-dep/maven-metadata.xml (563 B at 0.3 KB/sec)
[INFO] 
[INFO] --- maven-clean-plugin:3.0.0:clean (default-clean) @ checkstyle ---
[INFO] 
[INFO] --- maven-enforcer-plugin:1.4.1:enforce (enforce-maven) @ checkstyle ---
[INFO] 
[INFO] --- maven-enforcer-plugin:1.4.1:enforce (enforce-versions) @ checkstyle ---
[INFO] 
[INFO] --- antlr-maven-plugin:2.2:generate (default) @ checkstyle ---
[INFO] performing grammar generation [java.g]
ANTLR Parser Generator   Version 2.7.7 (20060906)   1989-2005
/home/travis/build/checkstyle/checkstyle/src/main/resources/com/puppycrawl/tools/checkstyle/grammars/java.g:633:9: warning:nondeterminism between alts 1 and 2 of block upon
/home/travis/build/checkstyle/checkstyle/src/main/resources/com/puppycrawl/tools/checkstyle/grammars/java.g:633:9:     k==1:AT
/home/travis/build/checkstyle/checkstyle/src/main/resources/com/puppycrawl/tools/checkstyle/grammars/java.g:633:9:     k==2:IDENT
/home/travis/build/checkstyle/checkstyle/src/main/resources/com/puppycrawl/tools/checkstyle/grammars/java.g:780:16: warning:nondeterminism between alts 1 and 2 of block upon
/home/travis/build/checkstyle/checkstyle/src/main/resources/com/puppycrawl/tools/checkstyle/grammars/java.g:780:16:     k==1:AT
/home/travis/build/checkstyle/checkstyle/src/main/resources/com/puppycrawl/tools/checkstyle/grammars/java.g:780:16:     k==2:IDENT
/home/travis/build/checkstyle/checkstyle/src/main/resources/com/puppycrawl/tools/checkstyle/grammars/java.g:816:61: warning:nondeterminism between alts 1 and 2 of block upon
/home/travis/build/checkstyle/checkstyle/src/main/resources/com/puppycrawl/tools/checkstyle/grammars/java.g:816:61:     k==1:SEMI
/home/travis/build/checkstyle/checkstyle/src/main/resources/com/puppycrawl/tools/checkstyle/grammars/java.g:816:61:     k==2:"final","abstract","strictfp",SEMI,"void","boolean","byte","char","short","int","float","long","double",IDENT,"private","public","protected","static","transient","native","synchronized","volatile","class","interface",LCURLY,RCURLY,"default",LT,ENUM,AT
/home/travis/build/checkstyle/checkstyle/src/main/resources/com/puppycrawl/tools/checkstyle/grammars/java.g:705:9: warning:nondeterminism between alts 1 and 2 of block upon
/home/travis/build/checkstyle/checkstyle/src/main/resources/com/puppycrawl/tools/checkstyle/grammars/java.g:705:9:     k==1:AT
/home/travis/build/checkstyle/checkstyle/src/main/resources/com/puppycrawl/tools/checkstyle/grammars/java.g:705:9:     k==2:IDENT
/home/travis/build/checkstyle/checkstyle/src/main/resources/com/puppycrawl/tools/checkstyle/grammars/java.g:961: warning:Syntactic predicate superfluous for single alternative
/home/travis/build/checkstyle/checkstyle/src/main/resources/com/puppycrawl/tools/checkstyle/grammars/java.g:987:31: warning:nondeterminism between alts 1 and 2 of block upon
/home/travis/build/checkstyle/checkstyle/src/main/resources/com/puppycrawl/tools/checkstyle/grammars/java.g:987:31:     k==1:IDENT
/home/travis/build/checkstyle/checkstyle/src/main/resources/com/puppycrawl/tools/checkstyle/grammars/java.g:987:31:     k==2:LBRACK,DOT
/home/travis/build/checkstyle/checkstyle/src/main/resources/com/puppycrawl/tools/checkstyle/grammars/java.g:1048:84: warning:nondeterminism between alts 1 and 2 of block upon
/home/travis/build/checkstyle/checkstyle/src/main/resources/com/puppycrawl/tools/checkstyle/grammars/java.g:1048:84:     k==1:SEMI
/home/travis/build/checkstyle/checkstyle/src/main/resources/com/puppycrawl/tools/checkstyle/grammars/java.g:1048:84:     k==2:"final","abstract","strictfp",SEMI,"void","boolean","byte","char","short","int","float","long","double",IDENT,STAR,"private","public","protected","static","transient","native","synchronized","volatile","class",LCURLY,RCURLY,LPAREN,RPAREN,"this","super",COLON,"if","while","do","break","continue","return","switch","throw","for","else","case","default","try",LT,GT,LE,GE,"instanceof",SL,SR,BSR,PLUS,MINUS,DIV,MOD,INC,DEC,BNOT,LNOT,"true","false","null","new",NUM_INT,CHAR_LITERAL,STRING_LITERAL,NUM_FLOAT,NUM_LONG,NUM_DOUBLE,ASSERT,AT
/home/travis/build/checkstyle/checkstyle/src/main/resources/com/puppycrawl/tools/checkstyle/grammars/java.g:1148:9: warning:nondeterminism between alts 1 and 2 of block upon
/home/travis/build/checkstyle/checkstyle/src/main/resources/com/puppycrawl/tools/checkstyle/grammars/java.g:1148:9:     k==1:"default"
/home/travis/build/checkstyle/checkstyle/src/main/resources/com/puppycrawl/tools/checkstyle/grammars/java.g:1148:9:     k==2:"final","abstract","strictfp",SEMI,"void","boolean","byte","char","short","int","float","long","double",IDENT,STAR,"private","public","protected","static","transient","native","synchronized","volatile","class",LCURLY,RCURLY,LPAREN,RPAREN,"this","super",COLON,"if","while","do","break","continue","return","switch","throw","for","case","default","try",LT,GT,LE,GE,"instanceof",SL,SR,BSR,PLUS,MINUS,DIV,MOD,INC,DEC,BNOT,LNOT,"true","false","null","new",NUM_INT,CHAR_LITERAL,STRING_LITERAL,NUM_FLOAT,NUM_LONG,NUM_DOUBLE,ASSERT,AT
/home/travis/build/checkstyle/checkstyle/src/main/resources/com/puppycrawl/tools/checkstyle/grammars/java.g:1356:26: warning:nondeterminism between alts 1 and 2 of block upon
/home/travis/build/checkstyle/checkstyle/src/main/resources/com/puppycrawl/tools/checkstyle/grammars/java.g:1356:26:     k==1:"instanceof"
/home/travis/build/checkstyle/checkstyle/src/main/resources/com/puppycrawl/tools/checkstyle/grammars/java.g:1356:26:     k==2:"void","boolean","byte","char","short","int","float","long","double",IDENT,AT
/home/travis/build/checkstyle/checkstyle/src/main/resources/com/puppycrawl/tools/checkstyle/grammars/java.g:1371: warning:nondeterminism upon
/home/travis/build/checkstyle/checkstyle/src/main/resources/com/puppycrawl/tools/checkstyle/grammars/java.g:1371:     k==1:SL,SR,BSR
/home/travis/build/checkstyle/checkstyle/src/main/resources/com/puppycrawl/tools/checkstyle/grammars/java.g:1371:     k==2:"void","boolean","byte","char","short","int","float","long","double",IDENT,LPAREN,"this","super",PLUS,MINUS,INC,DEC,BNOT,LNOT,"true","false","null","new",NUM_INT,CHAR_LITERAL,STRING_LITERAL,NUM_FLOAT,NUM_LONG,NUM_DOUBLE,AT
/home/travis/build/checkstyle/checkstyle/src/main/resources/com/puppycrawl/tools/checkstyle/grammars/java.g:1371:     between alt 1 and exit branch of block
/home/travis/build/checkstyle/checkstyle/src/main/resources/com/puppycrawl/tools/checkstyle/grammars/java.g:1384: warning:nondeterminism upon
/home/travis/build/checkstyle/checkstyle/src/main/resources/com/puppycrawl/tools/checkstyle/grammars/java.g:1384:     k==1:STAR,DIV,MOD
/home/travis/build/checkstyle/checkstyle/src/main/resources/com/puppycrawl/tools/checkstyle/grammars/java.g:1384:     k==2:"void","boolean","byte","char","short","int","float","long","double",IDENT,LPAREN,"this","super",PLUS,MINUS,INC,DEC,BNOT,LNOT,"true","false","null","new",NUM_INT,CHAR_LITERAL,STRING_LITERAL,NUM_FLOAT,NUM_LONG,NUM_DOUBLE,AT
/home/travis/build/checkstyle/checkstyle/src/main/resources/com/puppycrawl/tools/checkstyle/grammars/java.g:1384:     between alt 1 and exit branch of block
/home/travis/build/checkstyle/checkstyle/src/main/resources/com/puppycrawl/tools/checkstyle/grammars/java.g:1482:9: warning:nondeterminism between alts 1 and 3 of block upon
/home/travis/build/checkstyle/checkstyle/src/main/resources/com/puppycrawl/tools/checkstyle/grammars/java.g:1482:9:     k==1:INC
/home/travis/build/checkstyle/checkstyle/src/main/resources/com/puppycrawl/tools/checkstyle/grammars/java.g:1482:9:     k==2:"final","abstract","strictfp",SEMI,RBRACK,"void","boolean","byte","char","short","int","float","long","double",IDENT,STAR,"private","public","protected","static","transient","native","synchronized","volatile","class","interface",LCURLY,RCURLY,COMMA,LPAREN,RPAREN,"this","super",ASSIGN,COLON,"if","while","do","break","continue","return","switch","throw","for","else","case","default","try",PLUS_ASSIGN,MINUS_ASSIGN,STAR_ASSIGN,DIV_ASSIGN,MOD_ASSIGN,SR_ASSIGN,BSR_ASSIGN,SL_ASSIGN,BAND_ASSIGN,BXOR_ASSIGN,BOR_ASSIGN,QUESTION,LOR,LAND,BOR,BXOR,BAND,NOT_EQUAL,EQUAL,LT,GT,LE,GE,"instanceof",SL,SR,BSR,PLUS,MINUS,DIV,MOD,INC,DEC,BNOT,LNOT,"true","false","null","new",NUM_INT,CHAR_LITERAL,STRING_LITERAL,NUM_FLOAT,NUM_LONG,NUM_DOUBLE,ASSERT,ENUM,AT
/home/travis/build/checkstyle/checkstyle/src/main/resources/com/puppycrawl/tools/checkstyle/grammars/java.g:1482:9: warning:nondeterminism between alts 2 and 3 of block upon
/home/travis/build/checkstyle/checkstyle/src/main/resources/com/puppycrawl/tools/checkstyle/grammars/java.g:1482:9:     k==1:DEC
/home/travis/build/checkstyle/checkstyle/src/main/resources/com/puppycrawl/tools/checkstyle/grammars/java.g:1482:9:     k==2:"final","abstract","strictfp",SEMI,RBRACK,"void","boolean","byte","char","short","int","float","long","double",IDENT,STAR,"private","public","protected","static","transient","native","synchronized","volatile","class","interface",LCURLY,RCURLY,COMMA,LPAREN,RPAREN,"this","super",ASSIGN,COLON,"if","while","do","break","continue","return","switch","throw","for","else","case","default","try",PLUS_ASSIGN,MINUS_ASSIGN,STAR_ASSIGN,DIV_ASSIGN,MOD_ASSIGN,SR_ASSIGN,BSR_ASSIGN,SL_ASSIGN,BAND_ASSIGN,BXOR_ASSIGN,BOR_ASSIGN,QUESTION,LOR,LAND,BOR,BXOR,BAND,NOT_EQUAL,EQUAL,LT,GT,LE,GE,"instanceof",SL,SR,BSR,PLUS,MINUS,DIV,MOD,INC,DEC,BNOT,LNOT,"true","false","null","new",NUM_INT,CHAR_LITERAL,STRING_LITERAL,NUM_FLOAT,NUM_LONG,NUM_DOUBLE,ASSERT,ENUM,AT
/home/travis/build/checkstyle/checkstyle/src/main/resources/com/puppycrawl/tools/checkstyle/grammars/java.g:1562:36: warning:nondeterminism between alts 1 and 2 of block upon
/home/travis/build/checkstyle/checkstyle/src/main/resources/com/puppycrawl/tools/checkstyle/grammars/java.g:1562:36:     k==1:LCURLY
/home/travis/build/checkstyle/checkstyle/src/main/resources/com/puppycrawl/tools/checkstyle/grammars/java.g:1562:36:     k==2:"final","abstract","strictfp",SEMI,"void","boolean","byte","char","short","int","float","long","double",IDENT,"private","public","protected","static","transient","native","synchronized","volatile","class","interface",LCURLY,RCURLY,"default",LT,ENUM,AT
/home/travis/build/checkstyle/checkstyle/src/main/resources/com/puppycrawl/tools/checkstyle/grammars/java.g:1572:33: warning:nondeterminism between alts 1 and 2 of block upon
/home/travis/build/checkstyle/checkstyle/src/main/resources/com/puppycrawl/tools/checkstyle/grammars/java.g:1572:33:     k==1:LCURLY
/home/travis/build/checkstyle/checkstyle/src/main/resources/com/puppycrawl/tools/checkstyle/grammars/java.g:1572:33:     k==2:"void","boolean","byte","char","short","int","float","long","double",IDENT,LCURLY,RCURLY,COMMA,LPAREN,"this","super",PLUS,MINUS,INC,DEC,BNOT,LNOT,"true","false","null","new",NUM_INT,CHAR_LITERAL,STRING_LITERAL,NUM_FLOAT,NUM_LONG,NUM_DOUBLE,AT
/home/travis/build/checkstyle/checkstyle/src/main/resources/com/puppycrawl/tools/checkstyle/grammars/java.g:1615:17: warning:nondeterminism between alts 1 and 2 of block upon
/home/travis/build/checkstyle/checkstyle/src/main/resources/com/puppycrawl/tools/checkstyle/grammars/java.g:1615:17:     k==1:RPAREN
/home/travis/build/checkstyle/checkstyle/src/main/resources/com/puppycrawl/tools/checkstyle/grammars/java.g:1615:17:     k==2:LAMBDA

[INFO] 
[INFO] --- antlr4-maven-plugin:4.7:antlr4 (default) @ checkstyle ---
[INFO] ANTLR 4: Processing source directory /home/travis/build/checkstyle/checkstyle/src/main/resources
[INFO] Processing grammar: com/puppycrawl/tools/checkstyle/grammars/javadoc/JavadocLexer.g4
[INFO] Processing grammar: com/puppycrawl/tools/checkstyle/grammars/javadoc/JavadocParser.g4
[INFO] 
[INFO] --- build-helper-maven-plugin:3.0.0:add-source (add-source) @ checkstyle ---
[INFO] Source directory: /home/travis/build/checkstyle/checkstyle/target/generated-sources/antlr added.
[INFO] 
[INFO] --- maven-resources-plugin:3.0.2:resources (default-resources) @ checkstyle ---
[INFO] Using 'UTF-8' encoding to copy filtered resources.
[INFO] Copying 163 resources
[INFO] Copying 1 resource
[INFO] 
[INFO] --- build-helper-maven-plugin:3.0.0:add-test-source (add-test-source) @ checkstyle ---
[INFO] Test Source directory: /home/travis/build/checkstyle/checkstyle/src/test/resources added.
[INFO] 
[INFO] --- build-helper-maven-plugin:3.0.0:add-test-source (add-it-test-source) @ checkstyle ---
[INFO] Test Source directory: /home/travis/build/checkstyle/checkstyle/src/it/java added.
[INFO] 
[INFO] --- build-helper-maven-plugin:3.0.0:add-test-source (add-it-test-resource) @ checkstyle ---
[INFO] Test Source directory: /home/travis/build/checkstyle/checkstyle/src/it/resources added.
[INFO] 
[INFO] --- maven-compiler-plugin:3.6.2:compile (default-compile) @ checkstyle ---
[INFO] Changes detected - recompiling the module!
[INFO] Compiling 353 source files to /home/travis/build/checkstyle/checkstyle/target/classes
[INFO] /home/travis/build/checkstyle/checkstyle/src/main/java/com/puppycrawl/tools/checkstyle/JavadocDetailNodeParser.java: /home/travis/build/checkstyle/checkstyle/src/main/java/com/puppycrawl/tools/checkstyle/JavadocDetailNodeParser.java uses or overrides a deprecated API.
[INFO] /home/travis/build/checkstyle/checkstyle/src/main/java/com/puppycrawl/tools/checkstyle/JavadocDetailNodeParser.java: Recompile with -Xlint:deprecation for details.
[INFO] /home/travis/build/checkstyle/checkstyle/src/main/java/com/puppycrawl/tools/checkstyle/api/AutomaticBean.java: Some input files use unchecked or unsafe operations.
[INFO] /home/travis/build/checkstyle/checkstyle/src/main/java/com/puppycrawl/tools/checkstyle/api/AutomaticBean.java: Recompile with -Xlint:unchecked for details.
[INFO] 
[INFO] --- maven-antrun-plugin:1.8:run (ant-phase-compile) @ checkstyle ---
[INFO] Executing tasks

main:

execute:
[propertyfile] Creating new property file: /home/travis/build/checkstyle/checkstyle/target/classes/checkstylecompilation.properties
  [javadoc] Generating Javadoc
  [javadoc] Javadoc execution
  [javadoc] Loading source file /home/travis/build/checkstyle/checkstyle/src/main/java/com/puppycrawl/tools/checkstyle/api/TokenTypes.java...
  [javadoc] Constructing Javadoc information...
[INFO] Executed tasks
[INFO] 
[INFO] --- maven-resources-plugin:3.0.2:testResources (default-testResources) @ checkstyle ---
[INFO] Using 'UTF-8' encoding to copy filtered resources.
[INFO] Copying 998 resources
[INFO] 
[INFO] --- maven-compiler-plugin:3.6.2:testCompile (default-testCompile) @ checkstyle ---
[INFO] Changes detected - recompiling the module!
[INFO] Compiling 1244 source files to /home/travis/build/checkstyle/checkstyle/target/test-classes
[WARNING] /home/travis/build/checkstyle/checkstyle/src/test/java/com/puppycrawl/tools/checkstyle/api/AbstractLoaderTest.java:[36,47] com.sun.org.apache.xerces.internal.impl.Constants is internal proprietary API and may be removed in a future release
[WARNING] /home/travis/build/checkstyle/checkstyle/src/test/java/com/puppycrawl/tools/checkstyle/api/AbstractLoaderTest.java:[41,13] com.sun.org.apache.xerces.internal.impl.Constants is internal proprietary API and may be removed in a future release
[WARNING] /home/travis/build/checkstyle/checkstyle/src/test/java/com/puppycrawl/tools/checkstyle/api/AbstractLoaderTest.java:[41,44] com.sun.org.apache.xerces.internal.impl.Constants is internal proprietary API and may be removed in a future release
[INFO] /home/travis/build/checkstyle/checkstyle/src/test/java/com/puppycrawl/tools/checkstyle/BriefUtLogger.java: Some input files use or override a deprecated API.
[INFO] /home/travis/build/checkstyle/checkstyle/src/test/java/com/puppycrawl/tools/checkstyle/BriefUtLogger.java: Recompile with -Xlint:deprecation for details.
[INFO] /home/travis/build/checkstyle/checkstyle/src/test/resources/com/puppycrawl/tools/checkstyle/utils/checkutils/InputCheckUtilsTest.java: /home/travis/build/checkstyle/checkstyle/src/test/resources/com/puppycrawl/tools/checkstyle/utils/checkutils/InputCheckUtilsTest.java uses unchecked or unsafe operations.
[INFO] /home/travis/build/checkstyle/checkstyle/src/test/resources/com/puppycrawl/tools/checkstyle/utils/checkutils/InputCheckUtilsTest.java: Recompile with -Xlint:unchecked for details.
[INFO] 
[INFO] --- maven-surefire-plugin:2.20:test (default-test) @ checkstyle ---
[INFO] 
[INFO] -------------------------------------------------------
[INFO]  T E S T S
[INFO] -------------------------------------------------------
[INFO] Running com.puppycrawl.tools.checkstyle.ant.CheckstyleAntTaskTest
[INFO] Tests run: 39, Failures: 0, Errors: 0, Skipped: 0, Time elapsed: 2.865 s - in com.puppycrawl.tools.checkstyle.ant.CheckstyleAntTaskTest
[INFO] Running com.puppycrawl.tools.checkstyle.api.LineColumnTest
[INFO] Tests run: 5, Failures: 0, Errors: 0, Skipped: 0, Time elapsed: 0.362 s - in com.puppycrawl.tools.checkstyle.api.LineColumnTest
[INFO] Running com.puppycrawl.tools.checkstyle.api.TokenTypesTest
[INFO] Tests run: 2, Failures: 0, Errors: 0, Skipped: 0, Time elapsed: 0.004 s - in com.puppycrawl.tools.checkstyle.api.TokenTypesTest
[INFO] Running com.puppycrawl.tools.checkstyle.api.AbstractFileSetCheckTest
[INFO] Tests run: 4, Failures: 0, Errors: 0, Skipped: 0, Time elapsed: 0.01 s - in com.puppycrawl.tools.checkstyle.api.AbstractFileSetCheckTest
[INFO] Running com.puppycrawl.tools.checkstyle.api.AbstractCheckTest
[INFO] Tests run: 8, Failures: 0, Errors: 0, Skipped: 0, Time elapsed: 0.237 s - in com.puppycrawl.tools.checkstyle.api.AbstractCheckTest
[INFO] Running com.puppycrawl.tools.checkstyle.api.DetailASTTest
[INFO] Tests run: 9, Failures: 0, Errors: 0, Skipped: 0, Time elapsed: 7.466 s - in com.puppycrawl.tools.checkstyle.api.DetailASTTest
[INFO] Running com.puppycrawl.tools.checkstyle.api.AbstractViolationReporterTest
[INFO] Tests run: 6, Failures: 0, Errors: 0, Skipped: 0, Time elapsed: 0.001 s - in com.puppycrawl.tools.checkstyle.api.AbstractViolationReporterTest
[INFO] Running com.puppycrawl.tools.checkstyle.api.ScopeTest
[INFO] Tests run: 10, Failures: 0, Errors: 0, Skipped: 0, Time elapsed: 0.003 s - in com.puppycrawl.tools.checkstyle.api.ScopeTest
[INFO] Running com.puppycrawl.tools.checkstyle.api.LocalizedMessageTest
[INFO] Tests run: 14, Failures: 0, Errors: 0, Skipped: 0, Time elapsed: 0.396 s - in com.puppycrawl.tools.checkstyle.api.LocalizedMessageTest
[INFO] Running com.puppycrawl.tools.checkstyle.api.FileContentsTest
[INFO] Tests run: 11, Failures: 0, Errors: 0, Skipped: 0, Time elapsed: 0.005 s - in com.puppycrawl.tools.checkstyle.api.FileContentsTest
[INFO] Running com.puppycrawl.tools.checkstyle.api.JavadocTokenTypesTest
[INFO] Tests run: 1, Failures: 0, Errors: 0, Skipped: 0, Time elapsed: 0.004 s - in com.puppycrawl.tools.checkstyle.api.JavadocTokenTypesTest
[INFO] Running com.puppycrawl.tools.checkstyle.api.FullIdentTest
[INFO] Tests run: 3, Failures: 0, Errors: 0, Skipped: 0, Time elapsed: 0.003 s - in com.puppycrawl.tools.checkstyle.api.FullIdentTest
[INFO] Running com.puppycrawl.tools.checkstyle.api.AutomaticBeanTest
[INFO] Tests run: 8, Failures: 0, Errors: 0, Skipped: 0, Time elapsed: 0.016 s - in com.puppycrawl.tools.checkstyle.api.AutomaticBeanTest
[INFO] Running com.puppycrawl.tools.checkstyle.api.SeverityLevelTest
[INFO] Tests run: 4, Failures: 0, Errors: 0, Skipped: 0, Time elapsed: 0.002 s - in com.puppycrawl.tools.checkstyle.api.SeverityLevelTest
[INFO] Running com.puppycrawl.tools.checkstyle.api.AbstractLoaderTest
[INFO] Tests run: 2, Failures: 0, Errors: 0, Skipped: 0, Time elapsed: 0.005 s - in com.puppycrawl.tools.checkstyle.api.AbstractLoaderTest
[INFO] Running com.puppycrawl.tools.checkstyle.api.SeverityLevelCounterTest
[INFO] Tests run: 3, Failures: 0, Errors: 0, Skipped: 0, Time elapsed: 0.001 s - in com.puppycrawl.tools.checkstyle.api.SeverityLevelCounterTest
[INFO] Running com.puppycrawl.tools.checkstyle.api.FileTextTest
[INFO] Tests run: 5, Failures: 0, Errors: 0, Skipped: 0, Time elapsed: 0.337 s - in com.puppycrawl.tools.checkstyle.api.FileTextTest
[INFO] Running com.puppycrawl.tools.checkstyle.checks.annotation.SuppressWarningsCheckTest
[INFO] Tests run: 24, Failures: 0, Errors: 0, Skipped: 0, Time elapsed: 0.386 s - in com.puppycrawl.tools.checkstyle.checks.annotation.SuppressWarningsCheckTest
[INFO] Running com.puppycrawl.tools.checkstyle.checks.annotation.AnnotationLocationCheckTest
[INFO] Tests run: 9, Failures: 0, Errors: 0, Skipped: 0, Time elapsed: 0.062 s - in com.puppycrawl.tools.checkstyle.checks.annotation.AnnotationLocationCheckTest
[INFO] Running com.puppycrawl.tools.checkstyle.checks.annotation.MissingDeprecatedCheckTest
[INFO] Tests run: 8, Failures: 0, Errors: 0, Skipped: 0, Time elapsed: 0.06 s - in com.puppycrawl.tools.checkstyle.checks.annotation.MissingDeprecatedCheckTest
[INFO] Running com.puppycrawl.tools.checkstyle.checks.annotation.MissingOverrideCheckTest
[INFO] Tests run: 14, Failures: 0, Errors: 0, Skipped: 0, Time elapsed: 0.091 s - in com.puppycrawl.tools.checkstyle.checks.annotation.MissingOverrideCheckTest
[INFO] Running com.puppycrawl.tools.checkstyle.checks.annotation.PackageAnnotationCheckTest
[INFO] Tests run: 4, Failures: 0, Errors: 0, Skipped: 0, Time elapsed: 0.02 s - in com.puppycrawl.tools.checkstyle.checks.annotation.PackageAnnotationCheckTest
[INFO] Running com.puppycrawl.tools.checkstyle.checks.annotation.AnnotationUseStyleCheckTest
[INFO] Tests run: 17, Failures: 0, Errors: 0, Skipped: 0, Time elapsed: 0.107 s - in com.puppycrawl.tools.checkstyle.checks.annotation.AnnotationUseStyleCheckTest
[INFO] Running com.puppycrawl.tools.checkstyle.checks.blocks.LeftCurlyCheckTest
[INFO] Tests run: 21, Failures: 0, Errors: 0, Skipped: 0, Time elapsed: 0.177 s - in com.puppycrawl.tools.checkstyle.checks.blocks.LeftCurlyCheckTest
[INFO] Running com.puppycrawl.tools.checkstyle.checks.blocks.RightCurlyCheckTest
[INFO] Tests run: 24, Failures: 0, Errors: 0, Skipped: 0, Time elapsed: 0.267 s - in com.puppycrawl.tools.checkstyle.checks.blocks.RightCurlyCheckTest
[INFO] Running com.puppycrawl.tools.checkstyle.checks.blocks.EmptyCatchBlockCheckTest
[INFO] Tests run: 4, Failures: 0, Errors: 0, Skipped: 0, Time elapsed: 0.018 s - in com.puppycrawl.tools.checkstyle.checks.blocks.EmptyCatchBlockCheckTest
[INFO] Running com.puppycrawl.tools.checkstyle.checks.blocks.AvoidNestedBlocksCheckTest
[INFO] Tests run: 4, Failures: 0, Errors: 0, Skipped: 0, Time elapsed: 0.011 s - in com.puppycrawl.tools.checkstyle.checks.blocks.AvoidNestedBlocksCheckTest
[INFO] Running com.puppycrawl.tools.checkstyle.checks.blocks.EmptyBlockCheckTest
[INFO] Tests run: 12, Failures: 0, Errors: 0, Skipped: 0, Time elapsed: 0.065 s - in com.puppycrawl.tools.checkstyle.checks.blocks.EmptyBlockCheckTest
[INFO] Running com.puppycrawl.tools.checkstyle.checks.blocks.NeedBracesCheckTest
[INFO] Tests run: 10, Failures: 0, Errors: 0, Skipped: 0, Time elapsed: 0.09 s - in com.puppycrawl.tools.checkstyle.checks.blocks.NeedBracesCheckTest
[INFO] Running com.puppycrawl.tools.checkstyle.checks.coding.FinalLocalVariableCheckTest
[INFO] Tests run: 17, Failures: 0, Errors: 0, Skipped: 0, Time elapsed: 0.241 s - in com.puppycrawl.tools.checkstyle.checks.coding.FinalLocalVariableCheckTest
[INFO] Running com.puppycrawl.tools.checkstyle.checks.coding.OverloadMethodsDeclarationOrderCheckTest
[INFO] Tests run: 2, Failures: 0, Errors: 0, Skipped: 0, Time elapsed: 0.005 s - in com.puppycrawl.tools.checkstyle.checks.coding.OverloadMethodsDeclarationOrderCheckTest
[INFO] Running com.puppycrawl.tools.checkstyle.checks.coding.AvoidInlineConditionalsCheckTest
[INFO] Tests run: 2, Failures: 0, Errors: 0, Skipped: 0, Time elapsed: 0.005 s - in com.puppycrawl.tools.checkstyle.checks.coding.AvoidInlineConditionalsCheckTest
[INFO] Running com.puppycrawl.tools.checkstyle.checks.coding.UnnecessaryParenthesesCheckTest
[INFO] Tests run: 4, Failures: 0, Errors: 0, Skipped: 0, Time elapsed: 0.053 s - in com.puppycrawl.tools.checkstyle.checks.coding.UnnecessaryParenthesesCheckTest
[INFO] Running com.puppycrawl.tools.checkstyle.checks.coding.NoFinalizerCheckTest
[INFO] Tests run: 2, Failures: 0, Errors: 0, Skipped: 0, Time elapsed: 0.03 s - in com.puppycrawl.tools.checkstyle.checks.coding.NoFinalizerCheckTest
[INFO] Running com.puppycrawl.tools.checkstyle.checks.coding.MultipleVariableDeclarationsCheckTest
[INFO] Tests run: 2, Failures: 0, Errors: 0, Skipped: 0, Time elapsed: 0.009 s - in com.puppycrawl.tools.checkstyle.checks.coding.MultipleVariableDeclarationsCheckTest
[INFO] Running com.puppycrawl.tools.checkstyle.checks.coding.SimplifyBooleanReturnCheckTest
[INFO] Tests run: 2, Failures: 0, Errors: 0, Skipped: 0, Time elapsed: 0.007 s - in com.puppycrawl.tools.checkstyle.checks.coding.SimplifyBooleanReturnCheckTest
[INFO] Running com.puppycrawl.tools.checkstyle.checks.coding.NestedForDepthCheckTest
[INFO] Tests run: 3, Failures: 0, Errors: 0, Skipped: 0, Time elapsed: 0.009 s - in com.puppycrawl.tools.checkstyle.checks.coding.NestedForDepthCheckTest
[INFO] Running com.puppycrawl.tools.checkstyle.checks.coding.PackageDeclarationCheckTest
[INFO] Tests run: 10, Failures: 0, Errors: 0, Skipped: 0, Time elapsed: 0.052 s - in com.puppycrawl.tools.checkstyle.checks.coding.PackageDeclarationCheckTest
[INFO] Running com.puppycrawl.tools.checkstyle.checks.coding.MagicNumberCheckTest
[INFO] Tests run: 8, Failures: 0, Errors: 0, Skipped: 0, Time elapsed: 0.11 s - in com.puppycrawl.tools.checkstyle.checks.coding.MagicNumberCheckTest
[INFO] Running com.puppycrawl.tools.checkstyle.checks.coding.ReturnCountCheckTest
[INFO] Tests run: 8, Failures: 0, Errors: 0, Skipped: 0, Time elapsed: 0.036 s - in com.puppycrawl.tools.checkstyle.checks.coding.ReturnCountCheckTest
[INFO] Running com.puppycrawl.tools.checkstyle.checks.coding.HiddenFieldCheckTest
[INFO] Tests run: 11, Failures: 0, Errors: 0, Skipped: 0, Time elapsed: 0.113 s - in com.puppycrawl.tools.checkstyle.checks.coding.HiddenFieldCheckTest
[INFO] Running com.puppycrawl.tools.checkstyle.checks.coding.DeclarationOrderCheckTest
[INFO] Tests run: 8, Failures: 0, Errors: 0, Skipped: 0, Time elapsed: 0.035 s - in com.puppycrawl.tools.checkstyle.checks.coding.DeclarationOrderCheckTest
[INFO] Running com.puppycrawl.tools.checkstyle.checks.coding.SimplifyBooleanExpressionCheckTest
[INFO] Tests run: 2, Failures: 0, Errors: 0, Skipped: 0, Time elapsed: 0.006 s - in com.puppycrawl.tools.checkstyle.checks.coding.SimplifyBooleanExpressionCheckTest
[INFO] Running com.puppycrawl.tools.checkstyle.checks.coding.DefaultComesLastCheckTest
[INFO] Tests run: 4, Failures: 0, Errors: 0, Skipped: 0, Time elapsed: 0.015 s - in com.puppycrawl.tools.checkstyle.checks.coding.DefaultComesLastCheckTest
[INFO] Running com.puppycrawl.tools.checkstyle.checks.coding.EmptyStatementCheckTest
[INFO] Tests run: 2, Failures: 0, Errors: 0, Skipped: 0, Time elapsed: 0.006 s - in com.puppycrawl.tools.checkstyle.checks.coding.EmptyStatementCheckTest
[INFO] Running com.puppycrawl.tools.checkstyle.checks.coding.ExplicitInitializationCheckTest
[INFO] Tests run: 3, Failures: 0, Errors: 0, Skipped: 0, Time elapsed: 0.012 s - in com.puppycrawl.tools.checkstyle.checks.coding.ExplicitInitializationCheckTest
[INFO] Running com.puppycrawl.tools.checkstyle.checks.coding.MissingSwitchDefaultCheckTest
[INFO] Tests run: 2, Failures: 0, Errors: 0, Skipped: 0, Time elapsed: 0.005 s - in com.puppycrawl.tools.checkstyle.checks.coding.MissingSwitchDefaultCheckTest
[INFO] Running com.puppycrawl.tools.checkstyle.checks.coding.IllegalTypeCheckTest
[INFO] Tests run: 13, Failures: 0, Errors: 0, Skipped: 0, Time elapsed: 0.049 s - in com.puppycrawl.tools.checkstyle.checks.coding.IllegalTypeCheckTest
[INFO] Running com.puppycrawl.tools.checkstyle.checks.coding.NoCloneCheckTest
[INFO] Tests run: 2, Failures: 0, Errors: 0, Skipped: 0, Time elapsed: 0.005 s - in com.puppycrawl.tools.checkstyle.checks.coding.NoCloneCheckTest
[INFO] Running com.puppycrawl.tools.checkstyle.checks.coding.EqualsAvoidNullCheckTest
[INFO] Tests run: 3, Failures: 0, Errors: 0, Skipped: 0, Time elapsed: 0.039 s - in com.puppycrawl.tools.checkstyle.checks.coding.EqualsAvoidNullCheckTest
[INFO] Running com.puppycrawl.tools.checkstyle.checks.coding.SuperFinalizeCheckTest
[INFO] Tests run: 1, Failures: 0, Errors: 0, Skipped: 0, Time elapsed: 0.007 s - in com.puppycrawl.tools.checkstyle.checks.coding.SuperFinalizeCheckTest
[INFO] Running com.puppycrawl.tools.checkstyle.checks.coding.VariableDeclarationUsageDistanceCheckTest
[INFO] Tests run: 7, Failures: 0, Errors: 0, Skipped: 0, Time elapsed: 0.168 s - in com.puppycrawl.tools.checkstyle.checks.coding.VariableDeclarationUsageDistanceCheckTest
[INFO] Running com.puppycrawl.tools.checkstyle.checks.coding.NestedIfDepthCheckTest
[INFO] Tests run: 3, Failures: 0, Errors: 0, Skipped: 0, Time elapsed: 0.008 s - in com.puppycrawl.tools.checkstyle.checks.coding.NestedIfDepthCheckTest
[INFO] Running com.puppycrawl.tools.checkstyle.checks.coding.IllegalTokenCheckTest
[INFO] Tests run: 7, Failures: 0, Errors: 0, Skipped: 0, Time elapsed: 0.027 s - in com.puppycrawl.tools.checkstyle.checks.coding.IllegalTokenCheckTest
[INFO] Running com.puppycrawl.tools.checkstyle.checks.coding.MissingCtorCheckTest
[INFO] Tests run: 2, Failures: 0, Errors: 0, Skipped: 0, Time elapsed: 0.004 s - in com.puppycrawl.tools.checkstyle.checks.coding.MissingCtorCheckTest
[INFO] Running com.puppycrawl.tools.checkstyle.checks.coding.IllegalInstantiationCheckTest
[INFO] Tests run: 8, Failures: 0, Errors: 0, Skipped: 0, Time elapsed: 0.025 s - in com.puppycrawl.tools.checkstyle.checks.coding.IllegalInstantiationCheckTest
[INFO] Running com.puppycrawl.tools.checkstyle.checks.coding.ArrayTrailingCommaCheckTest
[INFO] Tests run: 2, Failures: 0, Errors: 0, Skipped: 0, Time elapsed: 0.004 s - in com.puppycrawl.tools.checkstyle.checks.coding.ArrayTrailingCommaCheckTest
[INFO] Running com.puppycrawl.tools.checkstyle.checks.coding.MultipleStringLiteralsCheckTest
[INFO] Tests run: 7, Failures: 0, Errors: 0, Skipped: 0, Time elapsed: 0.031 s - in com.puppycrawl.tools.checkstyle.checks.coding.MultipleStringLiteralsCheckTest
[INFO] Running com.puppycrawl.tools.checkstyle.checks.coding.NestedTryDepthCheckTest
[INFO] Tests run: 3, Failures: 0, Errors: 0, Skipped: 0, Time elapsed: 0.012 s - in com.puppycrawl.tools.checkstyle.checks.coding.NestedTryDepthCheckTest
[INFO] Running com.puppycrawl.tools.checkstyle.checks.coding.InnerAssignmentCheckTest
[INFO] Tests run: 3, Failures: 0, Errors: 0, Skipped: 0, Time elapsed: 0.011 s - in com.puppycrawl.tools.checkstyle.checks.coding.InnerAssignmentCheckTest
[INFO] Running com.puppycrawl.tools.checkstyle.checks.coding.FallThroughCheckTest
[INFO] Tests run: 5, Failures: 0, Errors: 0, Skipped: 0, Time elapsed: 0.04 s - in com.puppycrawl.tools.checkstyle.checks.coding.FallThroughCheckTest
[INFO] Running com.puppycrawl.tools.checkstyle.checks.coding.IllegalCatchCheckTest
[INFO] Tests run: 5, Failures: 0, Errors: 0, Skipped: 0, Time elapsed: 0.015 s - in com.puppycrawl.tools.checkstyle.checks.coding.IllegalCatchCheckTest
[INFO] Running com.puppycrawl.tools.checkstyle.checks.coding.CovariantEqualsCheckTest
[INFO] Tests run: 2, Failures: 0, Errors: 0, Skipped: 0, Time elapsed: 0.005 s - in com.puppycrawl.tools.checkstyle.checks.coding.CovariantEqualsCheckTest
[INFO] Running com.puppycrawl.tools.checkstyle.checks.coding.ParameterAssignmentCheckTest
[INFO] Tests run: 4, Failures: 0, Errors: 0, Skipped: 0, Time elapsed: 0.009 s - in com.puppycrawl.tools.checkstyle.checks.coding.ParameterAssignmentCheckTest
[INFO] Running com.puppycrawl.tools.checkstyle.checks.coding.OneStatementPerLineCheckTest
[INFO] Tests run: 4, Failures: 0, Errors: 0, Skipped: 0, Time elapsed: 0.017 s - in com.puppycrawl.tools.checkstyle.checks.coding.OneStatementPerLineCheckTest
[INFO] Running com.puppycrawl.tools.checkstyle.checks.coding.SuperCloneCheckTest
[INFO] Tests run: 3, Failures: 0, Errors: 0, Skipped: 0, Time elapsed: 0.007 s - in com.puppycrawl.tools.checkstyle.checks.coding.SuperCloneCheckTest
[INFO] Running com.puppycrawl.tools.checkstyle.checks.coding.ModifiedControlVariableCheckTest
[INFO] Tests run: 6, Failures: 0, Errors: 0, Skipped: 0, Time elapsed: 0.019 s - in com.puppycrawl.tools.checkstyle.checks.coding.ModifiedControlVariableCheckTest
[INFO] Running com.puppycrawl.tools.checkstyle.checks.coding.IllegalThrowsCheckTest
[INFO] Tests run: 7, Failures: 0, Errors: 0, Skipped: 0, Time elapsed: 0.018 s - in com.puppycrawl.tools.checkstyle.checks.coding.IllegalThrowsCheckTest
[INFO] Running com.puppycrawl.tools.checkstyle.checks.coding.IllegalTokenTextCheckTest
[INFO] Tests run: 7, Failures: 0, Errors: 0, Skipped: 0, Time elapsed: 0.018 s - in com.puppycrawl.tools.checkstyle.checks.coding.IllegalTokenTextCheckTest
[INFO] Running com.puppycrawl.tools.checkstyle.checks.coding.RequireThisCheckTest
[INFO] Tests run: 18, Failures: 0, Errors: 0, Skipped: 0, Time elapsed: 0.123 s - in com.puppycrawl.tools.checkstyle.checks.coding.RequireThisCheckTest
[INFO] Running com.puppycrawl.tools.checkstyle.checks.coding.EqualsHashCodeCheckTest
[INFO] Tests run: 5, Failures: 0, Errors: 0, Skipped: 0, Time elapsed: 0.016 s - in com.puppycrawl.tools.checkstyle.checks.coding.EqualsHashCodeCheckTest
[INFO] Running com.puppycrawl.tools.checkstyle.checks.coding.StringLiteralEqualityCheckTest
[INFO] Tests run: 2, Failures: 0, Errors: 0, Skipped: 0, Time elapsed: 0.004 s - in com.puppycrawl.tools.checkstyle.checks.coding.StringLiteralEqualityCheckTest
[INFO] Running com.puppycrawl.tools.checkstyle.checks.design.InnerTypeLastCheckTest
[INFO] Tests run: 3, Failures: 0, Errors: 0, Skipped: 0, Time elapsed: 0.006 s - in com.puppycrawl.tools.checkstyle.checks.design.InnerTypeLastCheckTest
[INFO] Running com.puppycrawl.tools.checkstyle.checks.design.ThrowsCountCheckTest
[INFO] Tests run: 6, Failures: 0, Errors: 0, Skipped: 0, Time elapsed: 0.01 s - in com.puppycrawl.tools.checkstyle.checks.design.ThrowsCountCheckTest
[INFO] Running com.puppycrawl.tools.checkstyle.checks.design.InterfaceIsTypeCheckTest
[INFO] Tests run: 4, Failures: 0, Errors: 0, Skipped: 0, Time elapsed: 0.007 s - in com.puppycrawl.tools.checkstyle.checks.design.InterfaceIsTypeCheckTest
[INFO] Running com.puppycrawl.tools.checkstyle.checks.design.FinalClassCheckTest
[INFO] Tests run: 6, Failures: 0, Errors: 0, Skipped: 0, Time elapsed: 0.011 s - in com.puppycrawl.tools.checkstyle.checks.design.FinalClassCheckTest
[INFO] Running com.puppycrawl.tools.checkstyle.checks.design.OneTopLevelClassCheckTest
[INFO] Tests run: 11, Failures: 0, Errors: 0, Skipped: 0, Time elapsed: 0.025 s - in com.puppycrawl.tools.checkstyle.checks.design.OneTopLevelClassCheckTest
[INFO] Running com.puppycrawl.tools.checkstyle.checks.design.DesignForExtensionCheckTest
[INFO] Tests run: 7, Failures: 0, Errors: 0, Skipped: 0, Time elapsed: 0.02 s - in com.puppycrawl.tools.checkstyle.checks.design.DesignForExtensionCheckTest
[INFO] Running com.puppycrawl.tools.checkstyle.checks.design.MutableExceptionCheckTest
[INFO] Tests run: 6, Failures: 0, Errors: 0, Skipped: 0, Time elapsed: 0.014 s - in com.puppycrawl.tools.checkstyle.checks.design.MutableExceptionCheckTest
[INFO] Running com.puppycrawl.tools.checkstyle.checks.design.HideUtilityClassConstructorCheckTest
[INFO] Tests run: 12, Failures: 0, Errors: 0, Skipped: 0, Time elapsed: 0.03 s - in com.puppycrawl.tools.checkstyle.checks.design.HideUtilityClassConstructorCheckTest
[INFO] Running com.puppycrawl.tools.checkstyle.checks.design.VisibilityModifierCheckTest
[INFO] Tests run: 25, Failures: 0, Errors: 0, Skipped: 0, Time elapsed: 0.074 s - in com.puppycrawl.tools.checkstyle.checks.design.VisibilityModifierCheckTest
[INFO] Running com.puppycrawl.tools.checkstyle.checks.header.HeaderCheckTest
[INFO] Tests run: 16, Failures: 0, Errors: 0, Skipped: 0, Time elapsed: 1.646 s - in com.puppycrawl.tools.checkstyle.checks.header.HeaderCheckTest
[INFO] Running com.puppycrawl.tools.checkstyle.checks.header.RegexpHeaderCheckTest
[INFO] Tests run: 27, Failures: 0, Errors: 0, Skipped: 0, Time elapsed: 0.657 s - in com.puppycrawl.tools.checkstyle.checks.header.RegexpHeaderCheckTest
[INFO] Running com.puppycrawl.tools.checkstyle.checks.imports.AvoidStarImportCheckTest
[INFO] Tests run: 6, Failures: 0, Errors: 0, Skipped: 0, Time elapsed: 0.014 s - in com.puppycrawl.tools.checkstyle.checks.imports.AvoidStarImportCheckTest
[INFO] Running com.puppycrawl.tools.checkstyle.checks.imports.ImportControlRegExpTest
[INFO] Tests run: 3, Failures: 0, Errors: 0, Skipped: 0, Time elapsed: 0.001 s - in com.puppycrawl.tools.checkstyle.checks.imports.ImportControlRegExpTest
[INFO] Running com.puppycrawl.tools.checkstyle.checks.imports.RedundantImportCheckTest
[INFO] Tests run: 4, Failures: 0, Errors: 0, Skipped: 0, Time elapsed: 0.011 s - in com.puppycrawl.tools.checkstyle.checks.imports.RedundantImportCheckTest
[INFO] Running com.puppycrawl.tools.checkstyle.checks.imports.ImportControlRegExpInPkgTest
[ERROR] Tests run: 7, Failures: 1, Errors: 0, Skipped: 0, Time elapsed: 0.006 s <<< FAILURE! - in com.puppycrawl.tools.checkstyle.checks.imports.ImportControlRegExpInPkgTest
[ERROR] testRegExpInSubpackageIsConsidered(com.puppycrawl.tools.checkstyle.checks.imports.ImportControlRegExpInPkgTest)  Time elapsed: 0.005 s  <<< FAILURE!
java.lang.AssertionError: Invalid package expected:<com.puppycrawl.tools.checkstyle.checks.imports.ImportControl@314f59b> but was:<com.puppycrawl.tools.checkstyle.checks.imports.ImportControl@63c99f7>
	at com.puppycrawl.tools.checkstyle.checks.imports.ImportControlRegExpInPkgTest.testRegExpInSubpackageIsConsidered(ImportControlRegExpInPkgTest.java:43)

[INFO] Running com.puppycrawl.tools.checkstyle.checks.imports.ImportControlLoaderTest
[INFO] Tests run: 7, Failures: 0, Errors: 0, Skipped: 0, Time elapsed: 0.634 s - in com.puppycrawl.tools.checkstyle.checks.imports.ImportControlLoaderTest
[INFO] Running com.puppycrawl.tools.checkstyle.checks.imports.ImportOrderCheckTest
[INFO] Tests run: 36, Failures: 0, Errors: 0, Skipped: 0, Time elapsed: 1.12 s - in com.puppycrawl.tools.checkstyle.checks.imports.ImportOrderCheckTest
[INFO] Running com.puppycrawl.tools.checkstyle.checks.imports.AccessResultTest
[INFO] Tests run: 2, Failures: 0, Errors: 0, Skipped: 0, Time elapsed: 0 s - in com.puppycrawl.tools.checkstyle.checks.imports.AccessResultTest
[INFO] Running com.puppycrawl.tools.checkstyle.checks.imports.AvoidStaticImportCheckTest
[INFO] Tests run: 7, Failures: 0, Errors: 0, Skipped: 0, Time elapsed: 0.017 s - in com.puppycrawl.tools.checkstyle.checks.imports.AvoidStaticImportCheckTest
[INFO] Running com.puppycrawl.tools.checkstyle.checks.imports.UnusedImportsCheckTest
[INFO] Tests run: 11, Failures: 0, Errors: 0, Skipped: 0, Time elapsed: 0.033 s - in com.puppycrawl.tools.checkstyle.checks.imports.UnusedImportsCheckTest
[INFO] Running com.puppycrawl.tools.checkstyle.checks.imports.ImportControlCheckTest
[INFO] Tests run: 29, Failures: 0, Errors: 0, Skipped: 0, Time elapsed: 0.423 s - in com.puppycrawl.tools.checkstyle.checks.imports.ImportControlCheckTest
[INFO] Running com.puppycrawl.tools.checkstyle.checks.imports.PkgImportRuleTest
[INFO] Tests run: 6, Failures: 0, Errors: 0, Skipped: 0, Time elapsed: 0 s - in com.puppycrawl.tools.checkstyle.checks.imports.PkgImportRuleTest
[INFO] Running com.puppycrawl.tools.checkstyle.checks.imports.IllegalImportCheckTest
[INFO] Tests run: 8, Failures: 0, Errors: 0, Skipped: 0, Time elapsed: 0.025 s - in com.puppycrawl.tools.checkstyle.checks.imports.IllegalImportCheckTest
[INFO] Running com.puppycrawl.tools.checkstyle.checks.imports.ImportControlTest
[INFO] Tests run: 4, Failures: 0, Errors: 0, Skipped: 0, Time elapsed: 0.001 s - in com.puppycrawl.tools.checkstyle.checks.imports.ImportControlTest
[INFO] Running com.puppycrawl.tools.checkstyle.checks.imports.ClassImportRuleTest
[INFO] Tests run: 3, Failures: 0, Errors: 0, Skipped: 0, Time elapsed: 0 s - in com.puppycrawl.tools.checkstyle.checks.imports.ClassImportRuleTest
[INFO] Running com.puppycrawl.tools.checkstyle.checks.imports.CustomImportOrderCheckTest
[INFO] Tests run: 32, Failures: 0, Errors: 0, Skipped: 0, Time elapsed: 0.092 s - in com.puppycrawl.tools.checkstyle.checks.imports.CustomImportOrderCheckTest
[INFO] Running com.puppycrawl.tools.checkstyle.checks.indentation.CommentsIndentationCheckTest
[INFO] Tests run: 11, Failures: 0, Errors: 0, Skipped: 0, Time elapsed: 0.03 s - in com.puppycrawl.tools.checkstyle.checks.indentation.CommentsIndentationCheckTest
[INFO] Running com.puppycrawl.tools.checkstyle.checks.indentation.LineSetTest
[INFO] Tests run: 1, Failures: 0, Errors: 0, Skipped: 0, Time elapsed: 0 s - in com.puppycrawl.tools.checkstyle.checks.indentation.LineSetTest
[INFO] Running com.puppycrawl.tools.checkstyle.checks.indentation.IndentationCheckTest
[INFO] Tests run: 79, Failures: 0, Errors: 0, Skipped: 0, Time elapsed: 0.489 s - in com.puppycrawl.tools.checkstyle.checks.indentation.IndentationCheckTest
[INFO] Running com.puppycrawl.tools.checkstyle.checks.javadoc.ClassResolverTest
[INFO] Tests run: 6, Failures: 0, Errors: 0, Skipped: 0, Time elapsed: 0.298 s - in com.puppycrawl.tools.checkstyle.checks.javadoc.ClassResolverTest
[INFO] Running com.puppycrawl.tools.checkstyle.checks.javadoc.JavadocTypeCheckTest
[INFO] Tests run: 25, Failures: 0, Errors: 0, Skipped: 0, Time elapsed: 0.065 s - in com.puppycrawl.tools.checkstyle.checks.javadoc.JavadocTypeCheckTest
[INFO] Running com.puppycrawl.tools.checkstyle.checks.javadoc.JavadocTagInfoTest
[INFO] Tests run: 15, Failures: 0, Errors: 0, Skipped: 0, Time elapsed: 0.002 s - in com.puppycrawl.tools.checkstyle.checks.javadoc.JavadocTagInfoTest
[INFO] Running com.puppycrawl.tools.checkstyle.checks.javadoc.JavadocParagraphCheckTest
[INFO] Tests run: 4, Failures: 0, Errors: 0, Skipped: 0, Time elapsed: 0.774 s - in com.puppycrawl.tools.checkstyle.checks.javadoc.JavadocParagraphCheckTest
[INFO] Running com.puppycrawl.tools.checkstyle.checks.javadoc.JavadocMethodCheckTest
[INFO] Tests run: 37, Failures: 0, Errors: 0, Skipped: 0, Time elapsed: 0.169 s - in com.puppycrawl.tools.checkstyle.checks.javadoc.JavadocMethodCheckTest
[INFO] Running com.puppycrawl.tools.checkstyle.checks.javadoc.JavadocTagContinuationIndentationCheckTest
[INFO] Tests run: 4, Failures: 0, Errors: 0, Skipped: 0, Time elapsed: 0.069 s - in com.puppycrawl.tools.checkstyle.checks.javadoc.JavadocTagContinuationIndentationCheckTest
[INFO] Running com.puppycrawl.tools.checkstyle.checks.javadoc.NonEmptyAtclauseDescriptionCheckTest
[INFO] Tests run: 3, Failures: 0, Errors: 0, Skipped: 0, Time elapsed: 0.019 s - in com.puppycrawl.tools.checkstyle.checks.javadoc.NonEmptyAtclauseDescriptionCheckTest
[INFO] Running com.puppycrawl.tools.checkstyle.checks.javadoc.AtclauseOrderCheckTest
[INFO] Tests run: 5, Failures: 0, Errors: 0, Skipped: 0, Time elapsed: 0.152 s - in com.puppycrawl.tools.checkstyle.checks.javadoc.AtclauseOrderCheckTest
[INFO] Running com.puppycrawl.tools.checkstyle.checks.javadoc.WriteTagCheckTest
[INFO] Tests run: 13, Failures: 0, Errors: 0, Skipped: 0, Time elapsed: 0.057 s - in com.puppycrawl.tools.checkstyle.checks.javadoc.WriteTagCheckTest
[INFO] Running com.puppycrawl.tools.checkstyle.checks.javadoc.JavadocNodeImplTest
[INFO] Tests run: 2, Failures: 0, Errors: 0, Skipped: 0, Time elapsed: 0 s - in com.puppycrawl.tools.checkstyle.checks.javadoc.JavadocNodeImplTest
[INFO] Running com.puppycrawl.tools.checkstyle.checks.javadoc.JavadocPackageCheckTest
[INFO] Tests run: 7, Failures: 0, Errors: 0, Skipped: 0, Time elapsed: 0.016 s - in com.puppycrawl.tools.checkstyle.checks.javadoc.JavadocPackageCheckTest
[INFO] Running com.puppycrawl.tools.checkstyle.checks.javadoc.JavadocTagTest
[INFO] Tests run: 3, Failures: 0, Errors: 0, Skipped: 0, Time elapsed: 0 s - in com.puppycrawl.tools.checkstyle.checks.javadoc.JavadocTagTest
[INFO] Running com.puppycrawl.tools.checkstyle.checks.javadoc.JavadocStyleCheckTest
[INFO] Tests run: 19, Failures: 0, Errors: 0, Skipped: 0, Time elapsed: 0.091 s - in com.puppycrawl.tools.checkstyle.checks.javadoc.JavadocStyleCheckTest
[INFO] Running com.puppycrawl.tools.checkstyle.checks.javadoc.utils.BlockTagUtilsTest
[INFO] Tests run: 4, Failures: 0, Errors: 0, Skipped: 0, Time elapsed: 0 s - in com.puppycrawl.tools.checkstyle.checks.javadoc.utils.BlockTagUtilsTest
[INFO] Running com.puppycrawl.tools.checkstyle.checks.javadoc.utils.InlineTagUtilsTest
[INFO] Tests run: 7, Failures: 0, Errors: 0, Skipped: 0, Time elapsed: 0 s - in com.puppycrawl.tools.checkstyle.checks.javadoc.utils.InlineTagUtilsTest
[INFO] Running com.puppycrawl.tools.checkstyle.checks.javadoc.AbstractTypeAwareCheckTest
[INFO] Tests run: 6, Failures: 0, Errors: 0, Skipped: 0, Time elapsed: 0.011 s - in com.puppycrawl.tools.checkstyle.checks.javadoc.AbstractTypeAwareCheckTest
[INFO] Running com.puppycrawl.tools.checkstyle.checks.javadoc.JavadocVariableCheckTest
[INFO] Tests run: 13, Failures: 0, Errors: 0, Skipped: 0, Time elapsed: 0.035 s - in com.puppycrawl.tools.checkstyle.checks.javadoc.JavadocVariableCheckTest
[INFO] Running com.puppycrawl.tools.checkstyle.checks.javadoc.SummaryJavadocCheckTest
[INFO] Tests run: 7, Failures: 0, Errors: 0, Skipped: 0, Time elapsed: 0.056 s - in com.puppycrawl.tools.checkstyle.checks.javadoc.SummaryJavadocCheckTest
[INFO] Running com.puppycrawl.tools.checkstyle.checks.javadoc.AbstractJavadocCheckTest
[INFO] Tests run: 16, Failures: 0, Errors: 0, Skipped: 0, Time elapsed: 0.252 s - in com.puppycrawl.tools.checkstyle.checks.javadoc.AbstractJavadocCheckTest
[INFO] Running com.puppycrawl.tools.checkstyle.checks.javadoc.SingleLineJavadocCheckTest
[INFO] Tests run: 4, Failures: 0, Errors: 0, Skipped: 0, Time elapsed: 0.034 s - in com.puppycrawl.tools.checkstyle.checks.javadoc.SingleLineJavadocCheckTest
[INFO] Running com.puppycrawl.tools.checkstyle.checks.metrics.BooleanExpressionComplexityCheckTest
[INFO] Tests run: 4, Failures: 0, Errors: 0, Skipped: 0, Time elapsed: 0.015 s - in com.puppycrawl.tools.checkstyle.checks.metrics.BooleanExpressionComplexityCheckTest
[INFO] Running com.puppycrawl.tools.checkstyle.checks.metrics.NPathComplexityCheckTest
[INFO] Tests run: 8, Failures: 0, Errors: 0, Skipped: 0, Time elapsed: 0.023 s - in com.puppycrawl.tools.checkstyle.checks.metrics.NPathComplexityCheckTest
[INFO] Running com.puppycrawl.tools.checkstyle.checks.metrics.CyclomaticComplexityCheckTest
[INFO] Tests run: 5, Failures: 0, Errors: 0, Skipped: 0, Time elapsed: 0.016 s - in com.puppycrawl.tools.checkstyle.checks.metrics.CyclomaticComplexityCheckTest
[INFO] Running com.puppycrawl.tools.checkstyle.checks.metrics.JavaNCSSCheckTest
[INFO] Tests run: 4, Failures: 0, Errors: 0, Skipped: 0, Time elapsed: 0.013 s - in com.puppycrawl.tools.checkstyle.checks.metrics.JavaNCSSCheckTest
[INFO] Running com.puppycrawl.tools.checkstyle.checks.metrics.ClassFanOutComplexityCheckTest
[INFO] Tests run: 10, Failures: 0, Errors: 0, Skipped: 0, Time elapsed: 0.06 s - in com.puppycrawl.tools.checkstyle.checks.metrics.ClassFanOutComplexityCheckTest
[INFO] Running com.puppycrawl.tools.checkstyle.checks.metrics.ClassDataAbstractionCouplingCheckTest
[INFO] Tests run: 9, Failures: 0, Errors: 0, Skipped: 0, Time elapsed: 0.042 s - in com.puppycrawl.tools.checkstyle.checks.metrics.ClassDataAbstractionCouplingCheckTest
[INFO] Running com.puppycrawl.tools.checkstyle.checks.modifier.RedundantModifierCheckTest
[INFO] Tests run: 16, Failures: 0, Errors: 0, Skipped: 0, Time elapsed: 0.04 s - in com.puppycrawl.tools.checkstyle.checks.modifier.RedundantModifierCheckTest
[INFO] Running com.puppycrawl.tools.checkstyle.checks.modifier.ModifierOrderCheckTest
[INFO] Tests run: 7, Failures: 0, Errors: 0, Skipped: 0, Time elapsed: 0.013 s - in com.puppycrawl.tools.checkstyle.checks.modifier.ModifierOrderCheckTest
[INFO] Running com.puppycrawl.tools.checkstyle.checks.naming.AbbreviationAsWordInNameCheckTest
[INFO] Tests run: 12, Failures: 0, Errors: 0, Skipped: 0, Time elapsed: 0.06 s - in com.puppycrawl.tools.checkstyle.checks.naming.AbbreviationAsWordInNameCheckTest
[INFO] Running com.puppycrawl.tools.checkstyle.checks.naming.CatchParameterNameCheckTest
[INFO] Tests run: 5, Failures: 0, Errors: 0, Skipped: 0, Time elapsed: 0.013 s - in com.puppycrawl.tools.checkstyle.checks.naming.CatchParameterNameCheckTest
[INFO] Running com.puppycrawl.tools.checkstyle.checks.naming.ConstantNameCheckTest
[INFO] Tests run: 9, Failures: 0, Errors: 0, Skipped: 0, Time elapsed: 0.022 s - in com.puppycrawl.tools.checkstyle.checks.naming.ConstantNameCheckTest
[INFO] Running com.puppycrawl.tools.checkstyle.checks.naming.InterfaceTypeParameterNameCheckTest
[INFO] Tests run: 3, Failures: 0, Errors: 0, Skipped: 0, Time elapsed: 0.007 s - in com.puppycrawl.tools.checkstyle.checks.naming.InterfaceTypeParameterNameCheckTest
[INFO] Running com.puppycrawl.tools.checkstyle.checks.naming.LocalVariableNameCheckTest
[INFO] Tests run: 3, Failures: 0, Errors: 0, Skipped: 0, Time elapsed: 0.01 s - in com.puppycrawl.tools.checkstyle.checks.naming.LocalVariableNameCheckTest
[INFO] Running com.puppycrawl.tools.checkstyle.checks.naming.TypeNameCheckTest
[INFO] Tests run: 6, Failures: 0, Errors: 0, Skipped: 0, Time elapsed: 0.015 s - in com.puppycrawl.tools.checkstyle.checks.naming.TypeNameCheckTest
[INFO] Running com.puppycrawl.tools.checkstyle.checks.naming.MethodNameCheckTest
[INFO] Tests run: 8, Failures: 0, Errors: 0, Skipped: 0, Time elapsed: 0.017 s - in com.puppycrawl.tools.checkstyle.checks.naming.MethodNameCheckTest
[INFO] Running com.puppycrawl.tools.checkstyle.checks.naming.LocalFinalVariableNameCheckTest
[INFO] Tests run: 6, Failures: 0, Errors: 0, Skipped: 0, Time elapsed: 0.012 s - in com.puppycrawl.tools.checkstyle.checks.naming.LocalFinalVariableNameCheckTest
[INFO] Running com.puppycrawl.tools.checkstyle.checks.naming.MethodTypeParameterNameCheckTest
[INFO] Tests run: 3, Failures: 0, Errors: 0, Skipped: 0, Time elapsed: 0.006 s - in com.puppycrawl.tools.checkstyle.checks.naming.MethodTypeParameterNameCheckTest
[INFO] Running com.puppycrawl.tools.checkstyle.checks.naming.AbstractClassNameCheckTest
[INFO] Tests run: 7, Failures: 0, Errors: 0, Skipped: 0, Time elapsed: 0.014 s - in com.puppycrawl.tools.checkstyle.checks.naming.AbstractClassNameCheckTest
[INFO] Running com.puppycrawl.tools.checkstyle.checks.naming.PackageNameCheckTest
[INFO] Tests run: 4, Failures: 0, Errors: 0, Skipped: 0, Time elapsed: 0.009 s - in com.puppycrawl.tools.checkstyle.checks.naming.PackageNameCheckTest
[INFO] Running com.puppycrawl.tools.checkstyle.checks.naming.MemberNameCheckTest
[INFO] Tests run: 12, Failures: 0, Errors: 0, Skipped: 0, Time elapsed: 0.03 s - in com.puppycrawl.tools.checkstyle.checks.naming.MemberNameCheckTest
[INFO] Running com.puppycrawl.tools.checkstyle.checks.naming.ClassTypeParameterNameCheckTest
[INFO] Tests run: 4, Failures: 0, Errors: 0, Skipped: 0, Time elapsed: 0.007 s - in com.puppycrawl.tools.checkstyle.checks.naming.ClassTypeParameterNameCheckTest
[INFO] Running com.puppycrawl.tools.checkstyle.checks.naming.StaticVariableNameCheckTest
[INFO] Tests run: 5, Failures: 0, Errors: 0, Skipped: 0, Time elapsed: 0.012 s - in com.puppycrawl.tools.checkstyle.checks.naming.StaticVariableNameCheckTest
[INFO] Running com.puppycrawl.tools.checkstyle.checks.naming.ParameterNameCheckTest
[INFO] Tests run: 10, Failures: 0, Errors: 0, Skipped: 0, Time elapsed: 0.027 s - in com.puppycrawl.tools.checkstyle.checks.naming.ParameterNameCheckTest
[INFO] Running com.puppycrawl.tools.checkstyle.checks.regexp.RegexpCheckTest
[INFO] Tests run: 24, Failures: 0, Errors: 0, Skipped: 0, Time elapsed: 0.07 s - in com.puppycrawl.tools.checkstyle.checks.regexp.RegexpCheckTest
[INFO] Running com.puppycrawl.tools.checkstyle.checks.regexp.RegexpSinglelineJavaCheckTest
[INFO] Tests run: 19, Failures: 0, Errors: 0, Skipped: 0, Time elapsed: 0.048 s - in com.puppycrawl.tools.checkstyle.checks.regexp.RegexpSinglelineJavaCheckTest
[INFO] Running com.puppycrawl.tools.checkstyle.checks.regexp.RegexpSinglelineCheckTest
[INFO] Tests run: 6, Failures: 0, Errors: 0, Skipped: 0, Time elapsed: 0.01 s - in com.puppycrawl.tools.checkstyle.checks.regexp.RegexpSinglelineCheckTest
[INFO] Running com.puppycrawl.tools.checkstyle.checks.regexp.RegexpMultilineCheckTest
[INFO] Tests run: 13, Failures: 0, Errors: 0, Skipped: 0, Time elapsed: 0.068 s - in com.puppycrawl.tools.checkstyle.checks.regexp.RegexpMultilineCheckTest
[INFO] Running com.puppycrawl.tools.checkstyle.checks.regexp.RegexpOnFilenameCheckTest
[INFO] Tests run: 20, Failures: 0, Errors: 0, Skipped: 0, Time elapsed: 0.037 s - in com.puppycrawl.tools.checkstyle.checks.regexp.RegexpOnFilenameCheckTest
[INFO] Running com.puppycrawl.tools.checkstyle.checks.sizes.MethodCountCheckTest
[INFO] Tests run: 10, Failures: 0, Errors: 0, Skipped: 0, Time elapsed: 0.021 s - in com.puppycrawl.tools.checkstyle.checks.sizes.MethodCountCheckTest
[INFO] Running com.puppycrawl.tools.checkstyle.checks.sizes.ParameterNumberCheckTest
[INFO] Tests run: 6, Failures: 0, Errors: 0, Skipped: 0, Time elapsed: 0.012 s - in com.puppycrawl.tools.checkstyle.checks.sizes.ParameterNumberCheckTest
[INFO] Running com.puppycrawl.tools.checkstyle.checks.sizes.AnonInnerLengthCheckTest
[INFO] Tests run: 4, Failures: 0, Errors: 0, Skipped: 0, Time elapsed: 0.01 s - in com.puppycrawl.tools.checkstyle.checks.sizes.AnonInnerLengthCheckTest
[INFO] Running com.puppycrawl.tools.checkstyle.checks.sizes.InputLineLengthCheckTest
[INFO] Tests run: 6, Failures: 0, Errors: 0, Skipped: 0, Time elapsed: 0.011 s - in com.puppycrawl.tools.checkstyle.checks.sizes.InputLineLengthCheckTest
[INFO] Running com.puppycrawl.tools.checkstyle.checks.sizes.MethodLengthCheckTest
[INFO] Tests run: 5, Failures: 0, Errors: 0, Skipped: 0, Time elapsed: 0.009 s - in com.puppycrawl.tools.checkstyle.checks.sizes.MethodLengthCheckTest
[INFO] Running com.puppycrawl.tools.checkstyle.checks.sizes.OuterTypeNumberCheckTest
[INFO] Tests run: 5, Failures: 0, Errors: 0, Skipped: 0, Time elapsed: 0.008 s - in com.puppycrawl.tools.checkstyle.checks.sizes.OuterTypeNumberCheckTest
[INFO] Running com.puppycrawl.tools.checkstyle.checks.sizes.FileLengthCheckTest
[INFO] Tests run: 5, Failures: 0, Errors: 0, Skipped: 0, Time elapsed: 0.006 s - in com.puppycrawl.tools.checkstyle.checks.sizes.FileLengthCheckTest
[INFO] Running com.puppycrawl.tools.checkstyle.checks.sizes.ExecutableStatementCountCheckTest
[INFO] Tests run: 8, Failures: 0, Errors: 0, Skipped: 0, Time elapsed: 0.019 s - in com.puppycrawl.tools.checkstyle.checks.sizes.ExecutableStatementCountCheckTest
[INFO] Running com.puppycrawl.tools.checkstyle.checks.whitespace.NoWhitespaceAfterCheckTest
[INFO] Tests run: 10, Failures: 0, Errors: 0, Skipped: 0, Time elapsed: 0.028 s - in com.puppycrawl.tools.checkstyle.checks.whitespace.NoWhitespaceAfterCheckTest
[INFO] Running com.puppycrawl.tools.checkstyle.checks.whitespace.OperatorWrapCheckTest
[INFO] Tests run: 6, Failures: 0, Errors: 0, Skipped: 0, Time elapsed: 0.016 s - in com.puppycrawl.tools.checkstyle.checks.whitespace.OperatorWrapCheckTest
[INFO] Running com.puppycrawl.tools.checkstyle.checks.whitespace.MethodParamPadCheckTest
[INFO] Tests run: 7, Failures: 0, Errors: 0, Skipped: 0, Time elapsed: 0.014 s - in com.puppycrawl.tools.checkstyle.checks.whitespace.MethodParamPadCheckTest
[INFO] Running com.puppycrawl.tools.checkstyle.checks.whitespace.EmptyLineSeparatorCheckTest
[INFO] Tests run: 16, Failures: 0, Errors: 0, Skipped: 0, Time elapsed: 0.029 s - in com.puppycrawl.tools.checkstyle.checks.whitespace.EmptyLineSeparatorCheckTest
[INFO] Running com.puppycrawl.tools.checkstyle.checks.whitespace.SeparatorWrapCheckTest
[INFO] Tests run: 7, Failures: 0, Errors: 0, Skipped: 0, Time elapsed: 0.014 s - in com.puppycrawl.tools.checkstyle.checks.whitespace.SeparatorWrapCheckTest
[INFO] Running com.puppycrawl.tools.checkstyle.checks.whitespace.FileTabCharacterCheckTest
[INFO] Tests run: 3, Failures: 0, Errors: 0, Skipped: 0, Time elapsed: 0.005 s - in com.puppycrawl.tools.checkstyle.checks.whitespace.FileTabCharacterCheckTest
[INFO] Running com.puppycrawl.tools.checkstyle.checks.whitespace.NoWhitespaceBeforeCheckTest
[INFO] Tests run: 4, Failures: 0, Errors: 0, Skipped: 0, Time elapsed: 0.016 s - in com.puppycrawl.tools.checkstyle.checks.whitespace.NoWhitespaceBeforeCheckTest
[INFO] Running com.puppycrawl.tools.checkstyle.checks.whitespace.WhitespaceAroundCheckTest
[INFO] Tests run: 22, Failures: 0, Errors: 0, Skipped: 0, Time elapsed: 0.052 s - in com.puppycrawl.tools.checkstyle.checks.whitespace.WhitespaceAroundCheckTest
[INFO] Running com.puppycrawl.tools.checkstyle.checks.whitespace.EmptyForIteratorPadCheckTest
[INFO] Tests run: 5, Failures: 0, Errors: 0, Skipped: 0, Time elapsed: 0.008 s - in com.puppycrawl.tools.checkstyle.checks.whitespace.EmptyForIteratorPadCheckTest
[INFO] Running com.puppycrawl.tools.checkstyle.checks.whitespace.ParenPadCheckTest
[INFO] Tests run: 14, Failures: 0, Errors: 0, Skipped: 0, Time elapsed: 0.055 s - in com.puppycrawl.tools.checkstyle.checks.whitespace.ParenPadCheckTest
[INFO] Running com.puppycrawl.tools.checkstyle.checks.whitespace.TypecastParenPadCheckTest
[INFO] Tests run: 4, Failures: 0, Errors: 0, Skipped: 0, Time elapsed: 0.011 s - in com.puppycrawl.tools.checkstyle.checks.whitespace.TypecastParenPadCheckTest
[INFO] Running com.puppycrawl.tools.checkstyle.checks.whitespace.WhitespaceAfterCheckTest
[INFO] Tests run: 14, Failures: 0, Errors: 0, Skipped: 0, Time elapsed: 0.034 s - in com.puppycrawl.tools.checkstyle.checks.whitespace.WhitespaceAfterCheckTest
[INFO] Running com.puppycrawl.tools.checkstyle.checks.whitespace.NoLineWrapCheckTest
[INFO] Tests run: 3, Failures: 0, Errors: 0, Skipped: 0, Time elapsed: 0.006 s - in com.puppycrawl.tools.checkstyle.checks.whitespace.NoLineWrapCheckTest
[INFO] Running com.puppycrawl.tools.checkstyle.checks.whitespace.EmptyForInitializerPadCheckTest
[INFO] Tests run: 7, Failures: 0, Errors: 0, Skipped: 0, Time elapsed: 0.008 s - in com.puppycrawl.tools.checkstyle.checks.whitespace.EmptyForInitializerPadCheckTest
[INFO] Running com.puppycrawl.tools.checkstyle.checks.whitespace.GenericWhitespaceCheckTest
[INFO] Tests run: 9, Failures: 0, Errors: 0, Skipped: 0, Time elapsed: 0.014 s - in com.puppycrawl.tools.checkstyle.checks.whitespace.GenericWhitespaceCheckTest
[INFO] Running com.puppycrawl.tools.checkstyle.checks.whitespace.SingleSpaceSeparatorCheckTest
[INFO] Tests run: 4, Failures: 0, Errors: 0, Skipped: 0, Time elapsed: 0.009 s - in com.puppycrawl.tools.checkstyle.checks.whitespace.SingleSpaceSeparatorCheckTest
[INFO] Running com.puppycrawl.tools.checkstyle.checks.TodoCommentCheckTest
[INFO] Tests run: 3, Failures: 0, Errors: 0, Skipped: 0, Time elapsed: 0.004 s - in com.puppycrawl.tools.checkstyle.checks.TodoCommentCheckTest
[INFO] Running com.puppycrawl.tools.checkstyle.checks.FinalParametersCheckTest
[INFO] Tests run: 7, Failures: 0, Errors: 0, Skipped: 0, Time elapsed: 0.019 s - in com.puppycrawl.tools.checkstyle.checks.FinalParametersCheckTest
[INFO] Running com.puppycrawl.tools.checkstyle.checks.ArrayTypeStyleCheckTest
[INFO] Tests run: 4, Failures: 0, Errors: 0, Skipped: 0, Time elapsed: 0.005 s - in com.puppycrawl.tools.checkstyle.checks.ArrayTypeStyleCheckTest
[INFO] Running com.puppycrawl.tools.checkstyle.checks.UpperEllCheckTest
[INFO] Tests run: 3, Failures: 0, Errors: 0, Skipped: 0, Time elapsed: 0.003 s - in com.puppycrawl.tools.checkstyle.checks.UpperEllCheckTest
[INFO] Running com.puppycrawl.tools.checkstyle.checks.AvoidEscapedUnicodeCharactersCheckTest
[INFO] Tests run: 8, Failures: 0, Errors: 0, Skipped: 0, Time elapsed: 0.773 s - in com.puppycrawl.tools.checkstyle.checks.AvoidEscapedUnicodeCharactersCheckTest
[INFO] Running com.puppycrawl.tools.checkstyle.checks.SuppressWarningsHolderTest
[INFO] Tests run: 16, Failures: 0, Errors: 0, Skipped: 0, Time elapsed: 0.943 s - in com.puppycrawl.tools.checkstyle.checks.SuppressWarningsHolderTest
[INFO] Running com.puppycrawl.tools.checkstyle.checks.UncommentedMainCheckTest
[INFO] Tests run: 7, Failures: 0, Errors: 0, Skipped: 0, Time elapsed: 0.017 s - in com.puppycrawl.tools.checkstyle.checks.UncommentedMainCheckTest
[INFO] Running com.puppycrawl.tools.checkstyle.checks.UniquePropertiesCheckTest
[INFO] Tests run: 5, Failures: 0, Errors: 0, Skipped: 0, Time elapsed: 0.013 s - in com.puppycrawl.tools.checkstyle.checks.UniquePropertiesCheckTest
[INFO] Running com.puppycrawl.tools.checkstyle.checks.DescendantTokenCheckTest
[INFO] Tests run: 18, Failures: 0, Errors: 0, Skipped: 0, Time elapsed: 0.058 s - in com.puppycrawl.tools.checkstyle.checks.DescendantTokenCheckTest
[INFO] Running com.puppycrawl.tools.checkstyle.checks.TranslationCheckTest
[INFO] Tests run: 17, Failures: 0, Errors: 0, Skipped: 0, Time elapsed: 0.08 s - in com.puppycrawl.tools.checkstyle.checks.TranslationCheckTest
[INFO] Running com.puppycrawl.tools.checkstyle.checks.FileSetCheckLifecycleTest
[INFO] Tests run: 2, Failures: 0, Errors: 0, Skipped: 0, Time elapsed: 0.005 s - in com.puppycrawl.tools.checkstyle.checks.FileSetCheckLifecycleTest
[INFO] Running com.puppycrawl.tools.checkstyle.checks.OuterTypeFilenameCheckTest
[INFO] Tests run: 9, Failures: 0, Errors: 0, Skipped: 0, Time elapsed: 0.016 s - in com.puppycrawl.tools.checkstyle.checks.OuterTypeFilenameCheckTest
[INFO] Running com.puppycrawl.tools.checkstyle.checks.TrailingCommentCheckTest
[INFO] Tests run: 5, Failures: 0, Errors: 0, Skipped: 0, Time elapsed: 0.007 s - in com.puppycrawl.tools.checkstyle.checks.TrailingCommentCheckTest
[INFO] Running com.puppycrawl.tools.checkstyle.checks.NewlineAtEndOfFileCheckTest
[INFO] Tests run: 10, Failures: 0, Errors: 0, Skipped: 0, Time elapsed: 0.023 s - in com.puppycrawl.tools.checkstyle.checks.NewlineAtEndOfFileCheckTest
[INFO] Running com.puppycrawl.tools.checkstyle.doclets.TokenTypesDocletTest
ã‚½ãƒ¼ã‚¹ãƒ»ãƒ•ã‚¡ã‚¤ãƒ«/home/travis/build/checkstyle/checkstyle/src/test/resources/com/puppycrawl/tools/checkstyle/doclets/InputTokenTypesDocletJavadocParseError.javaã‚’èª­ã¿è¾¼ã‚“ã§ã„ã¾ã™...
Javadocæƒ…å ±ã‚’æ§‹ç¯‰ã—ã¦ã„ã¾ã™...
ã‚½ãƒ¼ã‚¹ãƒ»ãƒ•ã‚¡ã‚¤ãƒ«/home/travis/build/checkstyle/checkstyle/src/test/resources/com/puppycrawl/tools/checkstyle/doclets/InputTokenTypesDocletEmptyJavadoc.javaã‚’èª­ã¿è¾¼ã‚“ã§ã„ã¾ã™...
Javadocæƒ…å ±ã‚’æ§‹ç¯‰ã—ã¦ã„ã¾ã™...
ã‚½ãƒ¼ã‚¹ãƒ»ãƒ•ã‚¡ã‚¤ãƒ«/home/travis/build/checkstyle/checkstyle/src/test/resources/com/puppycrawl/tools/checkstyle/doclets/InputTokenTypesDocletCorrect.javaã‚’èª­ã¿è¾¼ã‚“ã§ã„ã¾ã™...
Javadocæƒ…å ±ã‚’æ§‹ç¯‰ã—ã¦ã„ã¾ã™...
ã‚½ãƒ¼ã‚¹ãƒ»ãƒ•ã‚¡ã‚¤ãƒ«/home/travis/build/checkstyle/checkstyle/src/test/resources/com/puppycrawl/tools/checkstyle/doclets/InputTokenTypesDocletNotConstants.javaã‚’èª­ã¿è¾¼ã‚“ã§ã„ã¾ã™...
Javadocæƒ…å ±ã‚’æ§‹ç¯‰ã—ã¦ã„ã¾ã™...
[INFO] Tests run: 7, Failures: 0, Errors: 0, Skipped: 0, Time elapsed: 0.539 s - in com.puppycrawl.tools.checkstyle.doclets.TokenTypesDocletTest
[INFO] Running com.puppycrawl.tools.checkstyle.filters.FilterSetTest
[INFO] Tests run: 8, Failures: 0, Errors: 0, Skipped: 0, Time elapsed: 0.033 s - in com.puppycrawl.tools.checkstyle.filters.FilterSetTest
[INFO] Running com.puppycrawl.tools.checkstyle.filters.SeverityMatchFilterTest
[INFO] Tests run: 3, Failures: 0, Errors: 0, Skipped: 0, Time elapsed: 0.001 s - in com.puppycrawl.tools.checkstyle.filters.SeverityMatchFilterTest
[INFO] Running com.puppycrawl.tools.checkstyle.filters.SuppressElementTest
[INFO] Tests run: 16, Failures: 0, Errors: 0, Skipped: 0, Time elapsed: 0.11 s - in com.puppycrawl.tools.checkstyle.filters.SuppressElementTest
[INFO] Running com.puppycrawl.tools.checkstyle.filters.SuppressionsLoaderTest
[INFO] Tests run: 15, Failures: 0, Errors: 0, Skipped: 0, Time elapsed: 0.507 s - in com.puppycrawl.tools.checkstyle.filters.SuppressionsLoaderTest
[INFO] Running com.puppycrawl.tools.checkstyle.filters.BeforeExecutionFileFilterSetTest
[INFO] Tests run: 5, Failures: 0, Errors: 0, Skipped: 0, Time elapsed: 0 s - in com.puppycrawl.tools.checkstyle.filters.BeforeExecutionFileFilterSetTest
[INFO] Running com.puppycrawl.tools.checkstyle.filters.SuppressionFilterTest
[INFO] Tests run: 11, Failures: 0, Errors: 0, Skipped: 0, Time elapsed: 1.983 s - in com.puppycrawl.tools.checkstyle.filters.SuppressionFilterTest
[INFO] Running com.puppycrawl.tools.checkstyle.filters.IntRangeFilterTest
[INFO] Tests run: 4, Failures: 0, Errors: 0, Skipped: 0, Time elapsed: 0.031 s - in com.puppycrawl.tools.checkstyle.filters.IntRangeFilterTest
[INFO] Running com.puppycrawl.tools.checkstyle.filters.IntMatchFilterTest
[INFO] Tests run: 3, Failures: 0, Errors: 0, Skipped: 0, Time elapsed: 0.012 s - in com.puppycrawl.tools.checkstyle.filters.IntMatchFilterTest
[INFO] Running com.puppycrawl.tools.checkstyle.filters.SuppressionCommentFilterTest
[INFO] Tests run: 17, Failures: 0, Errors: 0, Skipped: 0, Time elapsed: 0.203 s - in com.puppycrawl.tools.checkstyle.filters.SuppressionCommentFilterTest
[INFO] Running com.puppycrawl.tools.checkstyle.filters.CsvFilterTest
[INFO] Tests run: 6, Failures: 0, Errors: 0, Skipped: 0, Time elapsed: 0.016 s - in com.puppycrawl.tools.checkstyle.filters.CsvFilterTest
[INFO] Running com.puppycrawl.tools.checkstyle.filters.SuppressWithNearbyCommentFilterTest
[INFO] Tests run: 17, Failures: 0, Errors: 0, Skipped: 0, Time elapsed: 0.128 s - in com.puppycrawl.tools.checkstyle.filters.SuppressWithNearbyCommentFilterTest
[INFO] Running com.puppycrawl.tools.checkstyle.filters.SuppressWarningsFilterTest
[INFO] Tests run: 3, Failures: 0, Errors: 0, Skipped: 0, Time elapsed: 0.021 s - in com.puppycrawl.tools.checkstyle.filters.SuppressWarningsFilterTest
[INFO] Running com.puppycrawl.tools.checkstyle.grammars.comments.AllBlockCommentsTest
[INFO] Tests run: 1, Failures: 0, Errors: 0, Skipped: 0, Time elapsed: 0.003 s - in com.puppycrawl.tools.checkstyle.grammars.comments.AllBlockCommentsTest
[INFO] Running com.puppycrawl.tools.checkstyle.grammars.comments.AllSinglelineCommentsTest
[INFO] Tests run: 1, Failures: 0, Errors: 0, Skipped: 0, Time elapsed: 0.003 s - in com.puppycrawl.tools.checkstyle.grammars.comments.AllSinglelineCommentsTest
[INFO] Running com.puppycrawl.tools.checkstyle.grammars.comments.CommentsTest
[INFO] Tests run: 5, Failures: 0, Errors: 0, Skipped: 0, Time elapsed: 0.002 s - in com.puppycrawl.tools.checkstyle.grammars.comments.CommentsTest
[INFO] Running com.puppycrawl.tools.checkstyle.grammars.java8.DefaultMethodsTest
[INFO] Tests run: 2, Failures: 0, Errors: 0, Skipped: 0, Time elapsed: 0.004 s - in com.puppycrawl.tools.checkstyle.grammars.java8.DefaultMethodsTest
[INFO] Running com.puppycrawl.tools.checkstyle.grammars.java8.LambdaTest
[INFO] Tests run: 18, Failures: 0, Errors: 0, Skipped: 0, Time elapsed: 0.04 s - in com.puppycrawl.tools.checkstyle.grammars.java8.LambdaTest
[INFO] Running com.puppycrawl.tools.checkstyle.grammars.java8.AnnotationTest
[INFO] Tests run: 11, Failures: 0, Errors: 0, Skipped: 0, Time elapsed: 0.019 s - in com.puppycrawl.tools.checkstyle.grammars.java8.AnnotationTest
[INFO] Running com.puppycrawl.tools.checkstyle.grammars.java8.TypeUseAnnotationsOnQualifiedTypesTest
[INFO] Tests run: 1, Failures: 0, Errors: 0, Skipped: 0, Time elapsed: 0.001 s - in com.puppycrawl.tools.checkstyle.grammars.java8.TypeUseAnnotationsOnQualifiedTypesTest
[INFO] Running com.puppycrawl.tools.checkstyle.grammars.java8.ReceiverParameterTest
[INFO] Tests run: 1, Failures: 0, Errors: 0, Skipped: 0, Time elapsed: 0.001 s - in com.puppycrawl.tools.checkstyle.grammars.java8.ReceiverParameterTest
[INFO] Running com.puppycrawl.tools.checkstyle.grammars.java8.AnnotationsOnArrayTest
[INFO] Tests run: 1, Failures: 0, Errors: 0, Skipped: 0, Time elapsed: 0.002 s - in com.puppycrawl.tools.checkstyle.grammars.java8.AnnotationsOnArrayTest
[INFO] Running com.puppycrawl.tools.checkstyle.grammars.java8.MethodReferencesTest
[INFO] Tests run: 7, Failures: 0, Errors: 0, Skipped: 0, Time elapsed: 0.013 s - in com.puppycrawl.tools.checkstyle.grammars.java8.MethodReferencesTest
[INFO] Running com.puppycrawl.tools.checkstyle.grammars.javadoc.JavadocParseTreeTest
[INFO] Tests run: 35, Failures: 0, Errors: 0, Skipped: 0, Time elapsed: 0.198 s - in com.puppycrawl.tools.checkstyle.grammars.javadoc.JavadocParseTreeTest
[INFO] Running com.puppycrawl.tools.checkstyle.grammars.AstRegressionTest
[INFO] Tests run: 16, Failures: 0, Errors: 0, Skipped: 0, Time elapsed: 0.041 s - in com.puppycrawl.tools.checkstyle.grammars.AstRegressionTest
[INFO] Running com.puppycrawl.tools.checkstyle.grammars.UnicodeEscapeTest
[INFO] Tests run: 1, Failures: 0, Errors: 0, Skipped: 0, Time elapsed: 0.003 s - in com.puppycrawl.tools.checkstyle.grammars.UnicodeEscapeTest
[INFO] Running com.puppycrawl.tools.checkstyle.grammars.Java7DiamondTest
[INFO] Tests run: 1, Failures: 0, Errors: 0, Skipped: 0, Time elapsed: 0.002 s - in com.puppycrawl.tools.checkstyle.grammars.Java7DiamondTest
[INFO] Running com.puppycrawl.tools.checkstyle.grammars.LineCommentAtTheEndOfFileTest
[INFO] Tests run: 1, Failures: 0, Errors: 0, Skipped: 0, Time elapsed: 0.001 s - in com.puppycrawl.tools.checkstyle.grammars.LineCommentAtTheEndOfFileTest
[INFO] Running com.puppycrawl.tools.checkstyle.grammars.Java7MultiCatchTest
[INFO] Tests run: 1, Failures: 0, Errors: 0, Skipped: 0, Time elapsed: 0.004 s - in com.puppycrawl.tools.checkstyle.grammars.Java7MultiCatchTest
[INFO] Running com.puppycrawl.tools.checkstyle.grammars.HexFloatsTest
[INFO] Tests run: 1, Failures: 0, Errors: 0, Skipped: 0, Time elapsed: 0.007 s - in com.puppycrawl.tools.checkstyle.grammars.HexFloatsTest
[INFO] Running com.puppycrawl.tools.checkstyle.grammars.Java9TryWithResourcesTest
[INFO] Tests run: 1, Failures: 0, Errors: 0, Skipped: 0, Time elapsed: 0.003 s - in com.puppycrawl.tools.checkstyle.grammars.Java9TryWithResourcesTest
[INFO] Running com.puppycrawl.tools.checkstyle.grammars.MultiDimensionalArraysInGenericsTest
[INFO] Tests run: 1, Failures: 0, Errors: 0, Skipped: 0, Time elapsed: 0.004 s - in com.puppycrawl.tools.checkstyle.grammars.MultiDimensionalArraysInGenericsTest
[INFO] Running com.puppycrawl.tools.checkstyle.grammars.EmbeddedNullCharTest
[INFO] Tests run: 1, Failures: 0, Errors: 0, Skipped: 0, Time elapsed: 0.002 s - in com.puppycrawl.tools.checkstyle.grammars.EmbeddedNullCharTest
[INFO] Running com.puppycrawl.tools.checkstyle.grammars.GeneratedJavaTokenTypesTest
[INFO] Tests run: 1, Failures: 0, Errors: 0, Skipped: 0, Time elapsed: 0.001 s - in com.puppycrawl.tools.checkstyle.grammars.GeneratedJavaTokenTypesTest
[INFO] Running com.puppycrawl.tools.checkstyle.grammars.Java7NumericalLiteralsTest
[INFO] Tests run: 1, Failures: 0, Errors: 0, Skipped: 0, Time elapsed: 0.01 s - in com.puppycrawl.tools.checkstyle.grammars.Java7NumericalLiteralsTest
[INFO] Running com.puppycrawl.tools.checkstyle.grammars.GeneratedJava14LexerTest
[INFO] Tests run: 2, Failures: 0, Errors: 0, Skipped: 0, Time elapsed: 0.01 s - in com.puppycrawl.tools.checkstyle.grammars.GeneratedJava14LexerTest
[INFO] Running com.puppycrawl.tools.checkstyle.grammars.Java7TryWithResourcesTest
[INFO] Tests run: 1, Failures: 0, Errors: 0, Skipped: 0, Time elapsed: 0.005 s - in com.puppycrawl.tools.checkstyle.grammars.Java7TryWithResourcesTest
[INFO] Running com.puppycrawl.tools.checkstyle.grammars.Java7StringSwitchTest
[INFO] Tests run: 1, Failures: 0, Errors: 0, Skipped: 0, Time elapsed: 0.007 s - in com.puppycrawl.tools.checkstyle.grammars.Java7StringSwitchTest
[INFO] Running com.puppycrawl.tools.checkstyle.grammars.VarargTest
[INFO] Tests run: 1, Failures: 0, Errors: 0, Skipped: 0, Time elapsed: 0.004 s - in com.puppycrawl.tools.checkstyle.grammars.VarargTest
[INFO] Running com.puppycrawl.tools.checkstyle.gui.MainFrameModelTest
[INFO] Tests run: 9, Failures: 0, Errors: 0, Skipped: 0, Time elapsed: 0.549 s - in com.puppycrawl.tools.checkstyle.gui.MainFrameModelTest
[INFO] Running com.puppycrawl.tools.checkstyle.gui.ParseTreeTablePresentationTest
[INFO] Tests run: 16, Failures: 0, Errors: 0, Skipped: 0, Time elapsed: 0.007 s - in com.puppycrawl.tools.checkstyle.gui.ParseTreeTablePresentationTest
[INFO] Running com.puppycrawl.tools.checkstyle.gui.CodeSelectorPresentationTest
[INFO] Tests run: 5, Failures: 0, Errors: 0, Skipped: 0, Time elapsed: 0.003 s - in com.puppycrawl.tools.checkstyle.gui.CodeSelectorPresentationTest
[INFO] Running com.puppycrawl.tools.checkstyle.internal.XdocsPagesTest
[INFO] Tests run: 5, Failures: 0, Errors: 0, Skipped: 0, Time elapsed: 1.942 s - in com.puppycrawl.tools.checkstyle.internal.XdocsPagesTest
[INFO] Running com.puppycrawl.tools.checkstyle.internal.AllChecksTest
[INFO] Tests run: 11, Failures: 0, Errors: 0, Skipped: 0, Time elapsed: 1.778 s - in com.puppycrawl.tools.checkstyle.internal.AllChecksTest
[INFO] Running com.puppycrawl.tools.checkstyle.internal.CommitValidationTest
[INFO] Tests run: 3, Failures: 0, Errors: 0, Skipped: 0, Time elapsed: 0.146 s - in com.puppycrawl.tools.checkstyle.internal.CommitValidationTest
[INFO] Running com.puppycrawl.tools.checkstyle.utils.BlockCommentPositionTest
[INFO] Tests run: 1, Failures: 0, Errors: 0, Skipped: 0, Time elapsed: 0.006 s - in com.puppycrawl.tools.checkstyle.utils.BlockCommentPositionTest
[INFO] Running com.puppycrawl.tools.checkstyle.utils.JavadocUtilsTest
[INFO] Tests run: 23, Failures: 0, Errors: 0, Skipped: 0, Time elapsed: 0.004 s - in com.puppycrawl.tools.checkstyle.utils.JavadocUtilsTest
[INFO] Running com.puppycrawl.tools.checkstyle.utils.ModuleReflectionUtilsTest
[INFO] Tests run: 9, Failures: 0, Errors: 0, Skipped: 0, Time elapsed: 0.002 s - in com.puppycrawl.tools.checkstyle.utils.ModuleReflectionUtilsTest
[INFO] Running com.puppycrawl.tools.checkstyle.utils.AnnotationUtilityTest
[INFO] Tests run: 12, Failures: 0, Errors: 0, Skipped: 0, Time elapsed: 0.002 s - in com.puppycrawl.tools.checkstyle.utils.AnnotationUtilityTest
[INFO] Running com.puppycrawl.tools.checkstyle.utils.CommonUtilsTest
[INFO] Tests run: 40, Failures: 0, Errors: 0, Skipped: 0, Time elapsed: 0.874 s - in com.puppycrawl.tools.checkstyle.utils.CommonUtilsTest
[INFO] Running com.puppycrawl.tools.checkstyle.utils.ScopeUtilsTest
[INFO] Tests run: 21, Failures: 0, Errors: 0, Skipped: 0, Time elapsed: 0.002 s - in com.puppycrawl.tools.checkstyle.utils.ScopeUtilsTest
[INFO] Running com.puppycrawl.tools.checkstyle.utils.CheckUtilsTest
[INFO] Tests run: 21, Failures: 0, Errors: 0, Skipped: 0, Time elapsed: 0.039 s - in com.puppycrawl.tools.checkstyle.utils.CheckUtilsTest
[INFO] Running com.puppycrawl.tools.checkstyle.utils.TokenUtilsTest
[INFO] Tests run: 15, Failures: 0, Errors: 0, Skipped: 0, Time elapsed: 0.003 s - in com.puppycrawl.tools.checkstyle.utils.TokenUtilsTest
[INFO] Running com.puppycrawl.tools.checkstyle.xpath.RootNodeTest
[INFO] Tests run: 32, Failures: 0, Errors: 0, Skipped: 0, Time elapsed: 0.302 s - in com.puppycrawl.tools.checkstyle.xpath.RootNodeTest
[INFO] Running com.puppycrawl.tools.checkstyle.xpath.AttributeNodeTest
[INFO] Tests run: 9, Failures: 0, Errors: 0, Skipped: 0, Time elapsed: 0 s - in com.puppycrawl.tools.checkstyle.xpath.AttributeNodeTest
[INFO] Running com.puppycrawl.tools.checkstyle.xpath.ElementNodeTest
[INFO] Tests run: 2, Failures: 0, Errors: 0, Skipped: 0, Time elapsed: 0.027 s - in com.puppycrawl.tools.checkstyle.xpath.ElementNodeTest
[INFO] Running com.puppycrawl.tools.checkstyle.xpath.XpathMapperTest
[INFO] Tests run: 38, Failures: 0, Errors: 0, Skipped: 0, Time elapsed: 0.114 s - in com.puppycrawl.tools.checkstyle.xpath.XpathMapperTest
[INFO] Running com.puppycrawl.tools.checkstyle.PropertiesExpanderTest
[INFO] Tests run: 2, Failures: 0, Errors: 0, Skipped: 0, Time elapsed: 0 s - in com.puppycrawl.tools.checkstyle.PropertiesExpanderTest
[INFO] Running com.puppycrawl.tools.checkstyle.MainTest
[INFO] Tests run: 52, Failures: 0, Errors: 0, Skipped: 0, Time elapsed: 5.291 s - in com.puppycrawl.tools.checkstyle.MainTest
[INFO] Running com.puppycrawl.tools.checkstyle.PackageNamesLoaderTest
[INFO] Tests run: 6, Failures: 0, Errors: 0, Skipped: 0, Time elapsed: 0.479 s - in com.puppycrawl.tools.checkstyle.PackageNamesLoaderTest
[INFO] Running com.puppycrawl.tools.checkstyle.ConfigurationLoaderTest
[INFO] Tests run: 32, Failures: 0, Errors: 0, Skipped: 0, Time elapsed: 0.737 s - in com.puppycrawl.tools.checkstyle.ConfigurationLoaderTest
[INFO] Running com.puppycrawl.tools.checkstyle.XMLLoggerTest
[INFO] Tests run: 11, Failures: 0, Errors: 0, Skipped: 0, Time elapsed: 0.004 s - in com.puppycrawl.tools.checkstyle.XMLLoggerTest
[INFO] Running com.puppycrawl.tools.checkstyle.CheckerTest
[INFO] Tests run: 36, Failures: 0, Errors: 0, Skipped: 0, Time elapsed: 0.08 s - in com.puppycrawl.tools.checkstyle.CheckerTest
[INFO] Running com.puppycrawl.tools.checkstyle.DefaultLoggerTest
[INFO] Tests run: 4, Failures: 0, Errors: 0, Skipped: 0, Time elapsed: 0.013 s - in com.puppycrawl.tools.checkstyle.DefaultLoggerTest
[INFO] Running com.puppycrawl.tools.checkstyle.PackageObjectFactoryTest
[INFO] Tests run: 14, Failures: 0, Errors: 0, Skipped: 0, Time elapsed: 0.481 s - in com.puppycrawl.tools.checkstyle.PackageObjectFactoryTest
[INFO] Running com.puppycrawl.tools.checkstyle.ThreadModeSettingsTest
[INFO] Tests run: 6, Failures: 0, Errors: 0, Skipped: 0, Time elapsed: 0.091 s - in com.puppycrawl.tools.checkstyle.ThreadModeSettingsTest
[INFO] Running com.puppycrawl.tools.checkstyle.PropertyCacheFileTest
[INFO] Tests run: 16, Failures: 0, Errors: 0, Skipped: 0, Time elapsed: 0.528 s - in com.puppycrawl.tools.checkstyle.PropertyCacheFileTest
[INFO] Running com.puppycrawl.tools.checkstyle.DefinitionsTest
[INFO] Tests run: 1, Failures: 0, Errors: 0, Skipped: 0, Time elapsed: 0 s - in com.puppycrawl.tools.checkstyle.DefinitionsTest
[INFO] Running com.puppycrawl.tools.checkstyle.DefaultConfigurationTest
[INFO] Tests run: 4, Failures: 0, Errors: 0, Skipped: 0, Time elapsed: 0 s - in com.puppycrawl.tools.checkstyle.DefaultConfigurationTest
[INFO] Running com.puppycrawl.tools.checkstyle.TreeWalkerTest
[INFO] Tests run: 26, Failures: 0, Errors: 0, Skipped: 0, Time elapsed: 0.063 s - in com.puppycrawl.tools.checkstyle.TreeWalkerTest
[INFO] Running com.puppycrawl.tools.checkstyle.filefilters.ExclusionBeforeExecutionFileFilterTest
[INFO] Tests run: 4, Failures: 0, Errors: 0, Skipped: 0, Time elapsed: 0.001 s - in com.puppycrawl.tools.checkstyle.filefilters.ExclusionBeforeExecutionFileFilterTest
[INFO] Running com.puppycrawl.tools.checkstyle.AstTreeStringPrinterTest
[INFO] Tests run: 11, Failures: 0, Errors: 0, Skipped: 0, Time elapsed: 0.007 s - in com.puppycrawl.tools.checkstyle.AstTreeStringPrinterTest
[INFO] Running com.puppycrawl.tools.checkstyle.DetailNodeTreeStringPrinterTest
[INFO] Tests run: 5, Failures: 0, Errors: 0, Skipped: 0, Time elapsed: 0.003 s - in com.puppycrawl.tools.checkstyle.DetailNodeTreeStringPrinterTest
[INFO] Running com.puppycrawl.tools.checkstyle.AuditEventDefaultFormatterTest
[INFO] Tests run: 6, Failures: 0, Errors: 0, Skipped: 0, Time elapsed: 0.212 s - in com.puppycrawl.tools.checkstyle.AuditEventDefaultFormatterTest
[INFO] 
[INFO] Results:
[INFO] 
[ERROR] Failures: 
[ERROR]   ImportControlRegExpInPkgTest.testRegExpInSubpackageIsConsidered:43 Invalid package expected:<com.puppycrawl.tools.checkstyle.checks.imports.ImportControl@314f59b> but was:<com.puppycrawl.tools.checkstyle.checks.imports.ImportControl@63c99f7>
[INFO] 
[ERROR] Tests run: 2362, Failures: 1, Errors: 0, Skipped: 0
[INFO] 
[INFO] ------------------------------------------------------------------------
[INFO] BUILD FAILURE
[INFO] ------------------------------------------------------------------------
[INFO] Total time: 01:05 min
[INFO] Finished at: 2017-08-17T23:26:13+00:00
[INFO] Final Memory: 44M/442M
[INFO] ------------------------------------------------------------------------
[ERROR] Failed to execute goal org.apache.maven.plugins:maven-surefire-plugin:2.20:test (default-test) on project checkstyle: There are test failures.
[ERROR] 
[ERROR] Please refer to /home/travis/build/checkstyle/checkstyle/target/surefire-reports for the individual test results.
[ERROR] Please refer to dump files (if any exist) [date]-jvmRun[N].dump, [date].dumpstream and [date]-jvmRun[N].dumpstream.
[ERROR] -> [Help 1]
[ERROR] 
[ERROR] To see the full stack trace of the errors, re-run Maven with the -e switch.
[ERROR] Re-run Maven using the -X switch to enable full debug logging.
[ERROR] 
[ERROR] For more information about the errors and possible solutions, please read the following articles:
[ERROR] [Help 1] http://cwiki.apache.org/confluence/display/MAVEN/MojoFailureException
