travis_fold:start:worker_info[0K[33;1mWorker information[0m
hostname: i-0a0fe91-precise-production-2-worker-org-docker.travisci.net:4a5b1973-29a4-48b8-9fd6-9d8c4118b418
version: v2.5.0 https://github.com/travis-ci/worker/tree/da3a43228dffc0fcca5a46569ca786b22991979f
instance: dfecbfd:travis:java
startup: 1.327066091s
travis_fold:end:worker_info[0Ktravis_fold:start:system_info[0K[33;1mBuild system information[0m
Build language: java
Build group: stable
Build dist: precise
Build id: 221837922
Job id: 221837923
travis-build version: 4a669c7bf
[34m[1mBuild image provisioning date and time[0m
Thu Feb  5 15:09:33 UTC 2015
[34m[1mOperating System Details[0m
Distributor ID:	Ubuntu
Description:	Ubuntu 12.04.5 LTS
Release:	12.04
Codename:	precise
[34m[1mLinux Version[0m
3.13.0-29-generic
[34m[1mCookbooks Version[0m
a68419e https://github.com/travis-ci/travis-cookbooks/tree/a68419e
[34m[1mGCC version[0m
gcc (Ubuntu/Linaro 4.6.3-1ubuntu5) 4.6.3
Copyright (C) 2011 Free Software Foundation, Inc.
This is free software; see the source for copying conditions.  There is NO
warranty; not even for MERCHANTABILITY or FITNESS FOR A PARTICULAR PURPOSE.

[34m[1mLLVM version[0m
clang version 3.4 (tags/RELEASE_34/final)
Target: x86_64-unknown-linux-gnu
Thread model: posix
[34m[1mPre-installed Ruby versions[0m
ruby-1.9.3-p551
[34m[1mPre-installed Node.js versions[0m
v0.10.36
[34m[1mPre-installed Go versions[0m
1.4.1
[34m[1mRedis version[0m
redis-server 2.8.19
[34m[1mriak version[0m
2.0.2
[34m[1mMongoDB version[0m
MongoDB 2.4.12
[34m[1mCouchDB version[0m
couchdb 1.6.1
[34m[1mNeo4j version[0m
1.9.4
[34m[1mRabbitMQ Version[0m
3.4.3
[34m[1mElasticSearch version[0m
1.4.0
[34m[1mInstalled Sphinx versions[0m
2.0.10
2.1.9
2.2.6
[34m[1mDefault Sphinx version[0m
2.2.6
[34m[1mInstalled Firefox version[0m
firefox 31.0esr
[34m[1mPhantomJS version[0m
1.9.8
[34m[1mant -version[0m
Apache Ant(TM) version 1.8.2 compiled on December 3 2011
[34m[1mmvn -version[0m
Apache Maven 3.2.5 (12a6b3acb947671f09b81f49094c53f426d8cea1; 2014-12-14T17:29:23+00:00)
Maven home: /usr/local/maven
Java version: 1.7.0_76, vendor: Oracle Corporation
Java home: /usr/lib/jvm/java-7-oracle/jre
Default locale: en_US, platform encoding: ANSI_X3.4-1968
OS name: "linux", version: "3.13.0-29-generic", arch: "amd64", family: "unix"
travis_fold:end:system_info[0K
travis_fold:start:fix.CVE-2015-7547[0K$ export DEBIAN_FRONTEND=noninteractive
Reading package lists...
Building dependency tree...
Reading state information...
The following extra packages will be installed:
  libc-bin libc-dev-bin libc6-dev
Suggested packages:
  glibc-doc
The following packages will be upgraded:
  libc-bin libc-dev-bin libc6 libc6-dev
4 upgraded, 0 newly installed, 0 to remove and 276 not upgraded.
Need to get 8,856 kB of archives.
After this operation, 13.3 kB of additional disk space will be used.
Get:1 http://us.archive.ubuntu.com/ubuntu/ precise-updates/main libc6-dev amd64 2.15-0ubuntu10.18 [2,948 kB]
Get:2 http://us.archive.ubuntu.com/ubuntu/ precise-updates/main libc-dev-bin amd64 2.15-0ubuntu10.18 [84.5 kB]
Get:3 http://us.archive.ubuntu.com/ubuntu/ precise-updates/main libc-bin amd64 2.15-0ubuntu10.18 [1,178 kB]
Get:4 http://us.archive.ubuntu.com/ubuntu/ precise-updates/main libc6 amd64 2.15-0ubuntu10.18 [4,646 kB]
Fetched 8,856 kB in 0s (15.6 MB/s)
Preconfiguring packages ...
(Reading database ... (Reading database ... 5%(Reading database ... 10%(Reading database ... 15%(Reading database ... 20%(Reading database ... 25%(Reading database ... 30%(Reading database ... 35%(Reading database ... 40%(Reading database ... 45%(Reading database ... 50%(Reading database ... 55%(Reading database ... 60%(Reading database ... 65%(Reading database ... 70%(Reading database ... 75%(Reading database ... 80%(Reading database ... 85%(Reading database ... 90%(Reading database ... 95%(Reading database ... 100%(Reading database ... 72019 files and directories currently installed.)
Preparing to replace libc6-dev 2.15-0ubuntu10.10 (using .../libc6-dev_2.15-0ubuntu10.18_amd64.deb) ...
Unpacking replacement libc6-dev ...
Preparing to replace libc-dev-bin 2.15-0ubuntu10.10 (using .../libc-dev-bin_2.15-0ubuntu10.18_amd64.deb) ...
Unpacking replacement libc-dev-bin ...
Preparing to replace libc-bin 2.15-0ubuntu10.10 (using .../libc-bin_2.15-0ubuntu10.18_amd64.deb) ...
Unpacking replacement libc-bin ...
Processing triggers for man-db ...
Setting up libc-bin (2.15-0ubuntu10.18) ...
(Reading database ... (Reading database ... 5%(Reading database ... 10%(Reading database ... 15%(Reading database ... 20%(Reading database ... 25%(Reading database ... 30%(Reading database ... 35%(Reading database ... 40%(Reading database ... 45%(Reading database ... 50%(Reading database ... 55%(Reading database ... 60%(Reading database ... 65%(Reading database ... 70%(Reading database ... 75%(Reading database ... 80%(Reading database ... 85%(Reading database ... 90%(Reading database ... 95%(Reading database ... 100%(Reading database ... 72018 files and directories currently installed.)
Preparing to replace libc6 2.15-0ubuntu10.10 (using .../libc6_2.15-0ubuntu10.18_amd64.deb) ...
Unpacking replacement libc6 ...
Setting up libc6 (2.15-0ubuntu10.18) ...
Setting up libc-dev-bin (2.15-0ubuntu10.18) ...
Setting up libc6-dev (2.15-0ubuntu10.18) ...
Processing triggers for libc-bin ...
ldconfig deferred processing now taking place
travis_fold:end:fix.CVE-2015-7547[0K$ jdk_switcher use oraclejdk8
Switching to Oracle JDK8 (java-8-oracle), JAVA_HOME will be set to /usr/lib/jvm/java-8-oracle
travis_fold:start:git.checkout[0Ktravis_time:start:03862cfc[0K$ git clone --depth=50 --branch=pt-merge https://github.com/graphhopper/graphhopper.git graphhopper/graphhopper
Cloning into 'graphhopper/graphhopper'...
remote: Counting objects: 1825, done.[K
remote: Compressing objects:   0% (1/1217)   [Kremote: Compressing objects:   1% (13/1217)   [Kremote: Compressing objects:   2% (25/1217)   [Kremote: Compressing objects:   3% (37/1217)   [Kremote: Compressing objects:   4% (49/1217)   [Kremote: Compressing objects:   5% (61/1217)   [Kremote: Compressing objects:   6% (74/1217)   [Kremote: Compressing objects:   7% (86/1217)   [Kremote: Compressing objects:   8% (98/1217)   [Kremote: Compressing objects:   9% (110/1217)   [Kremote: Compressing objects:  10% (122/1217)   [Kremote: Compressing objects:  11% (134/1217)   [Kremote: Compressing objects:  12% (147/1217)   [Kremote: Compressing objects:  13% (159/1217)   [Kremote: Compressing objects:  14% (171/1217)   [Kremote: Compressing objects:  15% (183/1217)   [Kremote: Compressing objects:  16% (195/1217)   [Kremote: Compressing objects:  17% (207/1217)   [Kremote: Compressing objects:  18% (220/1217)   [Kremote: Compressing objects:  19% (232/1217)   [Kremote: Compressing objects:  20% (244/1217)   [Kremote: Compressing objects:  21% (256/1217)   [Kremote: Compressing objects:  22% (268/1217)   [Kremote: Compressing objects:  23% (280/1217)   [Kremote: Compressing objects:  24% (293/1217)   [Kremote: Compressing objects:  25% (305/1217)   [Kremote: Compressing objects:  26% (317/1217)   [Kremote: Compressing objects:  27% (329/1217)   [Kremote: Compressing objects:  28% (341/1217)   [Kremote: Compressing objects:  29% (353/1217)   [Kremote: Compressing objects:  30% (366/1217)   [Kremote: Compressing objects:  31% (378/1217)   [Kremote: Compressing objects:  32% (390/1217)   [Kremote: Compressing objects:  33% (402/1217)   [Kremote: Compressing objects:  34% (414/1217)   [Kremote: Compressing objects:  35% (426/1217)   [Kremote: Compressing objects:  36% (439/1217)   [Kremote: Compressing objects:  37% (451/1217)   [Kremote: Compressing objects:  38% (463/1217)   [Kremote: Compressing objects:  39% (475/1217)   [Kremote: Compressing objects:  40% (487/1217)   [Kremote: Compressing objects:  41% (499/1217)   [Kremote: Compressing objects:  42% (512/1217)   [Kremote: Compressing objects:  43% (524/1217)   [Kremote: Compressing objects:  44% (536/1217)   [Kremote: Compressing objects:  45% (548/1217)   [Kremote: Compressing objects:  46% (560/1217)   [Kremote: Compressing objects:  47% (572/1217)   [Kremote: Compressing objects:  48% (585/1217)   [Kremote: Compressing objects:  49% (597/1217)   [Kremote: Compressing objects:  50% (609/1217)   [Kremote: Compressing objects:  51% (621/1217)   [Kremote: Compressing objects:  52% (633/1217)   [Kremote: Compressing objects:  53% (646/1217)   [Kremote: Compressing objects:  54% (658/1217)   [Kremote: Compressing objects:  55% (670/1217)   [Kremote: Compressing objects:  56% (682/1217)   [Kremote: Compressing objects:  57% (694/1217)   [Kremote: Compressing objects:  58% (706/1217)   [Kremote: Compressing objects:  59% (719/1217)   [Kremote: Compressing objects:  60% (731/1217)   [Kremote: Compressing objects:  61% (743/1217)   [Kremote: Compressing objects:  62% (755/1217)   [Kremote: Compressing objects:  63% (767/1217)   [Kremote: Compressing objects:  64% (779/1217)   [Kremote: Compressing objects:  65% (792/1217)   [Kremote: Compressing objects:  66% (804/1217)   [Kremote: Compressing objects:  67% (816/1217)   [Kremote: Compressing objects:  68% (828/1217)   [Kremote: Compressing objects:  69% (840/1217)   [Kremote: Compressing objects:  70% (852/1217)   [Kremote: Compressing objects:  71% (865/1217)   [Kremote: Compressing objects:  72% (877/1217)   [Kremote: Compressing objects:  73% (889/1217)   [Kremote: Compressing objects:  74% (901/1217)   [Kremote: Compressing objects:  75% (913/1217)   [Kremote: Compressing objects:  76% (925/1217)   [Kremote: Compressing objects:  77% (938/1217)   [Kremote: Compressing objects:  78% (950/1217)   [Kremote: Compressing objects:  79% (962/1217)   [Kremote: Compressing objects:  80% (974/1217)   [Kremote: Compressing objects:  81% (986/1217)   [Kremote: Compressing objects:  82% (998/1217)   [Kremote: Compressing objects:  83% (1011/1217)   [Kremote: Compressing objects:  84% (1023/1217)   [Kremote: Compressing objects:  85% (1035/1217)   [Kremote: Compressing objects:  86% (1047/1217)   [Kremote: Compressing objects:  87% (1059/1217)   [Kremote: Compressing objects:  88% (1071/1217)   [Kremote: Compressing objects:  89% (1084/1217)   [Kremote: Compressing objects:  90% (1096/1217)   [Kremote: Compressing objects:  91% (1108/1217)   [Kremote: Compressing objects:  92% (1120/1217)   [Kremote: Compressing objects:  93% (1132/1217)   [Kremote: Compressing objects:  94% (1144/1217)   [Kremote: Compressing objects:  95% (1157/1217)   [Kremote: Compressing objects:  96% (1169/1217)   [Kremote: Compressing objects:  97% (1181/1217)   [Kremote: Compressing objects:  98% (1193/1217)   [Kremote: Compressing objects:  99% (1205/1217)   [Kremote: Compressing objects: 100% (1217/1217)   [Kremote: Compressing objects: 100% (1217/1217), done.[K
Receiving objects:   0% (1/1825)   Receiving objects:   1% (19/1825)   Receiving objects:   2% (37/1825)   Receiving objects:   3% (55/1825)   Receiving objects:   4% (73/1825)   Receiving objects:   5% (92/1825)   Receiving objects:   6% (110/1825)   Receiving objects:   7% (128/1825), 5.13 MiB | 10.23 MiB/s   Receiving objects:   8% (146/1825), 11.79 MiB | 7.80 MiB/s   Receiving objects:   9% (165/1825), 11.79 MiB | 7.80 MiB/s   Receiving objects:  10% (183/1825), 11.79 MiB | 7.80 MiB/s   Receiving objects:  11% (201/1825), 11.79 MiB | 7.80 MiB/s   Receiving objects:  12% (219/1825), 11.79 MiB | 7.80 MiB/s   Receiving objects:  13% (238/1825), 11.79 MiB | 7.80 MiB/s   Receiving objects:  14% (256/1825), 11.79 MiB | 7.80 MiB/s   Receiving objects:  15% (274/1825), 11.79 MiB | 7.80 MiB/s   Receiving objects:  16% (292/1825), 11.79 MiB | 7.80 MiB/s   Receiving objects:  17% (311/1825), 11.79 MiB | 7.80 MiB/s   Receiving objects:  18% (329/1825), 11.79 MiB | 7.80 MiB/s   Receiving objects:  19% (347/1825), 11.79 MiB | 7.80 MiB/s   Receiving objects:  20% (365/1825), 11.79 MiB | 7.80 MiB/s   Receiving objects:  21% (384/1825), 11.79 MiB | 7.80 MiB/s   Receiving objects:  22% (402/1825), 11.79 MiB | 7.80 MiB/s   Receiving objects:  23% (420/1825), 11.79 MiB | 7.80 MiB/s   Receiving objects:  24% (438/1825), 11.79 MiB | 7.80 MiB/s   Receiving objects:  25% (457/1825), 11.79 MiB | 7.80 MiB/s   Receiving objects:  26% (475/1825), 11.79 MiB | 7.80 MiB/s   Receiving objects:  27% (493/1825), 11.79 MiB | 7.80 MiB/s   Receiving objects:  28% (511/1825), 11.79 MiB | 7.80 MiB/s   Receiving objects:  29% (530/1825), 11.79 MiB | 7.80 MiB/s   Receiving objects:  30% (548/1825), 11.79 MiB | 7.80 MiB/s   Receiving objects:  31% (566/1825), 11.79 MiB | 7.80 MiB/s   Receiving objects:  32% (584/1825), 11.79 MiB | 7.80 MiB/s   Receiving objects:  33% (603/1825), 11.79 MiB | 7.80 MiB/s   Receiving objects:  34% (621/1825), 11.79 MiB | 7.80 MiB/s   Receiving objects:  35% (639/1825), 11.79 MiB | 7.80 MiB/s   Receiving objects:  36% (657/1825), 11.79 MiB | 7.80 MiB/s   Receiving objects:  37% (676/1825), 11.79 MiB | 7.80 MiB/s   Receiving objects:  38% (694/1825), 11.79 MiB | 7.80 MiB/s   Receiving objects:  39% (712/1825), 11.79 MiB | 7.80 MiB/s   Receiving objects:  40% (730/1825), 11.79 MiB | 7.80 MiB/s   Receiving objects:  41% (749/1825), 11.79 MiB | 7.80 MiB/s   Receiving objects:  42% (767/1825), 11.79 MiB | 7.80 MiB/s   Receiving objects:  43% (785/1825), 11.79 MiB | 7.80 MiB/s   Receiving objects:  44% (803/1825), 11.79 MiB | 7.80 MiB/s   Receiving objects:  44% (806/1825), 14.91 MiB | 7.40 MiB/s   Receiving objects:  45% (822/1825), 14.91 MiB | 7.40 MiB/s   Receiving objects:  46% (840/1825), 14.91 MiB | 7.40 MiB/s   Receiving objects:  47% (858/1825), 14.91 MiB | 7.40 MiB/s   Receiving objects:  48% (876/1825), 14.91 MiB | 7.40 MiB/s   Receiving objects:  49% (895/1825), 14.91 MiB | 7.40 MiB/s   Receiving objects:  50% (913/1825), 14.91 MiB | 7.40 MiB/s   Receiving objects:  51% (931/1825), 14.91 MiB | 7.40 MiB/s   Receiving objects:  52% (949/1825), 14.91 MiB | 7.40 MiB/s   Receiving objects:  53% (968/1825), 14.91 MiB | 7.40 MiB/s   Receiving objects:  54% (986/1825), 14.91 MiB | 7.40 MiB/s   Receiving objects:  55% (1004/1825), 14.91 MiB | 7.40 MiB/s   Receiving objects:  56% (1022/1825), 14.91 MiB | 7.40 MiB/s   Receiving objects:  56% (1038/1825), 20.30 MiB | 6.72 MiB/s   Receiving objects:  57% (1041/1825), 20.30 MiB | 6.72 MiB/s   Receiving objects:  58% (1059/1825), 20.30 MiB | 6.72 MiB/s   Receiving objects:  59% (1077/1825), 20.30 MiB | 6.72 MiB/s   Receiving objects:  60% (1095/1825), 20.30 MiB | 6.72 MiB/s   Receiving objects:  61% (1114/1825), 20.30 MiB | 6.72 MiB/s   Receiving objects:  62% (1132/1825), 20.30 MiB | 6.72 MiB/s   Receiving objects:  63% (1150/1825), 20.30 MiB | 6.72 MiB/s   Receiving objects:  64% (1168/1825), 20.30 MiB | 6.72 MiB/s   Receiving objects:  65% (1187/1825), 20.30 MiB | 6.72 MiB/s   Receiving objects:  66% (1205/1825), 20.30 MiB | 6.72 MiB/s   Receiving objects:  67% (1223/1825), 20.30 MiB | 6.72 MiB/s   Receiving objects:  68% (1241/1825), 20.30 MiB | 6.72 MiB/s   Receiving objects:  69% (1260/1825), 20.30 MiB | 6.72 MiB/s   Receiving objects:  70% (1278/1825), 20.30 MiB | 6.72 MiB/s   Receiving objects:  71% (1296/1825), 20.30 MiB | 6.72 MiB/s   Receiving objects:  72% (1314/1825), 20.30 MiB | 6.72 MiB/s   Receiving objects:  73% (1333/1825), 20.30 MiB | 6.72 MiB/s   Receiving objects:  74% (1351/1825), 20.30 MiB | 6.72 MiB/s   Receiving objects:  75% (1369/1825), 20.30 MiB | 6.72 MiB/s   Receiving objects:  76% (1387/1825), 20.30 MiB | 6.72 MiB/s   Receiving objects:  77% (1406/1825), 20.30 MiB | 6.72 MiB/s   Receiving objects:  78% (1424/1825), 20.30 MiB | 6.72 MiB/s   Receiving objects:  79% (1442/1825), 20.30 MiB | 6.72 MiB/s   Receiving objects:  80% (1460/1825), 20.30 MiB | 6.72 MiB/s   Receiving objects:  81% (1479/1825), 20.30 MiB | 6.72 MiB/s   Receiving objects:  82% (1497/1825), 20.30 MiB | 6.72 MiB/s   Receiving objects:  83% (1515/1825), 23.14 MiB | 6.56 MiB/s   Receiving objects:  84% (1533/1825), 23.14 MiB | 6.56 MiB/s   Receiving objects:  85% (1552/1825), 23.14 MiB | 6.56 MiB/s   Receiving objects:  86% (1570/1825), 23.14 MiB | 6.56 MiB/s   Receiving objects:  87% (1588/1825), 23.14 MiB | 6.56 MiB/s   Receiving objects:  88% (1606/1825), 23.14 MiB | 6.56 MiB/s   Receiving objects:  89% (1625/1825), 23.14 MiB | 6.56 MiB/s   Receiving objects:  90% (1643/1825), 23.14 MiB | 6.56 MiB/s   Receiving objects:  91% (1661/1825), 23.14 MiB | 6.56 MiB/s   Receiving objects:  92% (1679/1825), 23.14 MiB | 6.56 MiB/s   Receiving objects:  93% (1698/1825), 23.14 MiB | 6.56 MiB/s   remote: Total 1825 (delta 608), reused 1149 (delta 336), pack-reused 0[K
Receiving objects:  94% (1716/1825), 23.14 MiB | 6.56 MiB/s   Receiving objects:  95% (1734/1825), 23.14 MiB | 6.56 MiB/s   Receiving objects:  96% (1752/1825), 23.14 MiB | 6.56 MiB/s   Receiving objects:  97% (1771/1825), 23.14 MiB | 6.56 MiB/s   Receiving objects:  98% (1789/1825), 23.14 MiB | 6.56 MiB/s   Receiving objects:  99% (1807/1825), 23.14 MiB | 6.56 MiB/s   Receiving objects: 100% (1825/1825), 23.14 MiB | 6.56 MiB/s   Receiving objects: 100% (1825/1825), 23.80 MiB | 6.56 MiB/s, done.
Resolving deltas:   0% (0/608)   Resolving deltas:   6% (38/608)   Resolving deltas:   7% (45/608)   Resolving deltas:   8% (53/608)   Resolving deltas:   9% (55/608)   Resolving deltas:  11% (67/608)   Resolving deltas:  12% (76/608)   Resolving deltas:  13% (81/608)   Resolving deltas:  14% (88/608)   Resolving deltas:  15% (92/608)   Resolving deltas:  16% (100/608)   Resolving deltas:  17% (105/608)   Resolving deltas:  18% (110/608)   Resolving deltas:  19% (116/608)   Resolving deltas:  21% (130/608)   Resolving deltas:  22% (134/608)   Resolving deltas:  23% (141/608)   Resolving deltas:  24% (148/608)   Resolving deltas:  25% (152/608)   Resolving deltas:  26% (162/608)   Resolving deltas:  27% (165/608)   Resolving deltas:  28% (171/608)   Resolving deltas:  29% (179/608)   Resolving deltas:  30% (184/608)   Resolving deltas:  31% (190/608)   Resolving deltas:  32% (195/608)   Resolving deltas:  33% (201/608)   Resolving deltas:  34% (207/608)   Resolving deltas:  35% (215/608)   Resolving deltas:  36% (219/608)   Resolving deltas:  37% (225/608)   Resolving deltas:  38% (232/608)   Resolving deltas:  39% (238/608)   Resolving deltas:  40% (244/608)   Resolving deltas:  41% (254/608)   Resolving deltas:  42% (256/608)   Resolving deltas:  43% (262/608)   Resolving deltas:  44% (270/608)   Resolving deltas:  45% (274/608)   Resolving deltas:  46% (280/608)   Resolving deltas:  47% (286/608)   Resolving deltas:  48% (293/608)   Resolving deltas:  49% (302/608)   Resolving deltas:  50% (306/608)   Resolving deltas:  51% (311/608)   Resolving deltas:  52% (317/608)   Resolving deltas:  53% (323/608)   Resolving deltas:  54% (329/608)   Resolving deltas:  55% (336/608)   Resolving deltas:  56% (343/608)   Resolving deltas:  57% (347/608)   Resolving deltas:  58% (354/608)   Resolving deltas:  59% (359/608)   Resolving deltas:  60% (368/608)   Resolving deltas:  61% (372/608)   Resolving deltas:  62% (377/608)   Resolving deltas:  63% (384/608)   Resolving deltas:  64% (391/608)   Resolving deltas:  65% (396/608)   Resolving deltas:  67% (408/608)   Resolving deltas:  68% (414/608)   Resolving deltas:  69% (423/608)   Resolving deltas:  70% (430/608)   Resolving deltas:  71% (434/608)   Resolving deltas:  72% (441/608)   Resolving deltas:  73% (445/608)   Resolving deltas:  74% (450/608)   Resolving deltas:  75% (458/608)   Resolving deltas:  76% (463/608)   Resolving deltas:  77% (471/608)   Resolving deltas:  78% (475/608)   Resolving deltas:  79% (481/608)   Resolving deltas:  80% (491/608)   Resolving deltas:  81% (493/608)   Resolving deltas:  82% (500/608)   Resolving deltas:  83% (506/608)   Resolving deltas:  84% (511/608)   Resolving deltas:  85% (517/608)   Resolving deltas:  86% (524/608)   Resolving deltas:  87% (531/608)   Resolving deltas:  88% (536/608)   Resolving deltas:  89% (543/608)   Resolving deltas:  90% (549/608)   Resolving deltas:  91% (555/608)   Resolving deltas:  92% (560/608)   Resolving deltas:  93% (566/608)   Resolving deltas:  94% (575/608)   Resolving deltas:  95% (580/608)   Resolving deltas:  96% (587/608)   Resolving deltas:  97% (590/608)   Resolving deltas:  98% (601/608)   Resolving deltas:  99% (602/608)   Resolving deltas: 100% (608/608)   Resolving deltas: 100% (608/608), done.
Checking connectivity... done.

travis_time:end:03862cfc:start=1492108761833687818,finish=1492108766846590162,duration=5012902344[0K$ cd graphhopper/graphhopper
$ git checkout -qf 3c2d8f34cc5c8b95f1210f62a7b289ed915e4f85
travis_fold:end:git.checkout[0K
[33;1mSetting environment variables from .travis.yml[0m
$ export BASEURL=https://www-eu.apache.org/dist/maven/maven-3/VERSION/binaries/apache-maven-VERSION-bin.zip
$ export FILE=apache-maven-VERSION-bin.zip
$ export DIR=apache-maven-VERSION
$ export VERSION=3.3.9
$ export CI_DEPLOY_USERNAME=[secure]
$ export CI_DEPLOY_PASSWORD=[secure]

travis_fold:start:cache.1[0KSetting up build cache
$ export CASHER_DIR=$HOME/.casher
travis_time:start:114784aa[0K$ Installing caching utilities

travis_time:end:114784aa:start=1492108771333509166,finish=1492108771404203206,duration=70694040[0Ktravis_time:start:01e2a4ec[0K
travis_time:end:01e2a4ec:start=1492108771413097191,finish=1492108771417526762,duration=4429571[0Ktravis_time:start:0797db80[0K[32;1mattempting to download cache archive[0m
[32;1mfetching pt-merge/cache-linux-precise-e3b0c44298fc1c149afbf4c8996fb92427ae41e4649b934ca495991b7852b855--jdk-oraclejdk8.tgz[0m
[32;1mfound cache[0m

travis_time:end:0797db80:start=1492108771423031647,finish=1492108772549636834,duration=1126605187[0Ktravis_time:start:204b86e9[0K
travis_time:end:204b86e9:start=1492108772557015535,finish=1492108772566175896,duration=9160361[0Ktravis_time:start:35133ca3[0K[32;1madding /home/travis/.m2 to cache[0m

travis_time:end:35133ca3:start=1492108772571562541,finish=1492108774379551506,duration=1807988965[0Ktravis_fold:end:cache.1[0K$ java -Xmx32m -version
java version "1.8.0_31"
Java(TM) SE Runtime Environment (build 1.8.0_31-b13)
Java HotSpot(TM) 64-Bit Server VM (build 25.31-b07, mixed mode)
$ javac -J-Xmx32m -version
javac 1.8.0_31
travis_fold:start:before_install.1[0Ktravis_time:start:18a2daa6[0K$ if [ "$TRAVIS_OS_NAME" == "linux" ]; then wget --no-check-certificate $(echo -n $BASEURL | sed -e 's#VERSION#'$VERSION'#g'); unzip -qq $(echo -n $FILE | sed -e 's#VERSION#'$VERSION'#'); export M2_HOME=$PWD/$(echo -n $DIR | sed -e 's#VERSION#'$VERSION'#'); export PATH=$M2_HOME/bin:$PATH; fi
--2017-04-13 18:39:34--  https://www-eu.apache.org/dist/maven/maven-3/3.3.9/binaries/apache-maven-3.3.9-bin.zip
Resolving www-eu.apache.org (www-eu.apache.org)... 88.198.26.2, 2a01:4f8:130:2192::2
Connecting to www-eu.apache.org (www-eu.apache.org)|88.198.26.2|:443... connected.
WARNING: no certificate subject alternative name matches
	requested host name `www-eu.apache.org'.
HTTP request sent, awaiting response... 200 OK
Length: 8617253 (8.2M) [application/zip]
Saving to: `apache-maven-3.3.9-bin.zip'

 0% [                                       ] 0           --.-K/s               1% [                                       ] 106,496      357K/s               5% [=>                                     ] 483,328      809K/s              13% [====>                                  ] 1,204,224   1.40M/s              22% [=======>                               ] 1,908,736   1.70M/s              36% [=============>                         ] 3,186,688   2.39M/s              56% [=====================>                 ] 4,874,240   3.09M/s              80% [==============================>        ] 6,971,392   3.82M/s              100%[======================================>] 8,617,253   4.42M/s   in 1.9s    

2017-04-13 18:39:37 (4.42 MB/s) - `apache-maven-3.3.9-bin.zip' saved [8617253/8617253]


travis_time:end:18a2daa6:start=1492108774854009056,finish=1492108777350761761,duration=2496752705[0Ktravis_fold:end:before_install.1[0Ktravis_fold:start:before_install.2[0Ktravis_time:start:012dc50f[0K$ if [ "$TRAVIS_OS_NAME" == "linux" ] && [ "$JVM" == "latest" ]; then sudo apt-get update -qq; sudo /bin/echo -e oracle-java9-installer shared/accepted-oracle-license-v1-1 select true | sudo debconf-set-selections; sudo apt-get -o Dpkg::Options::="--force-confnew" install -y oracle-java9-installer oracle-java9-set-default oracle-java9-unlimited-jce-policy; sudo update-java-alternatives -s java-9-oracle; fi

travis_time:end:012dc50f:start=1492108777356047516,finish=1492108777360031252,duration=3983736[0Ktravis_fold:end:before_install.2[0Ktravis_fold:start:install[0Ktravis_time:start:0925b8f4[0K$ true

travis_time:end:0925b8f4:start=1492108777365606432,finish=1492108777369674877,duration=4068445[0Ktravis_fold:end:install[0Ktravis_time:start:3ae27adc[0K$ mvn clean test verify -B
Java HotSpot(TM) 64-Bit Server VM warning: ignoring option MaxPermSize=192m; support was removed in 8.0
[INFO] Scanning for projects...
[INFO] ------------------------------------------------------------------------
[INFO] Reactor Build Order:
[INFO] 
[INFO] GraphHopper Parent Project
[INFO] GraphHopper Core
[INFO] GraphHopper Reader for OpenStreetMap Data
[INFO] GraphHopper Reader for Gtfs Data
[INFO] GraphHopper Reader JSON
[INFO] GraphHopper Tools
[INFO] GraphHopper Web
[INFO] GraphHopper Reader for Shapefile Data
[INFO]                                                                         
[INFO] ------------------------------------------------------------------------
[INFO] Building GraphHopper Parent Project 0.9-SNAPSHOT
[INFO] ------------------------------------------------------------------------
[INFO] 
[INFO] --- maven-clean-plugin:2.5:clean (default-clean) @ graphhopper-parent ---
[INFO] 
[INFO] --- maven-failsafe-plugin:2.19.1:integration-test (default) @ graphhopper-parent ---
[INFO] No tests to run.
[INFO] 
[INFO] --- maven-failsafe-plugin:2.19.1:verify (default) @ graphhopper-parent ---
[INFO]                                                                         
[INFO] ------------------------------------------------------------------------
[INFO] Building GraphHopper Core 0.9-SNAPSHOT
[INFO] ------------------------------------------------------------------------
[INFO] 
[INFO] --- maven-clean-plugin:2.5:clean (default-clean) @ graphhopper-core ---
[INFO] 
[INFO] --- maven-resources-plugin:2.6:resources (default-resources) @ graphhopper-core ---
[INFO] Using 'UTF-8' encoding to copy filtered resources.
[INFO] Copying 2 resources
[INFO] Copying 46 resources
[INFO] 
[INFO] --- maven-compiler-plugin:3.5.1:compile (default-compile) @ graphhopper-core ---
[INFO] Changes detected - recompiling the module!
[INFO] Compiling 266 source files to /home/travis/build/graphhopper/graphhopper/core/target/classes
[INFO] 
[INFO] --- maven-resources-plugin:2.6:testResources (default-testResources) @ graphhopper-core ---
[INFO] Using 'UTF-8' encoding to copy filtered resources.
[INFO] Copying 11 resources
[INFO] 
[INFO] --- maven-compiler-plugin:3.5.1:testCompile (default-testCompile) @ graphhopper-core ---
[INFO] Changes detected - recompiling the module!
[INFO] Compiling 130 source files to /home/travis/build/graphhopper/graphhopper/core/target/test-classes
[INFO] 
[INFO] --- maven-surefire-plugin:2.19.1:test (default-test) @ graphhopper-core ---

-------------------------------------------------------
 T E S T S
-------------------------------------------------------
Running com.graphhopper.reader.dem.BridgeElevationInterpolatorTest
Tests run: 1, Failures: 0, Errors: 0, Skipped: 0, Time elapsed: 0.28 sec - in com.graphhopper.reader.dem.BridgeElevationInterpolatorTest
Running com.graphhopper.reader.dem.SRTMProviderTest
Tests run: 4, Failures: 0, Errors: 0, Skipped: 0, Time elapsed: 1.549 sec - in com.graphhopper.reader.dem.SRTMProviderTest
Running com.graphhopper.reader.dem.CGIARProviderTest
Tests run: 3, Failures: 0, Errors: 0, Skipped: 0, Time elapsed: 0.094 sec - in com.graphhopper.reader.dem.CGIARProviderTest
Running com.graphhopper.reader.dem.ElevationInterpolatorTest
Tests run: 3, Failures: 0, Errors: 0, Skipped: 0, Time elapsed: 0 sec - in com.graphhopper.reader.dem.ElevationInterpolatorTest
Running com.graphhopper.reader.dem.TunnelElevationInterpolatorTest
Tests run: 5, Failures: 0, Errors: 0, Skipped: 0, Time elapsed: 0.015 sec - in com.graphhopper.reader.dem.TunnelElevationInterpolatorTest
Running com.graphhopper.reader.dem.HeightTileTest
Tests run: 3, Failures: 0, Errors: 0, Skipped: 0, Time elapsed: 0.001 sec - in com.graphhopper.reader.dem.HeightTileTest
Running com.graphhopper.reader.osm.conditional.ConditionalOSMTagInspectorTest
Tests run: 7, Failures: 0, Errors: 0, Skipped: 0, Time elapsed: 0.048 sec - in com.graphhopper.reader.osm.conditional.ConditionalOSMTagInspectorTest
Running com.graphhopper.reader.osm.conditional.ConditionalParserTest
Tests run: 5, Failures: 0, Errors: 0, Skipped: 0, Time elapsed: 0.013 sec - in com.graphhopper.reader.osm.conditional.ConditionalParserTest
Running com.graphhopper.reader.osm.conditional.DateRangeParserTest
Tests run: 18, Failures: 0, Errors: 0, Skipped: 0, Time elapsed: 0.099 sec - in com.graphhopper.reader.osm.conditional.DateRangeParserTest
Running com.graphhopper.reader.OSMNodeTest
Tests run: 1, Failures: 0, Errors: 0, Skipped: 0, Time elapsed: 0 sec - in com.graphhopper.reader.OSMNodeTest
Running com.graphhopper.reader.OSMElementTest
Tests run: 2, Failures: 0, Errors: 0, Skipped: 0, Time elapsed: 0 sec - in com.graphhopper.reader.OSMElementTest
Running com.graphhopper.reader.PrinctonReaderTest
Tests run: 2, Failures: 0, Errors: 0, Skipped: 0, Time elapsed: 0.051 sec - in com.graphhopper.reader.PrinctonReaderTest
Running com.graphhopper.routing.subnetwork.PrepareRoutingSubnetworksTest
Tests run: 9, Failures: 0, Errors: 0, Skipped: 0, Time elapsed: 0.122 sec - in com.graphhopper.routing.subnetwork.PrepareRoutingSubnetworksTest
Running com.graphhopper.routing.subnetwork.SubnetworkStorageTest
Tests run: 1, Failures: 0, Errors: 0, Skipped: 0, Time elapsed: 0.001 sec - in com.graphhopper.routing.subnetwork.SubnetworkStorageTest
Running com.graphhopper.routing.QueryGraphTest
Tests run: 17, Failures: 0, Errors: 0, Skipped: 0, Time elapsed: 0.118 sec - in com.graphhopper.routing.QueryGraphTest
Running com.graphhopper.routing.util.HikeFlagEncoderTest
Tests run: 1, Failures: 0, Errors: 0, Skipped: 0, Time elapsed: 0.002 sec - in com.graphhopper.routing.util.HikeFlagEncoderTest
Running com.graphhopper.routing.util.NameSimilarityEdgeFilterTest
Tests run: 4, Failures: 0, Errors: 0, Skipped: 0, Time elapsed: 0.022 sec - in com.graphhopper.routing.util.NameSimilarityEdgeFilterTest
Running com.graphhopper.routing.util.CarFlagEncoderTest
Tests run: 21, Failures: 0, Errors: 0, Skipped: 0, Time elapsed: 0.017 sec - in com.graphhopper.routing.util.CarFlagEncoderTest
Running com.graphhopper.routing.util.BikeFlagEncoderTest
Tests run: 25, Failures: 0, Errors: 0, Skipped: 0, Time elapsed: 0.065 sec - in com.graphhopper.routing.util.BikeFlagEncoderTest
Running com.graphhopper.routing.util.EncodingManagerTest
Tests run: 10, Failures: 0, Errors: 0, Skipped: 0, Time elapsed: 0.047 sec - in com.graphhopper.routing.util.EncodingManagerTest
Running com.graphhopper.routing.util.MountainBikeFlagEncoderTest
Tests run: 17, Failures: 0, Errors: 0, Skipped: 0, Time elapsed: 0.015 sec - in com.graphhopper.routing.util.MountainBikeFlagEncoderTest
Running com.graphhopper.routing.util.EncodedDoubleValueTest
Tests run: 4, Failures: 0, Errors: 0, Skipped: 0, Time elapsed: 0 sec - in com.graphhopper.routing.util.EncodedDoubleValueTest
Running com.graphhopper.routing.util.Car4WDFlagEncoderTest
Tests run: 21, Failures: 0, Errors: 0, Skipped: 0, Time elapsed: 0.018 sec - in com.graphhopper.routing.util.Car4WDFlagEncoderTest
Running com.graphhopper.routing.util.DataFlagEncoderTest
Tests run: 18, Failures: 0, Errors: 0, Skipped: 0, Time elapsed: 0.019 sec - in com.graphhopper.routing.util.DataFlagEncoderTest
Running com.graphhopper.routing.util.Bike2WeightFlagEncoderTest
Tests run: 29, Failures: 0, Errors: 0, Skipped: 0, Time elapsed: 0.072 sec - in com.graphhopper.routing.util.Bike2WeightFlagEncoderTest
Running com.graphhopper.routing.util.MotorcycleFlagEncoderTest
Tests run: 4, Failures: 0, Errors: 0, Skipped: 0, Time elapsed: 0.011 sec - in com.graphhopper.routing.util.MotorcycleFlagEncoderTest
Running com.graphhopper.routing.util.tour.SinglePointTourTest
Tests run: 1, Failures: 0, Errors: 0, Skipped: 0, Time elapsed: 0.002 sec - in com.graphhopper.routing.util.tour.SinglePointTourTest
Running com.graphhopper.routing.util.FootFlagEncoderTest
Tests run: 12, Failures: 0, Errors: 0, Skipped: 0, Time elapsed: 0.007 sec - in com.graphhopper.routing.util.FootFlagEncoderTest
Running com.graphhopper.routing.util.spatialrules.SpatialRuleLookupArrayTest
Tests run: 5, Failures: 0, Errors: 0, Skipped: 0, Time elapsed: 0.02 sec - in com.graphhopper.routing.util.spatialrules.SpatialRuleLookupArrayTest
Running com.graphhopper.routing.util.spatialrules.PolygonTest
Tests run: 1, Failures: 0, Errors: 0, Skipped: 0, Time elapsed: 0 sec - in com.graphhopper.routing.util.spatialrules.PolygonTest
Running com.graphhopper.routing.util.RacingBikeFlagEncoderTest
Tests run: 18, Failures: 0, Errors: 0, Skipped: 0, Time elapsed: 0.017 sec - in com.graphhopper.routing.util.RacingBikeFlagEncoderTest
Running com.graphhopper.routing.util.AbstractFlagEncoderTest
Tests run: 1, Failures: 0, Errors: 0, Skipped: 0, Time elapsed: 0.002 sec - in com.graphhopper.routing.util.AbstractFlagEncoderTest
Running com.graphhopper.routing.util.EncodedValueTest
Tests run: 2, Failures: 0, Errors: 0, Skipped: 0, Time elapsed: 0.002 sec - in com.graphhopper.routing.util.EncodedValueTest
Running com.graphhopper.routing.AStarBidirectionTest
Tests run: 100, Failures: 0, Errors: 0, Skipped: 0, Time elapsed: 1.016 sec - in com.graphhopper.routing.AStarBidirectionTest
Running com.graphhopper.routing.weighting.FastestWeightingTest
Tests run: 4, Failures: 0, Errors: 0, Skipped: 0, Time elapsed: 0 sec - in com.graphhopper.routing.weighting.FastestWeightingTest
Running com.graphhopper.routing.weighting.AbstractWeightingTest
Tests run: 1, Failures: 0, Errors: 0, Skipped: 0, Time elapsed: 0 sec - in com.graphhopper.routing.weighting.AbstractWeightingTest
Running com.graphhopper.routing.weighting.GenericWeightingTest
Tests run: 6, Failures: 0, Errors: 0, Skipped: 0, Time elapsed: 0.041 sec - in com.graphhopper.routing.weighting.GenericWeightingTest
Running com.graphhopper.routing.weighting.ShortFastestWeightingTest
Tests run: 2, Failures: 0, Errors: 0, Skipped: 0, Time elapsed: 0 sec - in com.graphhopper.routing.weighting.ShortFastestWeightingTest
Running com.graphhopper.routing.template.RoundTripRoutingTemplateTest
Tests run: 1, Failures: 0, Errors: 0, Skipped: 0, Time elapsed: 0.009 sec - in com.graphhopper.routing.template.RoundTripRoutingTemplateTest
Running com.graphhopper.routing.AlternativeRouteTest
Tests run: 6, Failures: 0, Errors: 0, Skipped: 0, Time elapsed: 0.073 sec - in com.graphhopper.routing.AlternativeRouteTest
Running com.graphhopper.routing.DijkstraBidirectionRefTest
Tests run: 96, Failures: 0, Errors: 0, Skipped: 0, Time elapsed: 0.684 sec - in com.graphhopper.routing.DijkstraBidirectionRefTest
Running com.graphhopper.routing.lm.LandmarkStorageTest
2017-04-13 18:39:59,792 [main] WARN  com.graphhopper.routing.lm.LandmarkStorage - next start node not found in big enough network of size 2, first element is 5, 0.0,0.0
Tests run: 7, Failures: 0, Errors: 0, Skipped: 0, Time elapsed: 0.045 sec - in com.graphhopper.routing.lm.LandmarkStorageTest
Running com.graphhopper.routing.lm.PrepareLandmarksTest
Tests run: 2, Failures: 0, Errors: 0, Skipped: 0, Time elapsed: 0.069 sec - in com.graphhopper.routing.lm.PrepareLandmarksTest
Running com.graphhopper.routing.lm.LMAlgoFactoryDecoratorTest
Tests run: 1, Failures: 0, Errors: 0, Skipped: 0, Time elapsed: 0.003 sec - in com.graphhopper.routing.lm.LMAlgoFactoryDecoratorTest
Running com.graphhopper.routing.AStarTest
Tests run: 96, Failures: 0, Errors: 0, Skipped: 0, Time elapsed: 0.546 sec - in com.graphhopper.routing.AStarTest
Running com.graphhopper.routing.ch.PrepareEncoderTest
Tests run: 1, Failures: 0, Errors: 0, Skipped: 0, Time elapsed: 0 sec - in com.graphhopper.routing.ch.PrepareEncoderTest
Running com.graphhopper.routing.ch.PrepareContractionHierarchiesTest
Tests run: 18, Failures: 0, Errors: 0, Skipped: 0, Time elapsed: 0.314 sec - in com.graphhopper.routing.ch.PrepareContractionHierarchiesTest
Running com.graphhopper.routing.ch.DijkstraBidirectionCHTest
Tests run: 27, Failures: 0, Errors: 0, Skipped: 0, Time elapsed: 0.491 sec - in com.graphhopper.routing.ch.DijkstraBidirectionCHTest
Running com.graphhopper.routing.ch.CHAlgoFactoryDecoratorTest
Tests run: 1, Failures: 0, Errors: 0, Skipped: 0, Time elapsed: 0 sec - in com.graphhopper.routing.ch.CHAlgoFactoryDecoratorTest
Running com.graphhopper.routing.EdgeBasedRoutingAlgorithmTest
Tests run: 16, Failures: 0, Errors: 0, Skipped: 0, Time elapsed: 0.164 sec - in com.graphhopper.routing.EdgeBasedRoutingAlgorithmTest
Running com.graphhopper.routing.PathTest
Tests run: 19, Failures: 0, Errors: 0, Skipped: 0, Time elapsed: 0.109 sec - in com.graphhopper.routing.PathTest
Running com.graphhopper.routing.DijkstraTest
Tests run: 96, Failures: 0, Errors: 0, Skipped: 0, Time elapsed: 0.677 sec - in com.graphhopper.routing.DijkstraTest
Running com.graphhopper.routing.PathBidirRefTest
Tests run: 2, Failures: 0, Errors: 0, Skipped: 0, Time elapsed: 0.016 sec - in com.graphhopper.routing.PathBidirRefTest
Running com.graphhopper.routing.DijkstraOneToManyTest
Tests run: 30, Failures: 0, Errors: 0, Skipped: 0, Time elapsed: 0.136 sec - in com.graphhopper.routing.DijkstraOneToManyTest
Running com.graphhopper.storage.index.LocationIndexTreeTest
Tests run: 20, Failures: 0, Errors: 0, Skipped: 0, Time elapsed: 0.96 sec - in com.graphhopper.storage.index.LocationIndexTreeTest
Running com.graphhopper.storage.index.Location2IDFullWithEdgesIndexTest
Tests run: 8, Failures: 0, Errors: 0, Skipped: 0, Time elapsed: 0.513 sec - in com.graphhopper.storage.index.Location2IDFullWithEdgesIndexTest
Running com.graphhopper.storage.index.LocationIndexTreeCHTest
Tests run: 23, Failures: 0, Errors: 0, Skipped: 0, Time elapsed: 1.146 sec - in com.graphhopper.storage.index.LocationIndexTreeCHTest
Running com.graphhopper.storage.index.Location2IDFullIndexTest
Tests run: 8, Failures: 0, Errors: 0, Skipped: 0, Time elapsed: 0.586 sec - in com.graphhopper.storage.index.Location2IDFullIndexTest
Running com.graphhopper.storage.index.BresenhamLineTest
Tests run: 9, Failures: 0, Errors: 0, Skipped: 0, Time elapsed: 0 sec - in com.graphhopper.storage.index.BresenhamLineTest
Running com.graphhopper.storage.index.Location2IDQuadtreeTest
Tests run: 8, Failures: 0, Errors: 0, Skipped: 0, Time elapsed: 1.229 sec - in com.graphhopper.storage.index.Location2IDQuadtreeTest
Running com.graphhopper.storage.VLongStorageTest
Tests run: 2, Failures: 0, Errors: 0, Skipped: 0, Time elapsed: 0 sec - in com.graphhopper.storage.VLongStorageTest
Running com.graphhopper.storage.StorablePropertiesTest
Tests run: 3, Failures: 0, Errors: 0, Skipped: 0, Time elapsed: 0.005 sec - in com.graphhopper.storage.StorablePropertiesTest
Running com.graphhopper.storage.GraphHopperStorageTest
Tests run: 47, Failures: 0, Errors: 0, Skipped: 0, Time elapsed: 0.966 sec - in com.graphhopper.storage.GraphHopperStorageTest
Running com.graphhopper.storage.GraphStorageViaMMapTest
Tests run: 39, Failures: 0, Errors: 0, Skipped: 0, Time elapsed: 22.206 sec - in com.graphhopper.storage.GraphStorageViaMMapTest
Running com.graphhopper.storage.UnsafeDataAccessTest
Tests run: 15, Failures: 0, Errors: 0, Skipped: 0, Time elapsed: 0.008 sec - in com.graphhopper.storage.UnsafeDataAccessTest
Running com.graphhopper.storage.RAMDataAccessTest
Tests run: 14, Failures: 0, Errors: 0, Skipped: 0, Time elapsed: 0.006 sec - in com.graphhopper.storage.RAMDataAccessTest
Running com.graphhopper.storage.MMapDataAccessTest
Tests run: 16, Failures: 0, Errors: 0, Skipped: 0, Time elapsed: 2.752 sec - in com.graphhopper.storage.MMapDataAccessTest
Running com.graphhopper.storage.EdgeTest
Tests run: 1, Failures: 0, Errors: 0, Skipped: 0, Time elapsed: 0 sec - in com.graphhopper.storage.EdgeTest
Running com.graphhopper.storage.GraphHopperStorageCHTest
Tests run: 56, Failures: 0, Errors: 0, Skipped: 0, Time elapsed: 1.562 sec - in com.graphhopper.storage.GraphHopperStorageCHTest
Running com.graphhopper.storage.MMapDirectoryTest
Tests run: 2, Failures: 0, Errors: 0, Skipped: 0, Time elapsed: 0.295 sec - in com.graphhopper.storage.MMapDirectoryTest
Running com.graphhopper.storage.SimpleFSLockFactoryTest
Tests run: 2, Failures: 0, Errors: 0, Skipped: 0, Time elapsed: 0.002 sec - in com.graphhopper.storage.SimpleFSLockFactoryTest
Running com.graphhopper.storage.RAMDirectoryTest
Tests run: 2, Failures: 0, Errors: 0, Skipped: 0, Time elapsed: 0.001 sec - in com.graphhopper.storage.RAMDirectoryTest
Running com.graphhopper.storage.GraphHopperStorageForDataFlagEncoderTest
Tests run: 1, Failures: 0, Errors: 0, Skipped: 0, Time elapsed: 0.057 sec - in com.graphhopper.storage.GraphHopperStorageForDataFlagEncoderTest
Running com.graphhopper.storage.GraphEdgeIdFinderTest
Tests run: 1, Failures: 0, Errors: 0, Skipped: 0, Time elapsed: 0.002 sec - in com.graphhopper.storage.GraphEdgeIdFinderTest
Running com.graphhopper.storage.NativeFSLockFactoryTest
Tests run: 3, Failures: 0, Errors: 0, Skipped: 0, Time elapsed: 0.001 sec - in com.graphhopper.storage.NativeFSLockFactoryTest
Running com.graphhopper.storage.GraphHopperStorageWithTurnCostsTest
Tests run: 48, Failures: 0, Errors: 0, Skipped: 0, Time elapsed: 1.624 sec - in com.graphhopper.storage.GraphHopperStorageWithTurnCostsTest
Running com.graphhopper.storage.RAMIntDataAccessTest
Tests run: 14, Failures: 0, Errors: 0, Skipped: 0, Time elapsed: 0.007 sec - in com.graphhopper.storage.RAMIntDataAccessTest
Running com.graphhopper.util.BitUtilLittleTest
Tests run: 10, Failures: 0, Errors: 0, Skipped: 0, Time elapsed: 0.001 sec - in com.graphhopper.util.BitUtilLittleTest
Running com.graphhopper.util.BitUtilBigTest
Tests run: 10, Failures: 0, Errors: 0, Skipped: 0, Time elapsed: 0.001 sec - in com.graphhopper.util.BitUtilBigTest
Running com.graphhopper.util.shapes.CircleTest
Tests run: 5, Failures: 0, Errors: 0, Skipped: 0, Time elapsed: 0 sec - in com.graphhopper.util.shapes.CircleTest
Running com.graphhopper.util.shapes.BBoxTest
Tests run: 7, Failures: 0, Errors: 0, Skipped: 0, Time elapsed: 0.002 sec - in com.graphhopper.util.shapes.BBoxTest
Running com.graphhopper.util.shapes.GHPoint3DTest
Tests run: 1, Failures: 0, Errors: 0, Skipped: 0, Time elapsed: 0 sec - in com.graphhopper.util.shapes.GHPoint3DTest
Running com.graphhopper.util.shapes.GHPointTest
Tests run: 1, Failures: 0, Errors: 0, Skipped: 0, Time elapsed: 0 sec - in com.graphhopper.util.shapes.GHPointTest
Running com.graphhopper.util.GHUtilityTest
Tests run: 7, Failures: 0, Errors: 0, Skipped: 0, Time elapsed: 0.111 sec - in com.graphhopper.util.GHUtilityTest
Running com.graphhopper.util.SimpleIntDequeTest
Tests run: 3, Failures: 0, Errors: 0, Skipped: 0, Time elapsed: 0 sec - in com.graphhopper.util.SimpleIntDequeTest
Running com.graphhopper.util.FinishInstructionTest
Tests run: 1, Failures: 0, Errors: 0, Skipped: 0, Time elapsed: 0 sec - in com.graphhopper.util.FinishInstructionTest
Running com.graphhopper.util.ConfigMapTest
Tests run: 1, Failures: 0, Errors: 0, Skipped: 0, Time elapsed: 0 sec - in com.graphhopper.util.ConfigMapTest
Running com.graphhopper.util.InstructionListTest
Tests run: 11, Failures: 0, Errors: 0, Skipped: 0, Time elapsed: 0.218 sec - in com.graphhopper.util.InstructionListTest
Running com.graphhopper.util.TranslationMapTest
Tests run: 2, Failures: 0, Errors: 0, Skipped: 0, Time elapsed: 0 sec - in com.graphhopper.util.TranslationMapTest
Running com.graphhopper.util.DouglasPeuckerTest
Tests run: 4, Failures: 0, Errors: 0, Skipped: 0, Time elapsed: 0.01 sec - in com.graphhopper.util.DouglasPeuckerTest
Running com.graphhopper.util.PMapTest
Tests run: 6, Failures: 0, Errors: 0, Skipped: 0, Time elapsed: 0.001 sec - in com.graphhopper.util.PMapTest
Running com.graphhopper.util.PointListTest
Tests run: 4, Failures: 0, Errors: 0, Skipped: 0, Time elapsed: 0.002 sec - in com.graphhopper.util.PointListTest
Running com.graphhopper.util.CHEdgeIteratorTest
Tests run: 1, Failures: 0, Errors: 0, Skipped: 0, Time elapsed: 0.002 sec - in com.graphhopper.util.CHEdgeIteratorTest
Running com.graphhopper.util.InstructionTest
Tests run: 1, Failures: 0, Errors: 0, Skipped: 0, Time elapsed: 0 sec - in com.graphhopper.util.InstructionTest
Running com.graphhopper.util.DistanceCalcEarthTest
Tests run: 6, Failures: 0, Errors: 0, Skipped: 0, Time elapsed: 0.001 sec - in com.graphhopper.util.DistanceCalcEarthTest
Running com.graphhopper.util.AngleCalcTest
Tests run: 8, Failures: 0, Errors: 0, Skipped: 0, Time elapsed: 0 sec - in com.graphhopper.util.AngleCalcTest
Running com.graphhopper.util.HelperTest
Tests run: 9, Failures: 0, Errors: 0, Skipped: 0, Time elapsed: 0.005 sec - in com.graphhopper.util.HelperTest
Running com.graphhopper.util.BreadthFirstSearchTest
Tests run: 2, Failures: 0, Errors: 0, Skipped: 0, Time elapsed: 0.004 sec - in com.graphhopper.util.BreadthFirstSearchTest
Running com.graphhopper.util.DepthFirstSearchTest
Tests run: 2, Failures: 0, Errors: 0, Skipped: 0, Time elapsed: 0.073 sec - in com.graphhopper.util.DepthFirstSearchTest
Running com.graphhopper.coll.OSMIDMapTest
Tests run: 5, Failures: 0, Errors: 0, Skipped: 0, Time elapsed: 0.002 sec - in com.graphhopper.coll.OSMIDMapTest
Running com.graphhopper.coll.CompressedArrayTest
Tests run: 2, Failures: 0, Errors: 0, Skipped: 0, Time elapsed: 0.02 sec - in com.graphhopper.coll.CompressedArrayTest
Running com.graphhopper.coll.GHTBitSetTest
Tests run: 5, Failures: 0, Errors: 0, Skipped: 0, Time elapsed: 0 sec - in com.graphhopper.coll.GHTBitSetTest
Running com.graphhopper.coll.GHTreeMapComposedTest
Tests run: 1, Failures: 0, Errors: 0, Skipped: 0, Time elapsed: 0 sec - in com.graphhopper.coll.GHTreeMapComposedTest
Running com.graphhopper.coll.GHIntArrayListTest
Tests run: 3, Failures: 0, Errors: 0, Skipped: 0, Time elapsed: 0 sec - in com.graphhopper.coll.GHIntArrayListTest
Running com.graphhopper.coll.GHLongIntBTreeTest
Tests run: 6, Failures: 0, Errors: 0, Skipped: 0, Time elapsed: 0.01 sec - in com.graphhopper.coll.GHLongIntBTreeTest
Running com.graphhopper.coll.GHSortedCollectionTest
Tests run: 3, Failures: 0, Errors: 0, Skipped: 0, Time elapsed: 0.001 sec - in com.graphhopper.coll.GHSortedCollectionTest
Running com.graphhopper.coll.BitSetImplTest
Tests run: 5, Failures: 0, Errors: 0, Skipped: 0, Time elapsed: 0 sec - in com.graphhopper.coll.BitSetImplTest
Running com.graphhopper.geohash.SpatialKeyAlgoTest
Tests run: 10, Failures: 0, Errors: 0, Skipped: 0, Time elapsed: 0.001 sec - in com.graphhopper.geohash.SpatialKeyAlgoTest
Running com.graphhopper.geohash.LinearKeyAlgoTest
Tests run: 3, Failures: 0, Errors: 0, Skipped: 0, Time elapsed: 0 sec - in com.graphhopper.geohash.LinearKeyAlgoTest
Running com.graphhopper.apache.commons.collections.IntDoubleBinaryHeapTest
Tests run: 6, Failures: 0, Errors: 0, Skipped: 0, Time elapsed: 0 sec - in com.graphhopper.apache.commons.collections.IntDoubleBinaryHeapTest
Running com.graphhopper.apache.commons.lang3.StringUtilsTest
Tests run: 3, Failures: 0, Errors: 0, Skipped: 0, Time elapsed: 0.001 sec - in com.graphhopper.apache.commons.lang3.StringUtilsTest
Running com.graphhopper.GHResponseTest
Tests run: 2, Failures: 0, Errors: 0, Skipped: 0, Time elapsed: 0.001 sec - in com.graphhopper.GHResponseTest
Running com.graphhopper.search.NameIndexTest
Tests run: 5, Failures: 0, Errors: 0, Skipped: 0, Time elapsed: 0.004 sec - in com.graphhopper.search.NameIndexTest
Running com.graphhopper.GHRequestTest
Tests run: 2, Failures: 0, Errors: 0, Skipped: 0, Time elapsed: 0.003 sec - in com.graphhopper.GHRequestTest
Running com.graphhopper.GraphHopperAPITest
Tests run: 4, Failures: 0, Errors: 0, Skipped: 0, Time elapsed: 0.587 sec - in com.graphhopper.GraphHopperAPITest

Results :

Tests run: 1316, Failures: 0, Errors: 0, Skipped: 0

[INFO] 
[INFO] --- maven-resources-plugin:2.6:resources (default-resources) @ graphhopper-core ---
[INFO] Using 'UTF-8' encoding to copy filtered resources.
[INFO] Copying 2 resources
[INFO] Copying 46 resources
[INFO] 
[INFO] --- maven-compiler-plugin:3.5.1:compile (default-compile) @ graphhopper-core ---
[INFO] Nothing to compile - all classes are up to date
[INFO] 
[INFO] --- maven-resources-plugin:2.6:testResources (default-testResources) @ graphhopper-core ---
[INFO] Using 'UTF-8' encoding to copy filtered resources.
[INFO] Copying 11 resources
[INFO] 
[INFO] --- maven-compiler-plugin:3.5.1:testCompile (default-testCompile) @ graphhopper-core ---
[INFO] Nothing to compile - all classes are up to date
[INFO] 
[INFO] --- maven-surefire-plugin:2.19.1:test (default-test) @ graphhopper-core ---
[INFO] Skipping execution of surefire because it has already been run for this configuration
[INFO] 
[INFO] --- maven-jar-plugin:3.0.2:jar (default-jar) @ graphhopper-core ---
[INFO] Building jar: /home/travis/build/graphhopper/graphhopper/core/target/graphhopper-core-0.9-SNAPSHOT.jar
[INFO] 
[INFO] --- maven-jar-plugin:3.0.2:test-jar (default) @ graphhopper-core ---
[INFO] Building jar: /home/travis/build/graphhopper/graphhopper/core/target/graphhopper-core-0.9-SNAPSHOT-tests.jar
[INFO] 
[INFO] --- maven-failsafe-plugin:2.19.1:integration-test (default) @ graphhopper-core ---

-------------------------------------------------------
 T E S T S
-------------------------------------------------------
Running com.graphhopper.routing.RoutingAlgorithmIT
# RoutingAlgorithmIT algoEntry(astar):0.10479141, per run:0.013098926
# RoutingAlgorithmIT algoEntry(dijkstra):0.09872293, per run:0.012340366
# RoutingAlgorithmIT algoEntry(astarbi):0.08760446, per run:0.010950558
# RoutingAlgorithmIT algoEntry(dijkstrabi):0.05494009, per run:0.006867511
Tests run: 1, Failures: 0, Errors: 0, Skipped: 0, Time elapsed: 1.124 sec - in com.graphhopper.routing.RoutingAlgorithmIT

Results :

Tests run: 1, Failures: 0, Errors: 0, Skipped: 0

[INFO] 
[INFO] --- maven-failsafe-plugin:2.19.1:verify (default) @ graphhopper-core ---
[INFO]                                                                         
[INFO] ------------------------------------------------------------------------
[INFO] Building GraphHopper Reader for OpenStreetMap Data 0.9-SNAPSHOT
[INFO] ------------------------------------------------------------------------
[INFO] 
[INFO] --- maven-clean-plugin:2.5:clean (default-clean) @ graphhopper-reader-osm ---
[INFO] 
[INFO] --- maven-resources-plugin:2.6:resources (default-resources) @ graphhopper-reader-osm ---
[INFO] Using 'UTF-8' encoding to copy filtered resources.
[INFO] skip non existing resourceDirectory /home/travis/build/graphhopper/graphhopper/reader-osm/src/main/resources
[INFO] 
[INFO] --- maven-compiler-plugin:3.5.1:compile (default-compile) @ graphhopper-reader-osm ---
[INFO] Changes detected - recompiling the module!
[INFO] Compiling 17 source files to /home/travis/build/graphhopper/graphhopper/reader-osm/target/classes
[INFO] 
[INFO] --- maven-resources-plugin:2.6:testResources (default-testResources) @ graphhopper-reader-osm ---
[INFO] Using 'UTF-8' encoding to copy filtered resources.
[INFO] Copying 14 resources
[INFO] 
[INFO] --- maven-compiler-plugin:3.5.1:testCompile (default-testCompile) @ graphhopper-reader-osm ---
[INFO] Changes detected - recompiling the module!
[INFO] Compiling 6 source files to /home/travis/build/graphhopper/graphhopper/reader-osm/target/test-classes
[INFO] 
[INFO] --- maven-surefire-plugin:2.19.1:test (default-test) @ graphhopper-reader-osm ---

-------------------------------------------------------
 T E S T S
-------------------------------------------------------
Running com.graphhopper.reader.osm.GraphHopperOSMTest
Tests run: 25, Failures: 0, Errors: 0, Skipped: 0, Time elapsed: 3.184 sec - in com.graphhopper.reader.osm.GraphHopperOSMTest
Running com.graphhopper.reader.osm.OSMTurnRelationTest
Tests run: 1, Failures: 0, Errors: 0, Skipped: 0, Time elapsed: 0.009 sec - in com.graphhopper.reader.osm.OSMTurnRelationTest
Running com.graphhopper.reader.osm.OSMTagParserTest
Tests run: 2, Failures: 0, Errors: 0, Skipped: 0, Time elapsed: 0.008 sec - in com.graphhopper.reader.osm.OSMTagParserTest
Running com.graphhopper.reader.osm.OSMReaderTest
2017-04-13 18:40:48,224 [main] WARN  com.graphhopper.reader.osm.OSMReader - Parsing error in way with OSMID=17 : Cannot parse duration tag value: P01:10
2017-04-13 18:40:48,226 [main] WARN  com.graphhopper.routing.util.AbstractFlagEncoder - Unrealistic long duration ignored in way with way ID=18 : Duration tag value=P1M (=44640 minutes)
2017-04-13 18:40:48,226 [main] WARN  com.graphhopper.routing.util.AbstractFlagEncoder - Unrealistic long duration ignored in way with way ID=18 : Duration tag value=P1M (=44640 minutes)
2017-04-13 18:40:48,227 [main] WARN  com.graphhopper.routing.util.AbstractFlagEncoder - Unrealistic long duration ignored in way with way ID=18 : Duration tag value=P1M (=44640 minutes)
2017-04-13 18:40:49,048 [main] WARN  com.graphhopper.reader.osm.OSMReader - Parsing error in way with OSMID=17 : Cannot parse duration tag value: P01:10
2017-04-13 18:40:49,049 [main] WARN  com.graphhopper.routing.util.AbstractFlagEncoder - Unrealistic long duration ignored in way with way ID=18 : Duration tag value=P1M (=44640 minutes)
2017-04-13 18:40:49,049 [main] WARN  com.graphhopper.routing.util.AbstractFlagEncoder - Unrealistic long duration ignored in way with way ID=18 : Duration tag value=P1M (=44640 minutes)
2017-04-13 18:40:49,049 [main] WARN  com.graphhopper.routing.util.AbstractFlagEncoder - Unrealistic long duration ignored in way with way ID=18 : Duration tag value=P1M (=44640 minutes)
2017-04-13 18:40:49,192 [main] WARN  com.graphhopper.reader.osm.OSMReader - Parsing error in way with OSMID=17 : Cannot parse duration tag value: P01:10
2017-04-13 18:40:49,193 [main] WARN  com.graphhopper.routing.util.AbstractFlagEncoder - Unrealistic long duration ignored in way with way ID=18 : Duration tag value=P1M (=44640 minutes)
2017-04-13 18:40:49,193 [main] WARN  com.graphhopper.routing.util.AbstractFlagEncoder - Unrealistic long duration ignored in way with way ID=18 : Duration tag value=P1M (=44640 minutes)
2017-04-13 18:40:49,193 [main] WARN  com.graphhopper.routing.util.AbstractFlagEncoder - Unrealistic long duration ignored in way with way ID=18 : Duration tag value=P1M (=44640 minutes)
Tests run: 22, Failures: 0, Errors: 0, Skipped: 0, Time elapsed: 1.461 sec - in com.graphhopper.reader.osm.OSMReaderTest

Results :

Tests run: 50, Failures: 0, Errors: 0, Skipped: 0

[INFO] 
[INFO] --- maven-resources-plugin:2.6:resources (default-resources) @ graphhopper-reader-osm ---
[INFO] Using 'UTF-8' encoding to copy filtered resources.
[INFO] skip non existing resourceDirectory /home/travis/build/graphhopper/graphhopper/reader-osm/src/main/resources
[INFO] 
[INFO] --- maven-compiler-plugin:3.5.1:compile (default-compile) @ graphhopper-reader-osm ---
[INFO] Nothing to compile - all classes are up to date
[INFO] 
[INFO] --- maven-resources-plugin:2.6:testResources (default-testResources) @ graphhopper-reader-osm ---
[INFO] Using 'UTF-8' encoding to copy filtered resources.
[INFO] Copying 14 resources
[INFO] 
[INFO] --- maven-compiler-plugin:3.5.1:testCompile (default-testCompile) @ graphhopper-reader-osm ---
[INFO] Nothing to compile - all classes are up to date
[INFO] 
[INFO] --- maven-surefire-plugin:2.19.1:test (default-test) @ graphhopper-reader-osm ---
[INFO] Skipping execution of surefire because it has already been run for this configuration
[INFO] 
[INFO] --- maven-jar-plugin:3.0.2:jar (default-jar) @ graphhopper-reader-osm ---
[INFO] Building jar: /home/travis/build/graphhopper/graphhopper/reader-osm/target/graphhopper-reader-osm-0.9-SNAPSHOT.jar
[INFO] 
[INFO] --- maven-failsafe-plugin:2.19.1:integration-test (default) @ graphhopper-reader-osm ---

-------------------------------------------------------
 T E S T S
-------------------------------------------------------
Running com.graphhopper.GraphHopperIT
Tests run: 23, Failures: 0, Errors: 0, Skipped: 0, Time elapsed: 6.792 sec - in com.graphhopper.GraphHopperIT
Running com.graphhopper.routing.RoutingAlgorithmWithOSMIT
testMonacoParallel takes a bit time...
Tests run: 27, Failures: 0, Errors: 0, Skipped: 0, Time elapsed: 16.01 sec - in com.graphhopper.routing.RoutingAlgorithmWithOSMIT

Results :

Tests run: 50, Failures: 0, Errors: 0, Skipped: 0

[INFO] 
[INFO] --- maven-failsafe-plugin:2.19.1:verify (default) @ graphhopper-reader-osm ---
[INFO]                                                                         
[INFO] ------------------------------------------------------------------------
[INFO] Building GraphHopper Reader for Gtfs Data 0.9-SNAPSHOT
[INFO] ------------------------------------------------------------------------
[INFO] 
[INFO] --- maven-clean-plugin:2.5:clean (default-clean) @ graphhopper-reader-gtfs ---
[INFO] 
[INFO] --- maven-resources-plugin:2.6:resources (default-resources) @ graphhopper-reader-gtfs ---
[INFO] Using 'UTF-8' encoding to copy filtered resources.
[INFO] skip non existing resourceDirectory /home/travis/build/graphhopper/graphhopper/reader-gtfs/src/main/resources
[INFO] 
[INFO] --- maven-compiler-plugin:3.5.1:compile (default-compile) @ graphhopper-reader-gtfs ---
[INFO] Changes detected - recompiling the module!
[INFO] Compiling 26 source files to /home/travis/build/graphhopper/graphhopper/reader-gtfs/target/classes
[INFO] 
[INFO] --- maven-resources-plugin:2.6:testResources (default-testResources) @ graphhopper-reader-gtfs ---
[INFO] Using 'UTF-8' encoding to copy filtered resources.
[INFO] skip non existing resourceDirectory /home/travis/build/graphhopper/graphhopper/reader-gtfs/src/test/resources
[INFO] 
[INFO] --- maven-compiler-plugin:3.5.1:testCompile (default-testCompile) @ graphhopper-reader-gtfs ---
[INFO] Changes detected - recompiling the module!
[INFO] Compiling 3 source files to /home/travis/build/graphhopper/graphhopper/reader-gtfs/target/test-classes
[INFO] 
[INFO] --- maven-surefire-plugin:2.19.1:test (default-test) @ graphhopper-reader-gtfs ---

-------------------------------------------------------
 T E S T S
-------------------------------------------------------
Running com.graphhopper.gtfs.fare.FareTest
Tests run: 5, Failures: 0, Errors: 0, Skipped: 0, Time elapsed: 2.489 sec - in com.graphhopper.gtfs.fare.FareTest

Results :

Tests run: 5, Failures: 0, Errors: 0, Skipped: 0

[INFO] 
[INFO] --- maven-resources-plugin:2.6:resources (default-resources) @ graphhopper-reader-gtfs ---
[INFO] Using 'UTF-8' encoding to copy filtered resources.
[INFO] skip non existing resourceDirectory /home/travis/build/graphhopper/graphhopper/reader-gtfs/src/main/resources
[INFO] 
[INFO] --- maven-compiler-plugin:3.5.1:compile (default-compile) @ graphhopper-reader-gtfs ---
[INFO] Nothing to compile - all classes are up to date
[INFO] 
[INFO] --- maven-resources-plugin:2.6:testResources (default-testResources) @ graphhopper-reader-gtfs ---
[INFO] Using 'UTF-8' encoding to copy filtered resources.
[INFO] skip non existing resourceDirectory /home/travis/build/graphhopper/graphhopper/reader-gtfs/src/test/resources
[INFO] 
[INFO] --- maven-compiler-plugin:3.5.1:testCompile (default-testCompile) @ graphhopper-reader-gtfs ---
[INFO] Nothing to compile - all classes are up to date
[INFO] 
[INFO] --- maven-surefire-plugin:2.19.1:test (default-test) @ graphhopper-reader-gtfs ---
[INFO] Skipping execution of surefire because it has already been run for this configuration
[INFO] 
[INFO] --- maven-jar-plugin:3.0.2:jar (default-jar) @ graphhopper-reader-gtfs ---
[INFO] Building jar: /home/travis/build/graphhopper/graphhopper/reader-gtfs/target/graphhopper-reader-gtfs-0.9-SNAPSHOT.jar
[INFO] 
[INFO] --- maven-failsafe-plugin:2.19.1:integration-test (default) @ graphhopper-reader-gtfs ---

-------------------------------------------------------
 T E S T S
-------------------------------------------------------
Running com.graphhopper.RealtimeIT
Tests run: 4, Failures: 0, Errors: 4, Skipped: 0, Time elapsed: 1.669 sec <<< FAILURE! - in com.graphhopper.RealtimeIT
testSkipDepartureStop(com.graphhopper.RealtimeIT)  Time elapsed: 0.054 sec  <<< ERROR!
java.lang.NullPointerException: text
	at com.graphhopper.RealtimeIT.testSkipDepartureStop(RealtimeIT.java:75)

testBlockTrips(com.graphhopper.RealtimeIT)  Time elapsed: 0.001 sec  <<< ERROR!
java.lang.NullPointerException: text
	at com.graphhopper.RealtimeIT.testBlockTrips(RealtimeIT.java:167)

testSkipTransferStop(com.graphhopper.RealtimeIT)  Time elapsed: 0 sec  <<< ERROR!
java.lang.NullPointerException: text
	at com.graphhopper.RealtimeIT.testSkipTransferStop(RealtimeIT.java:137)

testSkipArrivalStop(com.graphhopper.RealtimeIT)  Time elapsed: 0.001 sec  <<< ERROR!
java.lang.NullPointerException: text
	at com.graphhopper.RealtimeIT.testSkipArrivalStop(RealtimeIT.java:106)

Running com.graphhopper.GraphHopperGtfsIT
Tests run: 15, Failures: 0, Errors: 15, Skipped: 0, Time elapsed: 0.76 sec <<< FAILURE! - in com.graphhopper.GraphHopperGtfsIT
testRoute1ProfileEarliestArrival(com.graphhopper.GraphHopperGtfsIT)  Time elapsed: 0.01 sec  <<< ERROR!
java.lang.NullPointerException: text
	at com.graphhopper.GraphHopperGtfsIT.testRoute1ProfileEarliestArrival(GraphHopperGtfsIT.java:144)

testRoute1GoesAt744(com.graphhopper.GraphHopperGtfsIT)  Time elapsed: 0 sec  <<< ERROR!
java.lang.NullPointerException: text
	at com.graphhopper.GraphHopperGtfsIT.testRoute1GoesAt744(GraphHopperGtfsIT.java:103)

testWeekendRouteWorksOnlyOnWeekend(com.graphhopper.GraphHopperGtfsIT)  Time elapsed: 0 sec  <<< ERROR!
java.lang.NullPointerException: text
	at com.graphhopper.GraphHopperGtfsIT.testWeekendRouteWorksOnlyOnWeekend(GraphHopperGtfsIT.java:249)

testTransferRules(com.graphhopper.GraphHopperGtfsIT)  Time elapsed: 0 sec  <<< ERROR!
java.lang.NullPointerException: text
	at com.graphhopper.GraphHopperGtfsIT.testTransferRules(GraphHopperGtfsIT.java:299)

testRoute1DoesNotGoAt654(com.graphhopper.GraphHopperGtfsIT)  Time elapsed: 0 sec  <<< ERROR!
java.lang.NullPointerException: text
	at com.graphhopper.GraphHopperGtfsIT.testRoute1DoesNotGoAt654(GraphHopperGtfsIT.java:85)

testBlockTrips(com.graphhopper.GraphHopperGtfsIT)  Time elapsed: 0.001 sec  <<< ERROR!
java.lang.NullPointerException: text
	at com.graphhopper.GraphHopperGtfsIT.testBlockTrips(GraphHopperGtfsIT.java:278)

testRoute1ProfileLatestDeparture(com.graphhopper.GraphHopperGtfsIT)  Time elapsed: 0.001 sec  <<< ERROR!
java.lang.NullPointerException: text
	at com.graphhopper.GraphHopperGtfsIT.testRoute1ProfileLatestDeparture(GraphHopperGtfsIT.java:171)

testRouteWithLaterDepartureTime(com.graphhopper.GraphHopperGtfsIT)  Time elapsed: 0.001 sec  <<< ERROR!
java.lang.NullPointerException: text
	at com.graphhopper.GraphHopperGtfsIT.assertTravelTimeIs(GraphHopperGtfsIT.java:351)
	at com.graphhopper.GraphHopperGtfsIT.testRouteWithLaterDepartureTime(GraphHopperGtfsIT.java:234)

testRoute1ArriveBy(com.graphhopper.GraphHopperGtfsIT)  Time elapsed: 0.003 sec  <<< ERROR!
java.lang.NullPointerException: text
	at com.graphhopper.GraphHopperGtfsIT.testRoute1ArriveBy(GraphHopperGtfsIT.java:123)

testRoute1(com.graphhopper.GraphHopperGtfsIT)  Time elapsed: 0 sec  <<< ERROR!
java.lang.NullPointerException: text
	at com.graphhopper.GraphHopperGtfsIT.testRoute1(GraphHopperGtfsIT.java:68)

testRoute2(com.graphhopper.GraphHopperGtfsIT)  Time elapsed: 0.001 sec  <<< ERROR!
java.lang.NullPointerException: text
	at com.graphhopper.GraphHopperGtfsIT.assertTravelTimeIs(GraphHopperGtfsIT.java:351)
	at com.graphhopper.GraphHopperGtfsIT.assertTravelTimeIs(GraphHopperGtfsIT.java:359)
	at com.graphhopper.GraphHopperGtfsIT.testRoute2(GraphHopperGtfsIT.java:186)

testRoute3(com.graphhopper.GraphHopperGtfsIT)  Time elapsed: 0 sec  <<< ERROR!
java.lang.NullPointerException: text
	at com.graphhopper.GraphHopperGtfsIT.assertTravelTimeIs(GraphHopperGtfsIT.java:351)
	at com.graphhopper.GraphHopperGtfsIT.assertTravelTimeIs(GraphHopperGtfsIT.java:359)
	at com.graphhopper.GraphHopperGtfsIT.testRoute3(GraphHopperGtfsIT.java:193)

testRoute4(com.graphhopper.GraphHopperGtfsIT)  Time elapsed: 0 sec  <<< ERROR!
java.lang.NullPointerException: text
	at com.graphhopper.GraphHopperGtfsIT.assertTravelTimeIs(GraphHopperGtfsIT.java:351)
	at com.graphhopper.GraphHopperGtfsIT.assertTravelTimeIs(GraphHopperGtfsIT.java:359)
	at com.graphhopper.GraphHopperGtfsIT.testRoute4(GraphHopperGtfsIT.java:200)

testRoute5(com.graphhopper.GraphHopperGtfsIT)  Time elapsed: 0.001 sec  <<< ERROR!
java.lang.NullPointerException: text
	at com.graphhopper.GraphHopperGtfsIT.testRoute5(GraphHopperGtfsIT.java:213)

testRoute6(com.graphhopper.GraphHopperGtfsIT)  Time elapsed: 0 sec  <<< ERROR!
java.lang.NullPointerException: text
	at com.graphhopper.GraphHopperGtfsIT.assertNoRoute(GraphHopperGtfsIT.java:370)
	at com.graphhopper.GraphHopperGtfsIT.testRoute6(GraphHopperGtfsIT.java:226)


Results :

Tests in error: 
  GraphHopperGtfsIT.testBlockTrips:278 » NullPointer text
  GraphHopperGtfsIT.testRoute1:68 » NullPointer text
  GraphHopperGtfsIT.testRoute1ArriveBy:123 » NullPointer text
  GraphHopperGtfsIT.testRoute1DoesNotGoAt654:85 » NullPointer text
  GraphHopperGtfsIT.testRoute1GoesAt744:103 » NullPointer text
  GraphHopperGtfsIT.testRoute1ProfileEarliestArrival:144 » NullPointer text
  GraphHopperGtfsIT.testRoute1ProfileLatestDeparture:171 » NullPointer text
  GraphHopperGtfsIT.testRoute2:186->assertTravelTimeIs:359->assertTravelTimeIs:351 » NullPointer
  GraphHopperGtfsIT.testRoute3:193->assertTravelTimeIs:359->assertTravelTimeIs:351 » NullPointer
  GraphHopperGtfsIT.testRoute4:200->assertTravelTimeIs:359->assertTravelTimeIs:351 » NullPointer
  GraphHopperGtfsIT.testRoute5:213 » NullPointer text
  GraphHopperGtfsIT.testRoute6:226->assertNoRoute:370 » NullPointer text
  GraphHopperGtfsIT.testRouteWithLaterDepartureTime:234->assertTravelTimeIs:351 » NullPointer
  GraphHopperGtfsIT.testTransferRules:299 » NullPointer text
  GraphHopperGtfsIT.testWeekendRouteWorksOnlyOnWeekend:249 » NullPointer text
  RealtimeIT.testBlockTrips:167 » NullPointer text
  RealtimeIT.testSkipArrivalStop:106 » NullPointer text
  RealtimeIT.testSkipDepartureStop:75 » NullPointer text
  RealtimeIT.testSkipTransferStop:137 » NullPointer text

Tests run: 19, Failures: 0, Errors: 19, Skipped: 0

[INFO] 
[INFO] --- maven-failsafe-plugin:2.19.1:verify (default) @ graphhopper-reader-gtfs ---
[INFO] ------------------------------------------------------------------------
[INFO] Reactor Summary:
[INFO] 
[INFO] GraphHopper Parent Project ......................... SUCCESS [  0.821 s]
[INFO] GraphHopper Core ................................... SUCCESS [ 59.487 s]
[INFO] GraphHopper Reader for OpenStreetMap Data .......... SUCCESS [ 32.490 s]
[INFO] GraphHopper Reader for Gtfs Data ................... FAILURE [ 10.927 s]
[INFO] GraphHopper Reader JSON ............................ SKIPPED
[INFO] GraphHopper Tools .................................. SKIPPED
[INFO] GraphHopper Web .................................... SKIPPED
[INFO] GraphHopper Reader for Shapefile Data .............. SKIPPED
[INFO] ------------------------------------------------------------------------
[INFO] BUILD FAILURE
[INFO] ------------------------------------------------------------------------
[INFO] Total time: 01:43 min
[INFO] Finished at: 2017-04-13T18:41:23+00:00
[INFO] Final Memory: 14M/290M
[INFO] ------------------------------------------------------------------------
[ERROR] Failed to execute goal org.apache.maven.plugins:maven-failsafe-plugin:2.19.1:verify (default) on project graphhopper-reader-gtfs: There are test failures.
[ERROR] 
[ERROR] Please refer to /home/travis/build/graphhopper/graphhopper/reader-gtfs/target/failsafe-reports for the individual test results.
[ERROR] -> [Help 1]
[ERROR] 
[ERROR] To see the full stack trace of the errors, re-run Maven with the -e switch.
[ERROR] Re-run Maven using the -X switch to enable full debug logging.
[ERROR] 
[ERROR] For more information about the errors and possible solutions, please read the following articles:
[ERROR] [Help 1] http://cwiki.apache.org/confluence/display/MAVEN/MojoFailureException
[ERROR] 
[ERROR] After correcting the problems, you can resume the build with the command
[ERROR]   mvn <goals> -rf :graphhopper-reader-gtfs

travis_time:end:3ae27adc:start=1492108777374933722,finish=1492108884216387326,duration=106841453604[0K
[31;1mThe command "mvn clean test verify -B" exited with 1.[0m
travis_fold:start:cache.2[0Kstore build cache
travis_time:start:1fc7aca4[0K
travis_time:end:1fc7aca4:start=1492108884222456282,finish=1492108884227376786,duration=4920504[0Ktravis_time:start:00164310[0K[32;1mnothing changed, not updating cache[0m

travis_time:end:00164310:start=1492108884232560365,finish=1492108885004603647,duration=772043282[0Ktravis_fold:end:cache.2[0K
Done. Your build exited with 1.
