travis_fold:start:worker_info[0K[33;1mWorker information[0m
hostname: i-093e1d9-precise-production-2-worker-org-docker.travisci.net:69dc4b90-ecee-4cb2-bb1a-9f38acbc4d12
version: v2.5.0 https://github.com/travis-ci/worker/tree/da3a43228dffc0fcca5a46569ca786b22991979f
instance: 48679c8:travis:java
startup: 750.689805ms
travis_fold:end:worker_info[0Ktravis_fold:start:system_info[0K[33;1mBuild system information[0m
Build language: java
Build group: stable
Build dist: precise
Build id: 210124628
Job id: 210124629
travis-build version: 5e3ef60b0
[34m[1mBuild image provisioning date and time[0m
Thu Feb  5 15:09:33 UTC 2015
[34m[1mOperating System Details[0m
Distributor ID:	Ubuntu
Description:	Ubuntu 12.04.5 LTS
Release:	12.04
Codename:	precise
[34m[1mLinux Version[0m
3.13.0-29-generic
[34m[1mCookbooks Version[0m
a68419e https://github.com/travis-ci/travis-cookbooks/tree/a68419e
[34m[1mGCC version[0m
gcc (Ubuntu/Linaro 4.6.3-1ubuntu5) 4.6.3
Copyright (C) 2011 Free Software Foundation, Inc.
This is free software; see the source for copying conditions.  There is NO
warranty; not even for MERCHANTABILITY or FITNESS FOR A PARTICULAR PURPOSE.

[34m[1mLLVM version[0m
clang version 3.4 (tags/RELEASE_34/final)
Target: x86_64-unknown-linux-gnu
Thread model: posix
[34m[1mPre-installed Ruby versions[0m
ruby-1.9.3-p551
[34m[1mPre-installed Node.js versions[0m
v0.10.36
[34m[1mPre-installed Go versions[0m
1.4.1
[34m[1mRedis version[0m
redis-server 2.8.19
[34m[1mriak version[0m
2.0.2
[34m[1mMongoDB version[0m
MongoDB 2.4.12
[34m[1mCouchDB version[0m
couchdb 1.6.1
[34m[1mNeo4j version[0m
1.9.4
[34m[1mRabbitMQ Version[0m
3.4.3
[34m[1mElasticSearch version[0m
1.4.0
[34m[1mInstalled Sphinx versions[0m
2.0.10
2.1.9
2.2.6
[34m[1mDefault Sphinx version[0m
2.2.6
[34m[1mInstalled Firefox version[0m
firefox 31.0esr
[34m[1mPhantomJS version[0m
1.9.8
[34m[1mant -version[0m
Apache Ant(TM) version 1.8.2 compiled on December 3 2011
[34m[1mmvn -version[0m
Apache Maven 3.2.5 (12a6b3acb947671f09b81f49094c53f426d8cea1; 2014-12-14T17:29:23+00:00)
Maven home: /usr/local/maven
Java version: 1.7.0_76, vendor: Oracle Corporation
Java home: /usr/lib/jvm/java-7-oracle/jre
Default locale: en_US, platform encoding: ANSI_X3.4-1968
OS name: "linux", version: "3.13.0-29-generic", arch: "amd64", family: "unix"
travis_fold:end:system_info[0K
travis_fold:start:fix.CVE-2015-7547[0K$ export DEBIAN_FRONTEND=noninteractive
Reading package lists...
Building dependency tree...
Reading state information...
The following extra packages will be installed:
  libc-bin libc-dev-bin libc6-dev
Suggested packages:
  glibc-doc
The following packages will be upgraded:
  libc-bin libc-dev-bin libc6 libc6-dev
4 upgraded, 0 newly installed, 0 to remove and 271 not upgraded.
Need to get 8,840 kB of archives.
After this operation, 14.3 kB disk space will be freed.
Get:1 http://us.archive.ubuntu.com/ubuntu/ precise-updates/main libc6-dev amd64 2.15-0ubuntu10.15 [2,943 kB]
Get:2 http://us.archive.ubuntu.com/ubuntu/ precise-updates/main libc-dev-bin amd64 2.15-0ubuntu10.15 [84.7 kB]
Get:3 http://us.archive.ubuntu.com/ubuntu/ precise-updates/main libc-bin amd64 2.15-0ubuntu10.15 [1,177 kB]
Get:4 http://us.archive.ubuntu.com/ubuntu/ precise-updates/main libc6 amd64 2.15-0ubuntu10.15 [4,636 kB]
Fetched 8,840 kB in 0s (35.6 MB/s)
Preconfiguring packages ...
(Reading database ... (Reading database ... 5%(Reading database ... 10%(Reading database ... 15%(Reading database ... 20%(Reading database ... 25%(Reading database ... 30%(Reading database ... 35%(Reading database ... 40%(Reading database ... 45%(Reading database ... 50%(Reading database ... 55%(Reading database ... 60%(Reading database ... 65%(Reading database ... 70%(Reading database ... 75%(Reading database ... 80%(Reading database ... 85%(Reading database ... 90%(Reading database ... 95%(Reading database ... 100%(Reading database ... 72019 files and directories currently installed.)
Preparing to replace libc6-dev 2.15-0ubuntu10.10 (using .../libc6-dev_2.15-0ubuntu10.15_amd64.deb) ...
Unpacking replacement libc6-dev ...
Preparing to replace libc-dev-bin 2.15-0ubuntu10.10 (using .../libc-dev-bin_2.15-0ubuntu10.15_amd64.deb) ...
Unpacking replacement libc-dev-bin ...
Preparing to replace libc-bin 2.15-0ubuntu10.10 (using .../libc-bin_2.15-0ubuntu10.15_amd64.deb) ...
Unpacking replacement libc-bin ...
Processing triggers for man-db ...
Setting up libc-bin (2.15-0ubuntu10.15) ...
(Reading database ... (Reading database ... 5%(Reading database ... 10%(Reading database ... 15%(Reading database ... 20%(Reading database ... 25%(Reading database ... 30%(Reading database ... 35%(Reading database ... 40%(Reading database ... 45%(Reading database ... 50%(Reading database ... 55%(Reading database ... 60%(Reading database ... 65%(Reading database ... 70%(Reading database ... 75%(Reading database ... 80%(Reading database ... 85%(Reading database ... 90%(Reading database ... 95%(Reading database ... 100%(Reading database ... 72018 files and directories currently installed.)
Preparing to replace libc6 2.15-0ubuntu10.10 (using .../libc6_2.15-0ubuntu10.15_amd64.deb) ...
Unpacking replacement libc6 ...
Setting up libc6 (2.15-0ubuntu10.15) ...
Setting up libc-dev-bin (2.15-0ubuntu10.15) ...
Setting up libc6-dev (2.15-0ubuntu10.15) ...
Processing triggers for libc-bin ...
ldconfig deferred processing now taking place
travis_fold:end:fix.CVE-2015-7547[0K$ jdk_switcher use oraclejdk8
Switching to Oracle JDK8 (java-8-oracle), JAVA_HOME will be set to /usr/lib/jvm/java-8-oracle
travis_fold:start:git.checkout[0Ktravis_time:start:191f2692[0K$ git clone --depth=50 --branch=spatial https://github.com/graphhopper/graphhopper.git graphhopper/graphhopper
Cloning into 'graphhopper/graphhopper'...
remote: Counting objects: 2346, done.[K
remote: Compressing objects:   0% (1/1429)   [Kremote: Compressing objects:   1% (15/1429)   [Kremote: Compressing objects:   2% (29/1429)   [Kremote: Compressing objects:   3% (43/1429)   [Kremote: Compressing objects:   4% (58/1429)   [Kremote: Compressing objects:   5% (72/1429)   [Kremote: Compressing objects:   6% (86/1429)   [Kremote: Compressing objects:   7% (101/1429)   [Kremote: Compressing objects:   8% (115/1429)   [Kremote: Compressing objects:   9% (129/1429)   [Kremote: Compressing objects:  10% (143/1429)   [Kremote: Compressing objects:  11% (158/1429)   [Kremote: Compressing objects:  12% (172/1429)   [Kremote: Compressing objects:  13% (186/1429)   [Kremote: Compressing objects:  14% (201/1429)   [Kremote: Compressing objects:  15% (215/1429)   [Kremote: Compressing objects:  16% (229/1429)   [Kremote: Compressing objects:  17% (243/1429)   [Kremote: Compressing objects:  18% (258/1429)   [Kremote: Compressing objects:  19% (272/1429)   [Kremote: Compressing objects:  20% (286/1429)   [Kremote: Compressing objects:  21% (301/1429)   [Kremote: Compressing objects:  22% (315/1429)   [Kremote: Compressing objects:  23% (329/1429)   [Kremote: Compressing objects:  24% (343/1429)   [Kremote: Compressing objects:  25% (358/1429)   [Kremote: Compressing objects:  26% (372/1429)   [Kremote: Compressing objects:  27% (386/1429)   [Kremote: Compressing objects:  28% (401/1429)   [Kremote: Compressing objects:  29% (415/1429)   [Kremote: Compressing objects:  30% (429/1429)   [Kremote: Compressing objects:  31% (443/1429)   [Kremote: Compressing objects:  32% (458/1429)   [Kremote: Compressing objects:  33% (472/1429)   [Kremote: Compressing objects:  34% (486/1429)   [Kremote: Compressing objects:  35% (501/1429)   [Kremote: Compressing objects:  36% (515/1429)   [Kremote: Compressing objects:  37% (529/1429)   [Kremote: Compressing objects:  38% (544/1429)   [Kremote: Compressing objects:  39% (558/1429)   [Kremote: Compressing objects:  40% (572/1429)   [Kremote: Compressing objects:  41% (586/1429)   [Kremote: Compressing objects:  42% (601/1429)   [Kremote: Compressing objects:  43% (615/1429)   [Kremote: Compressing objects:  44% (629/1429)   [Kremote: Compressing objects:  45% (644/1429)   [Kremote: Compressing objects:  46% (658/1429)   [Kremote: Compressing objects:  47% (672/1429)   [Kremote: Compressing objects:  48% (686/1429)   [Kremote: Compressing objects:  49% (701/1429)   [Kremote: Compressing objects:  50% (715/1429)   [Kremote: Compressing objects:  51% (729/1429)   [Kremote: Compressing objects:  52% (744/1429)   [Kremote: Compressing objects:  53% (758/1429)   [Kremote: Compressing objects:  54% (772/1429)   [Kremote: Compressing objects:  55% (786/1429)   [Kremote: Compressing objects:  56% (801/1429)   [Kremote: Compressing objects:  57% (815/1429)   [Kremote: Compressing objects:  58% (829/1429)   [Kremote: Compressing objects:  59% (844/1429)   [Kremote: Compressing objects:  60% (858/1429)   [Kremote: Compressing objects:  61% (872/1429)   [Kremote: Compressing objects:  62% (886/1429)   [Kremote: Compressing objects:  63% (901/1429)   [Kremote: Compressing objects:  64% (915/1429)   [Kremote: Compressing objects:  65% (929/1429)   [Kremote: Compressing objects:  66% (944/1429)   [Kremote: Compressing objects:  67% (958/1429)   [Kremote: Compressing objects:  68% (972/1429)   [Kremote: Compressing objects:  69% (987/1429)   [Kremote: Compressing objects:  70% (1001/1429)   [Kremote: Compressing objects:  71% (1015/1429)   [Kremote: Compressing objects:  72% (1029/1429)   [Kremote: Compressing objects:  73% (1044/1429)   [Kremote: Compressing objects:  74% (1058/1429)   [Kremote: Compressing objects:  75% (1072/1429)   [Kremote: Compressing objects:  76% (1087/1429)   [Kremote: Compressing objects:  77% (1101/1429)   [Kremote: Compressing objects:  78% (1115/1429)   [Kremote: Compressing objects:  79% (1129/1429)   [Kremote: Compressing objects:  80% (1144/1429)   [Kremote: Compressing objects:  81% (1158/1429)   [Kremote: Compressing objects:  82% (1172/1429)   [Kremote: Compressing objects:  83% (1187/1429)   [Kremote: Compressing objects:  84% (1201/1429)   [Kremote: Compressing objects:  85% (1215/1429)   [Kremote: Compressing objects:  86% (1229/1429)   [Kremote: Compressing objects:  87% (1244/1429)   [Kremote: Compressing objects:  88% (1258/1429)   [Kremote: Compressing objects:  89% (1272/1429)   [Kremote: Compressing objects:  90% (1287/1429)   [Kremote: Compressing objects:  91% (1301/1429)   [Kremote: Compressing objects:  92% (1315/1429)   [Kremote: Compressing objects:  93% (1329/1429)   [Kremote: Compressing objects:  94% (1344/1429)   [Kremote: Compressing objects:  95% (1358/1429)   [Kremote: Compressing objects:  96% (1372/1429)   [Kremote: Compressing objects:  97% (1387/1429)   [Kremote: Compressing objects:  98% (1401/1429)   [Kremote: Compressing objects:  99% (1415/1429)   [Kremote: Compressing objects: 100% (1429/1429)   [Kremote: Compressing objects: 100% (1429/1429), done.[K
Receiving objects:   0% (1/2346)   Receiving objects:   1% (24/2346)   Receiving objects:   2% (47/2346)   Receiving objects:   3% (71/2346)   Receiving objects:   4% (94/2346)   Receiving objects:   5% (118/2346)   Receiving objects:   6% (141/2346)   Receiving objects:   7% (165/2346), 10.12 MiB | 20.19 MiB/s   Receiving objects:   8% (188/2346), 10.12 MiB | 20.19 MiB/s   Receiving objects:   9% (212/2346), 10.12 MiB | 20.19 MiB/s   Receiving objects:  10% (235/2346), 10.12 MiB | 20.19 MiB/s   Receiving objects:  11% (259/2346), 10.12 MiB | 20.19 MiB/s   Receiving objects:  12% (282/2346), 10.12 MiB | 20.19 MiB/s   Receiving objects:  13% (305/2346), 10.12 MiB | 20.19 MiB/s   Receiving objects:  14% (329/2346), 10.12 MiB | 20.19 MiB/s   Receiving objects:  15% (352/2346), 10.12 MiB | 20.19 MiB/s   Receiving objects:  16% (376/2346), 10.12 MiB | 20.19 MiB/s   Receiving objects:  17% (399/2346), 10.12 MiB | 20.19 MiB/s   Receiving objects:  18% (423/2346), 10.12 MiB | 20.19 MiB/s   Receiving objects:  19% (446/2346), 10.12 MiB | 20.19 MiB/s   Receiving objects:  20% (470/2346), 10.12 MiB | 20.19 MiB/s   Receiving objects:  21% (493/2346), 10.12 MiB | 20.19 MiB/s   Receiving objects:  22% (517/2346), 10.12 MiB | 20.19 MiB/s   Receiving objects:  23% (540/2346), 10.12 MiB | 20.19 MiB/s   Receiving objects:  24% (564/2346), 10.12 MiB | 20.19 MiB/s   Receiving objects:  25% (587/2346), 10.12 MiB | 20.19 MiB/s   Receiving objects:  26% (610/2346), 10.12 MiB | 20.19 MiB/s   Receiving objects:  27% (634/2346), 10.12 MiB | 20.19 MiB/s   Receiving objects:  28% (657/2346), 10.12 MiB | 20.19 MiB/s   Receiving objects:  29% (681/2346), 10.12 MiB | 20.19 MiB/s   Receiving objects:  30% (704/2346), 10.12 MiB | 20.19 MiB/s   Receiving objects:  31% (728/2346), 10.12 MiB | 20.19 MiB/s   Receiving objects:  32% (751/2346), 10.12 MiB | 20.19 MiB/s   Receiving objects:  33% (775/2346), 10.12 MiB | 20.19 MiB/s   Receiving objects:  34% (798/2346), 10.12 MiB | 20.19 MiB/s   Receiving objects:  35% (822/2346), 10.12 MiB | 20.19 MiB/s   Receiving objects:  36% (845/2346), 10.12 MiB | 20.19 MiB/s   Receiving objects:  37% (869/2346), 10.12 MiB | 20.19 MiB/s   Receiving objects:  38% (892/2346), 10.12 MiB | 20.19 MiB/s   Receiving objects:  39% (915/2346), 10.12 MiB | 20.19 MiB/s   Receiving objects:  40% (939/2346), 10.12 MiB | 20.19 MiB/s   Receiving objects:  41% (962/2346), 10.12 MiB | 20.19 MiB/s   Receiving objects:  42% (986/2346), 10.12 MiB | 20.19 MiB/s   Receiving objects:  43% (1009/2346), 10.12 MiB | 20.19 MiB/s   Receiving objects:  44% (1033/2346), 10.12 MiB | 20.19 MiB/s   Receiving objects:  45% (1056/2346), 10.12 MiB | 20.19 MiB/s   Receiving objects:  45% (1070/2346), 20.00 MiB | 19.95 MiB/s   Receiving objects:  46% (1080/2346), 20.00 MiB | 19.95 MiB/s   Receiving objects:  47% (1103/2346), 20.00 MiB | 19.95 MiB/s   Receiving objects:  48% (1127/2346), 20.00 MiB | 19.95 MiB/s   Receiving objects:  49% (1150/2346), 20.00 MiB | 19.95 MiB/s   Receiving objects:  50% (1173/2346), 20.00 MiB | 19.95 MiB/s   Receiving objects:  51% (1197/2346), 20.00 MiB | 19.95 MiB/s   Receiving objects:  52% (1220/2346), 20.00 MiB | 19.95 MiB/s   Receiving objects:  53% (1244/2346), 20.00 MiB | 19.95 MiB/s   Receiving objects:  54% (1267/2346), 20.00 MiB | 19.95 MiB/s   Receiving objects:  55% (1291/2346), 20.00 MiB | 19.95 MiB/s   Receiving objects:  56% (1314/2346), 20.00 MiB | 19.95 MiB/s   Receiving objects:  57% (1338/2346), 20.00 MiB | 19.95 MiB/s   Receiving objects:  58% (1361/2346), 20.00 MiB | 19.95 MiB/s   Receiving objects:  59% (1385/2346), 20.00 MiB | 19.95 MiB/s   Receiving objects:  60% (1408/2346), 20.00 MiB | 19.95 MiB/s   Receiving objects:  61% (1432/2346), 20.00 MiB | 19.95 MiB/s   Receiving objects:  62% (1455/2346), 20.00 MiB | 19.95 MiB/s   Receiving objects:  63% (1478/2346), 20.00 MiB | 19.95 MiB/s   Receiving objects:  64% (1502/2346), 20.00 MiB | 19.95 MiB/s   Receiving objects:  65% (1525/2346), 20.00 MiB | 19.95 MiB/s   Receiving objects:  66% (1549/2346), 20.00 MiB | 19.95 MiB/s   Receiving objects:  67% (1572/2346), 20.00 MiB | 19.95 MiB/s   Receiving objects:  68% (1596/2346), 20.00 MiB | 19.95 MiB/s   Receiving objects:  69% (1619/2346), 20.00 MiB | 19.95 MiB/s   Receiving objects:  70% (1643/2346), 20.00 MiB | 19.95 MiB/s   Receiving objects:  71% (1666/2346), 20.00 MiB | 19.95 MiB/s   Receiving objects:  72% (1690/2346), 20.00 MiB | 19.95 MiB/s   Receiving objects:  73% (1713/2346), 20.00 MiB | 19.95 MiB/s   Receiving objects:  74% (1737/2346), 20.00 MiB | 19.95 MiB/s   Receiving objects:  75% (1760/2346), 20.00 MiB | 19.95 MiB/s   Receiving objects:  76% (1783/2346), 20.00 MiB | 19.95 MiB/s   Receiving objects:  77% (1807/2346), 20.00 MiB | 19.95 MiB/s   Receiving objects:  78% (1830/2346), 20.00 MiB | 19.95 MiB/s   Receiving objects:  79% (1854/2346), 20.00 MiB | 19.95 MiB/s   Receiving objects:  80% (1877/2346), 20.00 MiB | 19.95 MiB/s   Receiving objects:  81% (1901/2346), 20.00 MiB | 19.95 MiB/s   Receiving objects:  82% (1924/2346), 20.00 MiB | 19.95 MiB/s   Receiving objects:  83% (1948/2346), 20.00 MiB | 19.95 MiB/s   Receiving objects:  84% (1971/2346), 20.00 MiB | 19.95 MiB/s   Receiving objects:  85% (1995/2346), 20.00 MiB | 19.95 MiB/s   Receiving objects:  86% (2018/2346), 20.00 MiB | 19.95 MiB/s   Receiving objects:  87% (2042/2346), 20.00 MiB | 19.95 MiB/s   Receiving objects:  88% (2065/2346), 20.00 MiB | 19.95 MiB/s   Receiving objects:  89% (2088/2346), 20.00 MiB | 19.95 MiB/s   Receiving objects:  90% (2112/2346), 20.00 MiB | 19.95 MiB/s   Receiving objects:  91% (2135/2346), 20.00 MiB | 19.95 MiB/s   remote: Total 2346 (delta 938), reused 1608 (delta 570), pack-reused 0[K
Receiving objects:  92% (2159/2346), 20.00 MiB | 19.95 MiB/s   Receiving objects:  93% (2182/2346), 20.00 MiB | 19.95 MiB/s   Receiving objects:  94% (2206/2346), 20.00 MiB | 19.95 MiB/s   Receiving objects:  95% (2229/2346), 20.00 MiB | 19.95 MiB/s   Receiving objects:  96% (2253/2346), 20.00 MiB | 19.95 MiB/s   Receiving objects:  97% (2276/2346), 20.00 MiB | 19.95 MiB/s   Receiving objects:  98% (2300/2346), 20.00 MiB | 19.95 MiB/s   Receiving objects:  99% (2323/2346), 20.00 MiB | 19.95 MiB/s   Receiving objects: 100% (2346/2346), 20.00 MiB | 19.95 MiB/s   Receiving objects: 100% (2346/2346), 24.18 MiB | 19.95 MiB/s, done.
Resolving deltas:   0% (0/938)   Resolving deltas:   1% (11/938)   Resolving deltas:   2% (19/938)   Resolving deltas:   3% (29/938)   Resolving deltas:   4% (44/938)   Resolving deltas:   5% (47/938)   Resolving deltas:   6% (63/938)   Resolving deltas:   7% (67/938)   Resolving deltas:   8% (79/938)   Resolving deltas:   9% (92/938)   Resolving deltas:  10% (99/938)   Resolving deltas:  11% (105/938)   Resolving deltas:  12% (115/938)   Resolving deltas:  13% (125/938)   Resolving deltas:  14% (136/938)   Resolving deltas:  15% (142/938)   Resolving deltas:  17% (161/938)   Resolving deltas:  18% (171/938)   Resolving deltas:  20% (189/938)   Resolving deltas:  22% (208/938)   Resolving deltas:  23% (222/938)   Resolving deltas:  24% (230/938)   Resolving deltas:  25% (236/938)   Resolving deltas:  26% (247/938)   Resolving deltas:  27% (256/938)   Resolving deltas:  28% (267/938)   Resolving deltas:  29% (274/938)   Resolving deltas:  31% (298/938)   Resolving deltas:  32% (304/938)   Resolving deltas:  33% (314/938)   Resolving deltas:  34% (319/938)   Resolving deltas:  35% (335/938)   Resolving deltas:  36% (343/938)   Resolving deltas:  37% (352/938)   Resolving deltas:  38% (360/938)   Resolving deltas:  39% (367/938)   Resolving deltas:  40% (378/938)   Resolving deltas:  41% (385/938)   Resolving deltas:  42% (394/938)   Resolving deltas:  43% (404/938)   Resolving deltas:  44% (418/938)   Resolving deltas:  45% (425/938)   Resolving deltas:  46% (432/938)   Resolving deltas:  47% (441/938)   Resolving deltas:  48% (452/938)   Resolving deltas:  49% (462/938)   Resolving deltas:  50% (470/938)   Resolving deltas:  52% (493/938)   Resolving deltas:  53% (500/938)   Resolving deltas:  54% (513/938)   Resolving deltas:  55% (516/938)   Resolving deltas:  56% (528/938)   Resolving deltas:  57% (537/938)   Resolving deltas:  58% (548/938)   Resolving deltas:  59% (555/938)   Resolving deltas:  60% (565/938)   Resolving deltas:  61% (574/938)   Resolving deltas:  63% (596/938)   Resolving deltas:  64% (603/938)   Resolving deltas:  65% (610/938)   Resolving deltas:  66% (622/938)   Resolving deltas:  67% (629/938)   Resolving deltas:  68% (640/938)   Resolving deltas:  69% (648/938)   Resolving deltas:  70% (658/938)   Resolving deltas:  71% (669/938)   Resolving deltas:  72% (679/938)   Resolving deltas:  73% (685/938)   Resolving deltas:  74% (695/938)   Resolving deltas:  75% (705/938)   Resolving deltas:  76% (715/938)   Resolving deltas:  78% (732/938)   Resolving deltas:  79% (744/938)   Resolving deltas:  80% (755/938)   Resolving deltas:  81% (762/938)   Resolving deltas:  82% (771/938)   Resolving deltas:  83% (779/938)   Resolving deltas:  84% (795/938)   Resolving deltas:  87% (821/938)   Resolving deltas:  88% (826/938)   Resolving deltas:  89% (839/938)   Resolving deltas:  90% (847/938)   Resolving deltas:  93% (881/938)   Resolving deltas:  94% (882/938)   Resolving deltas:  95% (892/938)   Resolving deltas:  96% (901/938)   Resolving deltas:  97% (915/938)   Resolving deltas:  98% (926/938)   Resolving deltas:  99% (930/938)   Resolving deltas: 100% (938/938)   Resolving deltas: 100% (938/938), done.
Checking connectivity... done.

travis_time:end:191f2692:start=1489264934635377927,finish=1489264936754478150,duration=2119100223[0K$ cd graphhopper/graphhopper
$ git checkout -qf db359967aa2fff822112eb91446873d717a4c1af
travis_fold:end:git.checkout[0K
[33;1mThis job is running on container-based infrastructure, which does not allow use of 'sudo', setuid and setguid executables.[0m
[33;1mIf you require sudo, add 'sudo: required' to your .travis.yml[0m
[33;1mSee https://docs.travis-ci.com/user/workers/container-based-infrastructure/ for details.[0m

[33;1mSetting environment variables from .travis.yml[0m
$ export BASEURL=https://www-eu.apache.org/dist/maven/maven-3/VERSION/binaries/apache-maven-VERSION-bin.zip
$ export FILE=apache-maven-VERSION-bin.zip
$ export DIR=apache-maven-VERSION
$ export VERSION=3.3.9
$ export CI_DEPLOY_USERNAME=[secure]
$ export CI_DEPLOY_PASSWORD=[secure]

travis_fold:start:cache.1[0KSetting up build cache
$ export CASHER_DIR=$HOME/.casher
travis_time:start:05bd6a90[0K$ Installing caching utilities

travis_time:end:05bd6a90:start=1489264940586799653,finish=1489264940627007991,duration=40208338[0Ktravis_time:start:0399cd26[0K
travis_time:end:0399cd26:start=1489264940633457489,finish=1489264940637860702,duration=4403213[0Ktravis_time:start:06c37881[0K[32;1mattempting to download cache archive[0m
[32;1mfetching spatial/cache-linux-precise-e3b0c44298fc1c149afbf4c8996fb92427ae41e4649b934ca495991b7852b855--jdk-oraclejdk8.tgz[0m
[32;1mfetching spatial/cache--jdk-oraclejdk8.tgz[0m
[32;1mfetching master/cache-linux-precise-e3b0c44298fc1c149afbf4c8996fb92427ae41e4649b934ca495991b7852b855--jdk-oraclejdk8.tgz[0m
[32;1mfound cache[0m

travis_time:end:06c37881:start=1489264940642891582,finish=1489264941590390843,duration=947499261[0Ktravis_time:start:12676e33[0K
travis_time:end:12676e33:start=1489264941595463354,finish=1489264941599876203,duration=4412849[0Ktravis_time:start:002a8d3a[0K[32;1madding /home/travis/.m2 to cache[0m

travis_time:end:002a8d3a:start=1489264941604862716,finish=1489264943227909018,duration=1623046302[0Ktravis_fold:end:cache.1[0K$ java -Xmx32m -version
java version "1.8.0_31"
Java(TM) SE Runtime Environment (build 1.8.0_31-b13)
Java HotSpot(TM) 64-Bit Server VM (build 25.31-b07, mixed mode)
$ javac -J-Xmx32m -version
javac 1.8.0_31
travis_fold:start:before_install.1[0Ktravis_time:start:017a4adc[0K$ if [ "$TRAVIS_OS_NAME" == "linux" ]; then wget --no-check-certificate $(echo -n $BASEURL | sed -e 's#VERSION#'$VERSION'#g'); unzip -qq $(echo -n $FILE | sed -e 's#VERSION#'$VERSION'#'); export M2_HOME=$PWD/$(echo -n $DIR | sed -e 's#VERSION#'$VERSION'#'); export PATH=$M2_HOME/bin:$PATH; fi
--2017-03-11 20:42:23--  https://www-eu.apache.org/dist/maven/maven-3/3.3.9/binaries/apache-maven-3.3.9-bin.zip
Resolving www-eu.apache.org (www-eu.apache.org)... 88.198.26.2, 2a01:4f8:130:2192::2
Connecting to www-eu.apache.org (www-eu.apache.org)|88.198.26.2|:443... connected.
WARNING: no certificate subject alternative name matches
	requested host name `www-eu.apache.org'.
HTTP request sent, awaiting response... 200 OK
Length: 8617253 (8.2M) [application/zip]
Saving to: `apache-maven-3.3.9-bin.zip'

 0% [                                       ] 0           --.-K/s               0% [                                       ] 73,728       302K/s               3% [>                                      ] 286,720      571K/s              11% [===>                                   ] 991,232     1.37M/s              22% [=======>                               ] 1,908,736   1.97M/s              39% [==============>                        ] 3,432,448   2.91M/s              62% [=======================>               ] 5,382,144   3.77M/s              90% [==================================>    ] 7,839,744   4.74M/s              100%[======================================>] 8,617,253   5.05M/s   in 1.6s    

2017-03-11 20:42:25 (5.05 MB/s) - `apache-maven-3.3.9-bin.zip' saved [8617253/8617253]


travis_time:end:017a4adc:start=1489264943674707344,finish=1489264945877254807,duration=2202547463[0Ktravis_fold:end:before_install.1[0Ktravis_fold:start:before_install.2[0Ktravis_time:start:023dcff4[0K$ if [ "$TRAVIS_OS_NAME" == "linux" ] && [ "$JVM" == "latest" ]; then sudo apt-get update -qq; sudo /bin/echo -e oracle-java9-installer shared/accepted-oracle-license-v1-1 select true | sudo debconf-set-selections; sudo apt-get -o Dpkg::Options::="--force-confnew" install -y oracle-java9-installer oracle-java9-set-default oracle-java9-unlimited-jce-policy; sudo update-java-alternatives -s java-9-oracle; fi

travis_time:end:023dcff4:start=1489264945883070690,finish=1489264945887851444,duration=4780754[0Ktravis_fold:end:before_install.2[0Ktravis_fold:start:install[0Ktravis_time:start:15135e7a[0K$ true

travis_time:end:15135e7a:start=1489264945893626132,finish=1489264945897922506,duration=4296374[0Ktravis_fold:end:install[0Ktravis_time:start:07d2278c[0K$ mvn clean test verify -B
Java HotSpot(TM) 64-Bit Server VM warning: ignoring option MaxPermSize=192m; support was removed in 8.0
[INFO] Scanning for projects...
[INFO] ------------------------------------------------------------------------
[INFO] Reactor Build Order:
[INFO] 
[INFO] GraphHopper Parent Project
[INFO] GraphHopper Core
[INFO] GraphHopper Reader for OpenStreetMap Data
[INFO] GraphHopper Reader JSON
[INFO] GraphHopper Tools
[INFO] GraphHopper Web
[INFO] GraphHopper Reader for Shapefile Data
[INFO]                                                                         
[INFO] ------------------------------------------------------------------------
[INFO] Building GraphHopper Parent Project 0.9-SNAPSHOT
[INFO] ------------------------------------------------------------------------
[INFO] 
[INFO] --- maven-clean-plugin:2.5:clean (default-clean) @ graphhopper-parent ---
[INFO] 
[INFO] --- maven-failsafe-plugin:2.19.1:integration-test (default) @ graphhopper-parent ---
[INFO] No tests to run.
[INFO] 
[INFO] --- maven-failsafe-plugin:2.19.1:verify (default) @ graphhopper-parent ---
[INFO]                                                                         
[INFO] ------------------------------------------------------------------------
[INFO] Building GraphHopper Core 0.9-SNAPSHOT
[INFO] ------------------------------------------------------------------------
[INFO] 
[INFO] --- maven-clean-plugin:2.5:clean (default-clean) @ graphhopper-core ---
[INFO] 
[INFO] --- maven-resources-plugin:2.6:resources (default-resources) @ graphhopper-core ---
[INFO] Using 'UTF-8' encoding to copy filtered resources.
[INFO] Copying 2 resources
[INFO] Copying 46 resources
[INFO] 
[INFO] --- maven-compiler-plugin:3.5.1:compile (default-compile) @ graphhopper-core ---
[INFO] Changes detected - recompiling the module!
[INFO] Compiling 266 source files to /home/travis/build/graphhopper/graphhopper/core/target/classes
[INFO] 
[INFO] --- maven-resources-plugin:2.6:testResources (default-testResources) @ graphhopper-core ---
[INFO] Using 'UTF-8' encoding to copy filtered resources.
[INFO] Copying 11 resources
[INFO] 
[INFO] --- maven-compiler-plugin:3.5.1:testCompile (default-testCompile) @ graphhopper-core ---
[INFO] Changes detected - recompiling the module!
[INFO] Compiling 132 source files to /home/travis/build/graphhopper/graphhopper/core/target/test-classes
[INFO] 
[INFO] --- maven-surefire-plugin:2.19.1:test (default-test) @ graphhopper-core ---

-------------------------------------------------------
 T E S T S
-------------------------------------------------------
Running com.graphhopper.reader.dem.BridgeElevationInterpolatorTest
Tests run: 1, Failures: 0, Errors: 0, Skipped: 0, Time elapsed: 0.269 sec - in com.graphhopper.reader.dem.BridgeElevationInterpolatorTest
Running com.graphhopper.reader.dem.SRTMProviderTest
Tests run: 4, Failures: 0, Errors: 0, Skipped: 0, Time elapsed: 1.62 sec - in com.graphhopper.reader.dem.SRTMProviderTest
Running com.graphhopper.reader.dem.CGIARProviderTest
Tests run: 3, Failures: 0, Errors: 0, Skipped: 0, Time elapsed: 0.093 sec - in com.graphhopper.reader.dem.CGIARProviderTest
Running com.graphhopper.reader.dem.ElevationInterpolatorTest
Tests run: 3, Failures: 0, Errors: 0, Skipped: 0, Time elapsed: 0 sec - in com.graphhopper.reader.dem.ElevationInterpolatorTest
Running com.graphhopper.reader.dem.TunnelElevationInterpolatorTest
Tests run: 5, Failures: 0, Errors: 0, Skipped: 0, Time elapsed: 0.004 sec - in com.graphhopper.reader.dem.TunnelElevationInterpolatorTest
Running com.graphhopper.reader.dem.HeightTileTest
Tests run: 3, Failures: 0, Errors: 0, Skipped: 0, Time elapsed: 0.002 sec - in com.graphhopper.reader.dem.HeightTileTest
Running com.graphhopper.reader.osm.conditional.ConditionalOSMTagInspectorTest
Tests run: 7, Failures: 0, Errors: 0, Skipped: 0, Time elapsed: 0.022 sec - in com.graphhopper.reader.osm.conditional.ConditionalOSMTagInspectorTest
Running com.graphhopper.reader.osm.conditional.ConditionalParserTest
Tests run: 5, Failures: 0, Errors: 0, Skipped: 0, Time elapsed: 0.012 sec - in com.graphhopper.reader.osm.conditional.ConditionalParserTest
Running com.graphhopper.reader.osm.conditional.DateRangeParserTest
Tests run: 18, Failures: 0, Errors: 0, Skipped: 0, Time elapsed: 0.071 sec - in com.graphhopper.reader.osm.conditional.DateRangeParserTest
Running com.graphhopper.reader.OSMNodeTest
Tests run: 1, Failures: 0, Errors: 0, Skipped: 0, Time elapsed: 0 sec - in com.graphhopper.reader.OSMNodeTest
Running com.graphhopper.reader.OSMElementTest
Tests run: 2, Failures: 0, Errors: 0, Skipped: 0, Time elapsed: 0 sec - in com.graphhopper.reader.OSMElementTest
Running com.graphhopper.reader.PrinctonReaderTest
Tests run: 2, Failures: 0, Errors: 0, Skipped: 0, Time elapsed: 0.04 sec - in com.graphhopper.reader.PrinctonReaderTest
Running com.graphhopper.routing.subnetwork.PrepareRoutingSubnetworksTest
Tests run: 9, Failures: 0, Errors: 0, Skipped: 0, Time elapsed: 0.131 sec - in com.graphhopper.routing.subnetwork.PrepareRoutingSubnetworksTest
Running com.graphhopper.routing.subnetwork.SubnetworkStorageTest
Tests run: 1, Failures: 0, Errors: 0, Skipped: 0, Time elapsed: 0 sec - in com.graphhopper.routing.subnetwork.SubnetworkStorageTest
Running com.graphhopper.routing.QueryGraphTest
Tests run: 17, Failures: 0, Errors: 0, Skipped: 0, Time elapsed: 0.112 sec - in com.graphhopper.routing.QueryGraphTest
Running com.graphhopper.routing.util.HikeFlagEncoderTest
Tests run: 1, Failures: 0, Errors: 0, Skipped: 0, Time elapsed: 0.001 sec - in com.graphhopper.routing.util.HikeFlagEncoderTest
Running com.graphhopper.routing.util.NameSimilarityEdgeFilterTest
Tests run: 4, Failures: 0, Errors: 0, Skipped: 0, Time elapsed: 0.013 sec - in com.graphhopper.routing.util.NameSimilarityEdgeFilterTest
Running com.graphhopper.routing.util.CarFlagEncoderTest
Tests run: 21, Failures: 0, Errors: 0, Skipped: 0, Time elapsed: 0.015 sec - in com.graphhopper.routing.util.CarFlagEncoderTest
Running com.graphhopper.routing.util.spatialrules.SpatialRuleLookupQuadtreeTest
Tests run: 5, Failures: 0, Errors: 0, Skipped: 0, Time elapsed: 0.077 sec - in com.graphhopper.routing.util.spatialrules.SpatialRuleLookupQuadtreeTest
Running com.graphhopper.routing.util.spatialrules.SpatialRuleLookupArrayTest
Tests run: 5, Failures: 0, Errors: 0, Skipped: 0, Time elapsed: 0.075 sec - in com.graphhopper.routing.util.spatialrules.SpatialRuleLookupArrayTest
Running com.graphhopper.routing.util.spatialrules.PolygonTest
Tests run: 1, Failures: 0, Errors: 0, Skipped: 0, Time elapsed: 0 sec - in com.graphhopper.routing.util.spatialrules.PolygonTest
Running com.graphhopper.routing.util.BikeFlagEncoderTest
Tests run: 25, Failures: 0, Errors: 0, Skipped: 0, Time elapsed: 0.063 sec - in com.graphhopper.routing.util.BikeFlagEncoderTest
Running com.graphhopper.routing.util.EncodingManagerTest
Tests run: 10, Failures: 0, Errors: 0, Skipped: 0, Time elapsed: 0.03 sec - in com.graphhopper.routing.util.EncodingManagerTest
Running com.graphhopper.routing.util.MountainBikeFlagEncoderTest
Tests run: 17, Failures: 0, Errors: 0, Skipped: 0, Time elapsed: 0.013 sec - in com.graphhopper.routing.util.MountainBikeFlagEncoderTest
Running com.graphhopper.routing.util.EncodedDoubleValueTest
Tests run: 4, Failures: 0, Errors: 0, Skipped: 0, Time elapsed: 0 sec - in com.graphhopper.routing.util.EncodedDoubleValueTest
Running com.graphhopper.routing.util.Car4WDFlagEncoderTest
Tests run: 21, Failures: 0, Errors: 0, Skipped: 0, Time elapsed: 0.024 sec - in com.graphhopper.routing.util.Car4WDFlagEncoderTest
Running com.graphhopper.routing.util.DataFlagEncoderTest
Tests run: 17, Failures: 0, Errors: 1, Skipped: 0, Time elapsed: 0.029 sec <<< FAILURE! - in com.graphhopper.routing.util.DataFlagEncoderTest
testSpatialId(com.graphhopper.routing.util.DataFlagEncoderTest)  Time elapsed: 0.011 sec  <<< ERROR!
java.lang.RuntimeException: Error while parsing way Way id:27, nodes:0, tags:{highway=track, estimated_center=0.005,0.005}
	at com.graphhopper.routing.util.DataFlagEncoderTest.testSpatialId(DataFlagEncoderTest.java:377)
Caused by: java.lang.NullPointerException
	at com.graphhopper.routing.util.DataFlagEncoderTest.testSpatialId(DataFlagEncoderTest.java:377)

Running com.graphhopper.routing.util.Bike2WeightFlagEncoderTest
Tests run: 29, Failures: 0, Errors: 0, Skipped: 0, Time elapsed: 0.018 sec - in com.graphhopper.routing.util.Bike2WeightFlagEncoderTest
Running com.graphhopper.routing.util.MotorcycleFlagEncoderTest
Tests run: 4, Failures: 0, Errors: 0, Skipped: 0, Time elapsed: 0.002 sec - in com.graphhopper.routing.util.MotorcycleFlagEncoderTest
Running com.graphhopper.routing.util.tour.SinglePointTourTest
Tests run: 1, Failures: 0, Errors: 0, Skipped: 0, Time elapsed: 0.002 sec - in com.graphhopper.routing.util.tour.SinglePointTourTest
Running com.graphhopper.routing.util.FootFlagEncoderTest
Tests run: 12, Failures: 0, Errors: 0, Skipped: 0, Time elapsed: 0.077 sec - in com.graphhopper.routing.util.FootFlagEncoderTest
Running com.graphhopper.routing.util.RacingBikeFlagEncoderTest
Tests run: 18, Failures: 0, Errors: 0, Skipped: 0, Time elapsed: 0.008 sec - in com.graphhopper.routing.util.RacingBikeFlagEncoderTest
Running com.graphhopper.routing.util.AbstractFlagEncoderTest
Tests run: 1, Failures: 0, Errors: 0, Skipped: 0, Time elapsed: 0.001 sec - in com.graphhopper.routing.util.AbstractFlagEncoderTest
Running com.graphhopper.routing.util.EncodedValueTest
Tests run: 2, Failures: 0, Errors: 0, Skipped: 0, Time elapsed: 0 sec - in com.graphhopper.routing.util.EncodedValueTest
Running com.graphhopper.routing.AStarBidirectionTest
Tests run: 100, Failures: 0, Errors: 0, Skipped: 0, Time elapsed: 1.145 sec - in com.graphhopper.routing.AStarBidirectionTest
Running com.graphhopper.routing.weighting.FastestWeightingTest
Tests run: 4, Failures: 0, Errors: 0, Skipped: 0, Time elapsed: 0.001 sec - in com.graphhopper.routing.weighting.FastestWeightingTest
Running com.graphhopper.routing.weighting.AbstractWeightingTest
Tests run: 1, Failures: 0, Errors: 0, Skipped: 0, Time elapsed: 0 sec - in com.graphhopper.routing.weighting.AbstractWeightingTest
Running com.graphhopper.routing.weighting.GenericWeightingTest
Tests run: 6, Failures: 0, Errors: 0, Skipped: 0, Time elapsed: 0.073 sec - in com.graphhopper.routing.weighting.GenericWeightingTest
Running com.graphhopper.routing.weighting.ShortFastestWeightingTest
Tests run: 2, Failures: 0, Errors: 0, Skipped: 0, Time elapsed: 0.002 sec - in com.graphhopper.routing.weighting.ShortFastestWeightingTest
Running com.graphhopper.routing.template.RoundTripRoutingTemplateTest
Tests run: 1, Failures: 0, Errors: 0, Skipped: 0, Time elapsed: 0.01 sec - in com.graphhopper.routing.template.RoundTripRoutingTemplateTest
Running com.graphhopper.routing.AlternativeRouteTest
Tests run: 6, Failures: 0, Errors: 0, Skipped: 0, Time elapsed: 0.058 sec - in com.graphhopper.routing.AlternativeRouteTest
Running com.graphhopper.routing.DijkstraBidirectionRefTest
Tests run: 96, Failures: 0, Errors: 0, Skipped: 0, Time elapsed: 0.728 sec - in com.graphhopper.routing.DijkstraBidirectionRefTest
Running com.graphhopper.routing.lm.LandmarkStorageTest
2017-03-11 20:42:46,565 [main] WARN  com.graphhopper.routing.lm.LandmarkStorage - next start node not found in big enough network of size 2, first element is 5, 0.0,0.0
Tests run: 7, Failures: 0, Errors: 0, Skipped: 0, Time elapsed: 0.054 sec - in com.graphhopper.routing.lm.LandmarkStorageTest
Running com.graphhopper.routing.lm.PrepareLandmarksTest
Tests run: 2, Failures: 0, Errors: 0, Skipped: 0, Time elapsed: 0.075 sec - in com.graphhopper.routing.lm.PrepareLandmarksTest
Running com.graphhopper.routing.lm.LMAlgoFactoryDecoratorTest
Tests run: 1, Failures: 0, Errors: 0, Skipped: 0, Time elapsed: 0.004 sec - in com.graphhopper.routing.lm.LMAlgoFactoryDecoratorTest
Running com.graphhopper.routing.AStarTest
Tests run: 96, Failures: 0, Errors: 0, Skipped: 0, Time elapsed: 0.846 sec - in com.graphhopper.routing.AStarTest
Running com.graphhopper.routing.ch.PrepareEncoderTest
Tests run: 1, Failures: 0, Errors: 0, Skipped: 0, Time elapsed: 0 sec - in com.graphhopper.routing.ch.PrepareEncoderTest
Running com.graphhopper.routing.ch.PrepareContractionHierarchiesTest
Tests run: 18, Failures: 0, Errors: 0, Skipped: 0, Time elapsed: 0.413 sec - in com.graphhopper.routing.ch.PrepareContractionHierarchiesTest
Running com.graphhopper.routing.ch.DijkstraBidirectionCHTest
Tests run: 27, Failures: 0, Errors: 0, Skipped: 0, Time elapsed: 0.746 sec - in com.graphhopper.routing.ch.DijkstraBidirectionCHTest
Running com.graphhopper.routing.ch.CHAlgoFactoryDecoratorTest
Tests run: 1, Failures: 0, Errors: 0, Skipped: 0, Time elapsed: 0 sec - in com.graphhopper.routing.ch.CHAlgoFactoryDecoratorTest
Running com.graphhopper.routing.EdgeBasedRoutingAlgorithmTest
Tests run: 12, Failures: 0, Errors: 0, Skipped: 0, Time elapsed: 0.118 sec - in com.graphhopper.routing.EdgeBasedRoutingAlgorithmTest
Running com.graphhopper.routing.PathTest
Tests run: 8, Failures: 0, Errors: 0, Skipped: 0, Time elapsed: 0.076 sec - in com.graphhopper.routing.PathTest
Running com.graphhopper.routing.DijkstraTest
Tests run: 96, Failures: 0, Errors: 0, Skipped: 0, Time elapsed: 0.791 sec - in com.graphhopper.routing.DijkstraTest
Running com.graphhopper.routing.PathBidirRefTest
Tests run: 2, Failures: 0, Errors: 0, Skipped: 0, Time elapsed: 0.003 sec - in com.graphhopper.routing.PathBidirRefTest
Running com.graphhopper.routing.DijkstraOneToManyTest
Tests run: 30, Failures: 0, Errors: 0, Skipped: 0, Time elapsed: 0.227 sec - in com.graphhopper.routing.DijkstraOneToManyTest
Running com.graphhopper.storage.index.LocationIndexTreeTest
Tests run: 19, Failures: 0, Errors: 0, Skipped: 0, Time elapsed: 0.983 sec - in com.graphhopper.storage.index.LocationIndexTreeTest
Running com.graphhopper.storage.index.Location2IDFullWithEdgesIndexTest
Tests run: 8, Failures: 0, Errors: 0, Skipped: 0, Time elapsed: 0.439 sec - in com.graphhopper.storage.index.Location2IDFullWithEdgesIndexTest
Running com.graphhopper.storage.index.LocationIndexTreeCHTest
Tests run: 22, Failures: 0, Errors: 0, Skipped: 0, Time elapsed: 1.218 sec - in com.graphhopper.storage.index.LocationIndexTreeCHTest
Running com.graphhopper.storage.index.Location2IDFullIndexTest
Tests run: 8, Failures: 0, Errors: 0, Skipped: 0, Time elapsed: 0.438 sec - in com.graphhopper.storage.index.Location2IDFullIndexTest
Running com.graphhopper.storage.index.BresenhamLineTest
Tests run: 9, Failures: 0, Errors: 0, Skipped: 0, Time elapsed: 0.002 sec - in com.graphhopper.storage.index.BresenhamLineTest
Running com.graphhopper.storage.index.Location2IDQuadtreeTest
Tests run: 8, Failures: 0, Errors: 0, Skipped: 0, Time elapsed: 1.138 sec - in com.graphhopper.storage.index.Location2IDQuadtreeTest
Running com.graphhopper.storage.VLongStorageTest
Tests run: 2, Failures: 0, Errors: 0, Skipped: 0, Time elapsed: 0.001 sec - in com.graphhopper.storage.VLongStorageTest
Running com.graphhopper.storage.StorablePropertiesTest
Tests run: 3, Failures: 0, Errors: 0, Skipped: 0, Time elapsed: 0.004 sec - in com.graphhopper.storage.StorablePropertiesTest
Running com.graphhopper.storage.GraphHopperStorageTest
Tests run: 47, Failures: 0, Errors: 0, Skipped: 0, Time elapsed: 1.196 sec - in com.graphhopper.storage.GraphHopperStorageTest
Running com.graphhopper.storage.GraphStorageViaMMapTest
Tests run: 39, Failures: 0, Errors: 0, Skipped: 0, Time elapsed: 21.955 sec - in com.graphhopper.storage.GraphStorageViaMMapTest
Running com.graphhopper.storage.UnsafeDataAccessTest
Tests run: 15, Failures: 0, Errors: 0, Skipped: 0, Time elapsed: 0.008 sec - in com.graphhopper.storage.UnsafeDataAccessTest
Running com.graphhopper.storage.RAMDataAccessTest
Tests run: 14, Failures: 0, Errors: 0, Skipped: 0, Time elapsed: 0.006 sec - in com.graphhopper.storage.RAMDataAccessTest
Running com.graphhopper.storage.MMapDataAccessTest
Tests run: 16, Failures: 0, Errors: 0, Skipped: 0, Time elapsed: 1.739 sec - in com.graphhopper.storage.MMapDataAccessTest
Running com.graphhopper.storage.EdgeTest
Tests run: 1, Failures: 0, Errors: 0, Skipped: 0, Time elapsed: 0 sec - in com.graphhopper.storage.EdgeTest
Running com.graphhopper.storage.GraphHopperStorageCHTest
Tests run: 56, Failures: 0, Errors: 0, Skipped: 0, Time elapsed: 1.246 sec - in com.graphhopper.storage.GraphHopperStorageCHTest
Running com.graphhopper.storage.MMapDirectoryTest
Tests run: 4, Failures: 0, Errors: 0, Skipped: 0, Time elapsed: 0.498 sec - in com.graphhopper.storage.MMapDirectoryTest
Running com.graphhopper.storage.SimpleFSLockFactoryTest
Tests run: 2, Failures: 0, Errors: 0, Skipped: 0, Time elapsed: 0.001 sec - in com.graphhopper.storage.SimpleFSLockFactoryTest
Running com.graphhopper.storage.RAMDirectoryTest
Tests run: 4, Failures: 0, Errors: 0, Skipped: 0, Time elapsed: 0.003 sec - in com.graphhopper.storage.RAMDirectoryTest
Running com.graphhopper.storage.GraphHopperStorageForDataFlagEncoderTest
Tests run: 1, Failures: 0, Errors: 0, Skipped: 0, Time elapsed: 0.05 sec - in com.graphhopper.storage.GraphHopperStorageForDataFlagEncoderTest
Running com.graphhopper.storage.GraphEdgeIdFinderTest
Tests run: 1, Failures: 0, Errors: 0, Skipped: 0, Time elapsed: 0.003 sec - in com.graphhopper.storage.GraphEdgeIdFinderTest
Running com.graphhopper.storage.NativeFSLockFactoryTest
Tests run: 3, Failures: 0, Errors: 0, Skipped: 0, Time elapsed: 0.002 sec - in com.graphhopper.storage.NativeFSLockFactoryTest
Running com.graphhopper.storage.GraphHopperStorageWithTurnCostsTest
Tests run: 48, Failures: 0, Errors: 0, Skipped: 0, Time elapsed: 1.513 sec - in com.graphhopper.storage.GraphHopperStorageWithTurnCostsTest
Running com.graphhopper.storage.RAMIntDataAccessTest
Tests run: 14, Failures: 0, Errors: 0, Skipped: 0, Time elapsed: 0.004 sec - in com.graphhopper.storage.RAMIntDataAccessTest
Running com.graphhopper.storage.SynchedDAWrapperTest
Tests run: 14, Failures: 0, Errors: 0, Skipped: 0, Time elapsed: 0.005 sec - in com.graphhopper.storage.SynchedDAWrapperTest
Running com.graphhopper.util.BitUtilLittleTest
Tests run: 10, Failures: 0, Errors: 0, Skipped: 0, Time elapsed: 0 sec - in com.graphhopper.util.BitUtilLittleTest
Running com.graphhopper.util.BitUtilBigTest
Tests run: 10, Failures: 0, Errors: 0, Skipped: 0, Time elapsed: 0.001 sec - in com.graphhopper.util.BitUtilBigTest
Running com.graphhopper.util.shapes.CircleTest
Tests run: 5, Failures: 0, Errors: 0, Skipped: 0, Time elapsed: 0 sec - in com.graphhopper.util.shapes.CircleTest
Running com.graphhopper.util.shapes.BBoxTest
Tests run: 8, Failures: 0, Errors: 0, Skipped: 0, Time elapsed: 0.001 sec - in com.graphhopper.util.shapes.BBoxTest
Running com.graphhopper.util.shapes.GHPoint3DTest
Tests run: 1, Failures: 0, Errors: 0, Skipped: 0, Time elapsed: 0 sec - in com.graphhopper.util.shapes.GHPoint3DTest
Running com.graphhopper.util.shapes.GHPointTest
Tests run: 1, Failures: 0, Errors: 0, Skipped: 0, Time elapsed: 0 sec - in com.graphhopper.util.shapes.GHPointTest
Running com.graphhopper.util.GHUtilityTest
Tests run: 7, Failures: 0, Errors: 0, Skipped: 0, Time elapsed: 0.033 sec - in com.graphhopper.util.GHUtilityTest
Running com.graphhopper.util.SimpleIntDequeTest
Tests run: 3, Failures: 0, Errors: 0, Skipped: 0, Time elapsed: 0 sec - in com.graphhopper.util.SimpleIntDequeTest
Running com.graphhopper.util.FinishInstructionTest
Tests run: 1, Failures: 0, Errors: 0, Skipped: 0, Time elapsed: 0 sec - in com.graphhopper.util.FinishInstructionTest
Running com.graphhopper.util.ConfigMapTest
Tests run: 1, Failures: 0, Errors: 0, Skipped: 0, Time elapsed: 0 sec - in com.graphhopper.util.ConfigMapTest
Running com.graphhopper.util.InstructionListTest
Tests run: 11, Failures: 0, Errors: 0, Skipped: 0, Time elapsed: 0.173 sec - in com.graphhopper.util.InstructionListTest
Running com.graphhopper.util.TranslationMapTest
Tests run: 2, Failures: 0, Errors: 0, Skipped: 0, Time elapsed: 0 sec - in com.graphhopper.util.TranslationMapTest
Running com.graphhopper.util.DouglasPeuckerTest
Tests run: 4, Failures: 0, Errors: 0, Skipped: 0, Time elapsed: 0.004 sec - in com.graphhopper.util.DouglasPeuckerTest
Running com.graphhopper.util.PMapTest
Tests run: 6, Failures: 0, Errors: 0, Skipped: 0, Time elapsed: 0 sec - in com.graphhopper.util.PMapTest
Running com.graphhopper.util.PointListTest
Tests run: 4, Failures: 0, Errors: 0, Skipped: 0, Time elapsed: 0 sec - in com.graphhopper.util.PointListTest
Running com.graphhopper.util.CHEdgeIteratorTest
Tests run: 1, Failures: 0, Errors: 0, Skipped: 0, Time elapsed: 0 sec - in com.graphhopper.util.CHEdgeIteratorTest
Running com.graphhopper.util.InstructionTest
Tests run: 1, Failures: 0, Errors: 0, Skipped: 0, Time elapsed: 0 sec - in com.graphhopper.util.InstructionTest
Running com.graphhopper.util.DistanceCalcEarthTest
Tests run: 6, Failures: 0, Errors: 0, Skipped: 0, Time elapsed: 0 sec - in com.graphhopper.util.DistanceCalcEarthTest
Running com.graphhopper.util.AngleCalcTest
Tests run: 8, Failures: 0, Errors: 0, Skipped: 0, Time elapsed: 0 sec - in com.graphhopper.util.AngleCalcTest
Running com.graphhopper.util.HelperTest
Tests run: 9, Failures: 0, Errors: 0, Skipped: 0, Time elapsed: 0.002 sec - in com.graphhopper.util.HelperTest
Running com.graphhopper.util.BreadthFirstSearchTest
Tests run: 2, Failures: 0, Errors: 0, Skipped: 0, Time elapsed: 0.002 sec - in com.graphhopper.util.BreadthFirstSearchTest
Running com.graphhopper.util.DepthFirstSearchTest
Tests run: 2, Failures: 0, Errors: 0, Skipped: 0, Time elapsed: 0.019 sec - in com.graphhopper.util.DepthFirstSearchTest
Running com.graphhopper.coll.OSMIDMapTest
Tests run: 5, Failures: 0, Errors: 0, Skipped: 0, Time elapsed: 0.003 sec - in com.graphhopper.coll.OSMIDMapTest
Running com.graphhopper.coll.CompressedArrayTest
Tests run: 2, Failures: 0, Errors: 0, Skipped: 0, Time elapsed: 0.015 sec - in com.graphhopper.coll.CompressedArrayTest
Running com.graphhopper.coll.GHTBitSetTest
Tests run: 5, Failures: 0, Errors: 0, Skipped: 0, Time elapsed: 0.001 sec - in com.graphhopper.coll.GHTBitSetTest
Running com.graphhopper.coll.GHTreeMapComposedTest
Tests run: 1, Failures: 0, Errors: 0, Skipped: 0, Time elapsed: 0 sec - in com.graphhopper.coll.GHTreeMapComposedTest
Running com.graphhopper.coll.GHIntArrayListTest
Tests run: 3, Failures: 0, Errors: 0, Skipped: 0, Time elapsed: 0 sec - in com.graphhopper.coll.GHIntArrayListTest
Running com.graphhopper.coll.GHLongIntBTreeTest
Tests run: 6, Failures: 0, Errors: 0, Skipped: 0, Time elapsed: 0.008 sec - in com.graphhopper.coll.GHLongIntBTreeTest
Running com.graphhopper.coll.GHSortedCollectionTest
Tests run: 3, Failures: 0, Errors: 0, Skipped: 0, Time elapsed: 0.001 sec - in com.graphhopper.coll.GHSortedCollectionTest
Running com.graphhopper.coll.BitSetImplTest
Tests run: 5, Failures: 0, Errors: 0, Skipped: 0, Time elapsed: 0 sec - in com.graphhopper.coll.BitSetImplTest
Running com.graphhopper.geohash.SpatialKeyAlgoTest
Tests run: 10, Failures: 0, Errors: 0, Skipped: 0, Time elapsed: 0.002 sec - in com.graphhopper.geohash.SpatialKeyAlgoTest
Running com.graphhopper.geohash.LinearKeyAlgoTest
Tests run: 3, Failures: 0, Errors: 0, Skipped: 0, Time elapsed: 0 sec - in com.graphhopper.geohash.LinearKeyAlgoTest
Running com.graphhopper.apache.commons.collections.IntDoubleBinaryHeapTest
Tests run: 6, Failures: 0, Errors: 0, Skipped: 0, Time elapsed: 0.001 sec - in com.graphhopper.apache.commons.collections.IntDoubleBinaryHeapTest
Running com.graphhopper.apache.commons.lang3.StringUtilsTest
Tests run: 3, Failures: 0, Errors: 0, Skipped: 0, Time elapsed: 0.001 sec - in com.graphhopper.apache.commons.lang3.StringUtilsTest
Running com.graphhopper.GHResponseTest
Tests run: 2, Failures: 0, Errors: 0, Skipped: 0, Time elapsed: 0.001 sec - in com.graphhopper.GHResponseTest
Running com.graphhopper.search.NameIndexTest
Tests run: 5, Failures: 0, Errors: 0, Skipped: 0, Time elapsed: 0.004 sec - in com.graphhopper.search.NameIndexTest
Running com.graphhopper.GHRequestTest
Tests run: 2, Failures: 0, Errors: 0, Skipped: 0, Time elapsed: 0.001 sec - in com.graphhopper.GHRequestTest
Running com.graphhopper.GraphHopperAPITest
Tests run: 4, Failures: 0, Errors: 0, Skipped: 0, Time elapsed: 0.59 sec - in com.graphhopper.GraphHopperAPITest

Results :

Tests in error: 
  DataFlagEncoderTest.testSpatialId:377 » Runtime Error while parsing way Way id...

Tests run: 1322, Failures: 0, Errors: 1, Skipped: 0

[INFO] ------------------------------------------------------------------------
[INFO] Reactor Summary:
[INFO] 
[INFO] GraphHopper Parent Project ......................... SUCCESS [  0.893 s]
[INFO] GraphHopper Core ................................... FAILURE [ 54.956 s]
[INFO] GraphHopper Reader for OpenStreetMap Data .......... SKIPPED
[INFO] GraphHopper Reader JSON ............................ SKIPPED
[INFO] GraphHopper Tools .................................. SKIPPED
[INFO] GraphHopper Web .................................... SKIPPED
[INFO] GraphHopper Reader for Shapefile Data .............. SKIPPED
[INFO] ------------------------------------------------------------------------
[INFO] BUILD FAILURE
[INFO] ------------------------------------------------------------------------
[INFO] Total time: 56.083 s
[INFO] Finished at: 2017-03-11T20:43:23+00:00
[INFO] Final Memory: 11M/491M
[INFO] ------------------------------------------------------------------------
[ERROR] Failed to execute goal org.apache.maven.plugins:maven-surefire-plugin:2.19.1:test (default-test) on project graphhopper-core: There are test failures.
[ERROR] 
[ERROR] Please refer to /home/travis/build/graphhopper/graphhopper/core/target/surefire-reports for the individual test results.
[ERROR] -> [Help 1]
[ERROR] 
[ERROR] To see the full stack trace of the errors, re-run Maven with the -e switch.
[ERROR] Re-run Maven using the -X switch to enable full debug logging.
[ERROR] 
[ERROR] For more information about the errors and possible solutions, please read the following articles:
[ERROR] [Help 1] http://cwiki.apache.org/confluence/display/MAVEN/MojoFailureException
[ERROR] 
[ERROR] After correcting the problems, you can resume the build with the command
[ERROR]   mvn <goals> -rf :graphhopper-core

travis_time:end:07d2278c:start=1489264945903353401,finish=1489265003792774740,duration=57889421339[0K
[31;1mThe command "mvn clean test verify -B" exited with 1.[0m
travis_fold:start:cache.2[0Kstore build cache
travis_time:start:01dfbd32[0K
travis_time:end:01dfbd32:start=1489265003798430197,finish=1489265003803454413,duration=5024216[0Ktravis_time:start:00c949fe[0K[32;1mnothing changed, not updating cache[0m

travis_time:end:00c949fe:start=1489265003808762617,finish=1489265004396111084,duration=587348467[0Ktravis_fold:end:cache.2[0K
Done. Your build exited with 1.
