travis_fold:start:worker_info[0K[33;1mWorker information[0m
hostname: 257469a9-9580-40e9-b759-0f887a5faf5d@1.worker-org-576dc846d-v7j2j.gce-production-2
version: v6.2.17 https://github.com/travis-ci/worker/tree/bc420764f334fe0d096a417c80426f672f1b7d18
instance: travis-job-0ede1345-a3c7-4995-8669-82ba85aed898 travis-ci-garnet-trusty-1512502259-986baf0 (via amqp)
startup: 6.133837074s
travis_fold:end:worker_info[0Ktravis_time:start:285705f0[0Ktravis_time:end:285705f0:start=1594236896241704813,finish=1594236896402688720,duration=160983907,event=no_world_writable_dirs[0Ktravis_time:start:191083d0[0Ktravis_time:end:191083d0:start=1594236896405842412,finish=1594236896413310324,duration=7467912,event=agent[0Ktravis_time:start:03647181[0Ktravis_time:end:03647181:start=1594236896416217142,finish=1594236896418280013,duration=2062871,event=check_unsupported[0Ktravis_time:start:069e7984[0Ktravis_fold:start:system_info[0K[33;1mBuild system information[0m
Build language: java
Build dist: trusty
Build id: 706287385
Job id: 706287386
Runtime kernel version: 4.4.0-101-generic
travis-build version: 53c9fddd
[34m[1mBuild image provisioning date and time[0m
Tue Dec  5 19:58:13 UTC 2017
[34m[1mOperating System Details[0m
Distributor ID:	Ubuntu
Description:	Ubuntu 14.04.5 LTS
Release:	14.04
Codename:	trusty
[34m[1mCookbooks Version[0m
7c2c6a6 https://github.com/travis-ci/travis-cookbooks/tree/7c2c6a6
[34m[1mgit version[0m
git version 2.15.1
[34m[1mbash version[0m
GNU bash, version 4.3.11(1)-release (x86_64-pc-linux-gnu)
[34m[1mgcc version[0m
gcc (Ubuntu 4.8.4-2ubuntu1~14.04.3) 4.8.4
Copyright (C) 2013 Free Software Foundation, Inc.
This is free software; see the source for copying conditions.  There is NO
warranty; not even for MERCHANTABILITY or FITNESS FOR A PARTICULAR PURPOSE.

[34m[1mdocker version[0m
Client:
 Version:      17.09.0-ce
 API version:  1.32
 Go version:   go1.8.3
 Git commit:   afdb6d4
 Built:        Tue Sep 26 22:42:38 2017
 OS/Arch:      linux/amd64

Server:
 Version:      17.09.0-ce
 API version:  1.32 (minimum version 1.12)
 Go version:   go1.8.3
 Git commit:   afdb6d4
 Built:        Tue Sep 26 22:41:20 2017
 OS/Arch:      linux/amd64
 Experimental: false
[34m[1mclang version[0m
clang version 5.0.0 (tags/RELEASE_500/final)
Target: x86_64-unknown-linux-gnu
Thread model: posix
InstalledDir: /usr/local/clang-5.0.0/bin
[34m[1mjq version[0m
jq-1.5
[34m[1mbats version[0m
Bats 0.4.0
[34m[1mshellcheck version[0m
0.4.6
[34m[1mshfmt version[0m
v2.0.0
[34m[1mccache version[0m
ccache version 3.1.9

Copyright (C) 2002-2007 Andrew Tridgell
Copyright (C) 2009-2011 Joel Rosdahl

This program is free software; you can redistribute it and/or modify it under
the terms of the GNU General Public License as published by the Free Software
Foundation; either version 3 of the License, or (at your option) any later
version.
[34m[1mcmake version[0m
cmake version 3.9.2

CMake suite maintained and supported by Kitware (kitware.com/cmake).
[34m[1mheroku version[0m
heroku-cli/6.14.39-addc925 (linux-x64) node-v9.2.0
[34m[1mimagemagick version[0m
Version: ImageMagick 6.7.7-10 2017-07-31 Q16 http://www.imagemagick.org
[34m[1mmd5deep version[0m
4.2
[34m[1mmercurial version[0m
Mercurial Distributed SCM (version 4.2.2)
(see https://mercurial-scm.org for more information)

Copyright (C) 2005-2017 Matt Mackall and others
This is free software; see the source for copying conditions. There is NO
warranty; not even for MERCHANTABILITY or FITNESS FOR A PARTICULAR PURPOSE.
[34m[1mmysql version[0m
mysql  Ver 14.14 Distrib 5.6.33, for debian-linux-gnu (x86_64) using  EditLine wrapper
[34m[1mopenssl version[0m
OpenSSL 1.0.1f 6 Jan 2014
[34m[1mpacker version[0m
Packer v1.0.2

Your version of Packer is out of date! The latest version
is 1.1.2. You can update by downloading from www.packer.io
[34m[1mpostgresql client version[0m
psql (PostgreSQL) 9.6.6
[34m[1mragel version[0m
Ragel State Machine Compiler version 6.8 Feb 2013
Copyright (c) 2001-2009 by Adrian Thurston
[34m[1msubversion version[0m
svn, version 1.8.8 (r1568071)
   compiled Aug 10 2017, 17:20:39 on x86_64-pc-linux-gnu

Copyright (C) 2013 The Apache Software Foundation.
This software consists of contributions made by many people;
see the NOTICE file for more information.
Subversion is open source software, see http://subversion.apache.org/

The following repository access (RA) modules are available:

* ra_svn : Module for accessing a repository using the svn network protocol.
  - with Cyrus SASL authentication
  - handles 'svn' scheme
* ra_local : Module for accessing a repository on local disk.
  - handles 'file' scheme
* ra_serf : Module for accessing a repository via WebDAV protocol using serf.
  - using serf 1.3.3
  - handles 'http' scheme
  - handles 'https' scheme

[34m[1msudo version[0m
Sudo version 1.8.9p5
Configure options: --prefix=/usr -v --with-all-insults --with-pam --with-fqdn --with-logging=syslog --with-logfac=authpriv --with-env-editor --with-editor=/usr/bin/editor --with-timeout=15 --with-password-timeout=0 --with-passprompt=[sudo] password for %p:  --without-lecture --with-tty-tickets --disable-root-mailer --enable-admin-flag --with-sendmail=/usr/sbin/sendmail --with-timedir=/var/lib/sudo --mandir=/usr/share/man --libexecdir=/usr/lib/sudo --with-sssd --with-sssd-lib=/usr/lib/x86_64-linux-gnu --with-selinux
Sudoers policy plugin version 1.8.9p5
Sudoers file grammar version 43

Sudoers path: /etc/sudoers
Authentication methods: 'pam'
Syslog facility if syslog is being used for logging: authpriv
Syslog priority to use when user authenticates successfully: notice
Syslog priority to use when user authenticates unsuccessfully: alert
Send mail if the user is not in sudoers
Use a separate timestamp for each user/tty combo
Lecture user the first time they run sudo
Root may run sudo
Allow some information gathering to give useful error messages
Require fully-qualified hostnames in the sudoers file
Visudo will honor the EDITOR environment variable
Set the LOGNAME and USER environment variables
Length at which to wrap log file lines (0 for no wrap): 80
Authentication timestamp timeout: 15.0 minutes
Password prompt timeout: 0.0 minutes
Number of tries to enter a password: 3
Umask to use or 0777 to use user's: 022
Path to mail program: /usr/sbin/sendmail
Flags for mail program: -t
Address to send mail to: root
Subject line for mail messages: *** SECURITY information for %h ***
Incorrect password message: Sorry, try again.
Path to authentication timestamp dir: /var/lib/sudo
Default password prompt: [sudo] password for %p: 
Default user to run commands as: root
Value to override user's $PATH with: /usr/local/sbin:/usr/local/bin:/usr/sbin:/usr/bin:/sbin:/bin:/snap/bin
Path to the editor for use by visudo: /usr/bin/editor
When to require a password for 'list' pseudocommand: any
When to require a password for 'verify' pseudocommand: all
File descriptors >= 3 will be closed before executing a command
Environment variables to check for sanity:
	TZ
	TERM
	LINGUAS
	LC_*
	LANGUAGE
	LANG
	COLORTERM
Environment variables to remove:
	RUBYOPT
	RUBYLIB
	PYTHONUSERBASE
	PYTHONINSPECT
	PYTHONPATH
	PYTHONHOME
	TMPPREFIX
	ZDOTDIR
	READNULLCMD
	NULLCMD
	FPATH
	PERL5DB
	PERL5OPT
	PERL5LIB
	PERLLIB
	PERLIO_DEBUG 
	JAVA_TOOL_OPTIONS
	SHELLOPTS
	GLOBIGNORE
	PS4
	BASH_ENV
	ENV
	TERMCAP
	TERMPATH
	TERMINFO_DIRS
	TERMINFO
	_RLD*
	LD_*
	PATH_LOCALE
	NLSPATH
	HOSTALIASES
	RES_OPTIONS
	LOCALDOMAIN
	CDPATH
	IFS
Environment variables to preserve:
	JAVA_HOME
	TRAVIS
	CI
	DEBIAN_FRONTEND
	XAUTHORIZATION
	XAUTHORITY
	PS2
	PS1
	PATH
	LS_COLORS
	KRB5CCNAME
	HOSTNAME
	HOME
	DISPLAY
	COLORS
Locale to use while parsing sudoers: C
Directory in which to store input/output logs: /var/log/sudo-io
File in which to store the input/output log: %{seq}
Add an entry to the utmp/utmpx file when allocating a pty
PAM service name to use
PAM service name to use for login shells
Create a new PAM session for the command to run in
Maximum I/O log sequence number: 0

Local IP address and netmask pairs:
	10.240.0.28/255.255.255.255
	172.17.0.1/255.255.0.0

Sudoers I/O plugin version 1.8.9p5
[34m[1mgzip version[0m
gzip 1.6
Copyright (C) 2007, 2010, 2011 Free Software Foundation, Inc.
Copyright (C) 1993 Jean-loup Gailly.
This is free software.  You may redistribute copies of it under the terms of
the GNU General Public License <http://www.gnu.org/licenses/gpl.html>.
There is NO WARRANTY, to the extent permitted by law.

Written by Jean-loup Gailly.
[34m[1mzip version[0m
Copyright (c) 1990-2008 Info-ZIP - Type 'zip "-L"' for software license.
This is Zip 3.0 (July 5th 2008), by Info-ZIP.
Currently maintained by E. Gordon.  Please send bug reports to
the authors using the web page at www.info-zip.org; see README for details.

Latest sources and executables are at ftp://ftp.info-zip.org/pub/infozip,
as of above date; see http://www.info-zip.org/ for other sites.

Compiled with gcc 4.8.2 for Unix (Linux ELF) on Oct 21 2013.

Zip special compilation options:
	USE_EF_UT_TIME       (store Universal Time)
	BZIP2_SUPPORT        (bzip2 library version 1.0.6, 6-Sept-2010)
	    bzip2 code and library copyright (c) Julian R Seward
	    (See the bzip2 license for terms of use)
	SYMLINK_SUPPORT      (symbolic links supported)
	LARGE_FILE_SUPPORT   (can read and write large files on file system)
	ZIP64_SUPPORT        (use Zip64 to store large files in archives)
	UNICODE_SUPPORT      (store and read UTF-8 Unicode paths)
	STORE_UNIX_UIDs_GIDs (store UID/GID sizes/values using new extra field)
	UIDGID_NOT_16BIT     (old Unix 16-bit UID/GID extra field not used)
	[encryption, version 2.91 of 05 Jan 2007] (modified for Zip 3)

Encryption notice:
	The encryption code of this program is not copyrighted and is
	put in the public domain.  It was originally written in Europe
	and, to the best of our knowledge, can be freely distributed
	in both source and object forms from any country, including
	the USA under License Exception TSU of the U.S. Export
	Administration Regulations (section 740.13(e)) of 6 June 2002.

Zip environment options:
             ZIP:  [none]
          ZIPOPT:  [none]
[34m[1mvim version[0m
VIM - Vi IMproved 7.4 (2013 Aug 10, compiled Nov 24 2016 16:43:18)
Included patches: 1-52
Extra patches: 8.0.0056
Modified by pkg-vim-maintainers@lists.alioth.debian.org
Compiled by buildd@
Huge version without GUI.  Features included (+) or not (-):
+acl             +farsi           +mouse_netterm   +syntax
+arabic          +file_in_path    +mouse_sgr       +tag_binary
+autocmd         +find_in_path    -mouse_sysmouse  +tag_old_static
-balloon_eval    +float           +mouse_urxvt     -tag_any_white
-browse          +folding         +mouse_xterm     -tcl
++builtin_terms  -footer          +multi_byte      +terminfo
+byte_offset     +fork()          +multi_lang      +termresponse
+cindent         +gettext         -mzscheme        +textobjects
-clientserver    -hangul_input    +netbeans_intg   +title
-clipboard       +iconv           +path_extra      -toolbar
+cmdline_compl   +insert_expand   -perl            +user_commands
+cmdline_hist    +jumplist        +persistent_undo +vertsplit
+cmdline_info    +keymap          +postscript      +virtualedit
+comments        +langmap         +printer         +visual
+conceal         +libcall         +profile         +visualextra
+cryptv          +linebreak       +python          +viminfo
+cscope          +lispindent      -python3         +vreplace
+cursorbind      +listcmds        +quickfix        +wildignore
+cursorshape     +localmap        +reltime         +wildmenu
+dialog_con      -lua             +rightleft       +windows
+diff            +menu            -ruby            +writebackup
+digraphs        +mksession       +scrollbind      -X11
-dnd             +modify_fname    +signs           -xfontset
-ebcdic          +mouse           +smartindent     -xim
+emacs_tags      -mouseshape      -sniff           -xsmp
+eval            +mouse_dec       +startuptime     -xterm_clipboard
+ex_extra        +mouse_gpm       +statusline      -xterm_save
+extra_search    -mouse_jsbterm   -sun_workshop    -xpm
   system vimrc file: "$VIM/vimrc"
     user vimrc file: "$HOME/.vimrc"
 2nd user vimrc file: "~/.vim/vimrc"
      user exrc file: "$HOME/.exrc"
  fall-back for $VIM: "/usr/share/vim"
Compilation: gcc -c -I. -Iproto -DHAVE_CONFIG_H     -g -O2 -fstack-protector --param=ssp-buffer-size=4 -Wformat -Werror=format-security -U_FORTIFY_SOURCE -D_FORTIFY_SOURCE=1      
Linking: gcc   -Wl,-Bsymbolic-functions -Wl,-z,relro -Wl,--as-needed -o vim        -lm -ltinfo -lnsl  -lselinux  -lacl -lattr -lgpm -ldl    -L/usr/lib/python2.7/config-x86_64-linux-gnu -lpython2.7 -lpthread -ldl -lutil -lm -Xlinker -export-dynamic -Wl,-O1 -Wl,-Bsymbolic-functions      
[34m[1miptables version[0m
iptables v1.4.21
[34m[1mcurl version[0m
curl 7.35.0 (x86_64-pc-linux-gnu) libcurl/7.35.0 OpenSSL/1.0.1f zlib/1.2.8 libidn/1.28 librtmp/2.3
[34m[1mwget version[0m
GNU Wget 1.15 built on linux-gnu.
[34m[1mrsync version[0m
rsync  version 3.1.0  protocol version 31
[34m[1mgimme version[0m
v1.2.0
[34m[1mnvm version[0m
0.33.6
[34m[1mperlbrew version[0m
/home/travis/perl5/perlbrew/bin/perlbrew  - App::perlbrew/0.80
[34m[1mphpenv version[0m
rbenv 1.1.1-25-g6aa70b6
[34m[1mrvm version[0m
rvm 1.29.3 (latest) by Michal Papis, Piotr Kuczynski, Wayne E. Seguin [https://rvm.io]
[34m[1mdefault ruby version[0m
ruby 2.4.1p111 (2017-03-22 revision 58053) [x86_64-linux]
[34m[1mCouchDB version[0m
couchdb 1.6.1
[34m[1mElasticSearch version[0m
5.5.0
[34m[1mInstalled Firefox version[0m
firefox 56.0.2
[34m[1mMongoDB version[0m
MongoDB 3.4.10
[34m[1mPhantomJS version[0m
2.1.1
[34m[1mPre-installed PostgreSQL versions[0m
9.2.24
9.3.20
9.4.15
9.5.10
9.6.6
[34m[1mRabbitMQ Version[0m
3.6.14
[34m[1mRedis version[0m
redis-server 4.0.6
[34m[1mriak version[0m
2.2.3
[34m[1mPre-installed Go versions[0m
1.7.4
[34m[1mant version[0m
Apache Ant(TM) version 1.9.3 compiled on April 8 2014
[34m[1mmvn version[0m
Apache Maven 3.5.2 (138edd61fd100ec658bfa2d307c43b76940a5d7d; 2017-10-18T07:58:13Z)
Maven home: /usr/local/maven-3.5.2
Java version: 1.8.0_151, vendor: Oracle Corporation
Java home: /usr/lib/jvm/java-8-oracle/jre
Default locale: en_US, platform encoding: UTF-8
OS name: "linux", version: "4.4.0-98-generic", arch: "amd64", family: "unix"
[34m[1mgradle version[0m

------------------------------------------------------------
Gradle 4.0.1
------------------------------------------------------------

Build time:   2017-07-07 14:02:41 UTC
Revision:     38e5dc0f772daecca1d2681885d3d85414eb6826

Groovy:       2.4.11
Ant:          Apache Ant(TM) version 1.9.6 compiled on June 29 2015
JVM:          1.8.0_151 (Oracle Corporation 25.151-b12)
OS:           Linux 4.4.0-98-generic amd64

[34m[1mlein version[0m
Leiningen 2.8.1 on Java 1.8.0_151 Java HotSpot(TM) 64-Bit Server VM
[34m[1mPre-installed Node.js versions[0m
v4.8.6
v6.12.0
v6.12.1
v8.9
v8.9.1
[34m[1mphpenv versions[0m
  system
  5.6
* 5.6.32 (set by /home/travis/.phpenv/version)
  7.0
  7.0.25
  7.1
  7.1.11
  hhvm
  hhvm-stable
[34m[1mcomposer --version[0m
Composer version 1.5.2 2017-09-11 16:59:25
[34m[1mPre-installed Ruby versions[0m
ruby-2.2.7
ruby-2.3.4
ruby-2.4.1
travis_fold:end:system_info[0K
travis_time:end:069e7984:start=1594236896421355908,finish=1594236896427848393,duration=6492485,event=show_system_info[0Ktravis_time:start:1710c130[0Ktravis_time:end:1710c130:start=1594236896431080976,finish=1594236896449636401,duration=18555425,event=rm_riak_source[0Ktravis_time:start:07e8a7e0[0Ktravis_time:end:07e8a7e0:start=1594236896456990736,finish=1594236896462970428,duration=5979692,event=fix_rwky_redis[0Ktravis_time:start:1cf62669[0Ktravis_time:end:1cf62669:start=1594236896467719291,finish=1594236896789065099,duration=321345808,event=wait_for_network[0Ktravis_time:start:03cf6536[0Ktravis_time:end:03cf6536:start=1594236896792109883,finish=1594236898222566671,duration=1430456788,event=update_apt_keys[0Ktravis_time:start:05762c49[0Ktravis_time:end:05762c49:start=1594236898225439320,finish=1594236899089688451,duration=864249131,event=fix_hhvm_source[0Ktravis_time:start:07083680[0Ktravis_time:end:07083680:start=1594236899092674748,finish=1594236899100534386,duration=7859638,event=update_mongo_arch[0Ktravis_time:start:016bbe5c[0Ktravis_time:end:016bbe5c:start=1594236899103139683,finish=1594236899137760091,duration=34620408,event=fix_sudo_enabled_trusty[0Ktravis_time:start:071fbb64[0Ktravis_time:end:071fbb64:start=1594236899140600685,finish=1594236899142540766,duration=1940081,event=update_glibc[0Ktravis_time:start:085c9d10[0Ktravis_time:end:085c9d10:start=1594236899145150134,finish=1594236899152112586,duration=6962452,event=clean_up_path[0Ktravis_time:start:3092e238[0Ktravis_time:end:3092e238:start=1594236899154752220,finish=1594236899161861825,duration=7109605,event=fix_resolv_conf[0Ktravis_time:start:1317ecb2[0Ktravis_time:end:1317ecb2:start=1594236899164544726,finish=1594236899172237610,duration=7692884,event=fix_etc_hosts[0Ktravis_time:start:2e931fd1[0Ktravis_time:end:2e931fd1:start=1594236899174940552,finish=1594236899182521989,duration=7581437,event=fix_mvn_settings_xml[0Ktravis_time:start:0787d208[0Ktravis_time:end:0787d208:start=1594236899185121235,finish=1594236899192878909,duration=7757674,event=no_ipv6_localhost[0Ktravis_time:start:08486ce5[0Ktravis_time:end:08486ce5:start=1594236899195550911,finish=1594236899197439963,duration=1889052,event=fix_etc_mavenrc[0Ktravis_time:start:004555f6[0Ktravis_time:end:004555f6:start=1594236899200199096,finish=1594236899202825731,duration=2626635,event=fix_wwdr_certificate[0Ktravis_time:start:0aecdd00[0Ktravis_time:end:0aecdd00:start=1594236899205416776,finish=1594236899225314865,duration=19898089,event=put_localhost_first[0Ktravis_time:start:0751b550[0Ktravis_time:end:0751b550:start=1594236899228091652,finish=1594236899230855459,duration=2763807,event=home_paths[0Ktravis_time:start:0de03fcc[0Ktravis_time:end:0de03fcc:start=1594236899233566278,finish=1594236899243948216,duration=10381938,event=disable_initramfs[0Ktravis_time:start:1b3d7a1c[0Ktravis_time:end:1b3d7a1c:start=1594236899246694045,finish=1594236899556050836,duration=309356791,event=disable_ssh_roaming[0Ktravis_time:start:07780090[0Ktravis_time:end:07780090:start=1594236899558964910,finish=1594236899561020341,duration=2055431,event=debug_tools[0Ktravis_time:start:08711d7c[0Ktravis_time:end:08711d7c:start=1594236899563758451,finish=1594236899566411414,duration=2652963,event=uninstall_oclint[0Ktravis_time:start:0915dedd[0Ktravis_time:end:0915dedd:start=1594236899569175002,finish=1594236899571986654,duration=2811652,event=rvm_use[0Ktravis_time:start:1cefdc05[0Ktravis_time:end:1cefdc05:start=1594236899574676899,finish=1594236899581259277,duration=6582378,event=rm_etc_boto_cfg[0Ktravis_time:start:09532e14[0Ktravis_time:end:09532e14:start=1594236899583873007,finish=1594236899585781097,duration=1908090,event=rm_oraclejdk8_symlink[0Ktravis_time:start:15b52224[0Ktravis_time:end:15b52224:start=1594236899588400424,finish=1594236899634121422,duration=45720998,event=enable_i386[0Ktravis_time:start:01d0cb80[0Ktravis_time:end:01d0cb80:start=1594236899637127666,finish=1594236899640818711,duration=3691045,event=update_rubygems[0Ktravis_time:start:21914fd6[0Ktravis_time:end:21914fd6:start=1594236899643558364,finish=1594236900506926698,duration=863368334,event=ensure_path_components[0Ktravis_time:start:058b0d2b[0Ktravis_time:end:058b0d2b:start=1594236900509861732,finish=1594236900511880698,duration=2018966,event=redefine_curl[0Ktravis_time:start:05d3507e[0Ktravis_time:end:05d3507e:start=1594236900514680207,finish=1594236900516655394,duration=1975187,event=nonblock_pipe[0Ktravis_time:start:121b944c[0Ktravis_time:end:121b944c:start=1594236900519339838,finish=1594236906548327664,duration=6028987826,event=apt_get_update[0Ktravis_time:start:1625026e[0Ktravis_time:end:1625026e:start=1594236906551506055,finish=1594236906553703338,duration=2197283,event=deprecate_xcode_64[0Ktravis_time:start:000f222c[0Ktravis_time:end:000f222c:start=1594236906556627583,finish=1594236910356729152,duration=3800101569,event=update_heroku[0Ktravis_time:start:0c8b6e60[0Ktravis_time:end:0c8b6e60:start=1594236910359733683,finish=1594236910361866537,duration=2132854,event=shell_session_update[0Ktravis_time:start:00f1f80c[0Ktravis_fold:start:docker_mtu[0Kdocker stop/waiting
docker start/running, process 3865
travis_fold:end:docker_mtu[0Ktravis_time:end:00f1f80c:start=1594236910364565282,finish=1594236911551956245,duration=1187390963,event=set_docker_mtu[0Ktravis_time:start:0ead0eb8[0Ktravis_fold:start:resolvconf[0Kresolvconf stop/waiting
resolvconf start/running
travis_fold:end:resolvconf[0Ktravis_time:end:0ead0eb8:start=1594236911554901233,finish=1594236911608739549,duration=53838316,event=resolvconf[0Ktravis_time:start:14c81e78[0Ktravis_time:end:14c81e78:start=1594236911611545353,finish=1594236911728761610,duration=117216257,event=maven_central_mirror[0Ktravis_time:start:0ba58321[0Ktravis_time:end:0ba58321:start=1594236911731969684,finish=1594236911795419747,duration=63450063,event=maven_https[0K
travis_fold:start:install_jdk[0K[33;1mInstalling oraclejdk8[0m
$ jdk_switcher use "oraclejdk8"
Switching to Oracle JDK8 (java-8-oracle), JAVA_HOME will be set to /usr/lib/jvm/java-8-oracle
travis_fold:end:install_jdk[0Ktravis_time:start:07dcc23a[0Ktravis_fold:start:services[0Ktravis_time:start:02074d82[0K$ sudo service docker start
start: Job is already running: docker
travis_time:end:02074d82:start=1594236912148813525,finish=1594236912160620851,duration=11807326,event=prepare[0Ktravis_fold:end:services[0Ktravis_time:end:02074d82:start=1594236912148813525,finish=1594236915164387951,duration=3015574426,event=services[0Ktravis_time:start:0a1255c8[0Ktravis_time:end:0a1255c8:start=1594236915167249797,finish=1594236915169213805,duration=1964008,event=fix_ps4[0K[33;1mSet hostname to short-hostname[0m
$ sudo hostname short-hostname
travis_time:start:0d4273ef[0K
travis_fold:start:git.checkout[0Ktravis_time:start:03a43304[0K$ git clone --depth=50 https://github.com/OpenTSDB/opentsdb.git OpenTSDB/opentsdb
Cloning into 'OpenTSDB/opentsdb'...
remote: Enumerating objects: 1273, done.[K
remote: Counting objects:   0% (1/1273)[Kremote: Counting objects:   1% (13/1273)[Kremote: Counting objects:   2% (26/1273)[Kremote: Counting objects:   3% (39/1273)[Kremote: Counting objects:   4% (51/1273)[Kremote: Counting objects:   5% (64/1273)[Kremote: Counting objects:   6% (77/1273)[Kremote: Counting objects:   7% (90/1273)[Kremote: Counting objects:   8% (102/1273)[Kremote: Counting objects:   9% (115/1273)[Kremote: Counting objects:  10% (128/1273)[Kremote: Counting objects:  11% (141/1273)[Kremote: Counting objects:  12% (153/1273)[Kremote: Counting objects:  13% (166/1273)[Kremote: Counting objects:  14% (179/1273)[Kremote: Counting objects:  15% (191/1273)[Kremote: Counting objects:  16% (204/1273)[Kremote: Counting objects:  17% (217/1273)[Kremote: Counting objects:  18% (230/1273)[Kremote: Counting objects:  19% (242/1273)[Kremote: Counting objects:  20% (255/1273)[Kremote: Counting objects:  21% (268/1273)[Kremote: Counting objects:  22% (281/1273)[Kremote: Counting objects:  23% (293/1273)[Kremote: Counting objects:  24% (306/1273)[Kremote: Counting objects:  25% (319/1273)[Kremote: Counting objects:  26% (331/1273)[Kremote: Counting objects:  27% (344/1273)[Kremote: Counting objects:  28% (357/1273)[Kremote: Counting objects:  29% (370/1273)[Kremote: Counting objects:  30% (382/1273)[Kremote: Counting objects:  31% (395/1273)[Kremote: Counting objects:  32% (408/1273)[Kremote: Counting objects:  33% (421/1273)[Kremote: Counting objects:  34% (433/1273)[Kremote: Counting objects:  35% (446/1273)[Kremote: Counting objects:  36% (459/1273)[Kremote: Counting objects:  37% (472/1273)[Kremote: Counting objects:  38% (484/1273)[Kremote: Counting objects:  39% (497/1273)[Kremote: Counting objects:  40% (510/1273)[Kremote: Counting objects:  41% (522/1273)[Kremote: Counting objects:  42% (535/1273)[Kremote: Counting objects:  43% (548/1273)[Kremote: Counting objects:  44% (561/1273)[Kremote: Counting objects:  45% (573/1273)[Kremote: Counting objects:  46% (586/1273)[Kremote: Counting objects:  47% (599/1273)[Kremote: Counting objects:  48% (612/1273)[Kremote: Counting objects:  49% (624/1273)[Kremote: Counting objects:  50% (637/1273)[Kremote: Counting objects:  51% (650/1273)[Kremote: Counting objects:  52% (662/1273)[Kremote: Counting objects:  53% (675/1273)[Kremote: Counting objects:  54% (688/1273)[Kremote: Counting objects:  55% (701/1273)[Kremote: Counting objects:  56% (713/1273)[Kremote: Counting objects:  57% (726/1273)[Kremote: Counting objects:  58% (739/1273)[Kremote: Counting objects:  59% (752/1273)[Kremote: Counting objects:  60% (764/1273)[Kremote: Counting objects:  61% (777/1273)[Kremote: Counting objects:  62% (790/1273)[Kremote: Counting objects:  63% (802/1273)[Kremote: Counting objects:  64% (815/1273)[Kremote: Counting objects:  65% (828/1273)[Kremote: Counting objects:  66% (841/1273)[Kremote: Counting objects:  67% (853/1273)[Kremote: Counting objects:  68% (866/1273)[Kremote: Counting objects:  69% (879/1273)[Kremote: Counting objects:  70% (892/1273)[Kremote: Counting objects:  71% (904/1273)[Kremote: Counting objects:  72% (917/1273)[Kremote: Counting objects:  73% (930/1273)[Kremote: Counting objects:  74% (943/1273)[Kremote: Counting objects:  75% (955/1273)[Kremote: Counting objects:  76% (968/1273)[Kremote: Counting objects:  77% (981/1273)[Kremote: Counting objects:  78% (993/1273)[Kremote: Counting objects:  79% (1006/1273)[Kremote: Counting objects:  80% (1019/1273)[Kremote: Counting objects:  81% (1032/1273)[Kremote: Counting objects:  82% (1044/1273)[Kremote: Counting objects:  83% (1057/1273)[Kremote: Counting objects:  84% (1070/1273)[Kremote: Counting objects:  85% (1083/1273)[Kremote: Counting objects:  86% (1095/1273)[Kremote: Counting objects:  87% (1108/1273)[Kremote: Counting objects:  88% (1121/1273)[Kremote: Counting objects:  89% (1133/1273)[Kremote: Counting objects:  90% (1146/1273)[Kremote: Counting objects:  91% (1159/1273)[Kremote: Counting objects:  92% (1172/1273)[Kremote: Counting objects:  93% (1184/1273)[Kremote: Counting objects:  94% (1197/1273)[Kremote: Counting objects:  95% (1210/1273)[Kremote: Counting objects:  96% (1223/1273)[Kremote: Counting objects:  97% (1235/1273)[Kremote: Counting objects:  98% (1248/1273)[Kremote: Counting objects:  99% (1261/1273)[Kremote: Counting objects: 100% (1273/1273)[Kremote: Counting objects: 100% (1273/1273), done.[K
remote: Compressing objects:   0% (1/803)[Kremote: Compressing objects:   1% (9/803)[Kremote: Compressing objects:   2% (17/803)[Kremote: Compressing objects:   3% (25/803)[Kremote: Compressing objects:   4% (33/803)[Kremote: Compressing objects:   5% (41/803)[Kremote: Compressing objects:   6% (49/803)[Kremote: Compressing objects:   7% (57/803)[Kremote: Compressing objects:   8% (65/803)[Kremote: Compressing objects:   9% (73/803)[Kremote: Compressing objects:  10% (81/803)[Kremote: Compressing objects:  11% (89/803)[Kremote: Compressing objects:  12% (97/803)[Kremote: Compressing objects:  13% (105/803)[Kremote: Compressing objects:  14% (113/803)[Kremote: Compressing objects:  15% (121/803)[Kremote: Compressing objects:  16% (129/803)[Kremote: Compressing objects:  17% (137/803)[Kremote: Compressing objects:  18% (145/803)[Kremote: Compressing objects:  19% (153/803)[Kremote: Compressing objects:  20% (161/803)[Kremote: Compressing objects:  21% (169/803)[Kremote: Compressing objects:  22% (177/803)[Kremote: Compressing objects:  23% (185/803)[Kremote: Compressing objects:  24% (193/803)[Kremote: Compressing objects:  25% (201/803)[Kremote: Compressing objects:  26% (209/803)[Kremote: Compressing objects:  27% (217/803)[Kremote: Compressing objects:  28% (225/803)[Kremote: Compressing objects:  29% (233/803)[Kremote: Compressing objects:  30% (241/803)[Kremote: Compressing objects:  31% (249/803)[Kremote: Compressing objects:  32% (257/803)[Kremote: Compressing objects:  33% (265/803)[Kremote: Compressing objects:  34% (274/803)[Kremote: Compressing objects:  35% (282/803)[Kremote: Compressing objects:  36% (290/803)[Kremote: Compressing objects:  37% (298/803)[Kremote: Compressing objects:  38% (306/803)[Kremote: Compressing objects:  39% (314/803)[Kremote: Compressing objects:  40% (322/803)[Kremote: Compressing objects:  41% (330/803)[Kremote: Compressing objects:  42% (338/803)[Kremote: Compressing objects:  43% (346/803)[Kremote: Compressing objects:  44% (354/803)[Kremote: Compressing objects:  45% (362/803)[Kremote: Compressing objects:  46% (370/803)[Kremote: Compressing objects:  47% (378/803)[Kremote: Compressing objects:  48% (386/803)[Kremote: Compressing objects:  49% (394/803)[Kremote: Compressing objects:  50% (402/803)[Kremote: Compressing objects:  51% (410/803)[Kremote: Compressing objects:  52% (418/803)[Kremote: Compressing objects:  53% (426/803)[Kremote: Compressing objects:  54% (434/803)[Kremote: Compressing objects:  55% (442/803)[Kremote: Compressing objects:  56% (450/803)[Kremote: Compressing objects:  57% (458/803)[Kremote: Compressing objects:  58% (466/803)[Kremote: Compressing objects:  59% (474/803)[Kremote: Compressing objects:  60% (482/803)[Kremote: Compressing objects:  61% (490/803)[Kremote: Compressing objects:  62% (498/803)[Kremote: Compressing objects:  63% (506/803)[Kremote: Compressing objects:  64% (514/803)[Kremote: Compressing objects:  65% (522/803)[Kremote: Compressing objects:  66% (530/803)[Kremote: Compressing objects:  67% (539/803)[Kremote: Compressing objects:  68% (547/803)[Kremote: Compressing objects:  69% (555/803)[Kremote: Compressing objects:  70% (563/803)[Kremote: Compressing objects:  71% (571/803)[Kremote: Compressing objects:  72% (579/803)[Kremote: Compressing objects:  73% (587/803)[Kremote: Compressing objects:  74% (595/803)[Kremote: Compressing objects:  75% (603/803)[Kremote: Compressing objects:  76% (611/803)[Kremote: Compressing objects:  77% (619/803)[Kremote: Compressing objects:  78% (627/803)[Kremote: Compressing objects:  79% (635/803)[Kremote: Compressing objects:  80% (643/803)[Kremote: Compressing objects:  81% (651/803)[Kremote: Compressing objects:  82% (659/803)[Kremote: Compressing objects:  83% (667/803)[Kremote: Compressing objects:  84% (675/803)[Kremote: Compressing objects:  85% (683/803)[Kremote: Compressing objects:  86% (691/803)[Kremote: Compressing objects:  87% (699/803)[Kremote: Compressing objects:  88% (707/803)[Kremote: Compressing objects:  89% (715/803)[Kremote: Compressing objects:  90% (723/803)[Kremote: Compressing objects:  91% (731/803)[Kremote: Compressing objects:  92% (739/803)[Kremote: Compressing objects:  93% (747/803)[Kremote: Compressing objects:  94% (755/803)[Kremote: Compressing objects:  95% (763/803)[Kremote: Compressing objects:  96% (771/803)[Kremote: Compressing objects:  97% (779/803)[Kremote: Compressing objects:  98% (787/803)[Kremote: Compressing objects:  99% (795/803)[Kremote: Compressing objects: 100% (803/803)[Kremote: Compressing objects: 100% (803/803), done.[K
Receiving objects:   0% (1/1273)   Receiving objects:   1% (13/1273)   Receiving objects:   2% (26/1273)   Receiving objects:   3% (39/1273)   Receiving objects:   4% (51/1273)   Receiving objects:   5% (64/1273)   Receiving objects:   6% (77/1273)   Receiving objects:   7% (90/1273)   Receiving objects:   8% (102/1273)   Receiving objects:   9% (115/1273)   Receiving objects:  10% (128/1273)   Receiving objects:  11% (141/1273)   Receiving objects:  12% (153/1273)   Receiving objects:  13% (166/1273)   Receiving objects:  14% (179/1273)   Receiving objects:  15% (191/1273)   Receiving objects:  16% (204/1273)   Receiving objects:  17% (217/1273)   Receiving objects:  18% (230/1273)   Receiving objects:  19% (242/1273)   Receiving objects:  20% (255/1273)   Receiving objects:  21% (268/1273)   Receiving objects:  22% (281/1273)   Receiving objects:  23% (293/1273)   Receiving objects:  24% (306/1273)   Receiving objects:  25% (319/1273)   Receiving objects:  26% (331/1273)   Receiving objects:  27% (344/1273)   Receiving objects:  28% (357/1273)   Receiving objects:  29% (370/1273)   Receiving objects:  30% (382/1273)   Receiving objects:  31% (395/1273)   Receiving objects:  32% (408/1273)   Receiving objects:  33% (421/1273)   Receiving objects:  34% (433/1273)   Receiving objects:  35% (446/1273)   Receiving objects:  36% (459/1273)   Receiving objects:  37% (472/1273)   Receiving objects:  38% (484/1273)   Receiving objects:  39% (497/1273)   Receiving objects:  40% (510/1273)   Receiving objects:  41% (522/1273)   Receiving objects:  42% (535/1273)   Receiving objects:  43% (548/1273)   Receiving objects:  44% (561/1273)   Receiving objects:  45% (573/1273)   Receiving objects:  46% (586/1273)   Receiving objects:  47% (599/1273)   Receiving objects:  48% (612/1273)   Receiving objects:  49% (624/1273)   Receiving objects:  50% (637/1273)   Receiving objects:  51% (650/1273)   Receiving objects:  52% (662/1273)   Receiving objects:  53% (675/1273)   Receiving objects:  54% (688/1273)   Receiving objects:  55% (701/1273)   Receiving objects:  56% (713/1273)   Receiving objects:  57% (726/1273)   Receiving objects:  58% (739/1273)   Receiving objects:  59% (752/1273)   Receiving objects:  60% (764/1273)   Receiving objects:  61% (777/1273)   Receiving objects:  62% (790/1273)   Receiving objects:  63% (802/1273)   Receiving objects:  64% (815/1273)   Receiving objects:  65% (828/1273)   Receiving objects:  66% (841/1273)   Receiving objects:  67% (853/1273)   Receiving objects:  68% (866/1273)   Receiving objects:  69% (879/1273)   Receiving objects:  70% (892/1273)   Receiving objects:  71% (904/1273)   Receiving objects:  72% (917/1273)   Receiving objects:  73% (930/1273)   Receiving objects:  74% (943/1273)   Receiving objects:  75% (955/1273)   Receiving objects:  76% (968/1273)   Receiving objects:  77% (981/1273)   Receiving objects:  78% (993/1273)   Receiving objects:  79% (1006/1273)   Receiving objects:  80% (1019/1273)   Receiving objects:  81% (1032/1273)   Receiving objects:  82% (1044/1273)   Receiving objects:  83% (1057/1273)   Receiving objects:  84% (1070/1273)   Receiving objects:  85% (1083/1273)   Receiving objects:  86% (1095/1273)   Receiving objects:  87% (1108/1273)   Receiving objects:  88% (1121/1273)   Receiving objects:  89% (1133/1273)   Receiving objects:  90% (1146/1273)   Receiving objects:  91% (1159/1273)   Receiving objects:  92% (1172/1273)   Receiving objects:  93% (1184/1273)   Receiving objects:  94% (1197/1273)   Receiving objects:  95% (1210/1273)   remote: Total 1273 (delta 622), reused 763 (delta 382), pack-reused 0[K
Receiving objects:  96% (1223/1273)   Receiving objects:  97% (1235/1273)   Receiving objects:  98% (1248/1273)   Receiving objects:  99% (1261/1273)   Receiving objects: 100% (1273/1273)   Receiving objects: 100% (1273/1273), 1.31 MiB | 9.78 MiB/s, done.
Resolving deltas:   0% (0/622)   Resolving deltas:   1% (7/622)   Resolving deltas:   2% (16/622)   Resolving deltas:   3% (19/622)   Resolving deltas:   5% (34/622)   Resolving deltas:   6% (38/622)   Resolving deltas:   7% (49/622)   Resolving deltas:   8% (50/622)   Resolving deltas:   9% (56/622)   Resolving deltas:  10% (64/622)   Resolving deltas:  11% (72/622)   Resolving deltas:  12% (79/622)   Resolving deltas:  13% (84/622)   Resolving deltas:  16% (101/622)   Resolving deltas:  17% (111/622)   Resolving deltas:  18% (114/622)   Resolving deltas:  22% (137/622)   Resolving deltas:  23% (145/622)   Resolving deltas:  27% (173/622)   Resolving deltas:  28% (180/622)   Resolving deltas:  30% (190/622)   Resolving deltas:  32% (202/622)   Resolving deltas:  36% (224/622)   Resolving deltas:  37% (235/622)   Resolving deltas:  38% (237/622)   Resolving deltas:  39% (247/622)   Resolving deltas:  40% (253/622)   Resolving deltas:  41% (258/622)   Resolving deltas:  42% (264/622)   Resolving deltas:  43% (272/622)   Resolving deltas:  44% (274/622)   Resolving deltas:  45% (281/622)   Resolving deltas:  46% (287/622)   Resolving deltas:  47% (297/622)   Resolving deltas:  48% (299/622)   Resolving deltas:  49% (308/622)   Resolving deltas:  50% (313/622)   Resolving deltas:  51% (318/622)   Resolving deltas:  52% (325/622)   Resolving deltas:  53% (330/622)   Resolving deltas:  54% (336/622)   Resolving deltas:  55% (343/622)   Resolving deltas:  56% (350/622)   Resolving deltas:  57% (359/622)   Resolving deltas:  58% (363/622)   Resolving deltas:  59% (369/622)   Resolving deltas:  60% (376/622)   Resolving deltas:  61% (382/622)   Resolving deltas:  62% (386/622)   Resolving deltas:  63% (392/622)   Resolving deltas:  64% (401/622)   Resolving deltas:  65% (405/622)   Resolving deltas:  66% (412/622)   Resolving deltas:  67% (417/622)   Resolving deltas:  68% (424/622)   Resolving deltas:  70% (438/622)   Resolving deltas:  71% (444/622)   Resolving deltas:  72% (449/622)   Resolving deltas:  73% (456/622)   Resolving deltas:  74% (461/622)   Resolving deltas:  75% (470/622)   Resolving deltas:  76% (474/622)   Resolving deltas:  77% (479/622)   Resolving deltas:  78% (486/622)   Resolving deltas:  79% (492/622)   Resolving deltas:  80% (503/622)   Resolving deltas:  81% (504/622)   Resolving deltas:  82% (511/622)   Resolving deltas:  83% (517/622)   Resolving deltas:  84% (526/622)   Resolving deltas:  85% (530/622)   Resolving deltas:  86% (535/622)   Resolving deltas:  87% (546/622)   Resolving deltas:  88% (548/622)   Resolving deltas:  89% (557/622)   Resolving deltas:  90% (560/622)   Resolving deltas:  91% (571/622)   Resolving deltas:  92% (576/622)   Resolving deltas:  93% (581/622)   Resolving deltas:  96% (599/622)   Resolving deltas:  97% (607/622)   Resolving deltas:  98% (612/622)   Resolving deltas:  99% (616/622)   Resolving deltas: 100% (622/622)   Resolving deltas: 100% (622/622), done.
travis_time:end:03a43304:start=1594236915179325033,finish=1594236916268931188,duration=1089606155,event=checkout[0K$ cd OpenTSDB/opentsdb
travis_time:start:0681c138[0K$ git fetch origin +refs/pull/1979/merge:
remote: Enumerating objects: 41462, done.[K
remote: Counting objects:   0% (1/40905)[Kremote: Counting objects:   1% (410/40905)[Kremote: Counting objects:   2% (819/40905)[Kremote: Counting objects:   3% (1228/40905)[Kremote: Counting objects:   4% (1637/40905)[Kremote: Counting objects:   5% (2046/40905)[Kremote: Counting objects:   6% (2455/40905)[Kremote: Counting objects:   7% (2864/40905)[Kremote: Counting objects:   8% (3273/40905)[Kremote: Counting objects:   9% (3682/40905)[Kremote: Counting objects:  10% (4091/40905)[Kremote: Counting objects:  11% (4500/40905)[Kremote: Counting objects:  12% (4909/40905)[Kremote: Counting objects:  13% (5318/40905)[Kremote: Counting objects:  14% (5727/40905)[Kremote: Counting objects:  15% (6136/40905)[Kremote: Counting objects:  16% (6545/40905)[Kremote: Counting objects:  17% (6954/40905)[Kremote: Counting objects:  18% (7363/40905)[Kremote: Counting objects:  19% (7772/40905)[Kremote: Counting objects:  20% (8181/40905)[Kremote: Counting objects:  21% (8591/40905)[Kremote: Counting objects:  22% (9000/40905)[Kremote: Counting objects:  23% (9409/40905)[Kremote: Counting objects:  24% (9818/40905)[Kremote: Counting objects:  25% (10227/40905)[Kremote: Counting objects:  26% (10636/40905)[Kremote: Counting objects:  27% (11045/40905)[Kremote: Counting objects:  28% (11454/40905)[Kremote: Counting objects:  29% (11863/40905)[Kremote: Counting objects:  30% (12272/40905)[Kremote: Counting objects:  31% (12681/40905)[Kremote: Counting objects:  32% (13090/40905)[Kremote: Counting objects:  33% (13499/40905)[Kremote: Counting objects:  34% (13908/40905)[Kremote: Counting objects:  35% (14317/40905)[Kremote: Counting objects:  36% (14726/40905)[Kremote: Counting objects:  37% (15135/40905)[Kremote: Counting objects:  38% (15544/40905)[Kremote: Counting objects:  39% (15953/40905)[Kremote: Counting objects:  40% (16362/40905)[Kremote: Counting objects:  41% (16772/40905)[Kremote: Counting objects:  42% (17181/40905)[Kremote: Counting objects:  43% (17590/40905)[Kremote: Counting objects:  44% (17999/40905)[Kremote: Counting objects:  45% (18408/40905)[Kremote: Counting objects:  46% (18817/40905)[Kremote: Counting objects:  47% (19226/40905)[Kremote: Counting objects:  48% (19635/40905)[Kremote: Counting objects:  49% (20044/40905)[Kremote: Counting objects:  50% (20453/40905)[Kremote: Counting objects:  51% (20862/40905)[Kremote: Counting objects:  52% (21271/40905)[Kremote: Counting objects:  53% (21680/40905)[Kremote: Counting objects:  54% (22089/40905)[Kremote: Counting objects:  55% (22498/40905)[Kremote: Counting objects:  56% (22907/40905)[Kremote: Counting objects:  57% (23316/40905)[Kremote: Counting objects:  58% (23725/40905)[Kremote: Counting objects:  59% (24134/40905)[Kremote: Counting objects:  60% (24543/40905)[Kremote: Counting objects:  61% (24953/40905)[Kremote: Counting objects:  62% (25362/40905)[Kremote: Counting objects:  63% (25771/40905)[Kremote: Counting objects:  64% (26180/40905)[Kremote: Counting objects:  65% (26589/40905)[Kremote: Counting objects:  66% (26998/40905)[Kremote: Counting objects:  67% (27407/40905)[Kremote: Counting objects:  68% (27816/40905)[Kremote: Counting objects:  69% (28225/40905)[Kremote: Counting objects:  70% (28634/40905)[Kremote: Counting objects:  71% (29043/40905)[Kremote: Counting objects:  72% (29452/40905)[Kremote: Counting objects:  73% (29861/40905)[Kremote: Counting objects:  74% (30270/40905)[Kremote: Counting objects:  75% (30679/40905)[Kremote: Counting objects:  76% (31088/40905)[Kremote: Counting objects:  77% (31497/40905)[Kremote: Counting objects:  78% (31906/40905)[Kremote: Counting objects:  79% (32315/40905)[Kremote: Counting objects:  80% (32724/40905)[Kremote: Counting objects:  81% (33134/40905)[Kremote: Counting objects:  82% (33543/40905)[Kremote: Counting objects:  83% (33952/40905)[Kremote: Counting objects:  84% (34361/40905)[Kremote: Counting objects:  85% (34770/40905)[Kremote: Counting objects:  86% (35179/40905)[Kremote: Counting objects:  87% (35588/40905)[Kremote: Counting objects:  88% (35997/40905)[Kremote: Counting objects:  89% (36406/40905)[Kremote: Counting objects:  90% (36815/40905)[Kremote: Counting objects:  91% (37224/40905)[Kremote: Counting objects:  92% (37633/40905)[Kremote: Counting objects:  93% (38042/40905)[Kremote: Counting objects:  94% (38451/40905)[Kremote: Counting objects:  95% (38860/40905)[Kremote: Counting objects:  96% (39269/40905)[Kremote: Counting objects:  97% (39678/40905)[Kremote: Counting objects:  98% (40087/40905)[Kremote: Counting objects:  99% (40496/40905)[Kremote: Counting objects: 100% (40905/40905)[Kremote: Counting objects: 100% (40905/40905), done.[K
remote: Compressing objects:   0% (1/10233)[Kremote: Compressing objects:   1% (103/10233)[Kremote: Compressing objects:   2% (205/10233)[Kremote: Compressing objects:   3% (307/10233)[Kremote: Compressing objects:   4% (410/10233)[Kremote: Compressing objects:   5% (512/10233)[Kremote: Compressing objects:   6% (614/10233)[Kremote: Compressing objects:   7% (717/10233)[Kremote: Compressing objects:   8% (819/10233)[Kremote: Compressing objects:   9% (921/10233)[Kremote: Compressing objects:  10% (1024/10233)[Kremote: Compressing objects:  11% (1126/10233)[Kremote: Compressing objects:  12% (1228/10233)[Kremote: Compressing objects:  13% (1331/10233)[Kremote: Compressing objects:  14% (1433/10233)[Kremote: Compressing objects:  15% (1535/10233)[Kremote: Compressing objects:  16% (1638/10233)[Kremote: Compressing objects:  17% (1740/10233)[Kremote: Compressing objects:  18% (1842/10233)[Kremote: Compressing objects:  19% (1945/10233)[Kremote: Compressing objects:  20% (2047/10233)[Kremote: Compressing objects:  21% (2149/10233)[Kremote: Compressing objects:  22% (2252/10233)[Kremote: Compressing objects:  23% (2354/10233)[Kremote: Compressing objects:  24% (2456/10233)[Kremote: Compressing objects:  25% (2559/10233)[Kremote: Compressing objects:  26% (2661/10233)[Kremote: Compressing objects:  27% (2763/10233)[Kremote: Compressing objects:  28% (2866/10233)[Kremote: Compressing objects:  29% (2968/10233)[Kremote: Compressing objects:  30% (3070/10233)[Kremote: Compressing objects:  31% (3173/10233)[Kremote: Compressing objects:  32% (3275/10233)[Kremote: Compressing objects:  33% (3377/10233)[Kremote: Compressing objects:  34% (3480/10233)[Kremote: Compressing objects:  35% (3582/10233)[Kremote: Compressing objects:  36% (3684/10233)[Kremote: Compressing objects:  37% (3787/10233)[Kremote: Compressing objects:  38% (3889/10233)[Kremote: Compressing objects:  39% (3991/10233)[Kremote: Compressing objects:  40% (4094/10233)[Kremote: Compressing objects:  41% (4196/10233)[Kremote: Compressing objects:  42% (4298/10233)[Kremote: Compressing objects:  43% (4401/10233)[Kremote: Compressing objects:  44% (4503/10233)[Kremote: Compressing objects:  45% (4605/10233)[Kremote: Compressing objects:  46% (4708/10233)[Kremote: Compressing objects:  47% (4810/10233)[Kremote: Compressing objects:  48% (4912/10233)[Kremote: Compressing objects:  49% (5015/10233)[Kremote: Compressing objects:  50% (5117/10233)[Kremote: Compressing objects:  51% (5219/10233)[Kremote: Compressing objects:  52% (5322/10233)[Kremote: Compressing objects:  53% (5424/10233)[Kremote: Compressing objects:  54% (5526/10233)[Kremote: Compressing objects:  55% (5629/10233)[Kremote: Compressing objects:  56% (5731/10233)[Kremote: Compressing objects:  57% (5833/10233)[Kremote: Compressing objects:  58% (5936/10233)[Kremote: Compressing objects:  59% (6038/10233)[Kremote: Compressing objects:  60% (6140/10233)[Kremote: Compressing objects:  61% (6243/10233)[Kremote: Compressing objects:  62% (6345/10233)[Kremote: Compressing objects:  63% (6447/10233)[Kremote: Compressing objects:  64% (6550/10233)[Kremote: Compressing objects:  65% (6652/10233)[Kremote: Compressing objects:  66% (6754/10233)[Kremote: Compressing objects:  67% (6857/10233)[Kremote: Compressing objects:  68% (6959/10233)[Kremote: Compressing objects:  69% (7061/10233)[Kremote: Compressing objects:  70% (7164/10233)[Kremote: Compressing objects:  71% (7266/10233)[Kremote: Compressing objects:  72% (7368/10233)[Kremote: Compressing objects:  73% (7471/10233)[Kremote: Compressing objects:  74% (7573/10233)[Kremote: Compressing objects:  75% (7675/10233)[Kremote: Compressing objects:  76% (7778/10233)[Kremote: Compressing objects:  77% (7880/10233)[Kremote: Compressing objects:  78% (7982/10233)[Kremote: Compressing objects:  79% (8085/10233)[Kremote: Compressing objects:  80% (8187/10233)[Kremote: Compressing objects:  81% (8289/10233)[Kremote: Compressing objects:  82% (8392/10233)[Kremote: Compressing objects:  83% (8494/10233)[Kremote: Compressing objects:  84% (8596/10233)[Kremote: Compressing objects:  85% (8699/10233)[Kremote: Compressing objects:  86% (8801/10233)[Kremote: Compressing objects:  87% (8903/10233)[Kremote: Compressing objects:  88% (9006/10233)[Kremote: Compressing objects:  89% (9108/10233)[Kremote: Compressing objects:  90% (9210/10233)[Kremote: Compressing objects:  91% (9313/10233)[Kremote: Compressing objects:  92% (9415/10233)[Kremote: Compressing objects:  93% (9517/10233)[Kremote: Compressing objects:  94% (9620/10233)[Kremote: Compressing objects:  95% (9722/10233)[Kremote: Compressing objects:  96% (9824/10233)[Kremote: Compressing objects:  97% (9927/10233)[Kremote: Compressing objects:  98% (10029/10233)[Kremote: Compressing objects:  99% (10131/10233)[Kremote: Compressing objects: 100% (10233/10233)[Kremote: Compressing objects: 100% (10233/10233), done.[K
Receiving objects:   0% (1/40474)   Receiving objects:   1% (405/40474)   Receiving objects:   2% (810/40474)   Receiving objects:   3% (1215/40474)   Receiving objects:   4% (1619/40474)   Receiving objects:   5% (2024/40474)   Receiving objects:   6% (2429/40474)   Receiving objects:   7% (2834/40474)   Receiving objects:   8% (3238/40474)   Receiving objects:   9% (3643/40474)   Receiving objects:  10% (4048/40474)   Receiving objects:  11% (4453/40474)   Receiving objects:  12% (4857/40474)   Receiving objects:  13% (5262/40474)   Receiving objects:  14% (5667/40474)   Receiving objects:  15% (6072/40474)   Receiving objects:  16% (6476/40474)   Receiving objects:  17% (6881/40474)   Receiving objects:  18% (7286/40474)   Receiving objects:  19% (7691/40474)   Receiving objects:  20% (8095/40474)   Receiving objects:  21% (8500/40474)   Receiving objects:  22% (8905/40474)   Receiving objects:  23% (9310/40474)   Receiving objects:  24% (9714/40474)   Receiving objects:  25% (10119/40474)   Receiving objects:  26% (10524/40474)   Receiving objects:  27% (10928/40474)   Receiving objects:  28% (11333/40474)   Receiving objects:  29% (11738/40474)   Receiving objects:  30% (12143/40474)   Receiving objects:  31% (12547/40474)   Receiving objects:  32% (12952/40474)   Receiving objects:  33% (13357/40474)   Receiving objects:  34% (13762/40474)   Receiving objects:  35% (14166/40474)   Receiving objects:  36% (14571/40474)   Receiving objects:  37% (14976/40474)   Receiving objects:  38% (15381/40474)   Receiving objects:  39% (15785/40474)   Receiving objects:  40% (16190/40474)   Receiving objects:  41% (16595/40474)   Receiving objects:  42% (17000/40474)   Receiving objects:  43% (17404/40474)   Receiving objects:  44% (17809/40474)   Receiving objects:  45% (18214/40474)   Receiving objects:  46% (18619/40474)   Receiving objects:  47% (19023/40474)   Receiving objects:  48% (19428/40474)   Receiving objects:  49% (19833/40474)   Receiving objects:  50% (20237/40474)   Receiving objects:  51% (20642/40474)   Receiving objects:  52% (21047/40474)   Receiving objects:  53% (21452/40474)   Receiving objects:  54% (21856/40474)   Receiving objects:  55% (22261/40474)   Receiving objects:  56% (22666/40474)   Receiving objects:  57% (23071/40474)   Receiving objects:  58% (23475/40474)   Receiving objects:  59% (23880/40474)   Receiving objects:  60% (24285/40474)   Receiving objects:  61% (24690/40474)   Receiving objects:  62% (25094/40474)   Receiving objects:  63% (25499/40474)   Receiving objects:  64% (25904/40474)   Receiving objects:  65% (26309/40474)   Receiving objects:  66% (26713/40474)   Receiving objects:  67% (27118/40474)   Receiving objects:  68% (27523/40474)   Receiving objects:  69% (27928/40474)   Receiving objects:  70% (28332/40474)   Receiving objects:  71% (28737/40474)   Receiving objects:  72% (29142/40474)   Receiving objects:  73% (29547/40474)   Receiving objects:  74% (29951/40474)   Receiving objects:  75% (30356/40474)   Receiving objects:  76% (30761/40474)   Receiving objects:  77% (31165/40474)   Receiving objects:  78% (31570/40474)   Receiving objects:  79% (31975/40474)   Receiving objects:  80% (32380/40474)   Receiving objects:  81% (32784/40474)   Receiving objects:  82% (33189/40474)   Receiving objects:  83% (33594/40474)   Receiving objects:  84% (33999/40474)   Receiving objects:  85% (34403/40474)   Receiving objects:  86% (34808/40474)   Receiving objects:  87% (35213/40474)   Receiving objects:  88% (35618/40474)   Receiving objects:  89% (36022/40474)   Receiving objects:  90% (36427/40474)   Receiving objects:  91% (36832/40474)   Receiving objects:  92% (37237/40474)   Receiving objects:  93% (37641/40474)   Receiving objects:  94% (38046/40474)   Receiving objects:  95% (38451/40474)   Receiving objects:  96% (38856/40474)   Receiving objects:  97% (39260/40474)   Receiving objects:  98% (39665/40474)   Receiving objects:  99% (40070/40474), 14.39 MiB | 28.78 MiB/s   remote: Total 40474 (delta 22732), reused 39975 (delta 22274), pack-reused 0[K
Receiving objects: 100% (40474/40474), 14.39 MiB | 28.78 MiB/s   Receiving objects: 100% (40474/40474), 36.85 MiB | 38.62 MiB/s, done.
Resolving deltas:   0% (0/22732)   Resolving deltas:   1% (228/22732)   Resolving deltas:   2% (517/22732)   Resolving deltas:   3% (737/22732)   Resolving deltas:   4% (922/22732)   Resolving deltas:   5% (1140/22732)   Resolving deltas:   6% (1373/22732)   Resolving deltas:   7% (1604/22732)   Resolving deltas:   8% (1861/22732)   Resolving deltas:   9% (2047/22732)   Resolving deltas:  10% (2277/22732)   Resolving deltas:  11% (2508/22732)   Resolving deltas:  12% (2735/22732)   Resolving deltas:  13% (2958/22732)   Resolving deltas:  14% (3195/22732)   Resolving deltas:  15% (3410/22732)   Resolving deltas:  16% (3670/22732)   Resolving deltas:  17% (3869/22732)   Resolving deltas:  18% (4092/22732)   Resolving deltas:  19% (4328/22732)   Resolving deltas:  20% (4567/22732)   Resolving deltas:  21% (4784/22732)   Resolving deltas:  22% (5002/22732)   Resolving deltas:  23% (5229/22732)   Resolving deltas:  24% (5477/22732)   Resolving deltas:  25% (5684/22732)   Resolving deltas:  26% (5920/22732)   Resolving deltas:  27% (6150/22732)   Resolving deltas:  28% (6385/22732)   Resolving deltas:  29% (6607/22732)   Resolving deltas:  30% (6829/22732)   Resolving deltas:  31% (7127/22732)   Resolving deltas:  32% (7275/22732)   Resolving deltas:  33% (7502/22732)   Resolving deltas:  34% (7729/22732)   Resolving deltas:  35% (7969/22732)   Resolving deltas:  36% (8217/22732)   Resolving deltas:  37% (8420/22732)   Resolving deltas:  38% (8685/22732)   Resolving deltas:  39% (8894/22732)   Resolving deltas:  40% (9113/22732)   Resolving deltas:  41% (9408/22732)   Resolving deltas:  42% (9549/22732)   Resolving deltas:  43% (9833/22732)   Resolving deltas:  44% (10030/22732)   Resolving deltas:  45% (10233/22732)   Resolving deltas:  46% (10479/22732)   Resolving deltas:  47% (10686/22732)   Resolving deltas:  48% (10915/22732)   Resolving deltas:  49% (11141/22732)   Resolving deltas:  50% (11394/22732)   Resolving deltas:  51% (11611/22732)   Resolving deltas:  52% (11833/22732)   Resolving deltas:  53% (12059/22732)   Resolving deltas:  54% (12280/22732)   Resolving deltas:  55% (12506/22732)   Resolving deltas:  56% (12732/22732)   Resolving deltas:  57% (12960/22732)   Resolving deltas:  58% (13247/22732)   Resolving deltas:  59% (13422/22732)   Resolving deltas:  60% (13653/22732)   Resolving deltas:  61% (13889/22732)   Resolving deltas:  62% (14097/22732)   Resolving deltas:  63% (14331/22732)   Resolving deltas:  64% (14555/22732)   Resolving deltas:  65% (14784/22732)   Resolving deltas:  66% (15004/22732)   Resolving deltas:  67% (15250/22732)   Resolving deltas:  68% (15468/22732)   Resolving deltas:  69% (15688/22732)   Resolving deltas:  70% (15926/22732)   Resolving deltas:  71% (16152/22732)   Resolving deltas:  72% (16369/22732)   Resolving deltas:  73% (16613/22732)   Resolving deltas:  74% (16831/22732)   Resolving deltas:  75% (17075/22732)   Resolving deltas:  76% (17284/22732)   Resolving deltas:  77% (17505/22732)   Resolving deltas:  78% (17761/22732)   Resolving deltas:  79% (17977/22732)   Resolving deltas:  80% (18201/22732)   Resolving deltas:  81% (18422/22732)   Resolving deltas:  82% (18652/22732)   Resolving deltas:  83% (18872/22732)   Resolving deltas:  84% (19097/22732)   Resolving deltas:  85% (19324/22732)   Resolving deltas:  86% (19569/22732)   Resolving deltas:  87% (19783/22732)   Resolving deltas:  88% (20021/22732)   Resolving deltas:  89% (20351/22732)   Resolving deltas:  90% (20459/22732)   Resolving deltas:  91% (20720/22732)   Resolving deltas:  92% (20915/22732)   Resolving deltas:  93% (21156/22732)   Resolving deltas:  94% (21383/22732)   Resolving deltas:  95% (21612/22732)   Resolving deltas:  96% (21838/22732)   Resolving deltas:  97% (22056/22732)   Resolving deltas:  98% (22292/22732)   Resolving deltas:  99% (22506/22732)   Resolving deltas: 100% (22732/22732)   Resolving deltas: 100% (22732/22732), completed with 227 local objects.
From https://github.com/OpenTSDB/opentsdb
 * branch              refs/pull/1979/merge -> FETCH_HEAD
travis_time:end:0681c138:start=1594236916272338302,finish=1594236919084769106,duration=2812430804,event=checkout[0K$ git checkout -qf FETCH_HEAD
travis_fold:end:git.checkout[0K
travis_time:end:0681c138:start=1594236916272338302,finish=1594236919208830818,duration=2936492516,event=checkout[0Ktravis_time:start:067c055e[0K
[33;1mEncrypted environment variables have been removed for security reasons.[0m
[33;1mSee https://docs.travis-ci.com/user/pull-requests/#pull-requests-and-security-restrictions[0m
travis_time:end:067c055e:start=1594236919211768931,finish=1594236919216992390,duration=5223459,event=env[0K$ java -Xmx32m -version
java version "1.8.0_151"
Java(TM) SE Runtime Environment (build 1.8.0_151-b12)
Java HotSpot(TM) 64-Bit Server VM (build 25.151-b12, mixed mode)
$ javac -J-Xmx32m -version
javac 1.8.0_151
travis_fold:start:install[0Ktravis_time:start:08b9d03d[0K$ /bin/true
travis_time:end:08b9d03d:start=1594236919776960829,finish=1594236919781883168,duration=4922339,event=install[0Ktravis_fold:end:install[0Ktravis_time:start:0404bc6a[0K$ export MAVEN_OPTS="-Xmx1024m"; if [[ "$TRAVIS_BRANCH" == "3.0" && "$TRAVIS_PULL_REQUEST" = "false" ]]; then mvn clean deploy -q --settings settings.xml; mvn install -q -Dmaven.test.skip=true -Pdocker --settings settings_docker.xml; else mvn clean test cobertura:cobertura --quiet; fi
added manifest
adding: net/opentsdb/utils/DummyPluginA.class(in = 548) (out= 343)(deflated 37%)
adding: net/opentsdb/utils/DummyPluginB.class(in = 548) (out= 343)(deflated 37%)

-------------------------------------------------------
 T E S T S
-------------------------------------------------------
Running net.opentsdb.stats.TestMockTrace
Tests run: 5, Failures: 0, Errors: 0, Skipped: 0, Time elapsed: 0.087 sec - in net.opentsdb.stats.TestMockTrace
Running net.opentsdb.configuration.TestConfigurationEntrySchema
Tests run: 9, Failures: 0, Errors: 0, Skipped: 0, Time elapsed: 0.448 sec - in net.opentsdb.configuration.TestConfigurationEntrySchema
Running net.opentsdb.configuration.TestConfiguration
Tests run: 26, Failures: 0, Errors: 0, Skipped: 0, Time elapsed: 1.476 sec - in net.opentsdb.configuration.TestConfiguration
Running net.opentsdb.configuration.provider.TestYamlJsonFileProvider
Tests run: 15, Failures: 0, Errors: 0, Skipped: 0, Time elapsed: 2.24 sec - in net.opentsdb.configuration.provider.TestYamlJsonFileProvider
Running net.opentsdb.configuration.provider.TestProvider
Tests run: 2, Failures: 0, Errors: 0, Skipped: 0, Time elapsed: 0.027 sec - in net.opentsdb.configuration.provider.TestProvider
Running net.opentsdb.configuration.provider.TestSecretsProviderFactory
Tests run: 2, Failures: 0, Errors: 0, Skipped: 0, Time elapsed: 0.003 sec - in net.opentsdb.configuration.provider.TestSecretsProviderFactory
Running net.opentsdb.configuration.provider.TestFileFactory
Tests run: 2, Failures: 0, Errors: 0, Skipped: 0, Time elapsed: 0.004 sec - in net.opentsdb.configuration.provider.TestFileFactory
Running net.opentsdb.configuration.provider.TestEnvironmentProvider
Tests run: 3, Failures: 0, Errors: 0, Skipped: 0, Time elapsed: 0.012 sec - in net.opentsdb.configuration.provider.TestEnvironmentProvider
Running net.opentsdb.configuration.provider.TestCommandLineProvider
Tests run: 2, Failures: 0, Errors: 0, Skipped: 0, Time elapsed: 0.009 sec - in net.opentsdb.configuration.provider.TestCommandLineProvider
Running net.opentsdb.configuration.provider.TestSystemPropertiesProvider
Tests run: 2, Failures: 0, Errors: 0, Skipped: 0, Time elapsed: 0.003 sec - in net.opentsdb.configuration.provider.TestSystemPropertiesProvider
Running net.opentsdb.configuration.provider.TestPropertiesFileProvider
Tests run: 5, Failures: 0, Errors: 0, Skipped: 0, Time elapsed: 0.999 sec - in net.opentsdb.configuration.provider.TestPropertiesFileProvider
Running net.opentsdb.configuration.TestConfigurationOverride
Tests run: 6, Failures: 0, Errors: 0, Skipped: 0, Time elapsed: 0.006 sec - in net.opentsdb.configuration.TestConfigurationOverride
Running net.opentsdb.configuration.TestConfigurationError
Tests run: 1, Failures: 0, Errors: 0, Skipped: 0, Time elapsed: 0 sec - in net.opentsdb.configuration.TestConfigurationError
Running net.opentsdb.configuration.TestConfigurationEntry
Tests run: 21, Failures: 0, Errors: 0, Skipped: 0, Time elapsed: 0.021 sec - in net.opentsdb.configuration.TestConfigurationEntry
Running net.opentsdb.storage.TestWriteStatus
Tests run: 4, Failures: 0, Errors: 0, Skipped: 0, Time elapsed: 0 sec - in net.opentsdb.storage.TestWriteStatus
Running net.opentsdb.core.TestBaseTSDBPlugin
Tests run: 1, Failures: 0, Errors: 0, Skipped: 0, Time elapsed: 0.009 sec - in net.opentsdb.core.TestBaseTSDBPlugin
Running net.opentsdb.query.filter.TestNotFilterAndFactory
Tests run: 5, Failures: 0, Errors: 0, Skipped: 0, Time elapsed: 0.139 sec - in net.opentsdb.query.filter.TestNotFilterAndFactory
Running net.opentsdb.query.filter.TestChainFilterAndFactory
Tests run: 5, Failures: 0, Errors: 0, Skipped: 0, Time elapsed: 0.061 sec - in net.opentsdb.query.filter.TestChainFilterAndFactory
Running net.opentsdb.utils.TestByteSet
Tests run: 2, Failures: 0, Errors: 0, Skipped: 0, Time elapsed: 0.002 sec - in net.opentsdb.utils.TestByteSet
Running net.opentsdb.utils.TestStringUtils
Tests run: 3, Failures: 0, Errors: 0, Skipped: 0, Time elapsed: 0.002 sec - in net.opentsdb.utils.TestStringUtils
Running net.opentsdb.utils.TestFileSystem
Tests run: 1, Failures: 0, Errors: 0, Skipped: 0, Time elapsed: 0.241 sec - in net.opentsdb.utils.TestFileSystem
Running net.opentsdb.utils.TestComparators
Tests run: 2, Failures: 0, Errors: 0, Skipped: 0, Time elapsed: 0.001 sec - in net.opentsdb.utils.TestComparators
Running net.opentsdb.utils.TestExceptions
Tests run: 2, Failures: 0, Errors: 0, Skipped: 0, Time elapsed: 0.001 sec - in net.opentsdb.utils.TestExceptions
Running net.opentsdb.utils.TestPluginLoader
Tests run: 15, Failures: 0, Errors: 0, Skipped: 0, Time elapsed: 0.113 sec - in net.opentsdb.utils.TestPluginLoader
Running net.opentsdb.utils.TestBytes
Tests run: 5, Failures: 0, Errors: 0, Skipped: 0, Time elapsed: 0.01 sec - in net.opentsdb.utils.TestBytes
Running net.opentsdb.utils.TestPair
Tests run: 23, Failures: 0, Errors: 0, Skipped: 0, Time elapsed: 0.009 sec - in net.opentsdb.utils.TestPair
Running net.opentsdb.utils.TestArgP
Tests run: 5, Failures: 0, Errors: 0, Skipped: 0, Time elapsed: 0.001 sec - in net.opentsdb.utils.TestArgP
Running net.opentsdb.utils.TestConfig
Tests run: 80, Failures: 0, Errors: 0, Skipped: 0, Time elapsed: 2.495 sec - in net.opentsdb.utils.TestConfig
Running net.opentsdb.utils.TestByteArrayPair
Tests run: 22, Failures: 0, Errors: 0, Skipped: 0, Time elapsed: 0.009 sec - in net.opentsdb.utils.TestByteArrayPair
Running net.opentsdb.utils.TestConcurrentByteMap
Tests run: 2, Failures: 0, Errors: 0, Skipped: 0, Time elapsed: 0.008 sec - in net.opentsdb.utils.TestConcurrentByteMap
Running net.opentsdb.utils.TestDateTime
Tests run: 81, Failures: 0, Errors: 0, Skipped: 0, Time elapsed: 1.594 sec - in net.opentsdb.utils.TestDateTime
Running net.opentsdb.data.TestSecondTimeStamp
Tests run: 15, Failures: 0, Errors: 0, Skipped: 0, Time elapsed: 0.043 sec - in net.opentsdb.data.TestSecondTimeStamp
Running net.opentsdb.data.TestTimeStamp
Tests run: 1, Failures: 0, Errors: 0, Skipped: 0, Time elapsed: 0.001 sec - in net.opentsdb.data.TestTimeStamp
Running net.opentsdb.data.TestZonedNanoTimeStamp
Tests run: 19, Failures: 0, Errors: 0, Skipped: 0, Time elapsed: 0.22 sec - in net.opentsdb.data.TestZonedNanoTimeStamp
Running net.opentsdb.data.TestMillisecondTimeStamp
Tests run: 15, Failures: 0, Errors: 0, Skipped: 0, Time elapsed: 0.014 sec - in net.opentsdb.data.TestMillisecondTimeStamp
Running net.opentsdb.data.TestTimeSeriesDatumStringWrapperId
Tests run: 1, Failures: 0, Errors: 0, Skipped: 0, Time elapsed: 0.003 sec - in net.opentsdb.data.TestTimeSeriesDatumStringWrapperId
Running net.opentsdb.data.TestTimeSeriesDatum
Tests run: 1, Failures: 0, Errors: 0, Skipped: 0, Time elapsed: 0.006 sec - in net.opentsdb.data.TestTimeSeriesDatum
Running net.opentsdb.data.TestTimeSeriesSharedTagsAndTimeData
Tests run: 1, Failures: 0, Errors: 0, Skipped: 0, Time elapsed: 0.013 sec - in net.opentsdb.data.TestTimeSeriesSharedTagsAndTimeData
Running net.opentsdb.data.TestTimeSeriesValue
Tests run: 1, Failures: 0, Errors: 0, Skipped: 0, Time elapsed: 0.001 sec - in net.opentsdb.data.TestTimeSeriesValue
Running net.opentsdb.data.TestMockTimeSeries
Tests run: 3, Failures: 0, Errors: 0, Skipped: 0, Time elapsed: 0.012 sec - in net.opentsdb.data.TestMockTimeSeries
Running net.opentsdb.exceptions.TestRemoteQueryExecutionException
Tests run: 1, Failures: 0, Errors: 0, Skipped: 0, Time elapsed: 0.005 sec - in net.opentsdb.exceptions.TestRemoteQueryExecutionException
Running net.opentsdb.exceptions.TestQueryExecutionException
Tests run: 1, Failures: 0, Errors: 0, Skipped: 0, Time elapsed: 0 sec - in net.opentsdb.exceptions.TestQueryExecutionException

Results :

Tests run: 418, Failures: 0, Errors: 0, Skipped: 0

added manifest
adding: net/opentsdb/utils/DummyPluginA.class(in = 548) (out= 343)(deflated 37%)
adding: net/opentsdb/utils/DummyPluginB.class(in = 548) (out= 343)(deflated 37%)

-------------------------------------------------------
 T E S T S
-------------------------------------------------------
Running net.opentsdb.stats.TestMockTrace
Tests run: 5, Failures: 0, Errors: 0, Skipped: 0, Time elapsed: 0.064 sec - in net.opentsdb.stats.TestMockTrace
Running net.opentsdb.configuration.TestConfigurationEntrySchema
Tests run: 9, Failures: 0, Errors: 0, Skipped: 0, Time elapsed: 0.518 sec - in net.opentsdb.configuration.TestConfigurationEntrySchema
Running net.opentsdb.configuration.TestConfiguration
Tests run: 26, Failures: 0, Errors: 0, Skipped: 0, Time elapsed: 1.699 sec - in net.opentsdb.configuration.TestConfiguration
Running net.opentsdb.configuration.provider.TestYamlJsonFileProvider
Tests run: 15, Failures: 0, Errors: 0, Skipped: 0, Time elapsed: 2.696 sec - in net.opentsdb.configuration.provider.TestYamlJsonFileProvider
Running net.opentsdb.configuration.provider.TestProvider
Tests run: 2, Failures: 0, Errors: 0, Skipped: 0, Time elapsed: 0.024 sec - in net.opentsdb.configuration.provider.TestProvider
Running net.opentsdb.configuration.provider.TestSecretsProviderFactory
Tests run: 2, Failures: 0, Errors: 0, Skipped: 0, Time elapsed: 0.006 sec - in net.opentsdb.configuration.provider.TestSecretsProviderFactory
Running net.opentsdb.configuration.provider.TestFileFactory
Tests run: 2, Failures: 0, Errors: 0, Skipped: 0, Time elapsed: 0.01 sec - in net.opentsdb.configuration.provider.TestFileFactory
Running net.opentsdb.configuration.provider.TestEnvironmentProvider
Tests run: 3, Failures: 0, Errors: 0, Skipped: 0, Time elapsed: 0.004 sec - in net.opentsdb.configuration.provider.TestEnvironmentProvider
Running net.opentsdb.configuration.provider.TestCommandLineProvider
Tests run: 2, Failures: 0, Errors: 0, Skipped: 0, Time elapsed: 0.002 sec - in net.opentsdb.configuration.provider.TestCommandLineProvider
Running net.opentsdb.configuration.provider.TestSystemPropertiesProvider
Tests run: 2, Failures: 0, Errors: 0, Skipped: 0, Time elapsed: 0.002 sec - in net.opentsdb.configuration.provider.TestSystemPropertiesProvider
Running net.opentsdb.configuration.provider.TestPropertiesFileProvider
Tests run: 5, Failures: 0, Errors: 0, Skipped: 0, Time elapsed: 1.492 sec - in net.opentsdb.configuration.provider.TestPropertiesFileProvider
Running net.opentsdb.configuration.TestConfigurationOverride
Tests run: 6, Failures: 0, Errors: 0, Skipped: 0, Time elapsed: 0.003 sec - in net.opentsdb.configuration.TestConfigurationOverride
Running net.opentsdb.configuration.TestConfigurationError
Tests run: 1, Failures: 0, Errors: 0, Skipped: 0, Time elapsed: 0.001 sec - in net.opentsdb.configuration.TestConfigurationError
Running net.opentsdb.configuration.TestConfigurationEntry
Tests run: 21, Failures: 0, Errors: 0, Skipped: 0, Time elapsed: 0.028 sec - in net.opentsdb.configuration.TestConfigurationEntry
Running net.opentsdb.storage.TestWriteStatus
Tests run: 4, Failures: 0, Errors: 0, Skipped: 0, Time elapsed: 0.003 sec - in net.opentsdb.storage.TestWriteStatus
Running net.opentsdb.core.TestBaseTSDBPlugin
Tests run: 1, Failures: 0, Errors: 0, Skipped: 0, Time elapsed: 0.006 sec - in net.opentsdb.core.TestBaseTSDBPlugin
Running net.opentsdb.query.filter.TestNotFilterAndFactory
Tests run: 5, Failures: 0, Errors: 0, Skipped: 0, Time elapsed: 0.127 sec - in net.opentsdb.query.filter.TestNotFilterAndFactory
Running net.opentsdb.query.filter.TestChainFilterAndFactory
Tests run: 5, Failures: 0, Errors: 0, Skipped: 0, Time elapsed: 0.064 sec - in net.opentsdb.query.filter.TestChainFilterAndFactory
Running net.opentsdb.utils.TestByteSet
Tests run: 2, Failures: 0, Errors: 0, Skipped: 0, Time elapsed: 0.015 sec - in net.opentsdb.utils.TestByteSet
Running net.opentsdb.utils.TestStringUtils
Tests run: 3, Failures: 0, Errors: 0, Skipped: 0, Time elapsed: 0.006 sec - in net.opentsdb.utils.TestStringUtils
Running net.opentsdb.utils.TestFileSystem
Tests run: 1, Failures: 0, Errors: 0, Skipped: 0, Time elapsed: 0.493 sec - in net.opentsdb.utils.TestFileSystem
Running net.opentsdb.utils.TestComparators
Tests run: 2, Failures: 0, Errors: 0, Skipped: 0, Time elapsed: 0.001 sec - in net.opentsdb.utils.TestComparators
Running net.opentsdb.utils.TestExceptions
Tests run: 2, Failures: 0, Errors: 0, Skipped: 0, Time elapsed: 0.001 sec - in net.opentsdb.utils.TestExceptions
Running net.opentsdb.utils.TestPluginLoader
Tests run: 15, Failures: 0, Errors: 0, Skipped: 0, Time elapsed: 0.147 sec - in net.opentsdb.utils.TestPluginLoader
Running net.opentsdb.utils.TestBytes
Tests run: 5, Failures: 0, Errors: 0, Skipped: 0, Time elapsed: 0.004 sec - in net.opentsdb.utils.TestBytes
Running net.opentsdb.utils.TestPair
Tests run: 23, Failures: 0, Errors: 0, Skipped: 0, Time elapsed: 0.007 sec - in net.opentsdb.utils.TestPair
Running net.opentsdb.utils.TestArgP
Tests run: 5, Failures: 0, Errors: 0, Skipped: 0, Time elapsed: 0 sec - in net.opentsdb.utils.TestArgP
Running net.opentsdb.utils.TestConfig
Tests run: 80, Failures: 0, Errors: 0, Skipped: 0, Time elapsed: 2.964 sec - in net.opentsdb.utils.TestConfig
Running net.opentsdb.utils.TestByteArrayPair
Tests run: 22, Failures: 0, Errors: 0, Skipped: 0, Time elapsed: 0.006 sec - in net.opentsdb.utils.TestByteArrayPair
Running net.opentsdb.utils.TestConcurrentByteMap
Tests run: 2, Failures: 0, Errors: 0, Skipped: 0, Time elapsed: 0 sec - in net.opentsdb.utils.TestConcurrentByteMap
Running net.opentsdb.utils.TestDateTime
Tests run: 81, Failures: 0, Errors: 0, Skipped: 0, Time elapsed: 1.557 sec - in net.opentsdb.utils.TestDateTime
Running net.opentsdb.data.TestSecondTimeStamp
Tests run: 15, Failures: 0, Errors: 0, Skipped: 0, Time elapsed: 0.062 sec - in net.opentsdb.data.TestSecondTimeStamp
Running net.opentsdb.data.TestTimeStamp
Tests run: 1, Failures: 0, Errors: 0, Skipped: 0, Time elapsed: 0.002 sec - in net.opentsdb.data.TestTimeStamp
Running net.opentsdb.data.TestZonedNanoTimeStamp
Tests run: 19, Failures: 0, Errors: 0, Skipped: 0, Time elapsed: 0.174 sec - in net.opentsdb.data.TestZonedNanoTimeStamp
Running net.opentsdb.data.TestMillisecondTimeStamp
Tests run: 15, Failures: 0, Errors: 0, Skipped: 0, Time elapsed: 0.011 sec - in net.opentsdb.data.TestMillisecondTimeStamp
Running net.opentsdb.data.TestTimeSeriesDatumStringWrapperId
Tests run: 1, Failures: 0, Errors: 0, Skipped: 0, Time elapsed: 0.003 sec - in net.opentsdb.data.TestTimeSeriesDatumStringWrapperId
Running net.opentsdb.data.TestTimeSeriesDatum
Tests run: 1, Failures: 0, Errors: 0, Skipped: 0, Time elapsed: 0.006 sec - in net.opentsdb.data.TestTimeSeriesDatum
Running net.opentsdb.data.TestTimeSeriesSharedTagsAndTimeData
Tests run: 1, Failures: 0, Errors: 0, Skipped: 0, Time elapsed: 0.015 sec - in net.opentsdb.data.TestTimeSeriesSharedTagsAndTimeData
Running net.opentsdb.data.TestTimeSeriesValue
Tests run: 1, Failures: 0, Errors: 0, Skipped: 0, Time elapsed: 0.001 sec - in net.opentsdb.data.TestTimeSeriesValue
Running net.opentsdb.data.TestMockTimeSeries
Tests run: 3, Failures: 0, Errors: 0, Skipped: 0, Time elapsed: 0.012 sec - in net.opentsdb.data.TestMockTimeSeries
Running net.opentsdb.exceptions.TestRemoteQueryExecutionException
Tests run: 1, Failures: 0, Errors: 0, Skipped: 0, Time elapsed: 0.001 sec - in net.opentsdb.exceptions.TestRemoteQueryExecutionException
Running net.opentsdb.exceptions.TestQueryExecutionException
Tests run: 1, Failures: 0, Errors: 0, Skipped: 0, Time elapsed: 0.003 sec - in net.opentsdb.exceptions.TestQueryExecutionException

Results :

Tests run: 418, Failures: 0, Errors: 0, Skipped: 0

[[1;31mERROR[m] net.sourceforge.cobertura.javancss.parser.ParseException: Encountered " "default" "default "" at line 29, column 3.
Was expecting one of:
    "abstract" ...
    "boolean" ...
    "byte" ...
    "char" ...
    "class" ...
    "double" ...
    "enum" ...
    "final" ...
    "float" ...
    "int" ...
    "interface" ...
    "long" ...
    "native" ...
    "private" ...
    "protected" ...
    "public" ...
    "short" ...
    "static" ...
    "strictfp" ...
    "synchronized" ...
    "transient" ...
    "void" ...
    "volatile" ...
    <IDENTIFIER> ...
    "}" ...
    ";" ...
    "@" ...
    "<" ...
    
	at net.sourceforge.cobertura.javancss.parser.JavaParser.generateParseException(JavaParser.java:10490)
	at net.sourceforge.cobertura.javancss.parser.JavaParser.jj_consume_token(JavaParser.java:10366)
	at net.sourceforge.cobertura.javancss.parser.JavaParser.UnmodifiedInterfaceDeclaration(JavaParser.java:1475)
	at net.sourceforge.cobertura.javancss.parser.JavaParser.InterfaceDeclaration(JavaParser.java:1273)
	at net.sourceforge.cobertura.javancss.parser.JavaParser.TypeDeclaration(JavaParser.java:580)
	at net.sourceforge.cobertura.javancss.parser.JavaParser.CompilationUnit(JavaParser.java:318)
	at net.sourceforge.cobertura.javancss.parser.JavaParser.parse(JavaParser.java:100)
	at net.sourceforge.cobertura.javancss.Javancss._measureSource(Javancss.java:192)
	at net.sourceforge.cobertura.javancss.Javancss._measureRoot(Javancss.java:268)
	at net.sourceforge.cobertura.javancss.Javancss.<init>(Javancss.java:347)
	at net.sourceforge.cobertura.javancss.JavancssFactory.newInstance(JavancssFactory.java:40)
	at net.sourceforge.cobertura.reporting.ComplexityCalculator.getFunctionMetricsForSingleFile(ComplexityCalculator.java:243)
	at net.sourceforge.cobertura.reporting.ComplexityCalculator.getAccumlatedCCNForSingleFile(ComplexityCalculator.java:143)
	at net.sourceforge.cobertura.reporting.ComplexityCalculator.getCCNForSourceFileNameInternal(ComplexityCalculator.java:273)
	at net.sourceforge.cobertura.reporting.ComplexityCalculator.getCCNForPackageInternal(ComplexityCalculator.java:208)
	at net.sourceforge.cobertura.reporting.ComplexityCalculator.getCCNForProject(ComplexityCalculator.java:174)
	at net.sourceforge.cobertura.reporting.xml.XMLReport.<init>(XMLReport.java:70)
	at net.sourceforge.cobertura.reporting.xml.XMLReportFormatStrategy.save(XMLReportFormatStrategy.java:18)
	at net.sourceforge.cobertura.reporting.NativeReport.export(NativeReport.java:31)
	at net.sourceforge.cobertura.reporting.CompositeReport.export(CompositeReport.java:19)
	at net.sourceforge.cobertura.reporting.ReportMain.parseArgumentsAndReport(ReportMain.java:91)
	at net.sourceforge.cobertura.reporting.ReportMain.generateReport(ReportMain.java:141)
	at net.sourceforge.cobertura.reporting.ReportMain.main(ReportMain.java:151)
net.sourceforge.cobertura.javancss.parser.ParseException: Encountered " "default" "default "" at line 41, column 10.
Was expecting one of:
    "boolean" ...
    "byte" ...
    "char" ...
    "double" ...
    "final" ...
    "float" ...
    "int" ...
    "long" ...
    "private" ...
    "protected" ...
    "public" ...
    "short" ...
    "static" ...
    "transient" ...
    "volatile" ...
    "@" ...
    "static" ...
    "final" ...
    "public" ...
    "protected" ...
    "private" ...
    "static" ...
    "final" ...
    "public" ...
    "protected" ...
    "private" ...
    "public" ...
    "static" ...
    "protected" ...
    "private" ...
    "final" ...
    "transient" ...
    "volatile" ...
    "@" ...
    "@" ...
    "@" ...
    "public" ...
    "protected" ...
    "private" ...
    "static" ...
    "final" ...
    "@" ...
    "@" ...
    "@" ...
    "boolean" ...
    "char" ...
    "byte" ...
    "short" ...
    "int" ...
    "long" ...
    "float" ...
    "double" ...
    "boolean" ...
    "char" ...
    "byte" ...
    "short" ...
    "int" ...
    "long" ...
    "float" ...
    "double" ...
    "boolean" ...
    "char" ...
    "byte" ...
    "short" ...
    "int" ...
    "long" ...
    "float" ...
    "double" ...
    "public" ...
    "static" ...
    "protected" ...
    "private" ...
    "final" ...
    "transient" ...
    "volatile" ...
    "@" ...
    "@" ...
    "@" ...
    
	at net.sourceforge.cobertura.javancss.parser.JavaParser.generateParseException(JavaParser.java:10490)
	at net.sourceforge.cobertura.javancss.parser.JavaParser.jj_consume_token(JavaParser.java:10366)
	at net.sourceforge.cobertura.javancss.parser.JavaParser.Type(JavaParser.java:2509)
	at net.sourceforge.cobertura.javancss.parser.JavaParser.FieldDeclaration(JavaParser.java:1648)
	at net.sourceforge.cobertura.javancss.parser.JavaParser.InterfaceMemberDeclaration(JavaParser.java:1549)
	at net.sourceforge.cobertura.javancss.parser.JavaParser.UnmodifiedInterfaceDeclaration(JavaParser.java:1473)
	at net.sourceforge.cobertura.javancss.parser.JavaParser.InterfaceDeclaration(JavaParser.java:1273)
	at net.sourceforge.cobertura.javancss.parser.JavaParser.TypeDeclaration(JavaParser.java:580)
	at net.sourceforge.cobertura.javancss.parser.JavaParser.CompilationUnit(JavaParser.java:318)
	at net.sourceforge.cobertura.javancss.parser.JavaParser.parse(JavaParser.java:100)
	at net.sourceforge.cobertura.javancss.Javancss._measureSource(Javancss.java:192)
	at net.sourceforge.cobertura.javancss.Javancss._measureRoot(Javancss.java:268)
	at net.sourceforge.cobertura.javancss.Javancss.<init>(Javancss.java:347)
	at net.sourceforge.cobertura.javancss.JavancssFactory.newInstance(JavancssFactory.java:40)
	at net.sourceforge.cobertura.reporting.ComplexityCalculator.getFunctionMetricsForSingleFile(ComplexityCalculator.java:243)
	at net.sourceforge.cobertura.reporting.ComplexityCalculator.getAccumlatedCCNForSingleFile(ComplexityCalculator.java:143)
	at net.sourceforge.cobertura.reporting.ComplexityCalculator.getCCNForSourceFileNameInternal(ComplexityCalculator.java:273)
	at net.sourceforge.cobertura.reporting.ComplexityCalculator.getCCNForPackageInternal(ComplexityCalculator.java:208)
	at net.sourceforge.cobertura.reporting.ComplexityCalculator.getCCNForProject(ComplexityCalculator.java:174)
	at net.sourceforge.cobertura.reporting.xml.XMLReport.<init>(XMLReport.java:70)
	at net.sourceforge.cobertura.reporting.xml.XMLReportFormatStrategy.save(XMLReportFormatStrategy.java:18)
	at net.sourceforge.cobertura.reporting.NativeReport.export(NativeReport.java:31)
	at net.sourceforge.cobertura.reporting.CompositeReport.export(CompositeReport.java:19)
	at net.sourceforge.cobertura.reporting.ReportMain.parseArgumentsAndReport(ReportMain.java:91)
	at net.sourceforge.cobertura.reporting.ReportMain.generateReport(ReportMain.java:141)
	at net.sourceforge.cobertura.reporting.ReportMain.main(ReportMain.java:151)


-------------------------------------------------------
 T E S T S
-------------------------------------------------------
Running net.opentsdb.uid.TestRandomUniqueId
Tests run: 11, Failures: 0, Errors: 0, Skipped: 0, Time elapsed: 0.082 sec - in net.opentsdb.uid.TestRandomUniqueId
Running net.opentsdb.uid.TestLRUUniqueId
Tests run: 41, Failures: 0, Errors: 0, Skipped: 0, Time elapsed: 1.02 sec - in net.opentsdb.uid.TestLRUUniqueId
Running net.opentsdb.uid.TestIdOrError
Tests run: 4, Failures: 0, Errors: 0, Skipped: 0, Time elapsed: 0 sec - in net.opentsdb.uid.TestIdOrError
Running net.opentsdb.stats.TestHistogram
Tests run: 4, Failures: 0, Errors: 0, Skipped: 0, Time elapsed: 0.01 sec - in net.opentsdb.stats.TestHistogram
Running net.opentsdb.stats.TestTsdbTracer
Tests run: 5, Failures: 0, Errors: 0, Skipped: 0, Time elapsed: 0.004 sec - in net.opentsdb.stats.TestTsdbTracer
Running net.opentsdb.pools.TestIntArrayPool
Tests run: 1, Failures: 0, Errors: 0, Skipped: 0, Time elapsed: 0.107 sec - in net.opentsdb.pools.TestIntArrayPool
Running net.opentsdb.pools.TestDummyObjectPool
Tests run: 1, Failures: 0, Errors: 0, Skipped: 0, Time elapsed: 0.031 sec - in net.opentsdb.pools.TestDummyObjectPool
Running net.opentsdb.pools.TestStringBuilderPool
Tests run: 1, Failures: 0, Errors: 0, Skipped: 0, Time elapsed: 0.116 sec - in net.opentsdb.pools.TestStringBuilderPool
Running net.opentsdb.pools.TestDoubleArrayPool
Tests run: 1, Failures: 0, Errors: 0, Skipped: 0, Time elapsed: 0.105 sec - in net.opentsdb.pools.TestDoubleArrayPool
Running net.opentsdb.pools.TestByteArrayPool
Tests run: 1, Failures: 0, Errors: 0, Skipped: 0, Time elapsed: 0.093 sec - in net.opentsdb.pools.TestByteArrayPool
Running net.opentsdb.pools.TestLongArrayPool
Tests run: 1, Failures: 0, Errors: 0, Skipped: 0, Time elapsed: 0.087 sec - in net.opentsdb.pools.TestLongArrayPool
Running net.opentsdb.pools.TestDefaultObjectPoolConfig
Tests run: 1, Failures: 0, Errors: 0, Skipped: 0, Time elapsed: 0.001 sec - in net.opentsdb.pools.TestDefaultObjectPoolConfig
Running net.opentsdb.pools.TestNoDataPartialTimeSeriesPool
Tests run: 1, Failures: 0, Errors: 0, Skipped: 0, Time elapsed: 0.069 sec - in net.opentsdb.pools.TestNoDataPartialTimeSeriesPool
Running net.opentsdb.pools.TestBlockingQueueObjectPool
Tests run: 1, Failures: 0, Errors: 0, Skipped: 0, Time elapsed: 0.006 sec - in net.opentsdb.pools.TestBlockingQueueObjectPool
Running net.opentsdb.storage.TestMockDataStore
Tests run: 2, Failures: 0, Errors: 0, Skipped: 0, Time elapsed: 0.466 sec - in net.opentsdb.storage.TestMockDataStore
Running net.opentsdb.storage.schemas.tsdb1x.TestTsdb1xPartialTimeSeriesSetPool
Tests run: 1, Failures: 0, Errors: 0, Skipped: 0, Time elapsed: 0.066 sec - in net.opentsdb.storage.schemas.tsdb1x.TestTsdb1xPartialTimeSeriesSetPool
Running net.opentsdb.storage.schemas.tsdb1x.TestPooledPartialTimeSeriesRunnablePool
Tests run: 1, Failures: 0, Errors: 0, Skipped: 0, Time elapsed: 0.066 sec - in net.opentsdb.storage.schemas.tsdb1x.TestPooledPartialTimeSeriesRunnablePool
Running net.opentsdb.storage.schemas.tsdb1x.TestNumericSpan
Tests run: 22, Failures: 0, Errors: 0, Skipped: 0, Time elapsed: 1.237 sec - in net.opentsdb.storage.schemas.tsdb1x.TestNumericSpan
Running net.opentsdb.storage.schemas.tsdb1x.TestTsdb1xNumericSummaryPartialTimeSeriesPool
Tests run: 1, Failures: 0, Errors: 0, Skipped: 0, Time elapsed: 0.041 sec - in net.opentsdb.storage.schemas.tsdb1x.TestTsdb1xNumericSummaryPartialTimeSeriesPool
Running net.opentsdb.storage.schemas.tsdb1x.TestTsdb1xNumericPartialTimeSeries
Tests run: 21, Failures: 0, Errors: 0, Skipped: 0, Time elapsed: 0.053 sec - in net.opentsdb.storage.schemas.tsdb1x.TestTsdb1xNumericPartialTimeSeries
Running net.opentsdb.storage.schemas.tsdb1x.TestNumericSummaryCodec
Tests run: 1, Failures: 0, Errors: 0, Skipped: 0, Time elapsed: 0 sec - in net.opentsdb.storage.schemas.tsdb1x.TestNumericSummaryCodec
Running net.opentsdb.storage.schemas.tsdb1x.TestTSUID
Tests run: 8, Failures: 0, Errors: 0, Skipped: 0, Time elapsed: 0.103 sec - in net.opentsdb.storage.schemas.tsdb1x.TestTSUID
Running net.opentsdb.storage.schemas.tsdb1x.TestNumericSummaryRowSeq
Tests run: 15, Failures: 0, Errors: 0, Skipped: 0, Time elapsed: 0.679 sec - in net.opentsdb.storage.schemas.tsdb1x.TestNumericSummaryRowSeq
Running net.opentsdb.storage.schemas.tsdb1x.TestTsdb1xQueryResult
Tests run: 7, Failures: 0, Errors: 0, Skipped: 0, Time elapsed: 0.424 sec - in net.opentsdb.storage.schemas.tsdb1x.TestTsdb1xQueryResult
Running net.opentsdb.storage.schemas.tsdb1x.TestTsdb1xTimeSeries
Tests run: 7, Failures: 0, Errors: 0, Skipped: 0, Time elapsed: 0.094 sec - in net.opentsdb.storage.schemas.tsdb1x.TestTsdb1xTimeSeries
Running net.opentsdb.storage.schemas.tsdb1x.TestTsdb1xPartialTimeSeriesSet
Tests run: 18, Failures: 0, Errors: 0, Skipped: 0, Time elapsed: 0.165 sec - in net.opentsdb.storage.schemas.tsdb1x.TestTsdb1xPartialTimeSeriesSet
Running net.opentsdb.storage.schemas.tsdb1x.TestSchema
Tests run: 24, Failures: 0, Errors: 0, Skipped: 0, Time elapsed: 0.648 sec - in net.opentsdb.storage.schemas.tsdb1x.TestSchema
Running net.opentsdb.storage.schemas.tsdb1x.TestSchemaFactory
Tests run: 9, Failures: 0, Errors: 0, Skipped: 0, Time elapsed: 2.022 sec - in net.opentsdb.storage.schemas.tsdb1x.TestSchemaFactory
Running net.opentsdb.storage.schemas.tsdb1x.TestNumericRowSeq
Tests run: 20, Failures: 0, Errors: 0, Skipped: 0, Time elapsed: 0.869 sec - in net.opentsdb.storage.schemas.tsdb1x.TestNumericRowSeq
Running net.opentsdb.storage.schemas.tsdb1x.TestPooledPartialTimeSeriesRunnable
Tests run: 4, Failures: 0, Errors: 0, Skipped: 0, Time elapsed: 0.006 sec - in net.opentsdb.storage.schemas.tsdb1x.TestPooledPartialTimeSeriesRunnable
Running net.opentsdb.storage.schemas.tsdb1x.TestTsdb1xNumericPartialTimeSeriesPool
Tests run: 1, Failures: 0, Errors: 0, Skipped: 0, Time elapsed: 0.047 sec - in net.opentsdb.storage.schemas.tsdb1x.TestTsdb1xNumericPartialTimeSeriesPool
Running net.opentsdb.storage.schemas.tsdb1x.TestNumericSummarySpan
Tests run: 12, Failures: 0, Errors: 0, Skipped: 0, Time elapsed: 0.515 sec - in net.opentsdb.storage.schemas.tsdb1x.TestNumericSummarySpan
Running net.opentsdb.storage.schemas.tsdb1x.TestFilterUidResolver
Tests run: 9, Failures: 0, Errors: 0, Skipped: 0, Time elapsed: 0.064 sec - in net.opentsdb.storage.schemas.tsdb1x.TestFilterUidResolver
Running net.opentsdb.storage.schemas.tsdb1x.TestNumericCodec
Tests run: 17, Failures: 0, Errors: 0, Skipped: 0, Time elapsed: 0.189 sec - in net.opentsdb.storage.schemas.tsdb1x.TestNumericCodec
Running net.opentsdb.storage.schemas.tsdb1x.TestTsdb1xNumericSummaryPartialTimeSeries
Tests run: 13, Failures: 0, Errors: 0, Skipped: 0, Time elapsed: 0.019 sec - in net.opentsdb.storage.schemas.tsdb1x.TestTsdb1xNumericSummaryPartialTimeSeries
Running net.opentsdb.storage.TestDefaultDatumIdValidator
Tests run: 5, Failures: 0, Errors: 0, Skipped: 0, Time elapsed: 0.218 sec - in net.opentsdb.storage.TestDefaultDatumIdValidator
Running net.opentsdb.meta.TestDefaultMetaQuery
Tests run: 5, Failures: 0, Errors: 0, Skipped: 0, Time elapsed: 0.652 sec - in net.opentsdb.meta.TestDefaultMetaQuery
Running net.opentsdb.threadpools.TestFixedThreadPoolExecutor
Tests run: 2, Failures: 0, Errors: 0, Skipped: 0, Time elapsed: 0.106 sec - in net.opentsdb.threadpools.TestFixedThreadPoolExecutor
Running net.opentsdb.threadpools.TestUserAwareThreadPoolExecutor
Tests run: 13, Failures: 0, Errors: 0, Skipped: 0, Time elapsed: 1.731 sec - in net.opentsdb.threadpools.TestUserAwareThreadPoolExecutor
Running net.opentsdb.core.TestPluginsConfig
Tests run: 33, Failures: 0, Errors: 0, Skipped: 0, Time elapsed: 9.514 sec - in net.opentsdb.core.TestPluginsConfig
Running net.opentsdb.core.TestTags
Tests run: 60, Failures: 0, Errors: 0, Skipped: 0, Time elapsed: 0.01 sec - in net.opentsdb.core.TestTags
Running net.opentsdb.core.TestRegistry
Tests run: 5, Failures: 0, Errors: 0, Skipped: 0, Time elapsed: 2.222 sec - in net.opentsdb.core.TestRegistry
Running net.opentsdb.query.filter.TestFilterUtils
Tests run: 6, Failures: 0, Errors: 0, Skipped: 0, Time elapsed: 0.007 sec - in net.opentsdb.query.filter.TestFilterUtils
Running net.opentsdb.query.filter.TestTagValueRangeFilterAndFactory
Tests run: 9, Failures: 0, Errors: 0, Skipped: 0, Time elapsed: 0.067 sec - in net.opentsdb.query.filter.TestTagValueRangeFilterAndFactory
Running net.opentsdb.query.filter.TestPassThroughFilter
Tests run: 5, Failures: 0, Errors: 0, Skipped: 0, Time elapsed: 0.003 sec - in net.opentsdb.query.filter.TestPassThroughFilter
Running net.opentsdb.query.filter.TestTagValueWildcardFilterAndFactory
Tests run: 5, Failures: 0, Errors: 0, Skipped: 0, Time elapsed: 0.063 sec - in net.opentsdb.query.filter.TestTagValueWildcardFilterAndFactory
Running net.opentsdb.query.filter.TestMetricLiteralFilter
Tests run: 5, Failures: 0, Errors: 0, Skipped: 0, Time elapsed: 0.005 sec - in net.opentsdb.query.filter.TestMetricLiteralFilter
Running net.opentsdb.query.filter.TestMetricRegexFilter
Tests run: 5, Failures: 0, Errors: 0, Skipped: 0, Time elapsed: 0.005 sec - in net.opentsdb.query.filter.TestMetricRegexFilter
Running net.opentsdb.query.filter.TestTagValueLiteralOrFilterAndFactory
Tests run: 7, Failures: 0, Errors: 0, Skipped: 0, Time elapsed: 0.06 sec - in net.opentsdb.query.filter.TestTagValueLiteralOrFilterAndFactory
Running net.opentsdb.query.filter.TestDefaultNamedFilter
Tests run: 2, Failures: 0, Errors: 0, Skipped: 0, Time elapsed: 0.002 sec - in net.opentsdb.query.filter.TestDefaultNamedFilter
Running net.opentsdb.query.filter.TestExplicitTagsFilterAndFactory
Tests run: 6, Failures: 0, Errors: 0, Skipped: 0, Time elapsed: 0.068 sec - in net.opentsdb.query.filter.TestExplicitTagsFilterAndFactory
Running net.opentsdb.query.filter.TestAnyFieldRegexFilter
Tests run: 5, Failures: 0, Errors: 0, Skipped: 0, Time elapsed: 0.06 sec - in net.opentsdb.query.filter.TestAnyFieldRegexFilter
Running net.opentsdb.query.filter.TestTagValueRegexFilterAndFactory
Tests run: 5, Failures: 0, Errors: 0, Skipped: 0, Time elapsed: 0.06 sec - in net.opentsdb.query.filter.TestTagValueRegexFilterAndFactory
Running net.opentsdb.query.TestConvertedQueryResult
Tests run: 2, Failures: 0, Errors: 0, Skipped: 0, Time elapsed: 0.028 sec - in net.opentsdb.query.TestConvertedQueryResult
Running net.opentsdb.query.joins.TestNaturalOuterJoin
Tests run: 10, Failures: 0, Errors: 0, Skipped: 0, Time elapsed: 0.014 sec - in net.opentsdb.query.joins.TestNaturalOuterJoin
Running net.opentsdb.query.joins.TestJoiner
Tests run: 37, Failures: 0, Errors: 0, Skipped: 0, Time elapsed: 0.044 sec - in net.opentsdb.query.joins.TestJoiner
Running net.opentsdb.query.joins.TestOuterJoin
Tests run: 13, Failures: 0, Errors: 0, Skipped: 0, Time elapsed: 0.005 sec - in net.opentsdb.query.joins.TestOuterJoin
Running net.opentsdb.query.joins.TestKeyedHashedJoinSet
Tests run: 2, Failures: 0, Errors: 0, Skipped: 0, Time elapsed: 0.001 sec - in net.opentsdb.query.joins.TestKeyedHashedJoinSet
Running net.opentsdb.query.joins.TestCrossJoin
Tests run: 7, Failures: 0, Errors: 0, Skipped: 0, Time elapsed: 0.002 sec - in net.opentsdb.query.joins.TestCrossJoin
Running net.opentsdb.query.joins.TestInnerJoin
Tests run: 7, Failures: 0, Errors: 0, Skipped: 0, Time elapsed: 0.002 sec - in net.opentsdb.query.joins.TestInnerJoin
Running net.opentsdb.query.joins.TestRightDisjointJoin
Tests run: 7, Failures: 0, Errors: 0, Skipped: 0, Time elapsed: 0.004 sec - in net.opentsdb.query.joins.TestRightDisjointJoin
Running net.opentsdb.query.joins.TestBaseIdOverride
Tests run: 2, Failures: 0, Errors: 0, Skipped: 0, Time elapsed: 0.001 sec - in net.opentsdb.query.joins.TestBaseIdOverride
Running net.opentsdb.query.joins.TestLeftDisjointJoin
Tests run: 7, Failures: 0, Errors: 0, Skipped: 0, Time elapsed: 0.004 sec - in net.opentsdb.query.joins.TestLeftDisjointJoin
Running net.opentsdb.query.joins.TestJoinConfig
Tests run: 4, Failures: 0, Errors: 0, Skipped: 0, Time elapsed: 0.028 sec - in net.opentsdb.query.joins.TestJoinConfig
Running net.opentsdb.query.TestReadCacheQueryPipelineContext
Tests run: 25, Failures: 0, Errors: 0, Skipped: 0, Time elapsed: 2.847 sec - in net.opentsdb.query.TestReadCacheQueryPipelineContext
Running net.opentsdb.query.TestAbstractQueryPipelineContext
Tests run: 10, Failures: 0, Errors: 0, Skipped: 0, Time elapsed: 0.575 sec - in net.opentsdb.query.TestAbstractQueryPipelineContext
Running net.opentsdb.query.TestDefaultQueryContextFilter
Tests run: 14, Failures: 0, Errors: 0, Skipped: 0, Time elapsed: 0.775 sec - in net.opentsdb.query.TestDefaultQueryContextFilter
Running net.opentsdb.query.TestBaseQueryNodeConfigWithInterpolators
Tests run: 3, Failures: 0, Errors: 0, Skipped: 0, Time elapsed: 0.004 sec - in net.opentsdb.query.TestBaseQueryNodeConfigWithInterpolators
Running net.opentsdb.query.router.TestTimeRouterFactory
Tests run: 5, Failures: 0, Errors: 0, Skipped: 0, Time elapsed: 0.519 sec - in net.opentsdb.query.router.TestTimeRouterFactory
Running net.opentsdb.query.router.TestTimeRouterConfigEntry
Tests run: 5, Failures: 0, Errors: 0, Skipped: 0, Time elapsed: 1.398 sec - in net.opentsdb.query.router.TestTimeRouterConfigEntry
Running net.opentsdb.query.TestSliceConfig
Tests run: 4, Failures: 0, Errors: 0, Skipped: 0, Time elapsed: 0.002 sec - in net.opentsdb.query.TestSliceConfig
Running net.opentsdb.query.execution.serdes.TestJsonV3QuerySerdes
Tests run: 6, Failures: 0, Errors: 6, Skipped: 0, Time elapsed: 0.011 sec <<< FAILURE! - in net.opentsdb.query.execution.serdes.TestJsonV3QuerySerdes
serializeBinaryIdsResolveException(net.opentsdb.query.execution.serdes.TestJsonV3QuerySerdes)  Time elapsed: 0.007 sec  <<< ERROR!
java.lang.NullPointerException: null
	at net.opentsdb.query.pojo.TimeSeriesQuery.downsampler(TimeSeriesQuery.java:792)
	at net.opentsdb.query.pojo.TimeSeriesQuery.convert(TimeSeriesQuery.java:694)
	at net.opentsdb.query.execution.serdes.TestJsonV3QuerySerdes.before(TestJsonV3QuerySerdes.java:99)

serializeSummaryFull(net.opentsdb.query.execution.serdes.TestJsonV3QuerySerdes)  Time elapsed: 0 sec  <<< ERROR!
java.lang.NullPointerException: null
	at net.opentsdb.query.pojo.TimeSeriesQuery.downsampler(TimeSeriesQuery.java:792)
	at net.opentsdb.query.pojo.TimeSeriesQuery.convert(TimeSeriesQuery.java:694)
	at net.opentsdb.query.execution.serdes.TestJsonV3QuerySerdes.before(TestJsonV3QuerySerdes.java:99)

serializeEmpty(net.opentsdb.query.execution.serdes.TestJsonV3QuerySerdes)  Time elapsed: 0 sec  <<< ERROR!
java.lang.NullPointerException: null
	at net.opentsdb.query.pojo.TimeSeriesQuery.downsampler(TimeSeriesQuery.java:792)
	at net.opentsdb.query.pojo.TimeSeriesQuery.convert(TimeSeriesQuery.java:694)
	at net.opentsdb.query.execution.serdes.TestJsonV3QuerySerdes.before(TestJsonV3QuerySerdes.java:99)

serializeWithMilliseconds(net.opentsdb.query.execution.serdes.TestJsonV3QuerySerdes)  Time elapsed: 0.001 sec  <<< ERROR!
java.lang.NullPointerException: null
	at net.opentsdb.query.pojo.TimeSeriesQuery.downsampler(TimeSeriesQuery.java:792)
	at net.opentsdb.query.pojo.TimeSeriesQuery.convert(TimeSeriesQuery.java:694)
	at net.opentsdb.query.execution.serdes.TestJsonV3QuerySerdes.before(TestJsonV3QuerySerdes.java:99)

serializeFull(net.opentsdb.query.execution.serdes.TestJsonV3QuerySerdes)  Time elapsed: 0 sec  <<< ERROR!
java.lang.NullPointerException: null
	at net.opentsdb.query.pojo.TimeSeriesQuery.downsampler(TimeSeriesQuery.java:792)
	at net.opentsdb.query.pojo.TimeSeriesQuery.convert(TimeSeriesQuery.java:694)
	at net.opentsdb.query.execution.serdes.TestJsonV3QuerySerdes.before(TestJsonV3QuerySerdes.java:99)

serializeBinaryIds(net.opentsdb.query.execution.serdes.TestJsonV3QuerySerdes)  Time elapsed: 0 sec  <<< ERROR!
java.lang.NullPointerException: null
	at net.opentsdb.query.pojo.TimeSeriesQuery.downsampler(TimeSeriesQuery.java:792)
	at net.opentsdb.query.pojo.TimeSeriesQuery.convert(TimeSeriesQuery.java:694)
	at net.opentsdb.query.execution.serdes.TestJsonV3QuerySerdes.before(TestJsonV3QuerySerdes.java:99)

Running net.opentsdb.query.execution.serdes.TestJsonV2QuerySerdesFactory
Tests run: 2, Failures: 0, Errors: 1, Skipped: 0, Time elapsed: 0.001 sec <<< FAILURE! - in net.opentsdb.query.execution.serdes.TestJsonV2QuerySerdesFactory
newInstance(net.opentsdb.query.execution.serdes.TestJsonV2QuerySerdesFactory)  Time elapsed: 0.001 sec  <<< ERROR!
java.lang.NullPointerException: null
	at net.opentsdb.query.pojo.TimeSeriesQuery.downsampler(TimeSeriesQuery.java:792)
	at net.opentsdb.query.pojo.TimeSeriesQuery.convert(TimeSeriesQuery.java:694)
	at net.opentsdb.query.execution.serdes.TestJsonV2QuerySerdesFactory.newInstance(TestJsonV2QuerySerdesFactory.java:72)

Running net.opentsdb.query.execution.serdes.TestJsonV2QuerySerdes
Tests run: 13, Failures: 0, Errors: 0, Skipped: 0, Time elapsed: 0.544 sec - in net.opentsdb.query.execution.serdes.TestJsonV2QuerySerdes
Running net.opentsdb.query.execution.serdes.TestJsonV2QuerySerdesOptions
Tests run: 2, Failures: 0, Errors: 0, Skipped: 0, Time elapsed: 0.006 sec - in net.opentsdb.query.execution.serdes.TestJsonV2QuerySerdesOptions
Running net.opentsdb.query.execution.TestFailedQueryExecution
Tests run: 2, Failures: 0, Errors: 0, Skipped: 0, Time elapsed: 0.005 sec - in net.opentsdb.query.execution.TestFailedQueryExecution
Running net.opentsdb.query.TestDefaultTimeSeriesDataSourceConfig
Tests run: 3, Failures: 0, Errors: 0, Skipped: 0, Time elapsed: 0.008 sec - in net.opentsdb.query.TestDefaultTimeSeriesDataSourceConfig
Running net.opentsdb.query.TestBaseTimeSeriesSourceQueryConfig
Tests run: 3, Failures: 0, Errors: 0, Skipped: 0, Time elapsed: 0.01 sec - in net.opentsdb.query.TestBaseTimeSeriesSourceQueryConfig
Running net.opentsdb.query.TestSemanticQuery
Tests run: 5, Failures: 0, Errors: 0, Skipped: 0, Time elapsed: 0.576 sec - in net.opentsdb.query.TestSemanticQuery
Running net.opentsdb.query.readcache.TestCombinedCachedNumericSummary
Tests run: 5, Failures: 0, Errors: 0, Skipped: 0, Time elapsed: 0.007 sec - in net.opentsdb.query.readcache.TestCombinedCachedNumericSummary
Running net.opentsdb.query.readcache.TestCombinedCachedResult
Tests run: 10, Failures: 0, Errors: 0, Skipped: 0, Time elapsed: 0.012 sec - in net.opentsdb.query.readcache.TestCombinedCachedResult
Running net.opentsdb.query.readcache.TestCombinedCachedNumeric
Tests run: 12, Failures: 0, Errors: 0, Skipped: 0, Time elapsed: 0.01 sec - in net.opentsdb.query.readcache.TestCombinedCachedNumeric
Running net.opentsdb.query.readcache.TestDefaultReadCacheKeyGenerator
Tests run: 3, Failures: 0, Errors: 0, Skipped: 0, Time elapsed: 1.294 sec - in net.opentsdb.query.readcache.TestDefaultReadCacheKeyGenerator
Running net.opentsdb.query.readcache.TestGuavaLRUCache
Tests run: 5, Failures: 0, Errors: 0, Skipped: 0, Time elapsed: 1.516 sec - in net.opentsdb.query.readcache.TestGuavaLRUCache
Running net.opentsdb.query.readcache.TestCombinedCachedNumericArray
Tests run: 19, Failures: 0, Errors: 0, Skipped: 0, Time elapsed: 0.058 sec - in net.opentsdb.query.readcache.TestCombinedCachedNumericArray
Running net.opentsdb.query.readcache.TestCombinedCachedTimeSeries
Tests run: 3, Failures: 0, Errors: 0, Skipped: 0, Time elapsed: 0.008 sec - in net.opentsdb.query.readcache.TestCombinedCachedTimeSeries
Running net.opentsdb.query.plan.TestDefaultQueryPlanner
Tests run: 34, Failures: 0, Errors: 0, Skipped: 0, Time elapsed: 0.838 sec - in net.opentsdb.query.plan.TestDefaultQueryPlanner
Running net.opentsdb.query.interpolation.TestBaseQueryIntperolatorFactory
Tests run: 1, Failures: 0, Errors: 0, Skipped: 0, Time elapsed: 0.005 sec - in net.opentsdb.query.interpolation.TestBaseQueryIntperolatorFactory
Running net.opentsdb.query.interpolation.TestDefaultInterpolatorFactory
Tests run: 1, Failures: 0, Errors: 0, Skipped: 0, Time elapsed: 0.007 sec - in net.opentsdb.query.interpolation.TestDefaultInterpolatorFactory
Running net.opentsdb.query.interpolation.TestBaseInterpolatorConfig
Tests run: 1, Failures: 0, Errors: 0, Skipped: 0, Time elapsed: 0.004 sec - in net.opentsdb.query.interpolation.TestBaseInterpolatorConfig
Running net.opentsdb.query.interpolation.types.numeric.TestNumericLERP
Tests run: 17, Failures: 0, Errors: 0, Skipped: 0, Time elapsed: 0.006 sec - in net.opentsdb.query.interpolation.types.numeric.TestNumericLERP
Running net.opentsdb.query.interpolation.types.numeric.TestReadAheadNumericInterpolator
Tests run: 13, Failures: 0, Errors: 0, Skipped: 0, Time elapsed: 0.007 sec - in net.opentsdb.query.interpolation.types.numeric.TestReadAheadNumericInterpolator
Running net.opentsdb.query.interpolation.types.numeric.TestNumericSummaryInterpolatorConfig
Tests run: 5, Failures: 0, Errors: 0, Skipped: 0, Time elapsed: 0.016 sec - in net.opentsdb.query.interpolation.types.numeric.TestNumericSummaryInterpolatorConfig
Running net.opentsdb.query.interpolation.types.numeric.TestLERPFactory
Tests run: 1, Failures: 0, Errors: 0, Skipped: 0, Time elapsed: 0.002 sec - in net.opentsdb.query.interpolation.types.numeric.TestLERPFactory
Running net.opentsdb.query.interpolation.types.numeric.TestNumericInterpolatorConfig
Tests run: 4, Failures: 0, Errors: 0, Skipped: 0, Time elapsed: 0.002 sec - in net.opentsdb.query.interpolation.types.numeric.TestNumericInterpolatorConfig
Running net.opentsdb.query.interpolation.types.numeric.TestScalarNumericInterpolatorConfig
Tests run: 3, Failures: 0, Errors: 0, Skipped: 0, Time elapsed: 0.005 sec - in net.opentsdb.query.interpolation.types.numeric.TestScalarNumericInterpolatorConfig
Running net.opentsdb.query.interpolation.types.numeric.TestNumericInterpolator
Tests run: 14, Failures: 0, Errors: 0, Skipped: 0, Time elapsed: 0.003 sec - in net.opentsdb.query.interpolation.types.numeric.TestNumericInterpolator
Running net.opentsdb.query.interpolation.types.numeric.TestNumericSummaryInterpolator
Tests run: 14, Failures: 0, Errors: 0, Skipped: 0, Time elapsed: 0.004 sec - in net.opentsdb.query.interpolation.types.numeric.TestNumericSummaryInterpolator
Running net.opentsdb.query.TestBaseQueryNodeConfig
Tests run: 3, Failures: 0, Errors: 0, Skipped: 0, Time elapsed: 0.003 sec - in net.opentsdb.query.TestBaseQueryNodeConfig
Running net.opentsdb.query.pojo.TestTagVWildcardFilter
Tests run: 43, Failures: 0, Errors: 0, Skipped: 0, Time elapsed: 0.006 sec - in net.opentsdb.query.pojo.TestTagVWildcardFilter
Running net.opentsdb.query.pojo.TestTimeSpan
Tests run: 16, Failures: 0, Errors: 0, Skipped: 0, Time elapsed: 0.022 sec - in net.opentsdb.query.pojo.TestTimeSpan
Running net.opentsdb.query.pojo.TestTagVFilter
Tests run: 14, Failures: 0, Errors: 0, Skipped: 0, Time elapsed: 0.159 sec - in net.opentsdb.query.pojo.TestTagVFilter
Running net.opentsdb.query.pojo.TestDownsampler
Tests run: 10, Failures: 0, Errors: 0, Skipped: 0, Time elapsed: 0.02 sec - in net.opentsdb.query.pojo.TestDownsampler
Running net.opentsdb.query.pojo.TestMetric
Tests run: 12, Failures: 0, Errors: 0, Skipped: 0, Time elapsed: 0.006 sec - in net.opentsdb.query.pojo.TestMetric
Running net.opentsdb.query.pojo.TestTagVNotKeyFilter
Tests run: 4, Failures: 0, Errors: 0, Skipped: 0, Time elapsed: 0.001 sec - in net.opentsdb.query.pojo.TestTagVNotKeyFilter
Running net.opentsdb.query.pojo.TestTagVRegexFilter
Tests run: 16, Failures: 0, Errors: 0, Skipped: 0, Time elapsed: 0.009 sec - in net.opentsdb.query.pojo.TestTagVRegexFilter
Running net.opentsdb.query.pojo.TestTagVLiteralOrFilter
Tests run: 22, Failures: 0, Errors: 0, Skipped: 0, Time elapsed: 0.006 sec - in net.opentsdb.query.pojo.TestTagVLiteralOrFilter
Running net.opentsdb.query.pojo.TestFilter
Tests run: 8, Failures: 0, Errors: 0, Skipped: 0, Time elapsed: 0.018 sec - in net.opentsdb.query.pojo.TestFilter
Running net.opentsdb.query.pojo.TestExpression
Tests run: 11, Failures: 0, Errors: 0, Skipped: 0, Time elapsed: 0.017 sec - in net.opentsdb.query.pojo.TestExpression
Running net.opentsdb.query.pojo.TestNumericFillPolicy
Tests run: 6, Failures: 0, Errors: 0, Skipped: 0, Time elapsed: 0.003 sec - in net.opentsdb.query.pojo.TestNumericFillPolicy
Running net.opentsdb.query.pojo.TestTagVNotLiteralOrFilter
Tests run: 22, Failures: 0, Errors: 0, Skipped: 0, Time elapsed: 0.004 sec - in net.opentsdb.query.pojo.TestTagVNotLiteralOrFilter
Running net.opentsdb.query.pojo.TestOutput
Tests run: 5, Failures: 0, Errors: 0, Skipped: 0, Time elapsed: 0.003 sec - in net.opentsdb.query.pojo.TestOutput
Running net.opentsdb.query.pojo.TestRateOptions
Tests run: 4, Failures: 0, Errors: 0, Skipped: 0, Time elapsed: 0.004 sec - in net.opentsdb.query.pojo.TestRateOptions
Running net.opentsdb.query.pojo.TestTimeSeriesQuery
Tests run: 21, Failures: 0, Errors: 0, Skipped: 0, Time elapsed: 0.026 sec - in net.opentsdb.query.pojo.TestTimeSeriesQuery
Running net.opentsdb.query.pojo.TestJoin
Tests run: 10, Failures: 0, Errors: 0, Skipped: 0, Time elapsed: 0.005 sec - in net.opentsdb.query.pojo.TestJoin
Running net.opentsdb.query.processor.TestBaseQueryNodeFactory
Tests run: 4, Failures: 0, Errors: 0, Skipped: 0, Time elapsed: 0.005 sec - in net.opentsdb.query.processor.TestBaseQueryNodeFactory
Running net.opentsdb.query.processor.downsample.TestDownsampleFactory
Tests run: 9, Failures: 0, Errors: 0, Skipped: 0, Time elapsed: 0.168 sec - in net.opentsdb.query.processor.downsample.TestDownsampleFactory
Running net.opentsdb.query.processor.downsample.TestDownsampleNumericSummaryIterator
Tests run: 92, Failures: 0, Errors: 0, Skipped: 0, Time elapsed: 0.084 sec - in net.opentsdb.query.processor.downsample.TestDownsampleNumericSummaryIterator
Running net.opentsdb.query.processor.downsample.TestDownsampleConfig
Tests run: 10, Failures: 0, Errors: 0, Skipped: 0, Time elapsed: 0.065 sec - in net.opentsdb.query.processor.downsample.TestDownsampleConfig
Running net.opentsdb.query.processor.downsample.TestDownsampleNumericToNumericArrayIterator
Tests run: 24, Failures: 0, Errors: 0, Skipped: 0, Time elapsed: 0.087 sec - in net.opentsdb.query.processor.downsample.TestDownsampleNumericToNumericArrayIterator
Running net.opentsdb.query.processor.downsample.TestDownsampleNumericArrayIterator
Tests run: 9, Failures: 0, Errors: 0, Skipped: 0, Time elapsed: 0.01 sec - in net.opentsdb.query.processor.downsample.TestDownsampleNumericArrayIterator
Running net.opentsdb.query.processor.downsample.TestDownsample
Tests run: 7, Failures: 0, Errors: 0, Skipped: 0, Time elapsed: 0.009 sec - in net.opentsdb.query.processor.downsample.TestDownsample
Running net.opentsdb.query.processor.downsample.TestDownsampleNumericIterator
Tests run: 36, Failures: 0, Errors: 0, Skipped: 0, Time elapsed: 0.072 sec - in net.opentsdb.query.processor.downsample.TestDownsampleNumericIterator
Running net.opentsdb.query.processor.merge.TestMergerNumericIterator
Tests run: 17, Failures: 0, Errors: 0, Skipped: 0, Time elapsed: 0.011 sec - in net.opentsdb.query.processor.merge.TestMergerNumericIterator
Running net.opentsdb.query.processor.merge.TestMergerNumericArrayIterator
Tests run: 9, Failures: 0, Errors: 0, Skipped: 0, Time elapsed: 0.007 sec - in net.opentsdb.query.processor.merge.TestMergerNumericArrayIterator
Running net.opentsdb.query.processor.merge.TestMerger
Tests run: 4, Failures: 0, Errors: 0, Skipped: 0, Time elapsed: 0.443 sec - in net.opentsdb.query.processor.merge.TestMerger
Running net.opentsdb.query.processor.merge.TestMergerResult
Tests run: 10, Failures: 0, Errors: 0, Skipped: 0, Time elapsed: 0.006 sec - in net.opentsdb.query.processor.merge.TestMergerResult
Running net.opentsdb.query.processor.merge.TestMergerNumericSummaryIterator
Tests run: 13, Failures: 0, Errors: 0, Skipped: 0, Time elapsed: 0.014 sec - in net.opentsdb.query.processor.merge.TestMergerNumericSummaryIterator
Running net.opentsdb.query.processor.merge.TestMergerTimeSeries
Tests run: 6, Failures: 0, Errors: 0, Skipped: 0, Time elapsed: 0.013 sec - in net.opentsdb.query.processor.merge.TestMergerTimeSeries
Running net.opentsdb.query.processor.merge.TestMergerConfig
Tests run: 3, Failures: 0, Errors: 0, Skipped: 0, Time elapsed: 0.003 sec - in net.opentsdb.query.processor.merge.TestMergerConfig
Running net.opentsdb.query.processor.merge.TestMergerFactory
Tests run: 3, Failures: 0, Errors: 0, Skipped: 0, Time elapsed: 0.003 sec - in net.opentsdb.query.processor.merge.TestMergerFactory
Running net.opentsdb.query.processor.expressions.TestExpressionNumericIteratorRelational
Tests run: 16, Failures: 0, Errors: 0, Skipped: 0, Time elapsed: 0.029 sec - in net.opentsdb.query.processor.expressions.TestExpressionNumericIteratorRelational
Running net.opentsdb.query.processor.expressions.TestExpressionNumericIteratorMultiply
Tests run: 16, Failures: 0, Errors: 0, Skipped: 0, Time elapsed: 0.006 sec - in net.opentsdb.query.processor.expressions.TestExpressionNumericIteratorMultiply
Running net.opentsdb.query.processor.expressions.TestExpressionConfig
Tests run: 5, Failures: 0, Errors: 0, Skipped: 0, Time elapsed: 0.007 sec - in net.opentsdb.query.processor.expressions.TestExpressionConfig
Running net.opentsdb.query.processor.expressions.TestExpressionNumericArrayIteratorRelational
Tests run: 15, Failures: 0, Errors: 0, Skipped: 0, Time elapsed: 0.012 sec - in net.opentsdb.query.processor.expressions.TestExpressionNumericArrayIteratorRelational
Running net.opentsdb.query.processor.expressions.TestExpressionNumericArrayIteratorMod
Tests run: 15, Failures: 0, Errors: 0, Skipped: 0, Time elapsed: 0.006 sec - in net.opentsdb.query.processor.expressions.TestExpressionNumericArrayIteratorMod
Running net.opentsdb.query.processor.expressions.TestExpressionParser
Tests run: 7, Failures: 0, Errors: 0, Skipped: 0, Time elapsed: 0.039 sec - in net.opentsdb.query.processor.expressions.TestExpressionParser
Running net.opentsdb.query.processor.expressions.TestBaseExpressionNumericIterator
Tests run: 3, Failures: 0, Errors: 0, Skipped: 0, Time elapsed: 0.003 sec - in net.opentsdb.query.processor.expressions.TestBaseExpressionNumericIterator
Running net.opentsdb.query.processor.expressions.TestBinaryExpressionNodeFactory
Tests run: 2, Failures: 0, Errors: 0, Skipped: 0, Time elapsed: 0.001 sec - in net.opentsdb.query.processor.expressions.TestBinaryExpressionNodeFactory
Running net.opentsdb.query.processor.expressions.TestExpressionNumericArrayIteratorMultiply
Tests run: 15, Failures: 0, Errors: 0, Skipped: 0, Time elapsed: 0.01 sec - in net.opentsdb.query.processor.expressions.TestExpressionNumericArrayIteratorMultiply
Running net.opentsdb.query.processor.expressions.TestExpressionNumericSummaryIterator
Tests run: 14, Failures: 0, Errors: 0, Skipped: 0, Time elapsed: 0.025 sec - in net.opentsdb.query.processor.expressions.TestExpressionNumericSummaryIterator
Running net.opentsdb.query.processor.expressions.TestExpressionNumericArrayIteratorLogical
Tests run: 16, Failures: 0, Errors: 0, Skipped: 0, Time elapsed: 0.013 sec - in net.opentsdb.query.processor.expressions.TestExpressionNumericArrayIteratorLogical
Running net.opentsdb.query.processor.expressions.TestBinaryExpressionNode
Tests run: 15, Failures: 0, Errors: 0, Skipped: 0, Time elapsed: 0.028 sec - in net.opentsdb.query.processor.expressions.TestBinaryExpressionNode
Running net.opentsdb.query.processor.expressions.TestExpressionTimeSeries
Tests run: 3, Failures: 0, Errors: 0, Skipped: 0, Time elapsed: 0.011 sec - in net.opentsdb.query.processor.expressions.TestExpressionTimeSeries
Running net.opentsdb.query.processor.expressions.TestExpressionParseNode
Tests run: 3, Failures: 0, Errors: 0, Skipped: 0, Time elapsed: 0.012 sec - in net.opentsdb.query.processor.expressions.TestExpressionParseNode
Running net.opentsdb.query.processor.expressions.TestExpressionNumericIteratorDivide
Tests run: 16, Failures: 0, Errors: 0, Skipped: 0, Time elapsed: 0.011 sec - in net.opentsdb.query.processor.expressions.TestExpressionNumericIteratorDivide
Running net.opentsdb.query.processor.expressions.TestExpressionNumericIteratorMod
Tests run: 16, Failures: 0, Errors: 0, Skipped: 0, Time elapsed: 0.027 sec - in net.opentsdb.query.processor.expressions.TestExpressionNumericIteratorMod
Running net.opentsdb.query.processor.expressions.TestExpressionFactory
Tests run: 11, Failures: 0, Errors: 0, Skipped: 0, Time elapsed: 0.035 sec - in net.opentsdb.query.processor.expressions.TestExpressionFactory
Running net.opentsdb.query.processor.expressions.TestExpressionNumericIteratorLogical
Tests run: 16, Failures: 0, Errors: 0, Skipped: 0, Time elapsed: 0.014 sec - in net.opentsdb.query.processor.expressions.TestExpressionNumericIteratorLogical
Running net.opentsdb.query.processor.expressions.TestExpressionResult
Tests run: 3, Failures: 0, Errors: 0, Skipped: 0, Time elapsed: 0.009 sec - in net.opentsdb.query.processor.expressions.TestExpressionResult
Running net.opentsdb.query.processor.expressions.TestExpressionNumericArrayIteratorDivide
Tests run: 18, Failures: 0, Errors: 0, Skipped: 0, Time elapsed: 0.008 sec - in net.opentsdb.query.processor.expressions.TestExpressionNumericArrayIteratorDivide
Running net.opentsdb.query.processor.expressions.TestExpressionNumericIteratorAdditive
Tests run: 16, Failures: 0, Errors: 0, Skipped: 0, Time elapsed: 0.008 sec - in net.opentsdb.query.processor.expressions.TestExpressionNumericIteratorAdditive
Running net.opentsdb.query.processor.expressions.TestExpressionNumericArrayIteratorAdditive
Tests run: 18, Failures: 0, Errors: 0, Skipped: 0, Time elapsed: 0.008 sec - in net.opentsdb.query.processor.expressions.TestExpressionNumericArrayIteratorAdditive
Running net.opentsdb.query.processor.summarizer.TestSummarizerFactory
Tests run: 4, Failures: 0, Errors: 0, Skipped: 0, Time elapsed: 0.717 sec - in net.opentsdb.query.processor.summarizer.TestSummarizerFactory
Running net.opentsdb.query.processor.summarizer.TestSummarizerConfig
Tests run: 3, Failures: 0, Errors: 0, Skipped: 0, Time elapsed: 0.011 sec - in net.opentsdb.query.processor.summarizer.TestSummarizerConfig
Running net.opentsdb.query.processor.summarizer.TestSummarizer
Tests run: 5, Failures: 0, Errors: 0, Skipped: 0, Time elapsed: 0.017 sec - in net.opentsdb.query.processor.summarizer.TestSummarizer
Running net.opentsdb.query.processor.summarizer.TestSummarizedTimeSeries
Tests run: 2, Failures: 0, Errors: 0, Skipped: 0, Time elapsed: 0.018 sec - in net.opentsdb.query.processor.summarizer.TestSummarizedTimeSeries
Running net.opentsdb.query.processor.summarizer.TestSummarizerResult
Tests run: 1, Failures: 0, Errors: 0, Skipped: 0, Time elapsed: 0.001 sec - in net.opentsdb.query.processor.summarizer.TestSummarizerResult
Running net.opentsdb.query.processor.summarizer.TestSummarizerNonPassthroughNumericIterator
Tests run: 12, Failures: 0, Errors: 0, Skipped: 0, Time elapsed: 0.017 sec - in net.opentsdb.query.processor.summarizer.TestSummarizerNonPassthroughNumericIterator
Running net.opentsdb.query.processor.rate.TestRateConfig
Tests run: 5, Failures: 0, Errors: 0, Skipped: 0, Time elapsed: 0.051 sec - in net.opentsdb.query.processor.rate.TestRateConfig
Running net.opentsdb.query.processor.rate.TestRate
Tests run: 5, Failures: 0, Errors: 0, Skipped: 0, Time elapsed: 0.003 sec - in net.opentsdb.query.processor.rate.TestRate
Running net.opentsdb.query.processor.rate.TestRateFactory
Tests run: 5, Failures: 0, Errors: 0, Skipped: 0, Time elapsed: 0.513 sec - in net.opentsdb.query.processor.rate.TestRateFactory
Running net.opentsdb.query.processor.rate.TestRateNumericSummaryIterator
Tests run: 8, Failures: 0, Errors: 0, Skipped: 0, Time elapsed: 0.003 sec - in net.opentsdb.query.processor.rate.TestRateNumericSummaryIterator
Running net.opentsdb.query.processor.rate.TestRateNumericArrayIterator
Tests run: 12, Failures: 0, Errors: 0, Skipped: 0, Time elapsed: 0.006 sec - in net.opentsdb.query.processor.rate.TestRateNumericArrayIterator
Running net.opentsdb.query.processor.rate.TestRateNumericIterator
Tests run: 37, Failures: 0, Errors: 0, Skipped: 0, Time elapsed: 0.017 sec - in net.opentsdb.query.processor.rate.TestRateNumericIterator
Running net.opentsdb.query.processor.movingaverage.TestMovingAverageNumericSummaryIterator
Tests run: 34, Failures: 0, Errors: 0, Skipped: 0, Time elapsed: 0.02 sec - in net.opentsdb.query.processor.movingaverage.TestMovingAverageNumericSummaryIterator
Running net.opentsdb.query.processor.movingaverage.TestMovingAverage
Tests run: 4, Failures: 0, Errors: 0, Skipped: 0, Time elapsed: 0.004 sec - in net.opentsdb.query.processor.movingaverage.TestMovingAverage
Running net.opentsdb.query.processor.movingaverage.TestMovingAverageConfig
Tests run: 2, Failures: 0, Errors: 0, Skipped: 0, Time elapsed: 0.003 sec - in net.opentsdb.query.processor.movingaverage.TestMovingAverageConfig
Running net.opentsdb.query.processor.movingaverage.TestMovingAverageNumericArrayIterator
Tests run: 21, Failures: 0, Errors: 0, Skipped: 0, Time elapsed: 0.078 sec - in net.opentsdb.query.processor.movingaverage.TestMovingAverageNumericArrayIterator
Running net.opentsdb.query.processor.movingaverage.TestMovingAverageNumericIterator
Tests run: 62, Failures: 0, Errors: 0, Skipped: 0, Time elapsed: 0.001 sec - in net.opentsdb.query.processor.movingaverage.TestMovingAverageNumericIterator
Running net.opentsdb.query.processor.timeshift.TestTimeShift
Tests run: 2, Failures: 0, Errors: 0, Skipped: 0, Time elapsed: 0 sec - in net.opentsdb.query.processor.timeshift.TestTimeShift
Running net.opentsdb.query.processor.timeshift.TestTimeShiftNumericSummaryIterator
Tests run: 3, Failures: 0, Errors: 0, Skipped: 0, Time elapsed: 0 sec - in net.opentsdb.query.processor.timeshift.TestTimeShiftNumericSummaryIterator
Running net.opentsdb.query.processor.timeshift.TestTimeShiftNumericArrayIterator
Tests run: 3, Failures: 0, Errors: 0, Skipped: 0, Time elapsed: 0 sec - in net.opentsdb.query.processor.timeshift.TestTimeShiftNumericArrayIterator
Running net.opentsdb.query.processor.timeshift.TestTimeShiftNumericIterator
Tests run: 3, Failures: 0, Errors: 0, Skipped: 0, Time elapsed: 0.001 sec - in net.opentsdb.query.processor.timeshift.TestTimeShiftNumericIterator
Running net.opentsdb.query.processor.timeshift.TestTimeShiftResult
Tests run: 2, Failures: 0, Errors: 0, Skipped: 0, Time elapsed: 0.002 sec - in net.opentsdb.query.processor.timeshift.TestTimeShiftResult
Running net.opentsdb.query.processor.topn.TestTopNNumericAggregator
Tests run: 7, Failures: 0, Errors: 0, Skipped: 0, Time elapsed: 0.017 sec - in net.opentsdb.query.processor.topn.TestTopNNumericAggregator
Running net.opentsdb.query.processor.topn.TestTopNConfig
Tests run: 3, Failures: 0, Errors: 0, Skipped: 0, Time elapsed: 0.004 sec - in net.opentsdb.query.processor.topn.TestTopNConfig
Running net.opentsdb.query.processor.topn.TestTopNNumericSummaryAggregator
Tests run: 11, Failures: 0, Errors: 0, Skipped: 0, Time elapsed: 0.02 sec - in net.opentsdb.query.processor.topn.TestTopNNumericSummaryAggregator
Running net.opentsdb.query.processor.topn.TestTopNNumericArrayAggregator
Tests run: 7, Failures: 0, Errors: 0, Skipped: 0, Time elapsed: 0.01 sec - in net.opentsdb.query.processor.topn.TestTopNNumericArrayAggregator
Running net.opentsdb.query.processor.topn.TestTopNResult
Tests run: 10, Failures: 0, Errors: 0, Skipped: 0, Time elapsed: 0.015 sec - in net.opentsdb.query.processor.topn.TestTopNResult
Running net.opentsdb.query.processor.slidingwindow.TestSlidingWindow
Tests run: 4, Failures: 0, Errors: 0, Skipped: 0, Time elapsed: 0.006 sec - in net.opentsdb.query.processor.slidingwindow.TestSlidingWindow
Running net.opentsdb.query.processor.slidingwindow.TestSlidingWindowConfig
Tests run: 3, Failures: 0, Errors: 0, Skipped: 0, Time elapsed: 0.004 sec - in net.opentsdb.query.processor.slidingwindow.TestSlidingWindowConfig
Running net.opentsdb.query.processor.slidingwindow.TestSlidingWindowNumericArrayIterator
Tests run: 6, Failures: 0, Errors: 0, Skipped: 0, Time elapsed: 0.008 sec - in net.opentsdb.query.processor.slidingwindow.TestSlidingWindowNumericArrayIterator
Running net.opentsdb.query.processor.slidingwindow.TestSlidingWindowNumericIterator
Tests run: 15, Failures: 0, Errors: 0, Skipped: 0, Time elapsed: 0.007 sec - in net.opentsdb.query.processor.slidingwindow.TestSlidingWindowNumericIterator
Running net.opentsdb.query.processor.slidingwindow.TestSlidingWindowNumericSummaryIterator
Tests run: 16, Failures: 0, Errors: 0, Skipped: 0, Time elapsed: 0.011 sec - in net.opentsdb.query.processor.slidingwindow.TestSlidingWindowNumericSummaryIterator
Running net.opentsdb.query.processor.dedup.TestDedupNode
Tests run: 1, Failures: 0, Errors: 0, Skipped: 0, Time elapsed: 0.014 sec - in net.opentsdb.query.processor.dedup.TestDedupNode
Running net.opentsdb.query.processor.groupby.TestGroupByNumericSummaryParallelIterator
Tests run: 7, Failures: 0, Errors: 0, Skipped: 0, Time elapsed: 0.085 sec - in net.opentsdb.query.processor.groupby.TestGroupByNumericSummaryParallelIterator
Running net.opentsdb.query.processor.groupby.TestGroupByResult
Tests run: 14, Failures: 0, Errors: 0, Skipped: 0, Time elapsed: 0.013 sec - in net.opentsdb.query.processor.groupby.TestGroupByResult
Running net.opentsdb.query.processor.groupby.TestGroupByNumericIterator
Tests run: 17, Failures: 0, Errors: 0, Skipped: 0, Time elapsed: 0.011 sec - in net.opentsdb.query.processor.groupby.TestGroupByNumericIterator
Running net.opentsdb.query.processor.groupby.TestGroupByFactory
Tests run: 2, Failures: 0, Errors: 0, Skipped: 0, Time elapsed: 0.002 sec - in net.opentsdb.query.processor.groupby.TestGroupByFactory
Running net.opentsdb.query.processor.groupby.TestGroupByConfig
Tests run: 3, Failures: 0, Errors: 0, Skipped: 0, Time elapsed: 0.009 sec - in net.opentsdb.query.processor.groupby.TestGroupByConfig
Running net.opentsdb.query.processor.groupby.TestGroupByNumericArrayIterator
Tests run: 11, Failures: 0, Errors: 0, Skipped: 0, Time elapsed: 0.059 sec - in net.opentsdb.query.processor.groupby.TestGroupByNumericArrayIterator
Running net.opentsdb.query.processor.groupby.TestGroupByTimeSeries
Tests run: 7, Failures: 0, Errors: 0, Skipped: 0, Time elapsed: 0.008 sec - in net.opentsdb.query.processor.groupby.TestGroupByTimeSeries
Running net.opentsdb.query.processor.groupby.TestGroupByNumericSummaryIterator
Tests run: 20, Failures: 0, Errors: 0, Skipped: 0, Time elapsed: 0.021 sec - in net.opentsdb.query.processor.groupby.TestGroupByNumericSummaryIterator
Running net.opentsdb.query.processor.groupby.TestGroupBy
Tests run: 7, Failures: 0, Errors: 0, Skipped: 0, Time elapsed: 0.426 sec - in net.opentsdb.query.processor.groupby.TestGroupBy
Running net.opentsdb.query.TestTSQuery
Tests run: 2, Failures: 0, Errors: 0, Skipped: 0, Time elapsed: 0.511 sec - in net.opentsdb.query.TestTSQuery
Running net.opentsdb.query.hacluster.TestHAClusterConfig
Tests run: 4, Failures: 0, Errors: 0, Skipped: 0, Time elapsed: 0.004 sec - in net.opentsdb.query.hacluster.TestHAClusterConfig
Running net.opentsdb.query.hacluster.TestHAClusterFactory
Tests run: 21, Failures: 0, Errors: 0, Skipped: 0, Time elapsed: 0.514 sec - in net.opentsdb.query.hacluster.TestHAClusterFactory
Running net.opentsdb.query.hacluster.TestHACluster
Tests run: 8, Failures: 0, Errors: 0, Skipped: 0, Time elapsed: 0.452 sec - in net.opentsdb.query.hacluster.TestHACluster
Running net.opentsdb.query.TestAbstractQueryNode
Tests run: 13, Failures: 0, Errors: 0, Skipped: 0, Time elapsed: 0.007 sec - in net.opentsdb.query.TestAbstractQueryNode
Running net.opentsdb.query.TestPreAggConfig
Tests run: 3, Failures: 0, Errors: 0, Skipped: 0, Time elapsed: 0.006 sec - in net.opentsdb.query.TestPreAggConfig
Running net.opentsdb.query.idconverter.TestByteToStringIdConverterConfig
Tests run: 3, Failures: 0, Errors: 0, Skipped: 0, Time elapsed: 0.002 sec - in net.opentsdb.query.idconverter.TestByteToStringIdConverterConfig
Running net.opentsdb.query.idconverter.TestByteToStringConverterForSource
Tests run: 4, Failures: 0, Errors: 0, Skipped: 0, Time elapsed: 0.012 sec - in net.opentsdb.query.idconverter.TestByteToStringConverterForSource
Running net.opentsdb.query.idconverter.TestByteToStringIdConverterFactory
Tests run: 3, Failures: 0, Errors: 0, Skipped: 0, Time elapsed: 0.001 sec - in net.opentsdb.query.idconverter.TestByteToStringIdConverterFactory
Running net.opentsdb.query.idconverter.TestByteToStringIdConverter
Tests run: 8, Failures: 0, Errors: 0, Skipped: 0, Time elapsed: 0.017 sec - in net.opentsdb.query.idconverter.TestByteToStringIdConverter
Running net.opentsdb.rollup.TestRollupInterval
Tests run: 36, Failures: 0, Errors: 0, Skipped: 0, Time elapsed: 0.012 sec - in net.opentsdb.rollup.TestRollupInterval
Running net.opentsdb.rollup.TestRollupUtils
Tests run: 85, Failures: 0, Errors: 0, Skipped: 0, Time elapsed: 0.01 sec - in net.opentsdb.rollup.TestRollupUtils
Running net.opentsdb.rollup.TestRollupConfig
Tests run: 10, Failures: 0, Errors: 0, Skipped: 0, Time elapsed: 0.9 sec - in net.opentsdb.rollup.TestRollupConfig
Running net.opentsdb.utils.TestBigSmallLinkedBlockingQueue
Tests run: 5, Failures: 0, Errors: 0, Skipped: 0, Time elapsed: 0.51 sec - in net.opentsdb.utils.TestBigSmallLinkedBlockingQueue
Running net.opentsdb.utils.TestJSON
Tests run: 46, Failures: 0, Errors: 0, Skipped: 0, Time elapsed: 0.016 sec - in net.opentsdb.utils.TestJSON
Running net.opentsdb.utils.TestYAML
Tests run: 38, Failures: 0, Errors: 0, Skipped: 0, Time elapsed: 0.04 sec - in net.opentsdb.utils.TestYAML
Running net.opentsdb.data.TestNoDataPartialTimeSeries
Tests run: 1, Failures: 0, Errors: 0, Skipped: 0, Time elapsed: 0.001 sec - in net.opentsdb.data.TestNoDataPartialTimeSeries
Running net.opentsdb.data.TestBaseTimeDatumSeriesId
Tests run: 5, Failures: 0, Errors: 0, Skipped: 0, Time elapsed: 0 sec - in net.opentsdb.data.TestBaseTimeDatumSeriesId
Running net.opentsdb.data.TestBaseTimeSeriesId
Tests run: 9, Failures: 0, Errors: 0, Skipped: 0, Time elapsed: 0.001 sec - in net.opentsdb.data.TestBaseTimeSeriesId
Running net.opentsdb.data.TestBaseTimeSeriesByteId
Tests run: 4, Failures: 0, Errors: 0, Skipped: 0, Time elapsed: 0.002 sec - in net.opentsdb.data.TestBaseTimeSeriesByteId
Running net.opentsdb.data.types.numeric.TestNumericArrayTimeSeries
Tests run: 5, Failures: 0, Errors: 0, Skipped: 0, Time elapsed: 0.003 sec - in net.opentsdb.data.types.numeric.TestNumericArrayTimeSeries
Running net.opentsdb.data.types.numeric.TestMutableNumericType
Tests run: 2, Failures: 0, Errors: 0, Skipped: 0, Time elapsed: 0.001 sec - in net.opentsdb.data.types.numeric.TestMutableNumericType
Running net.opentsdb.data.types.numeric.TestNumericType
Tests run: 13, Failures: 0, Errors: 0, Skipped: 0, Time elapsed: 0.001 sec - in net.opentsdb.data.types.numeric.TestNumericType
Running net.opentsdb.data.types.numeric.TestBaseNumericSummaryFillPolicy
Tests run: 2, Failures: 0, Errors: 0, Skipped: 0, Time elapsed: 0.007 sec - in net.opentsdb.data.types.numeric.TestBaseNumericSummaryFillPolicy
Running net.opentsdb.data.types.numeric.TestMutableNumericSummaryType
Tests run: 3, Failures: 0, Errors: 0, Skipped: 0, Time elapsed: 0 sec - in net.opentsdb.data.types.numeric.TestMutableNumericSummaryType
Running net.opentsdb.data.types.numeric.TestMutableNumericValue
Tests run: 3, Failures: 0, Errors: 0, Skipped: 0, Time elapsed: 0.001 sec - in net.opentsdb.data.types.numeric.TestMutableNumericValue
Running net.opentsdb.data.types.numeric.TestNumericAccumulator
Tests run: 5, Failures: 0, Errors: 0, Skipped: 0, Time elapsed: 0 sec - in net.opentsdb.data.types.numeric.TestNumericAccumulator
Running net.opentsdb.data.types.numeric.TestBaseNumericFillPolicy
Tests run: 2, Failures: 0, Errors: 0, Skipped: 0, Time elapsed: 0 sec - in net.opentsdb.data.types.numeric.TestBaseNumericFillPolicy
Running net.opentsdb.data.types.numeric.TestScalarNumericFillPolicy
Tests run: 1, Failures: 0, Errors: 0, Skipped: 0, Time elapsed: 0 sec - in net.opentsdb.data.types.numeric.TestScalarNumericFillPolicy
Running net.opentsdb.data.types.numeric.aggregators.TestWeightedMovingAverage
Tests run: 2, Failures: 0, Errors: 0, Skipped: 0, Time elapsed: 0 sec - in net.opentsdb.data.types.numeric.aggregators.TestWeightedMovingAverage
Running net.opentsdb.data.types.numeric.aggregators.TestMin
Tests run: 2, Failures: 0, Errors: 0, Skipped: 0, Time elapsed: 0 sec - in net.opentsdb.data.types.numeric.aggregators.TestMin
Running net.opentsdb.data.types.numeric.aggregators.TestArraySum
Tests run: 13, Failures: 0, Errors: 0, Skipped: 0, Time elapsed: 0.011 sec - in net.opentsdb.data.types.numeric.aggregators.TestArraySum
Running net.opentsdb.data.types.numeric.aggregators.TestArrayMaxFactory
Tests run: 13, Failures: 0, Errors: 0, Skipped: 0, Time elapsed: 0.004 sec - in net.opentsdb.data.types.numeric.aggregators.TestArrayMaxFactory
Running net.opentsdb.data.types.numeric.aggregators.TestMultiply
Tests run: 2, Failures: 0, Errors: 0, Skipped: 0, Time elapsed: 0 sec - in net.opentsdb.data.types.numeric.aggregators.TestMultiply
Running net.opentsdb.data.types.numeric.aggregators.TestArrayAverage
Tests run: 20, Failures: 0, Errors: 0, Skipped: 0, Time elapsed: 0.006 sec - in net.opentsdb.data.types.numeric.aggregators.TestArrayAverage
Running net.opentsdb.data.types.numeric.aggregators.TestAverage
Tests run: 2, Failures: 0, Errors: 0, Skipped: 0, Time elapsed: 0 sec - in net.opentsdb.data.types.numeric.aggregators.TestAverage
Running net.opentsdb.data.types.numeric.aggregators.TestLast
Tests run: 2, Failures: 0, Errors: 0, Skipped: 0, Time elapsed: 0 sec - in net.opentsdb.data.types.numeric.aggregators.TestLast
Running net.opentsdb.data.types.numeric.aggregators.TestArrayMinFactory
Tests run: 13, Failures: 0, Errors: 0, Skipped: 0, Time elapsed: 0.002 sec - in net.opentsdb.data.types.numeric.aggregators.TestArrayMinFactory
Running net.opentsdb.data.types.numeric.aggregators.TestPercentiles
Tests run: 2, Failures: 0, Errors: 0, Skipped: 0, Time elapsed: 0.018 sec - in net.opentsdb.data.types.numeric.aggregators.TestPercentiles
Running net.opentsdb.data.types.numeric.aggregators.TestArrayCountFactory
Tests run: 12, Failures: 0, Errors: 0, Skipped: 0, Time elapsed: 0.002 sec - in net.opentsdb.data.types.numeric.aggregators.TestArrayCountFactory
Running net.opentsdb.data.types.numeric.aggregators.TestMax
Tests run: 2, Failures: 0, Errors: 0, Skipped: 0, Time elapsed: 0.001 sec - in net.opentsdb.data.types.numeric.aggregators.TestMax
Running net.opentsdb.data.types.numeric.aggregators.TestArrayPercentileFactories
Tests run: 26, Failures: 0, Errors: 0, Skipped: 0, Time elapsed: 0.018 sec - in net.opentsdb.data.types.numeric.aggregators.TestArrayPercentileFactories
Running net.opentsdb.data.types.numeric.aggregators.TestCount
Tests run: 2, Failures: 0, Errors: 0, Skipped: 0, Time elapsed: 0 sec - in net.opentsdb.data.types.numeric.aggregators.TestCount
Running net.opentsdb.data.types.numeric.aggregators.TestMovingMedian
Tests run: 2, Failures: 0, Errors: 0, Skipped: 0, Time elapsed: 0.001 sec - in net.opentsdb.data.types.numeric.aggregators.TestMovingMedian
Running net.opentsdb.data.types.numeric.aggregators.TestArrayMedian
Tests run: 13, Failures: 0, Errors: 0, Skipped: 0, Time elapsed: 0.007 sec - in net.opentsdb.data.types.numeric.aggregators.TestArrayMedian
Running net.opentsdb.data.types.numeric.aggregators.TestStandardDeviation
Tests run: 6, Failures: 0, Errors: 0, Skipped: 0, Time elapsed: 0.003 sec - in net.opentsdb.data.types.numeric.aggregators.TestStandardDeviation
Running net.opentsdb.data.types.numeric.aggregators.TestMedian
Tests run: 2, Failures: 0, Errors: 0, Skipped: 0, Time elapsed: 0.001 sec - in net.opentsdb.data.types.numeric.aggregators.TestMedian
Running net.opentsdb.data.types.numeric.aggregators.TestFirst
Tests run: 2, Failures: 0, Errors: 0, Skipped: 0, Time elapsed: 0.001 sec - in net.opentsdb.data.types.numeric.aggregators.TestFirst
Running net.opentsdb.data.types.numeric.aggregators.TestArrayFirstFactory
Tests run: 13, Failures: 0, Errors: 0, Skipped: 0, Time elapsed: 0.004 sec - in net.opentsdb.data.types.numeric.aggregators.TestArrayFirstFactory
Running net.opentsdb.data.types.numeric.aggregators.TestArrayLastFactory
Tests run: 13, Failures: 0, Errors: 0, Skipped: 0, Time elapsed: 0.001 sec - in net.opentsdb.data.types.numeric.aggregators.TestArrayLastFactory
Running net.opentsdb.data.types.numeric.aggregators.TestSum
Tests run: 2, Failures: 0, Errors: 0, Skipped: 0, Time elapsed: 0 sec - in net.opentsdb.data.types.numeric.aggregators.TestSum
Running net.opentsdb.data.types.numeric.aggregators.TestExponentialWeightedMovingAverage
Tests run: 4, Failures: 0, Errors: 0, Skipped: 0, Time elapsed: 0.001 sec - in net.opentsdb.data.types.numeric.aggregators.TestExponentialWeightedMovingAverage
Running net.opentsdb.data.types.numeric.TestMutableNumericSummaryValue
Tests run: 10, Failures: 0, Errors: 0, Skipped: 0, Time elapsed: 0.007 sec - in net.opentsdb.data.types.numeric.TestMutableNumericSummaryValue
Running net.opentsdb.data.types.numeric.TestNumericMillisecondShard
Tests run: 3, Failures: 0, Errors: 0, Skipped: 0, Time elapsed: 0.001 sec - in net.opentsdb.data.types.numeric.TestNumericMillisecondShard
Running net.opentsdb.data.TestMergedTimeSeriesId
Tests run: 23, Failures: 0, Errors: 0, Skipped: 0, Time elapsed: 0.005 sec - in net.opentsdb.data.TestMergedTimeSeriesId

Results :

Tests in error: 
  TestJsonV3QuerySerdes.before:99 » NullPointer
  TestJsonV3QuerySerdes.before:99 » NullPointer
  TestJsonV3QuerySerdes.before:99 » NullPointer
  TestJsonV3QuerySerdes.before:99 » NullPointer
  TestJsonV3QuerySerdes.before:99 » NullPointer
  TestJsonV3QuerySerdes.before:99 » NullPointer
  TestJsonV2QuerySerdesFactory.newInstance:72 » NullPointer

Tests run: 2533, Failures: 0, Errors: 7, Skipped: 0

[[1;31mERROR[m] Failed to execute goal [32morg.apache.maven.plugins:maven-surefire-plugin:2.16:test[m [1m(default-test)[m on project [36mopentsdb-core[m: [1;31mThere are test failures.[m
[[1;31mERROR[m] [1;31m[m
[[1;31mERROR[m] [1;31mPlease refer to /home/travis/build/OpenTSDB/opentsdb/target/surefire-reports for the individual test results.[m
[[1;31mERROR[m] -> [1m[Help 1][m
[[1;31mERROR[m] 
[[1;31mERROR[m] To see the full stack trace of the errors, re-run Maven with the [1m-e[m switch.
[[1;31mERROR[m] Re-run Maven using the [1m-X[m switch to enable full debug logging.
[[1;31mERROR[m] 
[[1;31mERROR[m] For more information about the errors and possible solutions, please read the following articles:
[[1;31mERROR[m] [1m[Help 1][m http://cwiki.apache.org/confluence/display/MAVEN/MojoFailureException
[[1;31mERROR[m] 
[[1;31mERROR[m] After correcting the problems, you can resume the build with the command
[[1;31mERROR[m]   [1mmvn <goals> -rf :opentsdb-core[m
travis_time:end:0404bc6a:start=1594236919785305234,finish=1594237039903832235,duration=120118527001,event=script[0K[31;1mThe command "export MAVEN_OPTS="-Xmx1024m"; if [[ "$TRAVIS_BRANCH" == "3.0" && "$TRAVIS_PULL_REQUEST" = "false" ]]; then mvn clean deploy -q --settings settings.xml; mvn install -q -Dmaven.test.skip=true -Pdocker --settings settings_docker.xml; else mvn clean test cobertura:cobertura --quiet; fi" exited with 1.[0m


Done. Your build exited with 1.
