Using worker: worker-linux-docker-0f540686.prod.travis-ci.org:travis-linux-1

travis_fold:start:system_info[0K[33;1mBuild system information[0m
Build language: java
Build group: stable
Build dist: precise
[34m[1mBuild image provisioning date and time[0m
Thu Feb  5 15:09:33 UTC 2015
[34m[1mOperating System Details[0m
Distributor ID:	Ubuntu
Description:	Ubuntu 12.04.5 LTS
Release:	12.04
Codename:	precise
[34m[1mLinux Version[0m
3.13.0-29-generic
[34m[1mCookbooks Version[0m
a68419e https://github.com/travis-ci/travis-cookbooks/tree/a68419e
[34m[1mGCC version[0m
gcc (Ubuntu/Linaro 4.6.3-1ubuntu5) 4.6.3
Copyright (C) 2011 Free Software Foundation, Inc.
This is free software; see the source for copying conditions.  There is NO
warranty; not even for MERCHANTABILITY or FITNESS FOR A PARTICULAR PURPOSE.

[34m[1mLLVM version[0m
clang version 3.4 (tags/RELEASE_34/final)
Target: x86_64-unknown-linux-gnu
Thread model: posix
[34m[1mPre-installed Ruby versions[0m
ruby-1.9.3-p551
[34m[1mPre-installed Node.js versions[0m
v0.10.36
[34m[1mPre-installed Go versions[0m
1.4.1
[34m[1mRedis version[0m
redis-server 2.8.19
[34m[1mriak version[0m
2.0.2
[34m[1mMongoDB version[0m
MongoDB 2.4.12
[34m[1mCouchDB version[0m
couchdb 1.6.1
[34m[1mNeo4j version[0m
1.9.4
[34m[1mRabbitMQ Version[0m
3.4.3
[34m[1mElasticSearch version[0m
1.4.0
[34m[1mInstalled Sphinx versions[0m
2.0.10
2.1.9
2.2.6
[34m[1mDefault Sphinx version[0m
2.2.6
[34m[1mInstalled Firefox version[0m
firefox 31.0esr
[34m[1mPhantomJS version[0m
1.9.8
[34m[1mant -version[0m
Apache Ant(TM) version 1.8.2 compiled on December 3 2011
[34m[1mmvn -version[0m
Apache Maven 3.2.5 (12a6b3acb947671f09b81f49094c53f426d8cea1; 2014-12-14T17:29:23+00:00)
Maven home: /usr/local/maven
Java version: 1.7.0_76, vendor: Oracle Corporation
Java home: /usr/lib/jvm/java-7-oracle/jre
Default locale: en_US, platform encoding: ANSI_X3.4-1968
OS name: "linux", version: "3.13.0-29-generic", arch: "amd64", family: "unix"
travis_fold:end:system_info[0K
travis_fold:start:git.checkout[0Ktravis_time:start:08a815ff[0K$ git clone --depth=50 https://github.com/pgjdbc/pgjdbc.git pgjdbc/pgjdbc
Cloning into 'pgjdbc/pgjdbc'...
remote: Counting objects: 2295, done.[K
remote: Compressing objects:   0% (1/1173)   [Kremote: Compressing objects:   1% (12/1173)   [Kremote: Compressing objects:   2% (24/1173)   [Kremote: Compressing objects:   3% (36/1173)   [Kremote: Compressing objects:   4% (47/1173)   [Kremote: Compressing objects:   5% (59/1173)   [Kremote: Compressing objects:   6% (71/1173)   [Kremote: Compressing objects:   7% (83/1173)   [Kremote: Compressing objects:   8% (94/1173)   [Kremote: Compressing objects:   9% (106/1173)   [Kremote: Compressing objects:  10% (118/1173)   [Kremote: Compressing objects:  11% (130/1173)   [Kremote: Compressing objects:  12% (141/1173)   [Kremote: Compressing objects:  13% (153/1173)   [Kremote: Compressing objects:  14% (165/1173)   [Kremote: Compressing objects:  15% (176/1173)   [Kremote: Compressing objects:  16% (188/1173)   [Kremote: Compressing objects:  17% (200/1173)   [Kremote: Compressing objects:  18% (212/1173)   [Kremote: Compressing objects:  19% (223/1173)   [Kremote: Compressing objects:  20% (235/1173)   [Kremote: Compressing objects:  21% (247/1173)   [Kremote: Compressing objects:  22% (259/1173)   [Kremote: Compressing objects:  23% (270/1173)   [Kremote: Compressing objects:  24% (282/1173)   [Kremote: Compressing objects:  25% (294/1173)   [Kremote: Compressing objects:  26% (305/1173)   [Kremote: Compressing objects:  27% (317/1173)   [Kremote: Compressing objects:  28% (329/1173)   [Kremote: Compressing objects:  29% (341/1173)   [Kremote: Compressing objects:  30% (352/1173)   [Kremote: Compressing objects:  31% (364/1173)   [Kremote: Compressing objects:  32% (376/1173)   [Kremote: Compressing objects:  33% (388/1173)   [Kremote: Compressing objects:  34% (399/1173)   [Kremote: Compressing objects:  35% (411/1173)   [Kremote: Compressing objects:  36% (423/1173)   [Kremote: Compressing objects:  37% (435/1173)   [Kremote: Compressing objects:  38% (446/1173)   [Kremote: Compressing objects:  39% (458/1173)   [Kremote: Compressing objects:  40% (470/1173)   [Kremote: Compressing objects:  41% (481/1173)   [Kremote: Compressing objects:  42% (493/1173)   [Kremote: Compressing objects:  43% (505/1173)   [Kremote: Compressing objects:  44% (517/1173)   [Kremote: Compressing objects:  45% (528/1173)   [Kremote: Compressing objects:  46% (540/1173)   [Kremote: Compressing objects:  47% (552/1173)   [Kremote: Compressing objects:  48% (564/1173)   [Kremote: Compressing objects:  49% (575/1173)   [Kremote: Compressing objects:  50% (587/1173)   [Kremote: Compressing objects:  51% (599/1173)   [Kremote: Compressing objects:  52% (610/1173)   [Kremote: Compressing objects:  53% (622/1173)   [Kremote: Compressing objects:  54% (634/1173)   [Kremote: Compressing objects:  55% (646/1173)   [Kremote: Compressing objects:  56% (657/1173)   [Kremote: Compressing objects:  57% (669/1173)   [Kremote: Compressing objects:  58% (681/1173)   [Kremote: Compressing objects:  59% (693/1173)   [Kremote: Compressing objects:  60% (704/1173)   [Kremote: Compressing objects:  61% (716/1173)   [Kremote: Compressing objects:  62% (728/1173)   [Kremote: Compressing objects:  63% (739/1173)   [Kremote: Compressing objects:  64% (751/1173)   [Kremote: Compressing objects:  65% (763/1173)   [Kremote: Compressing objects:  66% (775/1173)   [Kremote: Compressing objects:  67% (786/1173)   [Kremote: Compressing objects:  68% (798/1173)   [Kremote: Compressing objects:  69% (810/1173)   [Kremote: Compressing objects:  70% (822/1173)   [Kremote: Compressing objects:  71% (833/1173)   [Kremote: Compressing objects:  72% (845/1173)   [Kremote: Compressing objects:  73% (857/1173)   [Kremote: Compressing objects:  74% (869/1173)   [Kremote: Compressing objects:  75% (880/1173)   [Kremote: Compressing objects:  76% (892/1173)   [Kremote: Compressing objects:  77% (904/1173)   [Kremote: Compressing objects:  78% (915/1173)   [Kremote: Compressing objects:  79% (927/1173)   [Kremote: Compressing objects:  80% (939/1173)   [Kremote: Compressing objects:  81% (951/1173)   [Kremote: Compressing objects:  82% (962/1173)   [Kremote: Compressing objects:  83% (974/1173)   [Kremote: Compressing objects:  84% (986/1173)   [Kremote: Compressing objects:  85% (998/1173)   [Kremote: Compressing objects:  86% (1009/1173)   [Kremote: Compressing objects:  87% (1021/1173)   [Kremote: Compressing objects:  88% (1033/1173)   [Kremote: Compressing objects:  89% (1044/1173)   [Kremote: Compressing objects:  90% (1056/1173)   [Kremote: Compressing objects:  91% (1068/1173)   [Kremote: Compressing objects:  92% (1080/1173)   [Kremote: Compressing objects:  93% (1091/1173)   [Kremote: Compressing objects:  94% (1103/1173)   [Kremote: Compressing objects:  95% (1115/1173)   [Kremote: Compressing objects:  96% (1127/1173)   [Kremote: Compressing objects:  97% (1138/1173)   [Kremote: Compressing objects:  98% (1150/1173)   [Kremote: Compressing objects:  99% (1162/1173)   [Kremote: Compressing objects: 100% (1173/1173)   [Kremote: Compressing objects: 100% (1173/1173), done.[K
Receiving objects:   0% (1/2295)   Receiving objects:   1% (23/2295)   Receiving objects:   2% (46/2295)   Receiving objects:   3% (69/2295)   Receiving objects:   4% (92/2295)   Receiving objects:   5% (115/2295)   Receiving objects:   6% (138/2295)   Receiving objects:   7% (161/2295)   Receiving objects:   8% (184/2295)   Receiving objects:   9% (207/2295)   Receiving objects:  10% (230/2295)   Receiving objects:  11% (253/2295)   Receiving objects:  12% (276/2295)   Receiving objects:  13% (299/2295)   Receiving objects:  14% (322/2295)   Receiving objects:  15% (345/2295)   Receiving objects:  16% (368/2295)   Receiving objects:  17% (391/2295)   Receiving objects:  18% (414/2295)   Receiving objects:  19% (437/2295)   Receiving objects:  20% (459/2295)   Receiving objects:  21% (482/2295)   Receiving objects:  22% (505/2295)   Receiving objects:  23% (528/2295)   Receiving objects:  24% (551/2295)   Receiving objects:  25% (574/2295)   Receiving objects:  26% (597/2295)   Receiving objects:  27% (620/2295)   Receiving objects:  28% (643/2295)   Receiving objects:  29% (666/2295)   Receiving objects:  30% (689/2295)   Receiving objects:  31% (712/2295)   Receiving objects:  32% (735/2295)   Receiving objects:  33% (758/2295)   Receiving objects:  34% (781/2295)   Receiving objects:  35% (804/2295)   Receiving objects:  36% (827/2295)   Receiving objects:  37% (850/2295)   Receiving objects:  38% (873/2295)   Receiving objects:  39% (896/2295)   Receiving objects:  40% (918/2295)   Receiving objects:  41% (941/2295)   Receiving objects:  42% (964/2295)   Receiving objects:  43% (987/2295)   Receiving objects:  44% (1010/2295)   Receiving objects:  45% (1033/2295)   Receiving objects:  46% (1056/2295)   Receiving objects:  47% (1079/2295)   Receiving objects:  48% (1102/2295)   Receiving objects:  49% (1125/2295)   Receiving objects:  50% (1148/2295)   Receiving objects:  51% (1171/2295)   Receiving objects:  52% (1194/2295)   Receiving objects:  53% (1217/2295)   Receiving objects:  54% (1240/2295)   Receiving objects:  55% (1263/2295)   Receiving objects:  56% (1286/2295)   Receiving objects:  57% (1309/2295)   Receiving objects:  58% (1332/2295)   Receiving objects:  59% (1355/2295)   Receiving objects:  60% (1377/2295)   Receiving objects:  61% (1400/2295)   Receiving objects:  62% (1423/2295)   Receiving objects:  63% (1446/2295)   Receiving objects:  64% (1469/2295)   Receiving objects:  65% (1492/2295)   Receiving objects:  66% (1515/2295)   Receiving objects:  67% (1538/2295)   Receiving objects:  68% (1561/2295)   Receiving objects:  69% (1584/2295)   Receiving objects:  70% (1607/2295)   Receiving objects:  71% (1630/2295)   Receiving objects:  72% (1653/2295)   Receiving objects:  73% (1676/2295)   Receiving objects:  74% (1699/2295)   Receiving objects:  75% (1722/2295)   Receiving objects:  76% (1745/2295)   Receiving objects:  77% (1768/2295)   Receiving objects:  78% (1791/2295)   Receiving objects:  79% (1814/2295)   Receiving objects:  80% (1836/2295)   Receiving objects:  81% (1859/2295)   Receiving objects:  82% (1882/2295)   Receiving objects:  83% (1905/2295)   Receiving objects:  84% (1928/2295)   Receiving objects:  85% (1951/2295)   Receiving objects:  86% (1974/2295)   Receiving objects:  87% (1997/2295)   Receiving objects:  88% (2020/2295)   Receiving objects:  89% (2043/2295)   Receiving objects:  90% (2066/2295)   Receiving objects:  91% (2089/2295)   Receiving objects:  92% (2112/2295)   Receiving objects:  93% (2135/2295)   Receiving objects:  94% (2158/2295)   Receiving objects:  95% (2181/2295)   Receiving objects:  96% (2204/2295)   Receiving objects:  97% (2227/2295)   Receiving objects:  98% (2250/2295)   Receiving objects:  99% (2273/2295)   remote: Total 2295 (delta 1366), reused 1666 (delta 950), pack-reused 0[K
Receiving objects: 100% (2295/2295)   Receiving objects: 100% (2295/2295), 2.78 MiB | 0 bytes/s, done.
Resolving deltas:   0% (0/1366)   Resolving deltas:   3% (45/1366)   Resolving deltas:   4% (57/1366)   Resolving deltas:   5% (74/1366)   Resolving deltas:   6% (82/1366)   Resolving deltas:   7% (96/1366)   Resolving deltas:   8% (110/1366)   Resolving deltas:   9% (123/1366)   Resolving deltas:  10% (137/1366)   Resolving deltas:  11% (156/1366)   Resolving deltas:  12% (165/1366)   Resolving deltas:  13% (182/1366)   Resolving deltas:  14% (193/1366)   Resolving deltas:  15% (210/1366)   Resolving deltas:  16% (226/1366)   Resolving deltas:  17% (241/1366)   Resolving deltas:  18% (252/1366)   Resolving deltas:  19% (262/1366)   Resolving deltas:  20% (274/1366)   Resolving deltas:  21% (289/1366)   Resolving deltas:  22% (303/1366)   Resolving deltas:  23% (316/1366)   Resolving deltas:  24% (331/1366)   Resolving deltas:  25% (342/1366)   Resolving deltas:  26% (356/1366)   Resolving deltas:  27% (370/1366)   Resolving deltas:  28% (385/1366)   Resolving deltas:  29% (401/1366)   Resolving deltas:  30% (411/1366)   Resolving deltas:  32% (440/1366)   Resolving deltas:  33% (455/1366)   Resolving deltas:  34% (466/1366)   Resolving deltas:  35% (480/1366)   Resolving deltas:  36% (495/1366)   Resolving deltas:  37% (506/1366)   Resolving deltas:  39% (543/1366)   Resolving deltas:  40% (552/1366)   Resolving deltas:  41% (563/1366)   Resolving deltas:  42% (575/1366)   Resolving deltas:  43% (588/1366)   Resolving deltas:  44% (602/1366)   Resolving deltas:  45% (615/1366)   Resolving deltas:  46% (637/1366)   Resolving deltas:  47% (653/1366)   Resolving deltas:  48% (656/1366)   Resolving deltas:  49% (673/1366)   Resolving deltas:  50% (684/1366)   Resolving deltas:  51% (703/1366)   Resolving deltas:  52% (714/1366)   Resolving deltas:  53% (724/1366)   Resolving deltas:  54% (742/1366)   Resolving deltas:  55% (752/1366)   Resolving deltas:  56% (768/1366)   Resolving deltas:  57% (783/1366)   Resolving deltas:  58% (793/1366)   Resolving deltas:  60% (828/1366)   Resolving deltas:  61% (835/1366)   Resolving deltas:  62% (847/1366)   Resolving deltas:  63% (862/1366)   Resolving deltas:  64% (876/1366)   Resolving deltas:  65% (889/1366)   Resolving deltas:  66% (902/1366)   Resolving deltas:  67% (917/1366)   Resolving deltas:  68% (929/1366)   Resolving deltas:  69% (945/1366)   Resolving deltas:  70% (961/1366)   Resolving deltas:  71% (973/1366)   Resolving deltas:  72% (985/1366)   Resolving deltas:  73% (999/1366)   Resolving deltas:  74% (1013/1366)   Resolving deltas:  75% (1028/1366)   Resolving deltas:  76% (1044/1366)   Resolving deltas:  77% (1056/1366)   Resolving deltas:  78% (1073/1366)   Resolving deltas:  79% (1081/1366)   Resolving deltas:  80% (1095/1366)   Resolving deltas:  81% (1108/1366)   Resolving deltas:  82% (1123/1366)   Resolving deltas:  83% (1139/1366)   Resolving deltas:  84% (1152/1366)   Resolving deltas:  85% (1162/1366)   Resolving deltas:  86% (1175/1366)   Resolving deltas:  87% (1191/1366)   Resolving deltas:  88% (1207/1366)   Resolving deltas:  89% (1216/1366)   Resolving deltas:  90% (1231/1366)   Resolving deltas:  91% (1246/1366)   Resolving deltas:  92% (1257/1366)   Resolving deltas:  93% (1271/1366)   Resolving deltas:  94% (1286/1366)   Resolving deltas:  95% (1299/1366)   Resolving deltas:  96% (1314/1366)   Resolving deltas:  97% (1326/1366)   Resolving deltas:  98% (1339/1366)   Resolving deltas:  99% (1353/1366)   Resolving deltas: 100% (1366/1366)   Resolving deltas: 100% (1366/1366), done.
Checking connectivity... done.

travis_time:end:08a815ff:start=1454516423444029305,finish=1454516424600327329,duration=1156298024[0K$ cd pgjdbc/pgjdbc
travis_time:start:036d44a8[0K$ git fetch origin +refs/pull/503/merge:
remote: Counting objects: 33, done.[K
remote: Compressing objects:  11% (1/9)   [Kremote: Compressing objects:  22% (2/9)   [Kremote: Compressing objects:  33% (3/9)   [Kremote: Compressing objects:  44% (4/9)   [Kremote: Compressing objects:  55% (5/9)   [Kremote: Compressing objects:  66% (6/9)   [Kremote: Compressing objects:  77% (7/9)   [Kremote: Compressing objects:  88% (8/9)   [Kremote: Compressing objects: 100% (9/9)   [Kremote: Compressing objects: 100% (9/9), done.[K
remote: Total 33 (delta 19), reused 33 (delta 19), pack-reused 0[K
Unpacking objects:   3% (1/33)   Unpacking objects:   6% (2/33)   Unpacking objects:   9% (3/33)   Unpacking objects:  12% (4/33)   Unpacking objects:  15% (5/33)   Unpacking objects:  18% (6/33)   Unpacking objects:  21% (7/33)   Unpacking objects:  24% (8/33)   Unpacking objects:  27% (9/33)   Unpacking objects:  30% (10/33)   Unpacking objects:  33% (11/33)   Unpacking objects:  36% (12/33)   Unpacking objects:  39% (13/33)   Unpacking objects:  42% (14/33)   Unpacking objects:  45% (15/33)   Unpacking objects:  48% (16/33)   Unpacking objects:  51% (17/33)   Unpacking objects:  54% (18/33)   Unpacking objects:  57% (19/33)   Unpacking objects:  60% (20/33)   Unpacking objects:  63% (21/33)   Unpacking objects:  66% (22/33)   Unpacking objects:  69% (23/33)   Unpacking objects:  72% (24/33)   Unpacking objects:  75% (25/33)   Unpacking objects:  78% (26/33)   Unpacking objects:  81% (27/33)   Unpacking objects:  84% (28/33)   Unpacking objects:  87% (29/33)   Unpacking objects:  90% (30/33)   Unpacking objects:  93% (31/33)   Unpacking objects:  96% (32/33)   Unpacking objects: 100% (33/33)   Unpacking objects: 100% (33/33), done.
From https://github.com/pgjdbc/pgjdbc
 * branch            refs/pull/503/merge -> FETCH_HEAD

travis_time:end:036d44a8:start=1454516424605204617,finish=1454516424939925276,duration=334720659[0K$ git checkout -qf FETCH_HEAD
travis_fold:end:git.checkout[0Ktravis_fold:start:postgresql[0K[33;1mStarting PostgreSQL v9.1[0m
travis_time:start:000539b8[0K$ sudo service postgresql stop
 * Stopping PostgreSQL 9.1 database server       [80G [74G[ OK ]
 * Stopping PostgreSQL 9.2 database server       [80G [74G[ OK ]
 * Stopping PostgreSQL 9.3 database server       [80G [74G[ OK ]
 * Stopping PostgreSQL 9.4 database server       [80G [74G[ OK ]

travis_time:end:000539b8:start=1454516424989282448,finish=1454516426402900339,duration=1413617891[0Ktravis_time:start:03692ff7[0K$ sudo service postgresql start 9.1
 * Starting PostgreSQL 9.1 database server       [80G [74G[ OK ]

travis_time:end:03692ff7:start=1454516426406227928,finish=1454516428612277138,duration=2206049210[0Ktravis_time:start:0be5fa4d[0K$ sudo -u postgres createuser -s -p 5432 travis &>/dev/null

travis_time:end:0be5fa4d:start=1454516428616025944,finish=1454516428661898386,duration=45872442[0Ktravis_time:start:0576f4b6[0K$ sudo -u postgres createdb -O travis -p 5432 travis &>/dev/null

travis_time:end:0576f4b6:start=1454516428665755508,finish=1454516428937053633,duration=271298125[0Ktravis_time:start:01968a94[0K$ sudo -u postgres createuser -s -p 5433 travis &>/dev/null

travis_time:end:01968a94:start=1454516428940764267,finish=1454516428980507408,duration=39743141[0Ktravis_time:start:01ea1680[0K$ sudo -u postgres createdb -O travis -p 5433 travis &>/dev/null

travis_time:end:01ea1680:start=1454516428984167199,finish=1454516429025350600,duration=41183401[0Ktravis_fold:end:postgresql[0K
[33;1mThis job is running on container-based infrastructure, which does not allow use of 'sudo', setuid and setguid executables.[0m
[33;1mIf you require sudo, add 'sudo: required' to your .travis.yml[0m
[33;1mSee https://docs.travis-ci.com/user/workers/container-based-infrastructure/ for details.[0m

[33;1mSetting environment variables from .travis.yml[0m
$ export SONATYPE_USERNAME=[secure]
$ export SONATYPE_PASSWORD=[secure]
$ export PG_VERSION=9.1
$ export COVERAGE=Y

travis_fold:start:cache.1[0KSetting up build cache
$ export CASHER_DIR=$HOME/.casher
travis_time:start:28947f23[0K$ Installing caching utilities

travis_time:end:28947f23:start=1454516430976677609,finish=1454516431143365548,duration=166687939[0Ktravis_time:start:013ba826[0K
travis_time:end:013ba826:start=1454516431147975527,finish=1454516431151102961,duration=3127434[0Ktravis_time:start:188fecf0[0K[32;1mattempting to download cache archive[0m
[32;1mfetching PR.503/cache--jdk-oraclejdk8.tgz[0m
[32;1mfetching PR.503/cache--jdk-oraclejdk8.tbz[0m
[32;1mfetching master/cache--jdk-oraclejdk8.tgz[0m
[32;1mfound cache[0m

travis_time:end:188fecf0:start=1454516431154704101,finish=1454516432765761759,duration=1611057658[0Ktravis_time:start:2cbde870[0K
travis_time:end:2cbde870:start=1454516432769901817,finish=1454516432773412318,duration=3510501[0Ktravis_time:start:2484e0d3[0K[32;1madding /home/travis/.m2/repository to cache[0m

travis_time:end:2484e0d3:start=1454516432777715839,finish=1454516435496229705,duration=2718513866[0Ktravis_fold:end:cache.1[0K$ jdk_switcher use oraclejdk8
Switching to Oracle JDK8 (java-8-oracle), JAVA_HOME will be set to /usr/lib/jvm/java-8-oracle
$ java -Xmx32m -version
java version "1.8.0_31"
Java(TM) SE Runtime Environment (build 1.8.0_31-b13)
Java HotSpot(TM) 64-Bit Server VM (build 25.31-b07, mixed mode)
$ javac -J-Xmx32m -version
javac 1.8.0_31
travis_fold:start:install[0Ktravis_time:start:0c9d167c[0K$ true

travis_time:end:0c9d167c:start=1454516435921860800,finish=1454516435924911390,duration=3050590[0Ktravis_fold:end:install[0Ktravis_fold:start:before_script.1[0Ktravis_time:start:0ea9b620[0K$ test "x$XA" == 'x' || ./travis_install_dependencies.sh

travis_time:end:0ea9b620:start=1454516435929073481,finish=1454516435932146662,duration=3073181[0Ktravis_fold:end:before_script.1[0Ktravis_fold:start:before_script.2[0Ktravis_time:start:05900d68[0K$ psql -U postgres -c "create user test with password 'test';"
CREATE ROLE

travis_time:end:05900d68:start=1454516435936474422,finish=1454516435946446611,duration=9972189[0Ktravis_fold:end:before_script.2[0Ktravis_fold:start:before_script.3[0Ktravis_time:start:0fb92494[0K$ psql -c 'create database test owner test;' -U postgres
CREATE DATABASE

travis_time:end:0fb92494:start=1454516435950456567,finish=1454516436090662125,duration=140205558[0Ktravis_fold:end:before_script.3[0Ktravis_fold:start:before_script.4[0Ktravis_time:start:33e376b8[0K$ echo "MAVEN_OPTS='-Xmx1g -Dgpg.skip=true'" > ~/.mavenrc

travis_time:end:33e376b8:start=1454516436095072045,finish=1454516436098366891,duration=3294846[0Ktravis_fold:end:before_script.4[0Ktravis_fold:start:before_script.5[0Ktravis_time:start:06d29560[0K$ test "x$PG_VERSION" == 'x' || test $PG_VERSION == '8.4' || test $PG_VERSION == '9.0' || psql test -c 'CREATE EXTENSION hstore;' -U postgres
CREATE EXTENSION

travis_time:end:06d29560:start=1454516436102545526,finish=1454516436136934746,duration=34389220[0Ktravis_fold:end:before_script.5[0Ktravis_fold:start:before_script.6[0Ktravis_time:start:0a2681fc[0K$ test "x$PG_VERSION" == 'x' || test $PG_VERSION != '8.4' || createlang -U postgres plpgsql test

travis_time:end:0a2681fc:start=1454516436141382830,finish=1454516436144604333,duration=3221503[0Ktravis_fold:end:before_script.6[0Ktravis_time:start:06e62564[0K$ rm -rf $HOME/.m2/repository/org/postgresql || true

travis_time:end:06e62564:start=1454516436148653358,finish=1454516436152543978,duration=3890620[0K
[32;1mThe command "rm -rf $HOME/.m2/repository/org/postgresql || true" exited with 0.[0m
travis_time:start:3efda5c0[0K$ export JDK6_HOME=$(jdk_switcher home openjdk6)

travis_time:end:3efda5c0:start=1454516436156708312,finish=1454516436160665764,duration=3957452[0K
[32;1mThe command "export JDK6_HOME=$(jdk_switcher home openjdk6)" exited with 0.[0m
travis_time:start:0a3ea794[0K$ export JDK7_HOME=$(jdk_switcher home openjdk7)

travis_time:end:0a3ea794:start=1454516436164937840,finish=1454516436169056648,duration=4118808[0K
[32;1mThe command "export JDK7_HOME=$(jdk_switcher home openjdk7)" exited with 0.[0m
travis_time:start:097180f2[0K$ export JDK8_HOME=$(jdk_switcher home oraclejdk8)

travis_time:end:097180f2:start=1454516436173051696,finish=1454516436177073159,duration=4021463[0K
[32;1mThe command "export JDK8_HOME=$(jdk_switcher home oraclejdk8)" exited with 0.[0m
travis_time:start:1d3f406c[0K$ envsubst < toolchains.xml > ~/.m2/toolchains.xml

travis_time:end:1d3f406c:start=1454516436181204644,finish=1454516436191326171,duration=10121527[0K
[32;1mThe command "envsubst < toolchains.xml > ~/.m2/toolchains.xml" exited with 0.[0m
travis_time:start:2ebdf52d[0K$ ./travis_build.sh
+MVN_ARGS='clean package -B -V'
+MVN_PROFILES=release
+[[ Y == *\Y* ]]
+MVN_PROFILES=release,coverage
+[[ oraclejdk8 == *\j\d\k\6* ]]
+[[ oraclejdk8 == *\j\d\k\7* ]]
+'[' 9.1 == 9.4 ']'
+mvn clean package -B -V -P release,coverage
Apache Maven 3.2.5 (12a6b3acb947671f09b81f49094c53f426d8cea1; 2014-12-14T17:29:23+00:00)
Maven home: /usr/local/maven
Java version: 1.8.0_31, vendor: Oracle Corporation
Java home: /usr/lib/jvm/java-8-oracle/jre
Default locale: en_US, platform encoding: UTF-8
OS name: "linux", version: "3.13.0-40-generic", arch: "amd64", family: "unix"
[INFO] Scanning for projects...
[INFO] Downloading: http://repo.maven.apache.org/maven2/org/postgresql/pgjdbc-versions/1.0.4/pgjdbc-versions-1.0.4.pom
[INFO] Downloaded: http://repo.maven.apache.org/maven2/org/postgresql/pgjdbc-versions/1.0.4/pgjdbc-versions-1.0.4.pom (22 KB at 164.6 KB/sec)
[INFO] Downloading: http://repo.maven.apache.org/maven2/org/postgresql/pgjdbc-core-parent/1.0.4/pgjdbc-core-parent-1.0.4.pom
[INFO] Downloaded: http://repo.maven.apache.org/maven2/org/postgresql/pgjdbc-core-parent/1.0.4/pgjdbc-core-parent-1.0.4.pom (15 KB at 987.8 KB/sec)
[INFO] Downloading: http://repo.maven.apache.org/maven2/org/postgresql/pgjdbc-versions/1.0.2/pgjdbc-versions-1.0.2.pom
[INFO] Downloaded: http://repo.maven.apache.org/maven2/org/postgresql/pgjdbc-versions/1.0.2/pgjdbc-versions-1.0.2.pom (21 KB at 715.2 KB/sec)
[INFO] ------------------------------------------------------------------------
[INFO] Reactor Build Order:
[INFO] 
[INFO] PostgreSQL JDBC Driver - JDBC 4.2
[INFO] PostgreSQL JDBC Driver - benchmarks
[INFO] PostgreSQL JDBC Driver aggregate
[INFO]                                                                         
[INFO] ------------------------------------------------------------------------
[INFO] Building PostgreSQL JDBC Driver - JDBC 4.2 9.4.1208-SNAPSHOT
[INFO] ------------------------------------------------------------------------
[INFO] 
[INFO] --- maven-clean-plugin:2.5:clean (default-clean) @ postgresql ---
[INFO] 
[INFO] --- maven-enforcer-plugin:1.3.1:enforce (enforce-java) @ postgresql ---
[INFO] Skipping Rule Enforcement.
[INFO] 
[INFO] --- maven-toolchains-plugin:1.1:toolchain (default) @ postgresql ---
[INFO] Required toolchain: jdk [ version='1.8' ]
[INFO] Found matching toolchain for type jdk: JDK[/usr/lib/jvm/java-8-oracle]
[INFO] 
[INFO] --- jacoco-maven-plugin:0.7.5.201505241946:prepare-agent (default) @ postgresql ---
[INFO] argLine set to -javaagent:/home/travis/.m2/repository/org/jacoco/org.jacoco.agent/0.7.5.201505241946/org.jacoco.agent-0.7.5.201505241946-runtime.jar=destfile=/home/travis/build/pgjdbc/pgjdbc/pgjdbc/target/jacoco.exec -Xmx512m
[INFO] 
[INFO] --- build-helper-maven-plugin:1.5:parse-version (parse-version) @ postgresql ---
[INFO] 
[INFO] --- properties-maven-plugin:1.0-alpha-2:read-project-properties (default) @ postgresql ---
[WARNING] Ignoring missing properties file: /home/travis/build/pgjdbc/pgjdbc/pgjdbc/../build.local.properties
[INFO] 
[INFO] --- maven-antrun-plugin:1.7:run (create-unzipjdkant.xml) @ postgresql ---
[INFO] Executing tasks

main:
     [echo] Generating /home/travis/build/pgjdbc/pgjdbc/pgjdbc/target/unzip-jdk-ant.xml
[INFO] Executed tasks
[INFO] 
[INFO] --- exec-maven-plugin:1.4.0:exec (unzip-jdk-src) @ postgresql ---
[INFO] skipping execute as per configuraion
[INFO] 
[INFO] --- jcp:6.0.1:preprocess (preprocessSources) @ postgresql ---
[INFO] Added MAVEN property mvn.project.name=PostgreSQL JDBC Driver - JDBC 4.2
[INFO] Added MAVEN property mvn.project.version=9.4.1208-SNAPSHOT
[INFO] Added MAVEN property mvn.project.url=https://github.com/pgjdbc/pgjdbc
[INFO] Added MAVEN property mvn.project.packaging=bundle
[INFO] Added MAVEN property mvn.project.modelversion=4.0.0
[INFO] Added MAVEN property mvn.project.inceptionyear=
[INFO] Added MAVEN property mvn.project.id=org.postgresql:postgresql:bundle:9.4.1208-SNAPSHOT
[INFO] Added MAVEN property mvn.project.groupid=org.postgresql
[INFO] Added MAVEN property mvn.project.description=Java JDBC 4.2 (JRE 8+) driver for PostgreSQL database
[INFO] Added MAVEN property mvn.project.artifact.id=org.postgresql:postgresql:bundle:9.4.1208-SNAPSHOT
[INFO] Added MAVEN property mvn.project.artifact.artifactid=postgresql
[INFO] Added MAVEN property mvn.project.artifact.baseversion=9.4.1208-SNAPSHOT
[INFO] Added MAVEN property mvn.project.artifact.dependencyconflictid=org.postgresql:postgresql:bundle
[INFO] Added MAVEN property mvn.project.artifact.downloadurl=
[INFO] Added MAVEN property mvn.project.artifact.groupid=org.postgresql
[INFO] Added MAVEN property mvn.project.artifact.scope=
[INFO] Added MAVEN property mvn.project.artifact.type=bundle
[INFO] Added MAVEN property mvn.project.artifact.version=9.4.1208-SNAPSHOT
[INFO] Added MAVEN property mvn.project.build.directory=/home/travis/build/pgjdbc/pgjdbc/pgjdbc/target
[INFO] Added MAVEN property mvn.project.build.defaultgoal=
[INFO] Added MAVEN property mvn.project.build.outputdirectory=/home/travis/build/pgjdbc/pgjdbc/pgjdbc/target/classes
[INFO] Added MAVEN property mvn.project.build.scriptsourcedirectory=/home/travis/build/pgjdbc/pgjdbc/pgjdbc/src/main/scripts
[INFO] Added MAVEN property mvn.project.build.sourcedirectory=/home/travis/build/pgjdbc/pgjdbc/pgjdbc/src/main/java
[INFO] Added MAVEN property mvn.project.build.testoutputdirectory=/home/travis/build/pgjdbc/pgjdbc/pgjdbc/target/test-classes
[INFO] Added MAVEN property mvn.project.build.testsourcedirectory=/home/travis/build/pgjdbc/pgjdbc/pgjdbc/src/test/java
[INFO] Added MAVEN property mvn.project.organization.name=PostgreSQL Global Development Group
[INFO] Added MAVEN property mvn.project.organization.url=http://jdbc.postgresql.org/
[INFO] Added MAVEN property mvn.project.activeprofiles=standard-with-extra-repos
[INFO] Added MAVEN property mvn.project.property.jdbc.specification.version.nodot=42
[INFO] Added MAVEN property mvn.project.property.password=***** [hidden because may contain private info]
[INFO] Added MAVEN property mvn.project.property.preparethreshold=5
[INFO] Added MAVEN property mvn.project.property.parsedversion.osgiversion=9.4.1208.SNAPSHOT
[INFO] Added MAVEN property mvn.project.property.postgresql.preprocessed.sources.directory=/home/travis/build/pgjdbc/pgjdbc/pgjdbc/target/gen-src
[INFO] Added MAVEN property mvn.project.property.postgresql.driver.fullversion=PostgreSQL JDBC4.2
[INFO] Added MAVEN property mvn.project.property.username=test
[INFO] Added MAVEN property mvn.project.property.parsedversion.incrementalversion=1208
[INFO] Added MAVEN property mvn.project.property.protocolversion=0
[INFO] Added MAVEN property mvn.project.property.parsedversion.buildnumber=0
[INFO] Added MAVEN property mvn.project.property.javac.target=1.8
[INFO] Added MAVEN property mvn.project.property.project.build.sourceencoding=UTF-8
[INFO] Added MAVEN property mvn.project.property.postgresql.jdbc.spec=JDBC4.2
[INFO] Added MAVEN property mvn.project.property.parsedversion.minorversion=4
[INFO] Added MAVEN property mvn.project.property.port=5432
[INFO] Added MAVEN property mvn.project.property.unzip.jdk.ant.build.xml=/home/travis/build/pgjdbc/pgjdbc/pgjdbc/target/unzip-jdk-ant.xml
[INFO] Added MAVEN property mvn.project.property.skip.assembly=false
[INFO] Added MAVEN property mvn.project.property.database=test
[INFO] Added MAVEN property mvn.project.property.privilegedpassword=***** [hidden because may contain private info]
[INFO] Added MAVEN property mvn.project.property.server=localhost
[INFO] Added MAVEN property mvn.project.property.skip.unzip-jdk-src=true
[INFO] Added MAVEN property mvn.project.property.waffle-jna.version=1.7
[INFO] Added MAVEN property mvn.project.property.parsedversion.majorversion=9
[INFO] Added MAVEN property mvn.project.property.postgresql.enforce.jdk.version=1.8
[INFO] Added MAVEN property mvn.project.property.jdbc.specification.version=4.2
[INFO] Added MAVEN property mvn.project.property.build.properties.relative.path=/home/travis/build/pgjdbc/pgjdbc/pgjdbc/..
[INFO] Added MAVEN property mvn.project.property.loglevel=0
[INFO] Added MAVEN property mvn.project.property.parsedversion.qualifier=SNAPSHOT
[INFO] Added MAVEN property mvn.project.property.template.default.pg.port=5432
[INFO] Added MAVEN property mvn.project.property.argline=-javaagent:/home/travis/.m2/repository/org/jacoco/org.jacoco.agent/0.7.5.201505241946/org.jacoco.agent-0.7.5.201505241946-runtime.jar=destfile=/home/travis/build/pgjdbc/pgjdbc/pgjdbc/target/jacoco.exec -Xmx512m
[INFO] Added MAVEN property mvn.project.property.privilegeduser=postgres
[INFO] Preprocess sources : /home/travis/build/pgjdbc/pgjdbc/pgjdbc/src/main/java
[INFO] Preprocess destination : /home/travis/build/pgjdbc/pgjdbc/pgjdbc/target/gen-src
[INFO] -----------------------------------------------------------------
[INFO] Completed, preprocessed 167 files, copied 16 files, elapsed time 960ms
[INFO] A Compile source root has been removed from the root list [/home/travis/build/pgjdbc/pgjdbc/pgjdbc/src/main/java]
[INFO] The New compile source root has been added into the list [/home/travis/build/pgjdbc/pgjdbc/pgjdbc/target/gen-src]
[INFO] 
[INFO] --- maven-resources-plugin:2.6:resources (default-resources) @ postgresql ---
[INFO] Using 'UTF-8' encoding to copy filtered resources.
[INFO] Copying 16 resources
[INFO] 
[INFO] --- maven-compiler-plugin:3.3:compile (default-compile) @ postgresql ---
[INFO] Toolchain in maven-compiler-plugin: JDK[/usr/lib/jvm/java-8-oracle]
[INFO] Changes detected - recompiling the module!
[INFO] Compiling 167 source files to /home/travis/build/pgjdbc/pgjdbc/pgjdbc/target/classes
[INFO] 
[INFO] --- maven-resources-plugin:2.6:testResources (default-testResources) @ postgresql ---
[INFO] Using 'UTF-8' encoding to copy filtered resources.
[INFO] Copying 1 resource
[INFO] 
[INFO] --- maven-compiler-plugin:3.3:testCompile (default-testCompile) @ postgresql ---
[INFO] Toolchain in maven-compiler-plugin: JDK[/usr/lib/jvm/java-8-oracle]
[INFO] Changes detected - recompiling the module!
[INFO] Compiling 117 source files to /home/travis/build/pgjdbc/pgjdbc/pgjdbc/target/test-classes
[INFO] 
[INFO] --- maven-surefire-plugin:2.18.1:test (default-test) @ postgresql ---
[INFO] Toolchain in maven-surefire-plugin: JDK[/usr/lib/jvm/java-8-oracle]
[INFO] Surefire report directory: /home/travis/build/pgjdbc/pgjdbc/pgjdbc/target/surefire-reports

-------------------------------------------------------
 T E S T S
-------------------------------------------------------
Configuration file /home/travis/build/pgjdbc/pgjdbc/pgjdbc/../build.local.properties does not exist. Consider adding it to specify test db host and login
Configuration file /home/travis/build/pgjdbc/pgjdbc/pgjdbc/../build.local.properties does not exist. Consider adding it to specify test db host and login
Configuration file /home/travis/build/pgjdbc/pgjdbc/pgjdbc/../ssltest.local.properties does not exist. Consider adding it to specify test db host and login
Skipping ssloff8.
Skipping sslhostnossl8.
Skipping ssloff9.
Skipping sslhostnossl9.
Skipping sslhostgh8.
Skipping sslhostgh9.
Skipping sslhostbh8.
Skipping sslhostbh9.
Skipping sslhostsslgh8.
Skipping sslhostsslgh9.
Skipping sslhostsslbh8.
Skipping sslhostsslbh9.
Skipping sslhostsslcertgh8.
Skipping sslhostsslcertgh9.
Skipping sslhostsslcertbh8.
Skipping sslhostsslcertbh9.
Skipping sslcertgh8.
Skipping sslcertgh9.
Skipping sslcertbh8.
Skipping sslcertbh9.
Skipping SingleCertSocketFactoryTests. To enable set the property testsinglecertfactory=true in the ssltest.properties file.
Skipping XA tests because max_prepared_transactions = 0.
Running org.postgresql.test.jdbc4.jdbc41.Jdbc41TestSuite
Tests run: 45, Failures: 0, Errors: 0, Skipped: 0, Time elapsed: 1.481 sec - in org.postgresql.test.jdbc4.jdbc41.Jdbc41TestSuite
Running org.postgresql.test.jdbc4.Jdbc4TestSuite
Tests run: 73, Failures: 0, Errors: 0, Skipped: 0, Time elapsed: 1.093 sec - in org.postgresql.test.jdbc4.Jdbc4TestSuite
Running org.postgresql.test.jdbc2.optional.OptionalTestSuite
Tests run: 49, Failures: 0, Errors: 0, Skipped: 0, Time elapsed: 1.462 sec - in org.postgresql.test.jdbc2.optional.OptionalTestSuite
Running org.postgresql.test.jdbc2.Jdbc2TestSuite
file:/home/travis/build/pgjdbc/pgjdbc/pgjdbc/target/classes/
Using seed = 1454516549789 for StrangeInputStream. Set -DStrangeInputStream.seed=1454516549789 to reproduce the test
Using seed = 1454516550552 for StrangeInputStream. Set -DStrangeInputStream.seed=1454516550552 to reproduce the test
Using seed = 1454516551372 for StrangeInputStream. Set -DStrangeInputStream.seed=1454516551372 to reproduce the test
Using seed = 1454516552175 for StrangeInputStream. Set -DStrangeInputStream.seed=1454516552175 to reproduce the test
Using seed = 1454516552836 for StrangeInputStream. Set -DStrangeInputStream.seed=1454516552836 to reproduce the test
Using seed = 1454516553570 for StrangeInputStream. Set -DStrangeInputStream.seed=1454516553570 to reproduce the test
Using seed = 1454516554087 for StrangeInputStream. Set -DStrangeInputStream.seed=1454516554087 to reproduce the test
Using seed = 1454516554509 for StrangeInputStream. Set -DStrangeInputStream.seed=1454516554509 to reproduce the test
Using seed = 1454516554926 for StrangeInputStream. Set -DStrangeInputStream.seed=1454516554926 to reproduce the test
Using seed = 1454516555393 for StrangeInputStream. Set -DStrangeInputStream.seed=1454516555393 to reproduce the test
Tests run: 510, Failures: 0, Errors: 2, Skipped: 0, Time elapsed: 66.236 sec <<< FAILURE! - in org.postgresql.test.jdbc2.Jdbc2TestSuite
run[5: batchTest(mode=FAIL_VIA_SELECT, position=FIRST_ROW, autoCommit=YES, batchType=SIMPLE, generateKeys=YES, binary=FORCE)](org.postgresql.test.jdbc2.BatchFailureTest)  Time elapsed: 0.037 sec  <<< ERROR!
org.postgresql.util.PSQLException: ERROR: division by zero
	at org.postgresql.core.v3.QueryExecutorImpl.receiveErrorResponse(QueryExecutorImpl.java:2284)
	at org.postgresql.core.v3.QueryExecutorImpl.processResults(QueryExecutorImpl.java:2003)
	at org.postgresql.core.v3.QueryExecutorImpl.execute(QueryExecutorImpl.java:200)
	at org.postgresql.jdbc.PgStatement.executeBatch(PgStatement.java:976)
	at org.postgresql.test.jdbc2.BatchFailureTest.run(BatchFailureTest.java:202)

run[7: batchTest(mode=FAIL_VIA_SELECT, position=FIRST_ROW, autoCommit=NO, batchType=SIMPLE, generateKeys=NO, binary=FORCE)](org.postgresql.test.jdbc2.BatchFailureTest)  Time elapsed: 0.009 sec  <<< ERROR!
org.postgresql.util.PSQLException: ERROR: division by zero
	at org.postgresql.core.v3.QueryExecutorImpl.receiveErrorResponse(QueryExecutorImpl.java:2284)
	at org.postgresql.core.v3.QueryExecutorImpl.processResults(QueryExecutorImpl.java:2003)
	at org.postgresql.core.v3.QueryExecutorImpl.execute(QueryExecutorImpl.java:200)
	at org.postgresql.jdbc.PgStatement.executeBatch(PgStatement.java:976)
	at org.postgresql.test.jdbc2.BatchFailureTest.run(BatchFailureTest.java:202)

Running org.postgresql.test.jdbc3.Jdbc3TestSuite
Tests run: 89, Failures: 0, Errors: 0, Skipped: 0, Time elapsed: 0.673 sec - in org.postgresql.test.jdbc3.Jdbc3TestSuite
Running org.postgresql.test.osgi.OsgiTestSuite
Tests run: 8, Failures: 0, Errors: 0, Skipped: 0, Time elapsed: 0.007 sec - in org.postgresql.test.osgi.OsgiTestSuite
Running org.postgresql.test.jdbc42.Jdbc42TestSuite
Tests run: 19, Failures: 0, Errors: 0, Skipped: 0, Time elapsed: 31.341 sec - in org.postgresql.test.jdbc42.Jdbc42TestSuite
Running org.postgresql.test.ssl.SslTestSuite
Configuration file /home/travis/build/pgjdbc/pgjdbc/pgjdbc/../ssltest.local.properties does not exist. Consider adding it to specify test db host and login
Skipping ssloff8.
Skipping sslhostnossl8.
Skipping ssloff9.
Skipping sslhostnossl9.
Skipping sslhostgh8.
Skipping sslhostgh9.
Skipping sslhostbh8.
Skipping sslhostbh9.
Skipping sslhostsslgh8.
Skipping sslhostsslgh9.
Skipping sslhostsslbh8.
Skipping sslhostsslbh9.
Skipping sslhostsslcertgh8.
Skipping sslhostsslcertgh9.
Skipping sslhostsslcertbh8.
Skipping sslhostsslcertbh9.
Skipping sslcertgh8.
Skipping sslcertgh9.
Skipping sslcertbh8.
Skipping sslcertbh9.
Tests run: 0, Failures: 0, Errors: 0, Skipped: 0, Time elapsed: 0.001 sec - in org.postgresql.test.ssl.SslTestSuite
Running org.postgresql.test.ssl.SingleCertValidatingFactoryTestSuite
Skipping SingleCertSocketFactoryTests. To enable set the property testsinglecertfactory=true in the ssltest.properties file.
Tests run: 0, Failures: 0, Errors: 0, Skipped: 0, Time elapsed: 0 sec - in org.postgresql.test.ssl.SingleCertValidatingFactoryTestSuite
Running org.postgresql.test.extensions.ExtensionsTestSuite
Tests run: 4, Failures: 0, Errors: 0, Skipped: 0, Time elapsed: 0.083 sec - in org.postgresql.test.extensions.ExtensionsTestSuite
Running org.postgresql.test.hostchooser.MultiHostTestSuite
Tests run: 1, Failures: 0, Errors: 0, Skipped: 0, Time elapsed: 0.001 sec - in org.postgresql.test.hostchooser.MultiHostTestSuite
Running org.postgresql.test.xa.XATestSuite
Skipping XA tests because max_prepared_transactions = 0.
Tests run: 0, Failures: 0, Errors: 0, Skipped: 0, Time elapsed: 0.014 sec - in org.postgresql.test.xa.XATestSuite
Running org.postgresql.test.socketfactory.SocketFactoryTestSuite
Tests run: 1, Failures: 0, Errors: 0, Skipped: 0, Time elapsed: 0.016 sec - in org.postgresql.test.socketfactory.SocketFactoryTestSuite

Results :

Tests in error: 
  BatchFailureTest.run:202 Â» PSQL ERROR: division by zero
  BatchFailureTest.run:202 Â» PSQL ERROR: division by zero

Tests run: 799, Failures: 0, Errors: 2, Skipped: 0

[INFO] ------------------------------------------------------------------------
[INFO] Reactor Summary:
[INFO] 
[INFO] PostgreSQL JDBC Driver - JDBC 4.2 .................. FAILURE [02:25 min]
[INFO] PostgreSQL JDBC Driver - benchmarks ................ SKIPPED
[INFO] PostgreSQL JDBC Driver aggregate ................... SKIPPED
[INFO] ------------------------------------------------------------------------
[INFO] BUILD FAILURE
[INFO] ------------------------------------------------------------------------
[INFO] Total time: 02:30 min
[INFO] Finished at: 2016-02-03T16:23:08+00:00
[INFO] Final Memory: 22M/494M
[INFO] ------------------------------------------------------------------------
[ERROR] Failed to execute goal org.apache.maven.plugins:maven-surefire-plugin:2.18.1:test (default-test) on project postgresql: There are test failures.
[ERROR] 
[ERROR] Please refer to /home/travis/build/pgjdbc/pgjdbc/pgjdbc/target/surefire-reports for the individual test results.
[ERROR] -> [Help 1]
[ERROR] 
[ERROR] To see the full stack trace of the errors, re-run Maven with the -e switch.
[ERROR] Re-run Maven using the -X switch to enable full debug logging.
[ERROR] 
[ERROR] For more information about the errors and possible solutions, please read the following articles:
[ERROR] [Help 1] http://cwiki.apache.org/confluence/display/MAVEN/MojoFailureException

travis_time:end:2ebdf52d:start=1454516436195458085,finish=1454516589032257230,duration=152836799145[0K
[31;1mThe command "./travis_build.sh" exited with 1.[0m
travis_fold:start:before_cache[0Ktravis_time:start:06564b42[0K$ rm -rf $HOME/.m2/repository/org/postgresql

travis_time:end:06564b42:start=1454516589036261594,finish=1454516589040311148,duration=4049554[0Ktravis_fold:end:before_cache[0Ktravis_fold:start:cache.2[0Kstore build cache
travis_time:start:122ecb9b[0K
travis_time:end:122ecb9b:start=1454516589044144759,finish=1454516589047304478,duration=3159719[0Ktravis_time:start:01eab388[0K[32;1mnothing changed, not updating cache[0m

travis_time:end:01eab388:start=1454516589050939795,finish=1454516589805237010,duration=754297215[0Ktravis_fold:end:cache.2[0K
Done. Your build exited with 1.
