travis_fold:start:worker_info[0K[33;1mWorker information[0m
hostname: e57290fd-c474-4ef6-9f46-7f4e35625a2c@1.i-04c3805-production-2-worker-org-ec2.travisci.net
version: v3.2.2 https://github.com/travis-ci/worker/tree/35ab576459537de3fb29ea1b1407345a4e3e4019
instance: 356b0cd:travisci/ci-garnet:packer-1503972846 (via amqp)
startup: 532.436476ms
travis_fold:end:worker_info[0Ktravis_fold:start:system_info[0K[33;1mBuild system information[0m
Build language: java
Build group: stable
Build dist: trusty
Build id: 295500870
Job id: 295500873
Runtime kernel version: 4.11.6-041106-generic
travis-build version: f45d07993
[34m[1mBuild image provisioning date and time[0m
Tue Aug 29 02:50:02 UTC 2017
[34m[1mOperating System Details[0m
Distributor ID:	Ubuntu
Description:	Ubuntu 14.04.5 LTS
Release:	14.04
Codename:	trusty
[34m[1mCookbooks Version[0m
4642454 https://github.com/travis-ci/travis-cookbooks/tree/4642454
[34m[1mgit version[0m
git version 2.14.1
[34m[1mbash version[0m
GNU bash, version 4.3.11(1)-release (x86_64-pc-linux-gnu)
[34m[1mgcc version[0m
gcc (Ubuntu 4.8.4-2ubuntu1~14.04.3) 4.8.4
Copyright (C) 2013 Free Software Foundation, Inc.
This is free software; see the source for copying conditions.  There is NO
warranty; not even for MERCHANTABILITY or FITNESS FOR A PARTICULAR PURPOSE.

[34m[1mdocker version[0m
Client:
 Version:      17.03.1-ce
 API version:  1.27
 Go version:   go1.7.5
 Git commit:   c6d412e
 Built:        Mon Mar 27 16:58:30 2017
 OS/Arch:      linux/amd64
[34m[1mclang version[0m
clang version 3.9.0 (tags/RELEASE_390/final)
Target: x86_64-unknown-linux-gnu
Thread model: posix
InstalledDir: /usr/local/clang-3.9.0/bin
[34m[1mjq version[0m
jq-1.5
[34m[1mbats version[0m
Bats 0.4.0
[34m[1mshellcheck version[0m
0.4.6
[34m[1mshfmt version[0m
v1.3.1
[34m[1mccache version[0m
ccache version 3.1.9

Copyright (C) 2002-2007 Andrew Tridgell
Copyright (C) 2009-2011 Joel Rosdahl

This program is free software; you can redistribute it and/or modify it under
the terms of the GNU General Public License as published by the Free Software
Foundation; either version 3 of the License, or (at your option) any later
version.
[34m[1mcmake version[0m
cmake version 3.2.2

CMake suite maintained and supported by Kitware (kitware.com/cmake).
[34m[1mheroku version[0m
heroku-cli/6.13.19-6cd27b3 (linux-x64) node-v8.3.0
[34m[1mimagemagick version[0m
Version: ImageMagick 6.7.7-10 2017-07-31 Q16 http://www.imagemagick.org
[34m[1mmd5deep version[0m
4.2
[34m[1mmercurial version[0m
Mercurial Distributed SCM (version 4.2.2)
(see https://mercurial-scm.org for more information)

Copyright (C) 2005-2017 Matt Mackall and others
This is free software; see the source for copying conditions. There is NO
warranty; not even for MERCHANTABILITY or FITNESS FOR A PARTICULAR PURPOSE.
[34m[1mmysql version[0m
mysql  Ver 14.14 Distrib 5.6.33, for debian-linux-gnu (x86_64) using  EditLine wrapper
[34m[1mopenssl version[0m
OpenSSL 1.0.1f 6 Jan 2014
[34m[1mpacker version[0m
Packer v1.0.2

Your version of Packer is out of date! The latest version
is 1.0.4. You can update by downloading from www.packer.io
[34m[1mpostgresql client version[0m
psql (PostgreSQL) 9.6.4
[34m[1mragel version[0m
Ragel State Machine Compiler version 6.8 Feb 2013
Copyright (c) 2001-2009 by Adrian Thurston
[34m[1msubversion version[0m
svn, version 1.8.8 (r1568071)
   compiled Aug 10 2017, 17:20:39 on x86_64-pc-linux-gnu

Copyright (C) 2013 The Apache Software Foundation.
This software consists of contributions made by many people;
see the NOTICE file for more information.
Subversion is open source software, see http://subversion.apache.org/

The following repository access (RA) modules are available:

* ra_svn : Module for accessing a repository using the svn network protocol.
  - with Cyrus SASL authentication
  - handles 'svn' scheme
* ra_local : Module for accessing a repository on local disk.
  - handles 'file' scheme
* ra_serf : Module for accessing a repository via WebDAV protocol using serf.
  - using serf 1.3.3
  - handles 'http' scheme
  - handles 'https' scheme

[34m[1msudo version[0m
Sudo version 1.8.9p5
Configure options: --prefix=/usr -v --with-all-insults --with-pam --with-fqdn --with-logging=syslog --with-logfac=authpriv --with-env-editor --with-editor=/usr/bin/editor --with-timeout=15 --with-password-timeout=0 --with-passprompt=[sudo] password for %p:  --without-lecture --with-tty-tickets --disable-root-mailer --enable-admin-flag --with-sendmail=/usr/sbin/sendmail --with-timedir=/var/lib/sudo --mandir=/usr/share/man --libexecdir=/usr/lib/sudo --with-sssd --with-sssd-lib=/usr/lib/x86_64-linux-gnu --with-selinux
Sudoers policy plugin version 1.8.9p5
Sudoers file grammar version 43

Sudoers path: /etc/sudoers
Authentication methods: 'pam'
Syslog facility if syslog is being used for logging: authpriv
Syslog priority to use when user authenticates successfully: notice
Syslog priority to use when user authenticates unsuccessfully: alert
Send mail if the user is not in sudoers
Use a separate timestamp for each user/tty combo
Lecture user the first time they run sudo
Root may run sudo
Allow some information gathering to give useful error messages
Require fully-qualified hostnames in the sudoers file
Visudo will honor the EDITOR environment variable
Set the LOGNAME and USER environment variables
Length at which to wrap log file lines (0 for no wrap): 80
Authentication timestamp timeout: 15.0 minutes
Password prompt timeout: 0.0 minutes
Number of tries to enter a password: 3
Umask to use or 0777 to use user's: 022
Path to mail program: /usr/sbin/sendmail
Flags for mail program: -t
Address to send mail to: root
Subject line for mail messages: *** SECURITY information for %h ***
Incorrect password message: Sorry, try again.
Path to authentication timestamp dir: /var/lib/sudo
Default password prompt: [sudo] password for %p: 
Default user to run commands as: root
Value to override user's $PATH with: /usr/local/sbin:/usr/local/bin:/usr/sbin:/usr/bin:/sbin:/bin:/snap/bin
Path to the editor for use by visudo: /usr/bin/editor
When to require a password for 'list' pseudocommand: any
When to require a password for 'verify' pseudocommand: all
File descriptors >= 3 will be closed before executing a command
Environment variables to check for sanity:
	TZ
	TERM
	LINGUAS
	LC_*
	LANGUAGE
	LANG
	COLORTERM
Environment variables to remove:
	RUBYOPT
	RUBYLIB
	PYTHONUSERBASE
	PYTHONINSPECT
	PYTHONPATH
	PYTHONHOME
	TMPPREFIX
	ZDOTDIR
	READNULLCMD
	NULLCMD
	FPATH
	PERL5DB
	PERL5OPT
	PERL5LIB
	PERLLIB
	PERLIO_DEBUG 
	JAVA_TOOL_OPTIONS
	SHELLOPTS
	GLOBIGNORE
	PS4
	BASH_ENV
	ENV
	TERMCAP
	TERMPATH
	TERMINFO_DIRS
	TERMINFO
	_RLD*
	LD_*
	PATH_LOCALE
	NLSPATH
	HOSTALIASES
	RES_OPTIONS
	LOCALDOMAIN
	CDPATH
	IFS
Environment variables to preserve:
	JAVA_HOME
	TRAVIS
	CI
	DEBIAN_FRONTEND
	XAUTHORIZATION
	XAUTHORITY
	PS2
	PS1
	PATH
	LS_COLORS
	KRB5CCNAME
	HOSTNAME
	HOME
	DISPLAY
	COLORS
Locale to use while parsing sudoers: C
Directory in which to store input/output logs: /var/log/sudo-io
File in which to store the input/output log: %{seq}
Add an entry to the utmp/utmpx file when allocating a pty
PAM service name to use
PAM service name to use for login shells
Create a new PAM session for the command to run in
Maximum I/O log sequence number: 0

Local IP address and netmask pairs:
	172.17.0.2/255.255.0.0

Sudoers I/O plugin version 1.8.9p5
[34m[1mgzip version[0m
gzip 1.6
Copyright (C) 2007, 2010, 2011 Free Software Foundation, Inc.
Copyright (C) 1993 Jean-loup Gailly.
This is free software.  You may redistribute copies of it under the terms of
the GNU General Public License <http://www.gnu.org/licenses/gpl.html>.
There is NO WARRANTY, to the extent permitted by law.

Written by Jean-loup Gailly.
[34m[1mzip version[0m
Copyright (c) 1990-2008 Info-ZIP - Type 'zip "-L"' for software license.
This is Zip 3.0 (July 5th 2008), by Info-ZIP.
Currently maintained by E. Gordon.  Please send bug reports to
the authors using the web page at www.info-zip.org; see README for details.

Latest sources and executables are at ftp://ftp.info-zip.org/pub/infozip,
as of above date; see http://www.info-zip.org/ for other sites.

Compiled with gcc 4.8.2 for Unix (Linux ELF) on Oct 21 2013.

Zip special compilation options:
	USE_EF_UT_TIME       (store Universal Time)
	BZIP2_SUPPORT        (bzip2 library version 1.0.6, 6-Sept-2010)
	    bzip2 code and library copyright (c) Julian R Seward
	    (See the bzip2 license for terms of use)
	SYMLINK_SUPPORT      (symbolic links supported)
	LARGE_FILE_SUPPORT   (can read and write large files on file system)
	ZIP64_SUPPORT        (use Zip64 to store large files in archives)
	UNICODE_SUPPORT      (store and read UTF-8 Unicode paths)
	STORE_UNIX_UIDs_GIDs (store UID/GID sizes/values using new extra field)
	UIDGID_NOT_16BIT     (old Unix 16-bit UID/GID extra field not used)
	[encryption, version 2.91 of 05 Jan 2007] (modified for Zip 3)

Encryption notice:
	The encryption code of this program is not copyrighted and is
	put in the public domain.  It was originally written in Europe
	and, to the best of our knowledge, can be freely distributed
	in both source and object forms from any country, including
	the USA under License Exception TSU of the U.S. Export
	Administration Regulations (section 740.13(e)) of 6 June 2002.

Zip environment options:
             ZIP:  [none]
          ZIPOPT:  [none]
[34m[1mvim version[0m
VIM - Vi IMproved 7.4 (2013 Aug 10, compiled Nov 24 2016 16:43:18)
Included patches: 1-52
Extra patches: 8.0.0056
Modified by pkg-vim-maintainers@lists.alioth.debian.org
Compiled by buildd@
Huge version without GUI.  Features included (+) or not (-):
+acl             +farsi           +mouse_netterm   +syntax
+arabic          +file_in_path    +mouse_sgr       +tag_binary
+autocmd         +find_in_path    -mouse_sysmouse  +tag_old_static
-balloon_eval    +float           +mouse_urxvt     -tag_any_white
-browse          +folding         +mouse_xterm     -tcl
++builtin_terms  -footer          +multi_byte      +terminfo
+byte_offset     +fork()          +multi_lang      +termresponse
+cindent         +gettext         -mzscheme        +textobjects
-clientserver    -hangul_input    +netbeans_intg   +title
-clipboard       +iconv           +path_extra      -toolbar
+cmdline_compl   +insert_expand   -perl            +user_commands
+cmdline_hist    +jumplist        +persistent_undo +vertsplit
+cmdline_info    +keymap          +postscript      +virtualedit
+comments        +langmap         +printer         +visual
+conceal         +libcall         +profile         +visualextra
+cryptv          +linebreak       +python          +viminfo
+cscope          +lispindent      -python3         +vreplace
+cursorbind      +listcmds        +quickfix        +wildignore
+cursorshape     +localmap        +reltime         +wildmenu
+dialog_con      -lua             +rightleft       +windows
+diff            +menu            -ruby            +writebackup
+digraphs        +mksession       +scrollbind      -X11
-dnd             +modify_fname    +signs           -xfontset
-ebcdic          +mouse           +smartindent     -xim
+emacs_tags      -mouseshape      -sniff           -xsmp
+eval            +mouse_dec       +startuptime     -xterm_clipboard
+ex_extra        +mouse_gpm       +statusline      -xterm_save
+extra_search    -mouse_jsbterm   -sun_workshop    -xpm
   system vimrc file: "$VIM/vimrc"
     user vimrc file: "$HOME/.vimrc"
 2nd user vimrc file: "~/.vim/vimrc"
      user exrc file: "$HOME/.exrc"
  fall-back for $VIM: "/usr/share/vim"
Compilation: gcc -c -I. -Iproto -DHAVE_CONFIG_H     -g -O2 -fstack-protector --param=ssp-buffer-size=4 -Wformat -Werror=format-security -U_FORTIFY_SOURCE -D_FORTIFY_SOURCE=1      
Linking: gcc   -Wl,-Bsymbolic-functions -Wl,-z,relro -Wl,--as-needed -o vim        -lm -ltinfo -lnsl  -lselinux  -lacl -lattr -lgpm -ldl    -L/usr/lib/python2.7/config-x86_64-linux-gnu -lpython2.7 -lpthread -ldl -lutil -lm -Xlinker -export-dynamic -Wl,-O1 -Wl,-Bsymbolic-functions      
[34m[1miptables version[0m
iptables v1.4.21
[34m[1mcurl version[0m
curl 7.35.0 (x86_64-pc-linux-gnu) libcurl/7.35.0 OpenSSL/1.0.1f zlib/1.2.8 libidn/1.28 librtmp/2.3
[34m[1mwget version[0m
GNU Wget 1.15 built on linux-gnu.
[34m[1mrsync version[0m
rsync  version 3.1.0  protocol version 31
[34m[1mgimme version[0m
v1.2.0
[34m[1mnvm version[0m
0.33.2
[34m[1mperlbrew version[0m
/home/travis/perl5/perlbrew/bin/perlbrew  - App::perlbrew/0.80
[34m[1mphpenv version[0m
rbenv 1.1.1-4-g4ebd1bd
[34m[1mrvm version[0m
rvm 1.29.2 (latest) by Michal Papis, Piotr Kuczynski, Wayne E. Seguin [https://rvm.io/]
[34m[1mdefault ruby version[0m
ruby 2.4.1p111 (2017-03-22 revision 58053) [x86_64-linux]
[34m[1mCouchDB version[0m
couchdb 1.6.1
[34m[1mElasticSearch version[0m
5.5.0
[34m[1mInstalled Firefox version[0m
firefox 55.0.2
[34m[1mMongoDB version[0m
MongoDB 3.2.16
[34m[1mPre-installed PostgreSQL versions[0m
9.2.22
9.3.18
9.4.13
9.5.8
9.6.4
[34m[1mRabbitMQ Version[0m
3.6.11
[34m[1mRedis version[0m
redis-server 4.0.1
[34m[1mriak version[0m
2.2.3
[34m[1mPre-installed Go versions[0m
1.7.4
[34m[1mant version[0m
Apache Ant(TM) version 1.9.3 compiled on April 8 2014
[34m[1mmvn version[0m
Apache Maven 3.5.0 (ff8f5e7444045639af65f6095c62210b5713f426; 2017-04-03T19:39:06Z)
Maven home: /usr/local/maven-3.5.0
Java version: 1.8.0_144, vendor: Oracle Corporation
Java home: /usr/lib/jvm/java-8-oracle/jre
Default locale: en_US, platform encoding: UTF-8
OS name: "linux", version: "4.4.0-92-generic", arch: "amd64", family: "unix"
[34m[1mgradle version[0m

------------------------------------------------------------
Gradle 4.0.1
------------------------------------------------------------

Build time:   2017-07-07 14:02:41 UTC
Revision:     38e5dc0f772daecca1d2681885d3d85414eb6826

Groovy:       2.4.11
Ant:          Apache Ant(TM) version 1.9.6 compiled on June 29 2015
JVM:          1.8.0_144 (Oracle Corporation 25.144-b01)
OS:           Linux 4.4.0-92-generic amd64

[34m[1mlein version[0m
WARNING: You're currently running as root; probably by accident.
Press control-C to abort or Enter to continue as root.
Set LEIN_ROOT to disable this warning.
Leiningen 2.7.1 on Java 1.8.0_144 Java HotSpot(TM) 64-Bit Server VM
[34m[1mPre-installed Node.js versions[0m
v4.8.4
v6.11.2
v6.9.4
v7.4.0
v8.4
[34m[1mphpenv versions[0m
  system
  5.6
* 5.6.31 (set by /home/travis/.phpenv/version)
  7.0
  7.0.22
  hhvm
  hhvm-stable
[34m[1mcomposer --version[0m
Composer version 1.4.2 2017-05-17 08:17:52
[34m[1mPre-installed Ruby versions[0m
ruby-2.2.7
ruby-2.3.4
ruby-2.4.1
travis_fold:end:system_info[0K
removed â€˜/etc/apt/sources.list.d/basho_riak.listâ€™
Executing: /tmp/tmp.wfsSjZ30pd/gpg.1.sh --keyserver
hkp://keyserver.ubuntu.com:80
--recv
EA312927
gpg: requesting key EA312927 from hkp server keyserver.ubuntu.com
gpg: key EA312927: "MongoDB 3.2 Release Signing Key <packaging@mongodb.com>" 1 new signature
gpg: Total number processed: 1
gpg:         new signatures: 1
W: http://dl.hhvm.com/ubuntu/dists/trusty/InRelease: Signature by key 36AEF64D0207E7EEE352D4875A16E7281BE7A449 uses weak digest algorithm (SHA1)
W: http://ppa.launchpad.net/couchdb/stable/ubuntu/dists/trusty/Release.gpg: Signature by key 15866BAFD9BCC4F3C1E0DFC7D69548E1C17EAB57 uses weak digest algorithm (SHA1)
$ jdk_switcher use oraclejdk8
Switching to Oracle JDK8 (java-8-oracle), JAVA_HOME will be set to /usr/lib/jvm/java-8-oracle
travis_fold:start:git.checkout[0Ktravis_time:start:035572c2[0K$ git clone --depth=50 --branch=feature/embedded-resources https://github.com/spring-projects/spring-hateoas.git spring-projects/spring-hateoas
Cloning into 'spring-projects/spring-hateoas'...
remote: Counting objects: 930, done.[K
remote: Compressing objects:   0% (1/416)   [Kremote: Compressing objects:   1% (5/416)   [Kremote: Compressing objects:   2% (9/416)   [Kremote: Compressing objects:   3% (13/416)   [Kremote: Compressing objects:   4% (17/416)   [Kremote: Compressing objects:   5% (21/416)   [Kremote: Compressing objects:   6% (25/416)   [Kremote: Compressing objects:   7% (30/416)   [Kremote: Compressing objects:   8% (34/416)   [Kremote: Compressing objects:   9% (38/416)   [Kremote: Compressing objects:  10% (42/416)   [Kremote: Compressing objects:  11% (46/416)   [Kremote: Compressing objects:  12% (50/416)   [Kremote: Compressing objects:  13% (55/416)   [Kremote: Compressing objects:  14% (59/416)   [Kremote: Compressing objects:  15% (63/416)   [Kremote: Compressing objects:  16% (67/416)   [Kremote: Compressing objects:  17% (71/416)   [Kremote: Compressing objects:  18% (75/416)   [Kremote: Compressing objects:  19% (80/416)   [Kremote: Compressing objects:  20% (84/416)   [Kremote: Compressing objects:  21% (88/416)   [Kremote: Compressing objects:  22% (92/416)   [Kremote: Compressing objects:  23% (96/416)   [Kremote: Compressing objects:  24% (100/416)   [Kremote: Compressing objects:  25% (104/416)   [Kremote: Compressing objects:  26% (109/416)   [Kremote: Compressing objects:  27% (113/416)   [Kremote: Compressing objects:  28% (117/416)   [Kremote: Compressing objects:  29% (121/416)   [Kremote: Compressing objects:  30% (125/416)   [Kremote: Compressing objects:  31% (129/416)   [Kremote: Compressing objects:  32% (134/416)   [Kremote: Compressing objects:  33% (138/416)   [Kremote: Compressing objects:  34% (142/416)   [Kremote: Compressing objects:  35% (146/416)   [Kremote: Compressing objects:  36% (150/416)   [Kremote: Compressing objects:  37% (154/416)   [Kremote: Compressing objects:  38% (159/416)   [Kremote: Compressing objects:  39% (163/416)   [Kremote: Compressing objects:  40% (167/416)   [Kremote: Compressing objects:  41% (171/416)   [Kremote: Compressing objects:  42% (175/416)   [Kremote: Compressing objects:  43% (179/416)   [Kremote: Compressing objects:  44% (184/416)   [Kremote: Compressing objects:  45% (188/416)   [Kremote: Compressing objects:  46% (192/416)   [Kremote: Compressing objects:  47% (196/416)   [Kremote: Compressing objects:  48% (200/416)   [Kremote: Compressing objects:  49% (204/416)   [Kremote: Compressing objects:  50% (208/416)   [Kremote: Compressing objects:  51% (213/416)   [Kremote: Compressing objects:  52% (217/416)   [Kremote: Compressing objects:  53% (221/416)   [Kremote: Compressing objects:  54% (225/416)   [Kremote: Compressing objects:  55% (229/416)   [Kremote: Compressing objects:  56% (233/416)   [Kremote: Compressing objects:  57% (238/416)   [Kremote: Compressing objects:  58% (242/416)   [Kremote: Compressing objects:  59% (246/416)   [Kremote: Compressing objects:  60% (250/416)   [Kremote: Compressing objects:  61% (254/416)   [Kremote: Compressing objects:  62% (258/416)   [Kremote: Compressing objects:  63% (263/416)   [Kremote: Compressing objects:  64% (267/416)   [Kremote: Compressing objects:  65% (271/416)   [Kremote: Compressing objects:  66% (275/416)   [Kremote: Compressing objects:  67% (279/416)   [Kremote: Compressing objects:  68% (283/416)   [Kremote: Compressing objects:  69% (288/416)   [Kremote: Compressing objects:  70% (292/416)   [Kremote: Compressing objects:  71% (296/416)   [Kremote: Compressing objects:  72% (300/416)   [Kremote: Compressing objects:  73% (304/416)   [Kremote: Compressing objects:  74% (308/416)   [Kremote: Compressing objects:  75% (312/416)   [Kremote: Compressing objects:  76% (317/416)   [Kremote: Compressing objects:  77% (321/416)   [Kremote: Compressing objects:  78% (325/416)   [Kremote: Compressing objects:  79% (329/416)   [Kremote: Compressing objects:  80% (333/416)   [Kremote: Compressing objects:  81% (337/416)   [Kremote: Compressing objects:  82% (342/416)   [Kremote: Compressing objects:  83% (346/416)   [Kremote: Compressing objects:  84% (350/416)   [Kremote: Compressing objects:  85% (354/416)   [Kremote: Compressing objects:  86% (358/416)   [Kremote: Compressing objects:  87% (362/416)   [Kremote: Compressing objects:  88% (367/416)   [Kremote: Compressing objects:  89% (371/416)   [Kremote: Compressing objects:  90% (375/416)   [Kremote: Compressing objects:  91% (379/416)   [Kremote: Compressing objects:  92% (383/416)   [Kremote: Compressing objects:  93% (387/416)   [Kremote: Compressing objects:  94% (392/416)   [Kremote: Compressing objects:  95% (396/416)   [Kremote: Compressing objects:  96% (400/416)   [Kremote: Compressing objects:  97% (404/416)   [Kremote: Compressing objects:  98% (408/416)   [Kremote: Compressing objects:  99% (412/416)   [Kremote: Compressing objects: 100% (416/416)   [Kremote: Compressing objects: 100% (416/416), done.[K
Receiving objects:   0% (1/930)   Receiving objects:   1% (10/930)   Receiving objects:   2% (19/930)   Receiving objects:   3% (28/930)   Receiving objects:   4% (38/930)   Receiving objects:   5% (47/930)   Receiving objects:   6% (56/930)   Receiving objects:   7% (66/930)   Receiving objects:   8% (75/930)   Receiving objects:   9% (84/930)   Receiving objects:  10% (93/930)   Receiving objects:  11% (103/930)   Receiving objects:  12% (112/930)   Receiving objects:  13% (121/930)   Receiving objects:  14% (131/930)   Receiving objects:  15% (140/930)   Receiving objects:  16% (149/930)   Receiving objects:  17% (159/930)   Receiving objects:  18% (168/930)   Receiving objects:  19% (177/930)   Receiving objects:  20% (186/930)   Receiving objects:  21% (196/930)   Receiving objects:  22% (205/930)   Receiving objects:  23% (214/930)   Receiving objects:  24% (224/930)   Receiving objects:  25% (233/930)   Receiving objects:  26% (242/930)   Receiving objects:  27% (252/930)   Receiving objects:  28% (261/930)   Receiving objects:  29% (270/930)   Receiving objects:  30% (279/930)   Receiving objects:  31% (289/930)   Receiving objects:  32% (298/930)   Receiving objects:  33% (307/930)   Receiving objects:  34% (317/930)   Receiving objects:  35% (326/930)   Receiving objects:  36% (335/930)   Receiving objects:  37% (345/930)   Receiving objects:  38% (354/930)   Receiving objects:  39% (363/930)   Receiving objects:  40% (372/930)   Receiving objects:  41% (382/930)   Receiving objects:  42% (391/930)   Receiving objects:  43% (400/930)   Receiving objects:  44% (410/930)   Receiving objects:  45% (419/930)   Receiving objects:  46% (428/930)   Receiving objects:  47% (438/930)   Receiving objects:  48% (447/930)   Receiving objects:  49% (456/930)   Receiving objects:  50% (465/930)   Receiving objects:  51% (475/930)   Receiving objects:  52% (484/930)   Receiving objects:  53% (493/930)   Receiving objects:  54% (503/930)   Receiving objects:  55% (512/930)   Receiving objects:  56% (521/930)   Receiving objects:  57% (531/930)   Receiving objects:  58% (540/930)   Receiving objects:  59% (549/930)   Receiving objects:  60% (558/930)   Receiving objects:  61% (568/930)   Receiving objects:  62% (577/930)   Receiving objects:  63% (586/930)   Receiving objects:  64% (596/930)   Receiving objects:  65% (605/930)   Receiving objects:  66% (614/930)   Receiving objects:  67% (624/930)   Receiving objects:  68% (633/930)   Receiving objects:  69% (642/930)   Receiving objects:  70% (651/930)   Receiving objects:  71% (661/930)   Receiving objects:  72% (670/930)   remote: Total 930 (delta 435), reused 754 (delta 333), pack-reused 0[K
Receiving objects:  73% (679/930)   Receiving objects:  74% (689/930)   Receiving objects:  75% (698/930)   Receiving objects:  76% (707/930)   Receiving objects:  77% (717/930)   Receiving objects:  78% (726/930)   Receiving objects:  79% (735/930)   Receiving objects:  80% (744/930)   Receiving objects:  81% (754/930)   Receiving objects:  82% (763/930)   Receiving objects:  83% (772/930)   Receiving objects:  84% (782/930)   Receiving objects:  85% (791/930)   Receiving objects:  86% (800/930)   Receiving objects:  87% (810/930)   Receiving objects:  88% (819/930)   Receiving objects:  89% (828/930)   Receiving objects:  90% (837/930)   Receiving objects:  91% (847/930)   Receiving objects:  92% (856/930)   Receiving objects:  93% (865/930)   Receiving objects:  94% (875/930)   Receiving objects:  95% (884/930)   Receiving objects:  96% (893/930)   Receiving objects:  97% (903/930)   Receiving objects:  98% (912/930)   Receiving objects:  99% (921/930)   Receiving objects: 100% (930/930)   Receiving objects: 100% (930/930), 290.57 KiB | 12.11 MiB/s, done.
Resolving deltas:   0% (0/435)   Resolving deltas:   3% (16/435)   Resolving deltas:   8% (36/435)   Resolving deltas:   9% (42/435)   Resolving deltas:  11% (48/435)   Resolving deltas:  13% (58/435)   Resolving deltas:  14% (65/435)   Resolving deltas:  16% (72/435)   Resolving deltas:  18% (80/435)   Resolving deltas:  19% (85/435)   Resolving deltas:  20% (88/435)   Resolving deltas:  21% (94/435)   Resolving deltas:  22% (99/435)   Resolving deltas:  23% (103/435)   Resolving deltas:  24% (106/435)   Resolving deltas:  25% (112/435)   Resolving deltas:  26% (116/435)   Resolving deltas:  29% (127/435)   Resolving deltas:  30% (133/435)   Resolving deltas:  33% (144/435)   Resolving deltas:  34% (150/435)   Resolving deltas:  37% (164/435)   Resolving deltas:  38% (167/435)   Resolving deltas:  39% (171/435)   Resolving deltas:  40% (174/435)   Resolving deltas:  41% (179/435)   Resolving deltas:  43% (188/435)   Resolving deltas:  45% (197/435)   Resolving deltas:  46% (203/435)   Resolving deltas:  47% (208/435)   Resolving deltas:  51% (224/435)   Resolving deltas:  52% (229/435)   Resolving deltas:  53% (231/435)   Resolving deltas:  54% (238/435)   Resolving deltas:  55% (240/435)   Resolving deltas:  56% (246/435)   Resolving deltas:  59% (258/435)   Resolving deltas:  60% (264/435)   Resolving deltas:  61% (267/435)   Resolving deltas:  62% (270/435)   Resolving deltas:  64% (279/435)   Resolving deltas:  65% (284/435)   Resolving deltas:  66% (288/435)   Resolving deltas:  67% (293/435)   Resolving deltas:  68% (297/435)   Resolving deltas:  69% (302/435)   Resolving deltas:  71% (309/435)   Resolving deltas:  72% (316/435)   Resolving deltas:  73% (319/435)   Resolving deltas:  74% (324/435)   Resolving deltas:  75% (328/435)   Resolving deltas:  76% (332/435)   Resolving deltas:  77% (336/435)   Resolving deltas:  78% (341/435)   Resolving deltas:  79% (344/435)   Resolving deltas:  81% (354/435)   Resolving deltas:  82% (357/435)   Resolving deltas:  83% (363/435)   Resolving deltas:  84% (367/435)   Resolving deltas:  85% (371/435)   Resolving deltas:  88% (387/435)   Resolving deltas:  89% (388/435)   Resolving deltas:  90% (392/435)   Resolving deltas:  91% (396/435)   Resolving deltas:  92% (402/435)   Resolving deltas: 100% (435/435)   Resolving deltas: 100% (435/435), done.

travis_time:end:035572c2:start=1509485695554362024,finish=1509485695992697492,duration=438335468[0K$ cd spring-projects/spring-hateoas
$ git checkout -qf 00eb1b29ce027700b0410b444899910eb1546616
travis_fold:end:git.checkout[0Ktravis_fold:start:apt[0K[33;1mInstalling APT Packages (BETA)[0m
$ export DEBIAN_FRONTEND=noninteractive
travis_time:start:22d6f4ab[0K$ sudo -E apt-get -yq update &>> ~/apt-get-update.log

travis_time:end:22d6f4ab:start=1509485696014743724,finish=1509485702666783221,duration=6652039497[0Ktravis_time:start:0aa7c2ae[0K$ sudo -E apt-get -yq --no-install-suggests --no-install-recommends --force-yes install oracle-java8-installer
Reading package lists...
Building dependency tree...
Reading state information...
Suggested packages:
  visualvm ttf-baekmuk | ttf-unfonts | ttf-unfonts-core ttf-kochi-gothic
  | ttf-sazanami-gothic ttf-kochi-mincho | ttf-sazanami-mincho
  ttf-arphic-uming
Recommended packages:
  oracle-java8-set-default
The following packages will be upgraded:
  oracle-java8-installer
1 upgraded, 0 newly installed, 0 to remove and 94 not upgraded.
Need to get 32.9 kB of archives.
After this operation, 0 B of additional disk space will be used.
Get:1 http://ppa.launchpad.net/webupd8team/java/ubuntu trusty/main amd64 oracle-java8-installer all 8u151-1~webupd8~0 [32.9 kB]
Fetched 32.9 kB in 0s (105 kB/s)
Preconfiguring packages ...
(Reading database ... (Reading database ... 5%(Reading database ... 10%(Reading database ... 15%(Reading database ... 20%(Reading database ... 25%(Reading database ... 30%(Reading database ... 35%(Reading database ... 40%(Reading database ... 45%(Reading database ... 50%(Reading database ... 55%(Reading database ... 60%(Reading database ... 65%(Reading database ... 70%(Reading database ... 75%(Reading database ... 80%(Reading database ... 85%(Reading database ... 90%(Reading database ... 95%(Reading database ... 100%(Reading database ... 74154 files and directories currently installed.)
Preparing to unpack .../oracle-java8-installer_8u151-1~webupd8~0_all.deb ...
oracle-license-v1-1 license has already been accepted
Unpacking oracle-java8-installer (8u151-1~webupd8~0) over (8u144-1~webupd8~0) ...
Processing triggers for mime-support (3.54ubuntu1.1) ...
Processing triggers for hicolor-icon-theme (0.13-1) ...
Processing triggers for shared-mime-info (1.2-0ubuntu3) ...
Setting up oracle-java8-installer (8u151-1~webupd8~0) ...
No /var/cache/oracle-jdk8-installer/wgetrc file found.
Creating /var/cache/oracle-jdk8-installer/wgetrc and
using default oracle-java8-installer wgetrc settings for it.
Downloading Oracle Java 8...
--2017-10-31 21:35:13--  http://download.oracle.com/otn-pub/java/jdk/8u151-b12/e758a0de34e24606bca991d704f6dcbf/jdk-8u151-linux-x64.tar.gz
Resolving download.oracle.com (download.oracle.com)... 184.51.112.96, 184.51.112.98
Connecting to download.oracle.com (download.oracle.com)|184.51.112.96|:80... connected.
HTTP request sent, awaiting response... 302 Moved Temporarily
Location: https://edelivery.oracle.com/otn-pub/java/jdk/8u151-b12/e758a0de34e24606bca991d704f6dcbf/jdk-8u151-linux-x64.tar.gz [following]
--2017-10-31 21:35:13--  https://edelivery.oracle.com/otn-pub/java/jdk/8u151-b12/e758a0de34e24606bca991d704f6dcbf/jdk-8u151-linux-x64.tar.gz
Resolving edelivery.oracle.com (edelivery.oracle.com)... 23.49.182.138, 2600:1408:2000:198::2d3e, 2600:1408:2000:197::2d3e
Connecting to edelivery.oracle.com (edelivery.oracle.com)|23.49.182.138|:443... connected.
HTTP request sent, awaiting response... 302 Moved Temporarily
Location: http://download.oracle.com/otn-pub/java/jdk/8u151-b12/e758a0de34e24606bca991d704f6dcbf/jdk-8u151-linux-x64.tar.gz?AuthParam=1509485833_aefdc3a3b79904a3218ece30074a3d05 [following]
--2017-10-31 21:35:13--  http://download.oracle.com/otn-pub/java/jdk/8u151-b12/e758a0de34e24606bca991d704f6dcbf/jdk-8u151-linux-x64.tar.gz?AuthParam=1509485833_aefdc3a3b79904a3218ece30074a3d05
Connecting to download.oracle.com (download.oracle.com)|184.51.112.96|:80... connected.
HTTP request sent, awaiting response... 200 OK
Length: 189736377 (181M) [application/x-gzip]
Saving to: â€˜jdk-8u151-linux-x64.tar.gzâ€™

     0K ........ ........ ........ ........ ........ ........  1% 13.5M 13s
  3072K ........ ........ ........ ........ ........ ........  3% 31.5M 9s
  6144K ........ ........ ........ ........ ........ ........  4% 27.9M 8s
  9216K ........ ........ ........ ........ ........ ........  6% 29.2M 7s
 12288K ........ ........ ........ ........ ........ ........  8% 28.1M 7s
 15360K ........ ........ ........ ........ ........ ........  9% 12.5M 8s
 18432K ........ ........ ........ ........ ........ ........ 11% 20.1M 8s
 21504K ........ ........ ........ ........ ........ ........ 13% 34.1M 7s
 24576K ........ ........ ........ ........ ........ ........ 14% 5.85M 9s
 27648K ........ ........ ........ ........ ........ ........ 16% 28.4M 9s
 30720K ........ ........ ........ ........ ........ ........ 18% 22.0M 8s
 33792K ........ ........ ........ ........ ........ ........ 19% 10.2M 9s
 36864K ........ ........ ........ ........ ........ ........ 21% 18.0M 8s
 39936K ........ ........ ........ ........ ........ ........ 23% 34.5M 8s
 43008K ........ ........ ........ ........ ........ ........ 24% 22.6M 8s
 46080K ........ ........ ........ ........ ........ ........ 26% 38.1M 7s
 49152K ........ ........ ........ ........ ........ ........ 28% 26.6M 7s
 52224K ........ ........ ........ ........ ........ ........ 29% 25.2M 7s
 55296K ........ ........ ........ ........ ........ ........ 31% 16.6M 7s
 58368K ........ ........ ........ ........ ........ ........ 33% 21.7M 6s
 61440K ........ ........ ........ ........ ........ ........ 34% 21.5M 6s
 64512K ........ ........ ........ ........ ........ ........ 36% 29.7M 6s
 67584K ........ ........ ........ ........ ........ ........ 38% 10.4M 6s
 70656K ........ ........ ........ ........ ........ ........ 39% 29.4M 6s
 73728K ........ ........ ........ ........ ........ ........ 41% 6.17M 6s
 76800K ........ ........ ........ ........ ........ ........ 43% 33.7M 6s
 79872K ........ ........ ........ ........ ........ ........ 44% 14.8M 6s
 82944K ........ ........ ........ ........ ........ ........ 46% 21.1M 5s
 86016K ........ ........ ........ ........ ........ ........ 48% 8.04M 6s
 89088K ........ ........ ........ ........ ........ ........ 49% 29.5M 5s
 92160K ........ ........ ........ ........ ........ ........ 51% 6.25M 5s
 95232K ........ ........ ........ ........ ........ ........ 53% 34.8M 5s
 98304K ........ ........ ........ ........ ........ ........ 54% 17.1M 5s
101376K ........ ........ ........ ........ ........ ........ 56% 23.4M 5s
104448K ........ ........ ........ ........ ........ ........ 58% 22.9M 4s
107520K ........ ........ ........ ........ ........ ........ 59% 35.5M 4s
110592K ........ ........ ........ ........ ........ ........ 61% 19.2M 4s
113664K ........ ........ ........ ........ ........ ........ 63% 33.9M 4s
116736K ........ ........ ........ ........ ........ ........ 64% 23.0M 4s
119808K ........ ........ ........ ........ ........ ........ 66% 36.0M 3s
122880K ........ ........ ........ ........ ........ ........ 67% 27.5M 3s
125952K ........ ........ ........ ........ ........ ........ 69% 27.4M 3s
129024K ........ ........ ........ ........ ........ ........ 71% 25.6M 3s
132096K ........ ........ ........ ........ ........ ........ 72% 13.1M 3s
135168K ........ ........ ........ ........ ........ ........ 74% 9.50M 3s
138240K ........ ........ ........ ........ ........ ........ 76% 36.8M 2s
141312K ........ ........ ........ ........ ........ ........ 77% 12.4M 2s
144384K ........ ........ ........ ........ ........ ........ 79% 28.0M 2s
147456K ........ ........ ........ ........ ........ ........ 81% 6.05M 2s
150528K ........ ........ ........ ........ ........ ........ 82% 26.2M 2s
153600K ........ ........ ........ ........ ........ ........ 84% 9.85M 2s
156672K ........ ........ ........ ........ ........ ........ 86% 27.0M 1s
159744K ........ ........ ........ ........ ........ ........ 87% 28.3M 1s
162816K ........ ........ ........ ........ ........ ........ 89% 22.0M 1s
165888K ........ ........ ........ ........ ........ ........ 91% 8.57M 1s
168960K ........ ........ ........ ........ ........ ........ 92% 29.4M 1s
172032K ........ ........ ........ ........ ........ ........ 94% 25.3M 1s
175104K ........ ........ ........ ........ ........ ........ 96% 30.4M 0s
178176K ........ ........ ........ ........ ........ ........ 97% 10.6M 0s
181248K ........ ........ ........ ........ ........ ........ 99% 25.1M 0s
184320K ........ .......                                     100% 33.3M=10s

2017-10-31 21:35:23 (17.3 MB/s) - â€˜jdk-8u151-linux-x64.tar.gzâ€™ saved [189736377/189736377]

Download done.
Removing outdated cached downloads...
update-binfmts: warning: current package is oracle-java8, but binary format already installed by openjdk-7
Oracle JDK 8 installed

#####Important########
To set Oracle JDK8 as default, install the "oracle-java8-set-default" package.
E.g.: sudo apt install oracle-java8-set-default
On Ubuntu systems, oracle-java8-set-default is most probably installed
automatically with this package.
######################

W: --force-yes is deprecated, use one of the options starting with --allow instead.

travis_time:end:0aa7c2ae:start=1509485702673357524,finish=1509485729644265818,duration=26970908294[0Ktravis_fold:end:apt[0K
[33;1mSetting environment variables from .travis.yml[0m
$ export PROFILE=spring5

[33;1mDisabling Gradle daemon[0m
travis_time:start:191db07c[0K$ mkdir -p ~/.gradle && echo "org.gradle.daemon=false" >> ~/.gradle/gradle.properties

travis_time:end:191db07c:start=1509485734481989222,finish=1509485734488842468,duration=6853246[0K$ export PATH=$JAVA_HOME/bin:$PATH
travis_fold:start:cache.1[0KSetting up build cache
$ export CASHER_DIR=$HOME/.casher
travis_time:start:13cda423[0K$ Installing caching utilities

travis_time:end:13cda423:start=1509485740124202713,finish=1509485740193213474,duration=69010761[0Ktravis_time:start:0c16f045[0K
travis_time:end:0c16f045:start=1509485740202495292,finish=1509485740209207642,duration=6712350[0Ktravis_time:start:2720cfbb[0K[32;1mattempting to download cache archive[0m
[32;1mfetching featureembedded-resources/cache-linux-trusty-2824c15088e86542f5a1a00ead6b651a4ca06cf6304e7ab7269cf07600efe718--jdk-oraclejdk8.tgz[0m
[32;1mfound cache[0m

travis_time:end:2720cfbb:start=1509485740217218429,finish=1509485750438947382,duration=10221728953[0Ktravis_time:start:206d0c63[0K
travis_time:end:206d0c63:start=1509485750444877444,finish=1509485750450666487,duration=5789043[0Ktravis_time:start:1ab5f5c1[0K[32;1madding /home/travis/.m2 to cache[0m
sh: 1: sw_vers: not found

travis_time:end:1ab5f5c1:start=1509485750459544494,finish=1509485752830547143,duration=2371002649[0Ktravis_fold:end:cache.1[0K$ java -Xmx32m -version
Picked up _JAVA_OPTIONS: -Xmx2048m -Xms512m
java version "1.8.0_151"
Java(TM) SE Runtime Environment (build 1.8.0_151-b12)
Java HotSpot(TM) 64-Bit Server VM (build 25.151-b12, mixed mode)
$ javac -J-Xmx32m -version
Picked up _JAVA_OPTIONS: -Xmx2048m -Xms512m
javac 1.8.0_151
travis_fold:start:install[0Ktravis_time:start:1072bf27[0K$ true

travis_time:end:1072bf27:start=1509485753073421080,finish=1509485753078223755,duration=4802675[0Ktravis_fold:end:install[0Ktravis_time:start:35599d6d[0K$ mvn clean dependency:list test -P${PROFILE} -Dsort
Picked up _JAVA_OPTIONS: -Xmx2048m -Xms512m
[[1;34mINFO[m] Scanning for projects...
[[1;34mINFO[m] 
[[1;34mINFO[m] [1m------------------------------------------------------------------------[m
[[1;34mINFO[m] [1mBuilding Spring HATEOAS 1.0.0.BUILD-SNAPSHOT[m
[[1;34mINFO[m] [1m------------------------------------------------------------------------[m
Downloading: https://repository.apache.org/snapshots/org/springframework/plugin/spring-plugin-core/2.0.0.BUILD-SNAPSHOT/maven-metadata.xml
Downloading: https://repository.apache.org/snapshots/org/springframework/plugin/spring-plugin/2.0.0.BUILD-SNAPSHOT/maven-metadata.xml
[[1;34mINFO[m] 
[[1;34mINFO[m] [1m--- [0;32mmaven-clean-plugin:2.5:clean[m [1m(default-clean)[m @ [36mspring-hateoas[0;1m ---[m
[[1;34mINFO[m] 
[[1;34mINFO[m] [1m--- [0;32mmaven-dependency-plugin:2.8:list[m [1m(default-cli)[m @ [36mspring-hateoas[0;1m ---[m
[[1;34mINFO[m] 
[[1;34mINFO[m] The following files have been resolved:
[[1;34mINFO[m]    ch.qos.logback:logback-classic:jar:1.2.3:test
[[1;34mINFO[m]    ch.qos.logback:logback-core:jar:1.2.3:test
[[1;34mINFO[m]    com.fasterxml.jackson.core:jackson-annotations:jar:2.9.1:compile
[[1;34mINFO[m]    com.fasterxml.jackson.core:jackson-core:jar:2.9.1:compile
[[1;34mINFO[m]    com.fasterxml.jackson.core:jackson-databind:jar:2.9.1:compile
[[1;34mINFO[m]    com.jayway.jsonpath:json-path:jar:2.2.0:compile
[[1;34mINFO[m]    commons-collections:commons-collections:jar:3.2.2:test
[[1;34mINFO[m]    commons-io:commons-io:jar:2.4:test
[[1;34mINFO[m]    commons-lang:commons-lang:jar:2.6:test
[[1;34mINFO[m]    javax.servlet:javax.servlet-api:jar:3.1.0:provided
[[1;34mINFO[m]    javax.ws.rs:javax.ws.rs-api:jar:2.0.1:compile
[[1;34mINFO[m]    joda-time:joda-time:jar:2.9.9:test
[[1;34mINFO[m]    junit:junit:jar:4.12:test
[[1;34mINFO[m]    net.bytebuddy:byte-buddy-agent:jar:1.7.4:test
[[1;34mINFO[m]    net.bytebuddy:byte-buddy:jar:1.7.4:test
[[1;34mINFO[m]    net.jadler:jadler-all:jar:1.3.0:test
[[1;34mINFO[m]    net.jadler:jadler-core:jar:1.3.0:test
[[1;34mINFO[m]    net.jadler:jadler-jetty:jar:1.3.0:test
[[1;34mINFO[m]    net.jadler:jadler-junit:jar:1.3.0:test
[[1;34mINFO[m]    net.minidev:accessors-smart:jar:1.1:compile
[[1;34mINFO[m]    net.minidev:json-smart:jar:2.2.1:compile
[[1;34mINFO[m]    org.assertj:assertj-core:jar:3.8.0:test
[[1;34mINFO[m]    org.atteo:evo-inflector:jar:1.2.2:compile
[[1;34mINFO[m]    org.eclipse.jetty.orbit:javax.servlet:jar:3.0.0.v201112011016:test
[[1;34mINFO[m]    org.eclipse.jetty:jetty-continuation:jar:8.1.11.v20130520:test
[[1;34mINFO[m]    org.eclipse.jetty:jetty-http:jar:8.1.11.v20130520:test
[[1;34mINFO[m]    org.eclipse.jetty:jetty-io:jar:8.1.11.v20130520:test
[[1;34mINFO[m]    org.eclipse.jetty:jetty-server:jar:8.1.11.v20130520:test
[[1;34mINFO[m]    org.eclipse.jetty:jetty-util:jar:8.1.11.v20130520:test
[[1;34mINFO[m]    org.hamcrest:hamcrest-core:jar:1.3:test
[[1;34mINFO[m]    org.hamcrest:hamcrest-library:jar:1.3:test
[[1;34mINFO[m]    org.mockito:mockito-core:jar:2.10.0:test
[[1;34mINFO[m]    org.objenesis:objenesis:jar:2.6:test
[[1;34mINFO[m]    org.ow2.asm:asm:jar:5.0.3:compile
[[1;34mINFO[m]    org.projectlombok:lombok:jar:1.16.18:provided
[[1;34mINFO[m]    org.slf4j:jcl-over-slf4j:jar:1.7.25:test
[[1;34mINFO[m]    org.slf4j:slf4j-api:jar:1.7.25:compile
[[1;34mINFO[m]    org.springframework.plugin:spring-plugin-core:jar:2.0.0.BUILD-SNAPSHOT:compile
[[1;34mINFO[m]    org.springframework:spring-aop:jar:5.0.1.RELEASE:compile
[[1;34mINFO[m]    org.springframework:spring-beans:jar:5.0.1.RELEASE:compile
[[1;34mINFO[m]    org.springframework:spring-context:jar:5.0.1.RELEASE:compile
[[1;34mINFO[m]    org.springframework:spring-core:jar:5.0.1.RELEASE:compile
[[1;34mINFO[m]    org.springframework:spring-expression:jar:5.0.1.RELEASE:compile
[[1;34mINFO[m]    org.springframework:spring-jcl:jar:5.0.1.RELEASE:compile
[[1;34mINFO[m]    org.springframework:spring-test:jar:5.0.1.RELEASE:test
[[1;34mINFO[m]    org.springframework:spring-web:jar:5.0.1.RELEASE:compile
[[1;34mINFO[m]    org.springframework:spring-webmvc:jar:5.0.1.RELEASE:compile
[[1;34mINFO[m]    xmlunit:xmlunit:jar:1.6:test
[[1;34mINFO[m] 
[[1;34mINFO[m] 
[[1;34mINFO[m] [1m--- [0;32mmaven-resources-plugin:2.6:resources[m [1m(default-resources)[m @ [36mspring-hateoas[0;1m ---[m
[[1;34mINFO[m] Using 'UTF-8' encoding to copy filtered resources.
[[1;34mINFO[m] Copying 3 resources
[[1;34mINFO[m] 
[[1;34mINFO[m] [1m--- [0;32mmaven-compiler-plugin:3.6.1:compile[m [1m(default-compile)[m @ [36mspring-hateoas[0;1m ---[m
[[1;34mINFO[m] Changes detected - recompiling the module!
[[1;34mINFO[m] Compiling 91 source files to /home/travis/build/spring-projects/spring-hateoas/target/classes
[[1;34mINFO[m] /home/travis/build/spring-projects/spring-hateoas/src/main/java/org/springframework/hateoas/mvc/ControllerLinkBuilder.java: Some input files use or override a deprecated API.
[[1;34mINFO[m] /home/travis/build/spring-projects/spring-hateoas/src/main/java/org/springframework/hateoas/mvc/ControllerLinkBuilder.java: Recompile with -Xlint:deprecation for details.
[[1;34mINFO[m] 
[[1;34mINFO[m] [1m--- [0;32mmaven-resources-plugin:2.6:testResources[m [1m(default-testResources)[m @ [36mspring-hateoas[0;1m ---[m
[[1;34mINFO[m] Using 'UTF-8' encoding to copy filtered resources.
[[1;34mINFO[m] Copying 12 resources
[[1;34mINFO[m] 
[[1;34mINFO[m] [1m--- [0;32mmaven-compiler-plugin:3.6.1:testCompile[m [1m(default-testCompile)[m @ [36mspring-hateoas[0;1m ---[m
[[1;34mINFO[m] Changes detected - recompiling the module!
[[1;34mINFO[m] Compiling 63 source files to /home/travis/build/spring-projects/spring-hateoas/target/test-classes
[[1;34mINFO[m] 
[[1;34mINFO[m] [1m--- [0;32mmaven-surefire-plugin:2.12.4:test[m [1m(default-test)[m @ [36mspring-hateoas[0;1m ---[m
[[1;34mINFO[m] Surefire report directory: /home/travis/build/spring-projects/spring-hateoas/target/surefire-reports

-------------------------------------------------------
 T E S T S
-------------------------------------------------------
Picked up _JAVA_OPTIONS: -Xmx2048m -Xms512m
Running org.springframework.hateoas.alps.JacksonSerializationTest
Tests run: 1, Failures: 0, Errors: 0, Skipped: 0, Time elapsed: 0.323 sec
Running org.springframework.hateoas.alps.AlpsLinkDiscoverUnitTest
Tests run: 7, Failures: 0, Errors: 0, Skipped: 0, Time elapsed: 0.317 sec
Running org.springframework.hateoas.config.XmlConfigurationIntegrationTest
Tests run: 1, Failures: 0, Errors: 0, Skipped: 0, Time elapsed: 0.8 sec
Running org.springframework.hateoas.config.EnableHypermediaSupportIntegrationTest
Tests run: 8, Failures: 0, Errors: 0, Skipped: 0, Time elapsed: 1.28 sec
Running org.springframework.hateoas.config.EnableEntityLinksIntegrationTest
Tests run: 1, Failures: 0, Errors: 0, Skipped: 0, Time elapsed: 0.123 sec
Running org.springframework.hateoas.client.TraversonTest
Tests run: 19, Failures: 0, Errors: 1, Skipped: 0, Time elapsed: 2.328 sec <<< FAILURE!
doesNotDoubleEncodeURI(org.springframework.hateoas.client.TraversonTest)  Time elapsed: 0.151 sec  <<< ERROR!
org.springframework.web.client.RestClientException: Error while extracting response for type [class org.springframework.hateoas.Resource] and content type [application/hal+json]; nested exception is org.springframework.http.converter.HttpMessageNotReadableException: JSON parse error: Cannot deserialize instance of org.springframework.hateoas.ResourceSupport out of START_ARRAY token; nested exception is com.fasterxml.jackson.databind.exc.MismatchedInputException: Cannot deserialize instance of org.springframework.hateoas.ResourceSupport out of START_ARRAY token
 at [Source: (PushbackInputStream); line: 9, column: 15] (through reference chain: org.springframework.hateoas.Resource["_embedded"]->java.util.LinkedHashMap["items"])
	at org.springframework.web.client.HttpMessageConverterExtractor.extractData(HttpMessageConverterExtractor.java:115)
	at org.springframework.web.client.RestTemplate$ResponseEntityResponseExtractor.extractData(RestTemplate.java:986)
	at org.springframework.web.client.RestTemplate$ResponseEntityResponseExtractor.extractData(RestTemplate.java:969)
	at org.springframework.web.client.RestTemplate.doExecute(RestTemplate.java:717)
	at org.springframework.web.client.RestTemplate.execute(RestTemplate.java:689)
	at org.springframework.web.client.RestTemplate.exchange(RestTemplate.java:606)
	at org.springframework.hateoas.client.Traverson$TraversalBuilder.toObject(Traverson.java:327)
	at org.springframework.hateoas.client.TraversonTest.doesNotDoubleEncodeURI(TraversonTest.java:376)
	at sun.reflect.NativeMethodAccessorImpl.invoke0(Native Method)
	at sun.reflect.NativeMethodAccessorImpl.invoke(NativeMethodAccessorImpl.java:62)
	at sun.reflect.DelegatingMethodAccessorImpl.invoke(DelegatingMethodAccessorImpl.java:43)
	at java.lang.reflect.Method.invoke(Method.java:498)
	at org.junit.runners.model.FrameworkMethod$1.runReflectiveCall(FrameworkMethod.java:50)
	at org.junit.internal.runners.model.ReflectiveCallable.run(ReflectiveCallable.java:12)
	at org.junit.runners.model.FrameworkMethod.invokeExplosively(FrameworkMethod.java:47)
	at org.junit.internal.runners.statements.InvokeMethod.evaluate(InvokeMethod.java:17)
	at org.junit.internal.runners.statements.RunBefores.evaluate(RunBefores.java:26)
	at org.junit.internal.runners.statements.RunAfters.evaluate(RunAfters.java:27)
	at org.junit.runners.ParentRunner.runLeaf(ParentRunner.java:325)
	at org.junit.runners.BlockJUnit4ClassRunner.runChild(BlockJUnit4ClassRunner.java:78)
	at org.junit.runners.BlockJUnit4ClassRunner.runChild(BlockJUnit4ClassRunner.java:57)
	at org.junit.runners.ParentRunner$3.run(ParentRunner.java:290)
	at org.junit.runners.ParentRunner$1.schedule(ParentRunner.java:71)
	at org.junit.runners.ParentRunner.runChildren(ParentRunner.java:288)
	at org.junit.runners.ParentRunner.access$000(ParentRunner.java:58)
	at org.junit.runners.ParentRunner$2.evaluate(ParentRunner.java:268)
	at org.junit.runners.ParentRunner.run(ParentRunner.java:363)
	at org.apache.maven.surefire.junit4.JUnit4Provider.execute(JUnit4Provider.java:252)
	at org.apache.maven.surefire.junit4.JUnit4Provider.executeTestSet(JUnit4Provider.java:141)
	at org.apache.maven.surefire.junit4.JUnit4Provider.invoke(JUnit4Provider.java:112)
	at sun.reflect.NativeMethodAccessorImpl.invoke0(Native Method)
	at sun.reflect.NativeMethodAccessorImpl.invoke(NativeMethodAccessorImpl.java:62)
	at sun.reflect.DelegatingMethodAccessorImpl.invoke(DelegatingMethodAccessorImpl.java:43)
	at java.lang.reflect.Method.invoke(Method.java:498)
	at org.apache.maven.surefire.util.ReflectionUtils.invokeMethodWithArray(ReflectionUtils.java:189)
	at org.apache.maven.surefire.booter.ProviderFactory$ProviderProxy.invoke(ProviderFactory.java:165)
	at org.apache.maven.surefire.booter.ProviderFactory.invokeProvider(ProviderFactory.java:85)
	at org.apache.maven.surefire.booter.ForkedBooter.runSuitesInProcess(ForkedBooter.java:115)
	at org.apache.maven.surefire.booter.ForkedBooter.main(ForkedBooter.java:75)
Caused by: org.springframework.http.converter.HttpMessageNotReadableException: JSON parse error: Cannot deserialize instance of org.springframework.hateoas.ResourceSupport out of START_ARRAY token; nested exception is com.fasterxml.jackson.databind.exc.MismatchedInputException: Cannot deserialize instance of org.springframework.hateoas.ResourceSupport out of START_ARRAY token
 at [Source: (PushbackInputStream); line: 9, column: 15] (through reference chain: org.springframework.hateoas.Resource["_embedded"]->java.util.LinkedHashMap["items"])
	at org.springframework.http.converter.json.AbstractJackson2HttpMessageConverter.readJavaType(AbstractJackson2HttpMessageConverter.java:241)
	at org.springframework.http.converter.json.AbstractJackson2HttpMessageConverter.read(AbstractJackson2HttpMessageConverter.java:223)
	at org.springframework.web.client.HttpMessageConverterExtractor.extractData(HttpMessageConverterExtractor.java:100)
	... 38 more
Caused by: com.fasterxml.jackson.databind.exc.MismatchedInputException: Cannot deserialize instance of org.springframework.hateoas.ResourceSupport out of START_ARRAY token
 at [Source: (PushbackInputStream); line: 9, column: 15] (through reference chain: org.springframework.hateoas.Resource["_embedded"]->java.util.LinkedHashMap["items"])
	at com.fasterxml.jackson.databind.exc.MismatchedInputException.from(MismatchedInputException.java:63)
	at com.fasterxml.jackson.databind.DeserializationContext.reportInputMismatch(DeserializationContext.java:1329)
	at com.fasterxml.jackson.databind.DeserializationContext.handleUnexpectedToken(DeserializationContext.java:1138)
	at com.fasterxml.jackson.databind.DeserializationContext.handleUnexpectedToken(DeserializationContext.java:1092)
	at com.fasterxml.jackson.databind.deser.BeanDeserializerBase.deserializeFromArray(BeanDeserializerBase.java:1439)
	at com.fasterxml.jackson.databind.deser.BeanDeserializer._deserializeOther(BeanDeserializer.java:185)
	at com.fasterxml.jackson.databind.deser.BeanDeserializer.deserialize(BeanDeserializer.java:161)
	at com.fasterxml.jackson.databind.deser.std.MapDeserializer._readAndBindStringKeyMap(MapDeserializer.java:527)
	at com.fasterxml.jackson.databind.deser.std.MapDeserializer.deserialize(MapDeserializer.java:364)
	at com.fasterxml.jackson.databind.deser.std.MapDeserializer.deserialize(MapDeserializer.java:29)
	at com.fasterxml.jackson.databind.deser.impl.FieldProperty.deserializeAndSet(FieldProperty.java:136)
	at com.fasterxml.jackson.databind.deser.BeanDeserializer.vanillaDeserialize(BeanDeserializer.java:287)
	at com.fasterxml.jackson.databind.deser.BeanDeserializer.deserialize(BeanDeserializer.java:151)
	at com.fasterxml.jackson.databind.ObjectMapper._readMapAndClose(ObjectMapper.java:4001)
	at com.fasterxml.jackson.databind.ObjectMapper.readValue(ObjectMapper.java:3072)
	at org.springframework.http.converter.json.AbstractJackson2HttpMessageConverter.readJavaType(AbstractJackson2HttpMessageConverter.java:235)
	... 40 more

Running org.springframework.hateoas.client.HopUnitTest
Tests run: 7, Failures: 0, Errors: 0, Skipped: 0, Time elapsed: 0 sec
Running org.springframework.hateoas.PagedResourcesMarshallingTest
Tests run: 1, Failures: 0, Errors: 0, Skipped: 0, Time elapsed: 0.052 sec
Running org.springframework.hateoas.core.JsonPathLinkDiscovererUnitTest
Tests run: 3, Failures: 0, Errors: 0, Skipped: 0, Time elapsed: 0.002 sec
Running org.springframework.hateoas.core.DelegatingEntityLinksUnitTest
Tests run: 4, Failures: 0, Errors: 0, Skipped: 0, Time elapsed: 0.426 sec
Running org.springframework.hateoas.core.EmbeddedWrappersUnitTest
Tests run: 3, Failures: 0, Errors: 0, Skipped: 0, Time elapsed: 0.007 sec
Running org.springframework.hateoas.core.EvoInflectorRelProviderUnitTest
Tests run: 1, Failures: 0, Errors: 0, Skipped: 0, Time elapsed: 0.001 sec
Running org.springframework.hateoas.core.DelegatingRelProviderUnitTest
Tests run: 1, Failures: 0, Errors: 0, Skipped: 0, Time elapsed: 0.006 sec
Running org.springframework.hateoas.core.ControllerEntityLinksUnitTest
Tests run: 6, Failures: 0, Errors: 0, Skipped: 0, Time elapsed: 0.07 sec
Running org.springframework.hateoas.core.ControllerEntityLinksFactoryBeanUnitTest
Tests run: 2, Failures: 0, Errors: 0, Skipped: 0, Time elapsed: 0.006 sec
Running org.springframework.hateoas.core.AnnotationMappingDiscovererUnitTest
Tests run: 13, Failures: 0, Errors: 0, Skipped: 0, Time elapsed: 0.026 sec
Running org.springframework.hateoas.core.LinkBuilderSupportUnitTest
Tests run: 3, Failures: 0, Errors: 0, Skipped: 0, Time elapsed: 0.005 sec
Running org.springframework.hateoas.core.MethodParametersUnitTest
Tests run: 2, Failures: 0, Errors: 0, Skipped: 0, Time elapsed: 0.017 sec
Running org.springframework.hateoas.mvc.IdentifiableResourceAssemblerSupportUnitTest
Tests run: 4, Failures: 0, Errors: 0, Skipped: 0, Time elapsed: 0.017 sec
Running org.springframework.hateoas.mvc.ControllerLinkBuilderUnitTest
Tests run: 45, Failures: 0, Errors: 0, Skipped: 0, Time elapsed: 0.364 sec
Running org.springframework.hateoas.mvc.ControllerLinkBuilderFactoryUnitTest
Tests run: 9, Failures: 0, Errors: 0, Skipped: 0, Time elapsed: 0.057 sec
Running org.springframework.hateoas.mvc.HeaderLinksResponseEntityUnitTest
Tests run: 2, Failures: 0, Errors: 0, Skipped: 0, Time elapsed: 0.008 sec
Running org.springframework.hateoas.mvc.ForwardedHeaderUnitTest
Tests run: 3, Failures: 0, Errors: 0, Skipped: 0, Time elapsed: 0.002 sec
Running org.springframework.hateoas.mvc.DummyInvocationUtilsUnitTest
Tests run: 2, Failures: 0, Errors: 0, Skipped: 0, Time elapsed: 0.007 sec
Running org.springframework.hateoas.mvc.ResourceProcessorHandlerMethodReturnValueHandlerUnitTest
Tests run: 18, Failures: 0, Errors: 0, Skipped: 0, Time elapsed: 0.313 sec
Running org.springframework.hateoas.mvc.TypeConstrainedMappingJackson2HttpMessageConverterUnitTest
Tests run: 3, Failures: 0, Errors: 0, Skipped: 0, Time elapsed: 0 sec
Running org.springframework.hateoas.mvc.TypeReferencesIntegrationTest
Tests run: 3, Failures: 0, Errors: 0, Skipped: 0, Time elapsed: 0.164 sec
Running org.springframework.hateoas.mvc.ControllerLinkBuilderOutsideSpringMvcUnitTest
Tests run: 1, Failures: 0, Errors: 0, Skipped: 0, Time elapsed: 0.002 sec
Running org.springframework.hateoas.Jackson2ResourceIntegrationTest
Tests run: 2, Failures: 0, Errors: 0, Skipped: 0, Time elapsed: 0.022 sec
Running org.springframework.hateoas.hal.Jackson2HalIntegrationTest
Tests run: 28, Failures: 0, Errors: 0, Skipped: 0, Time elapsed: 0.171 sec
Running org.springframework.hateoas.hal.HalLinkDiscovererUnitTest
Tests run: 8, Failures: 0, Errors: 0, Skipped: 0, Time elapsed: 0.003 sec
Running org.springframework.hateoas.hal.DefaultCurieProviderUnitTest
Tests run: 15, Failures: 0, Errors: 0, Skipped: 0, Time elapsed: 0.006 sec
Running org.springframework.hateoas.hal.HalEmbeddedBuilderUnitTest
Tests run: 11, Failures: 0, Errors: 0, Skipped: 0, Time elapsed: 0.026 sec
Running org.springframework.hateoas.PagedResourcesUnitTest
Tests run: 8, Failures: 0, Errors: 0, Skipped: 0, Time elapsed: 0.005 sec
Running org.springframework.hateoas.TemplateVariablesUnitTest
Tests run: 15, Failures: 0, Errors: 0, Skipped: 0, Time elapsed: 0.006 sec
Running org.springframework.hateoas.ResourceSupportUnitTest
Tests run: 13, Failures: 0, Errors: 0, Skipped: 0, Time elapsed: 0.005 sec
Running org.springframework.hateoas.LinkUnitTest
Tests run: 22, Failures: 0, Errors: 0, Skipped: 0, Time elapsed: 0.015 sec
Running org.springframework.hateoas.jaxrs.JaxRsLinkBuilderFactoryUnitTest
Tests run: 4, Failures: 0, Errors: 0, Skipped: 0, Time elapsed: 0.005 sec
Running org.springframework.hateoas.ResourceSupportIntegrationTest
Tests run: 2, Failures: 0, Errors: 0, Skipped: 0, Time elapsed: 0.004 sec
Running org.springframework.hateoas.VndErrorsUnitTest
Tests run: 1, Failures: 0, Errors: 0, Skipped: 0, Time elapsed: 0.002 sec
Running org.springframework.hateoas.Jackson2ResourceSupportIntegrationTest
Tests run: 2, Failures: 0, Errors: 0, Skipped: 0, Time elapsed: 0.004 sec
Running org.springframework.hateoas.LinkDiscoverersUnitTest
Tests run: 2, Failures: 0, Errors: 0, Skipped: 0, Time elapsed: 0.002 sec
Running org.springframework.hateoas.Jackson2PagedResourcesIntegrationTest
Tests run: 1, Failures: 0, Errors: 0, Skipped: 0, Time elapsed: 0.021 sec
Running org.springframework.hateoas.ResourceIntegrationTest
Tests run: 3, Failures: 0, Errors: 0, Skipped: 0, Time elapsed: 0.029 sec
Running org.springframework.hateoas.Jackson2LinkIntegrationTest
Tests run: 2, Failures: 0, Errors: 0, Skipped: 0, Time elapsed: 0.002 sec
Running org.springframework.hateoas.LinkIntegrationTest
Tests run: 2, Failures: 0, Errors: 0, Skipped: 0, Time elapsed: 0.002 sec
Running org.springframework.hateoas.LinksUnitTest
Tests run: 5, Failures: 0, Errors: 0, Skipped: 0, Time elapsed: 0.004 sec
Running org.springframework.hateoas.UriTemplateUnitTest
Tests run: 20, Failures: 0, Errors: 0, Skipped: 0, Time elapsed: 0.016 sec
Running org.springframework.hateoas.ResourcesUnitTest
Tests run: 4, Failures: 0, Errors: 0, Skipped: 0, Time elapsed: 0.002 sec
Running org.springframework.hateoas.ResourceUnitTest
Tests run: 5, Failures: 0, Errors: 0, Skipped: 0, Time elapsed: 0.003 sec
Running org.springframework.hateoas.VndErrorsMarshallingTest
Tests run: 4, Failures: 0, Errors: 0, Skipped: 0, Time elapsed: 0.032 sec

Results :

Tests in error: 
  doesNotDoubleEncodeURI(org.springframework.hateoas.client.TraversonTest): Error while extracting response for type [class org.springframework.hateoas.Resource] and content type [application/hal+json]; nested exception is org.springframework.http.converter.HttpMessageNotReadableException: JSON parse error: Cannot deserialize instance of org.springframework.hateoas.ResourceSupport out of START_ARRAY token; nested exception is com.fasterxml.jackson.databind.exc.MismatchedInputException: Cannot deserialize instance of org.springframework.hateoas.ResourceSupport out of START_ARRAY token(..)

Tests run: 352, Failures: 0, Errors: 1, Skipped: 0

[[1;34mINFO[m] [1m------------------------------------------------------------------------[m
[[1;34mINFO[m] [1;31mBUILD FAILURE[m
[[1;34mINFO[m] [1m------------------------------------------------------------------------[m
[[1;34mINFO[m] Total time: 19.065 s
[[1;34mINFO[m] Finished at: 2017-10-31T21:36:13Z
[[1;34mINFO[m] Final Memory: 39M/800M
[[1;34mINFO[m] [1m------------------------------------------------------------------------[m
[[1;33mWARNING[m] The requested profile "spring5" could not be activated because it does not exist.
[[1;31mERROR[m] Failed to execute goal [32morg.apache.maven.plugins:maven-surefire-plugin:2.12.4:test[m [1m(default-test)[m on project [36mspring-hateoas[m: [1;31mThere are test failures.[m
[[1;31mERROR[m] [1;31m[m
[[1;31mERROR[m] [1;31mPlease refer to /home/travis/build/spring-projects/spring-hateoas/target/surefire-reports for the individual test results.[m
[[1;31mERROR[m] -> [1m[Help 1][m
[[1;31mERROR[m] 
[[1;31mERROR[m] To see the full stack trace of the errors, re-run Maven with the [1m-e[m switch.
[[1;31mERROR[m] Re-run Maven using the [1m-X[m switch to enable full debug logging.
[[1;31mERROR[m] 
[[1;31mERROR[m] For more information about the errors and possible solutions, please read the following articles:
[[1;31mERROR[m] [1m[Help 1][m http://cwiki.apache.org/confluence/display/MAVEN/MojoFailureException

travis_time:end:35599d6d:start=1509485753086477730,finish=1509485773875012225,duration=20788534495[0K
[31;1mThe command "mvn clean dependency:list test -P${PROFILE} -Dsort" exited with 1.[0m
travis_fold:start:cache.2[0Kstore build cache
travis_time:start:163f3d6c[0K
travis_time:end:163f3d6c:start=1509485773881089590,finish=1509485773885850415,duration=4760825[0Ktravis_time:start:003b5db0[0K[32;1mchange detected (content changed, file is created, or file is deleted):
/home/travis/.m2/repository/org/springframework/plugin/spring-plugin/2.0.0.BUILD-SNAPSHOT/resolver-status.properties
/home/travis/.m2/repository/org/springframework/plugin/spring-plugin-core/2.0.0.BUILD-SNAPSHOT/resolver-status.properties

[0m
[32;1mchanges detected, packing new archive[0m
sh: 1: sw_vers: not found
[32;1muploading archive[0m

travis_time:end:003b5db0:start=1509485773891628996,finish=1509485779375861303,duration=5484232307[0Ktravis_fold:end:cache.2[0K
Done. Your build exited with 1.
