travis_fold:start:worker_info[0K[33;1mWorker information[0m
hostname: i-0070d14-precise-production-2-worker-org-docker.travisci.net:2a20e9a6-b05a-4873-8116-a39168c60e44
version: v2.5.0 https://github.com/travis-ci/worker/tree/da3a43228dffc0fcca5a46569ca786b22991979f
instance: b38f524:travis:java
startup: 1.097488979s
travis_fold:end:worker_info[0Ktravis_fold:start:system_info[0K[33;1mBuild system information[0m
Build language: java
Build group: stable
Build dist: precise
Build id: 255781342
Job id: 255781345
travis-build version: 72fc95a92
[34m[1mBuild image provisioning date and time[0m
Thu Feb  5 15:09:33 UTC 2015
[34m[1mOperating System Details[0m
Distributor ID:	Ubuntu
Description:	Ubuntu 12.04.5 LTS
Release:	12.04
Codename:	precise
[34m[1mLinux Version[0m
3.13.0-29-generic
[34m[1mCookbooks Version[0m
a68419e https://github.com/travis-ci/travis-cookbooks/tree/a68419e
[34m[1mGCC version[0m
gcc (Ubuntu/Linaro 4.6.3-1ubuntu5) 4.6.3
Copyright (C) 2011 Free Software Foundation, Inc.
This is free software; see the source for copying conditions.  There is NO
warranty; not even for MERCHANTABILITY or FITNESS FOR A PARTICULAR PURPOSE.

[34m[1mLLVM version[0m
clang version 3.4 (tags/RELEASE_34/final)
Target: x86_64-unknown-linux-gnu
Thread model: posix
[34m[1mPre-installed Ruby versions[0m
ruby-1.9.3-p551
[34m[1mPre-installed Node.js versions[0m
v0.10.36
[34m[1mPre-installed Go versions[0m
1.4.1
[34m[1mRedis version[0m
redis-server 2.8.19
[34m[1mriak version[0m
2.0.2
[34m[1mMongoDB version[0m
MongoDB 2.4.12
[34m[1mCouchDB version[0m
couchdb 1.6.1
[34m[1mNeo4j version[0m
1.9.4
[34m[1mRabbitMQ Version[0m
3.4.3
[34m[1mElasticSearch version[0m
1.4.0
[34m[1mInstalled Sphinx versions[0m
2.0.10
2.1.9
2.2.6
[34m[1mDefault Sphinx version[0m
2.2.6
[34m[1mInstalled Firefox version[0m
firefox 31.0esr
[34m[1mPhantomJS version[0m
1.9.8
[34m[1mant -version[0m
Apache Ant(TM) version 1.8.2 compiled on December 3 2011
[34m[1mmvn -version[0m
Apache Maven 3.2.5 (12a6b3acb947671f09b81f49094c53f426d8cea1; 2014-12-14T17:29:23+00:00)
Maven home: /usr/local/maven
Java version: 1.7.0_76, vendor: Oracle Corporation
Java home: /usr/lib/jvm/java-7-oracle/jre
Default locale: en_US, platform encoding: ANSI_X3.4-1968
OS name: "linux", version: "3.13.0-29-generic", arch: "amd64", family: "unix"
travis_fold:end:system_info[0K
travis_fold:start:fix.CVE-2015-7547[0K$ export DEBIAN_FRONTEND=noninteractive
Reading package lists...
Building dependency tree...
Reading state information...
The following extra packages will be installed:
  libc-bin libc-dev-bin libc6-dev
Suggested packages:
  glibc-doc
The following packages will be upgraded:
  libc-bin libc-dev-bin libc6 libc6-dev
4 upgraded, 0 newly installed, 0 to remove and 278 not upgraded.
Need to get 8,856 kB of archives.
After this operation, 13.3 kB of additional disk space will be used.
Get:1 http://us.archive.ubuntu.com/ubuntu/ precise-updates/main libc6-dev amd64 2.15-0ubuntu10.18 [2,948 kB]
Get:2 http://us.archive.ubuntu.com/ubuntu/ precise-updates/main libc-dev-bin amd64 2.15-0ubuntu10.18 [84.5 kB]
Get:3 http://us.archive.ubuntu.com/ubuntu/ precise-updates/main libc-bin amd64 2.15-0ubuntu10.18 [1,178 kB]
Get:4 http://us.archive.ubuntu.com/ubuntu/ precise-updates/main libc6 amd64 2.15-0ubuntu10.18 [4,646 kB]
Fetched 8,856 kB in 0s (33.1 MB/s)
Preconfiguring packages ...
(Reading database ... (Reading database ... 5%(Reading database ... 10%(Reading database ... 15%(Reading database ... 20%(Reading database ... 25%(Reading database ... 30%(Reading database ... 35%(Reading database ... 40%(Reading database ... 45%(Reading database ... 50%(Reading database ... 55%(Reading database ... 60%(Reading database ... 65%(Reading database ... 70%(Reading database ... 75%(Reading database ... 80%(Reading database ... 85%(Reading database ... 90%(Reading database ... 95%(Reading database ... 100%(Reading database ... 72019 files and directories currently installed.)
Preparing to replace libc6-dev 2.15-0ubuntu10.10 (using .../libc6-dev_2.15-0ubuntu10.18_amd64.deb) ...
Unpacking replacement libc6-dev ...
Preparing to replace libc-dev-bin 2.15-0ubuntu10.10 (using .../libc-dev-bin_2.15-0ubuntu10.18_amd64.deb) ...
Unpacking replacement libc-dev-bin ...
Preparing to replace libc-bin 2.15-0ubuntu10.10 (using .../libc-bin_2.15-0ubuntu10.18_amd64.deb) ...
Unpacking replacement libc-bin ...
Processing triggers for man-db ...
Setting up libc-bin (2.15-0ubuntu10.18) ...
(Reading database ... (Reading database ... 5%(Reading database ... 10%(Reading database ... 15%(Reading database ... 20%(Reading database ... 25%(Reading database ... 30%(Reading database ... 35%(Reading database ... 40%(Reading database ... 45%(Reading database ... 50%(Reading database ... 55%(Reading database ... 60%(Reading database ... 65%(Reading database ... 70%(Reading database ... 75%(Reading database ... 80%(Reading database ... 85%(Reading database ... 90%(Reading database ... 95%(Reading database ... 100%(Reading database ... 72018 files and directories currently installed.)
Preparing to replace libc6 2.15-0ubuntu10.10 (using .../libc6_2.15-0ubuntu10.18_amd64.deb) ...
Unpacking replacement libc6 ...
Setting up libc6 (2.15-0ubuntu10.18) ...
Setting up libc-dev-bin (2.15-0ubuntu10.18) ...
Setting up libc6-dev (2.15-0ubuntu10.18) ...
Processing triggers for libc-bin ...
ldconfig deferred processing now taking place
travis_fold:end:fix.CVE-2015-7547[0Ktravis_fold:start:update_libssl1.0.0[0K$ sudo apt-get install ca-certificates libssl1.0.0
Reading package lists... 0%Reading package lists... 0%Reading package lists... 1%Reading package lists... 10%Reading package lists... 10%Reading package lists... 11%Reading package lists... 11%Reading package lists... 46%Reading package lists... 46%Reading package lists... 46%Reading package lists... 47%Reading package lists... 47%Reading package lists... 58%Reading package lists... 58%Reading package lists... 58%Reading package lists... 58%Reading package lists... 94%Reading package lists... 94%Reading package lists... 95%Reading package lists... 95%Reading package lists... 95%Reading package lists... 95%Reading package lists... 95%Reading package lists... 95%Reading package lists... 95%Reading package lists... 95%Reading package lists... 95%Reading package lists... 95%Reading package lists... 95%Reading package lists... 95%Reading package lists... 95%Reading package lists... 95%Reading package lists... 95%Reading package lists... 95%Reading package lists... 95%Reading package lists... 95%Reading package lists... 95%Reading package lists... 95%Reading package lists... 95%Reading package lists... 95%Reading package lists... 95%Reading package lists... 95%Reading package lists... 95%Reading package lists... 95%Reading package lists... 95%Reading package lists... 95%Reading package lists... 95%Reading package lists... 95%Reading package lists... 95%Reading package lists... 95%Reading package lists... 95%Reading package lists... 95%Reading package lists... 95%Reading package lists... 95%Reading package lists... 95%Reading package lists... 95%Reading package lists... 95%Reading package lists... 95%Reading package lists... 95%Reading package lists... 95%Reading package lists... 95%Reading package lists... 95%Reading package lists... 95%Reading package lists... 95%Reading package lists... 95%Reading package lists... 95%Reading package lists... 95%Reading package lists... 95%Reading package lists... 95%Reading package lists... 95%Reading package lists... 95%Reading package lists... 95%Reading package lists... 95%Reading package lists... 95%Reading package lists... 95%Reading package lists... 95%Reading package lists... 95%Reading package lists... 96%Reading package lists... 96%Reading package lists... 96%Reading package lists... 96%Reading package lists... 97%Reading package lists... 97%Reading package lists... 98%Reading package lists... 98%Reading package lists... 98%Reading package lists... 98%Reading package lists... 98%Reading package lists... 98%Reading package lists... 98%Reading package lists... 98%Reading package lists... 98%Reading package lists... 98%Reading package lists... 98%Reading package lists... 98%Reading package lists... 98%Reading package lists... 98%Reading package lists... 98%Reading package lists... 98%Reading package lists... 98%Reading package lists... 98%Reading package lists... Done
Building dependency tree... 0%Building dependency tree... 0%Building dependency tree... 50%Building dependency tree... 50%Building dependency tree       
Reading state information... 0%Reading state information... 0%Reading state information... Done
The following extra packages will be installed:
  libssl-dev
The following packages will be upgraded:
  ca-certificates libssl-dev libssl1.0.0
3 upgraded, 0 newly installed, 0 to remove and 275 not upgraded.
Need to get 2,842 kB of archives.
After this operation, 41.0 kB of additional disk space will be used.
0% [Working]            Get:1 http://us.archive.ubuntu.com/ubuntu/ precise-updates/main libssl-dev amd64 1.0.1-4ubuntu5.39 [1,580 kB]
            0% [1 libssl-dev 14.1 kB/1,580 kB 1%]                                     56% [Working]             Get:2 http://us.archive.ubuntu.com/ubuntu/ precise-updates/main libssl1.0.0 amd64 1.0.1-4ubuntu5.39 [1,054 kB]
             57% [2 libssl1.0.0 36.9 kB/1,054 kB 3%]                                       93% [Working]             Get:3 http://us.archive.ubuntu.com/ubuntu/ precise-updates/main ca-certificates all 20160104ubuntu0.12.04.1 [208 kB]
             93% [3 ca-certificates 0 B/208 kB 0%]                                     100% [Working]              Fetched 2,842 kB in 0s (19.1 MB/s)
Preconfiguring packages ...
(Reading database ... (Reading database ... 5%(Reading database ... 10%(Reading database ... 15%(Reading database ... 20%(Reading database ... 25%(Reading database ... 30%(Reading database ... 35%(Reading database ... 40%(Reading database ... 45%(Reading database ... 50%(Reading database ... 55%(Reading database ... 60%(Reading database ... 65%(Reading database ... 70%(Reading database ... 75%(Reading database ... 80%(Reading database ... 85%(Reading database ... 90%(Reading database ... 95%(Reading database ... 100%(Reading database ... 72018 files and directories currently installed.)
Preparing to replace libssl-dev 1.0.1-4ubuntu5.21 (using .../libssl-dev_1.0.1-4ubuntu5.39_amd64.deb) ...
Unpacking replacement libssl-dev ...
Preparing to replace libssl1.0.0 1.0.1-4ubuntu5.21 (using .../libssl1.0.0_1.0.1-4ubuntu5.39_amd64.deb) ...
Unpacking replacement libssl1.0.0 ...
Setting up libssl1.0.0 (1.0.1-4ubuntu5.39) ...
Processing triggers for libc-bin ...
ldconfig deferred processing now taking place
(Reading database ... (Reading database ... 5%(Reading database ... 10%(Reading database ... 15%(Reading database ... 20%(Reading database ... 25%(Reading database ... 30%(Reading database ... 35%(Reading database ... 40%(Reading database ... 45%(Reading database ... 50%(Reading database ... 55%(Reading database ... 60%(Reading database ... 65%(Reading database ... 70%(Reading database ... 75%(Reading database ... 80%(Reading database ... 85%(Reading database ... 90%(Reading database ... 95%(Reading database ... 100%(Reading database ... 72018 files and directories currently installed.)
Preparing to replace ca-certificates 20130906ubuntu0.12.04.1 (using .../ca-certificates_20160104ubuntu0.12.04.1_all.deb) ...
Unpacking replacement ca-certificates ...
Processing triggers for man-db ...
Setting up libssl-dev (1.0.1-4ubuntu5.39) ...
Setting up ca-certificates (20160104ubuntu0.12.04.1) ...
Updating certificates in /etc/ssl/certs... 35 added, 26 removed; done.
Running hooks in /etc/ca-certificates/update.d....
Adding debian:ACCVRAIZ1.pem
Adding debian:Atos_TrustedRoot_2011.pem
Adding debian:CA_WoSign_ECC_Root.pem
Adding debian:Certification_Authority_of_WoSign_G2.pem
Adding debian:Certinomis_-_Root_CA.pem
Adding debian:CFCA_EV_ROOT.pem
Adding debian:COMODO_RSA_Certification_Authority.pem
Adding debian:DigiCert_Assured_ID_Root_G2.pem
Adding debian:DigiCert_Assured_ID_Root_G3.pem
Adding debian:DigiCert_Global_Root_G2.pem
Adding debian:DigiCert_Global_Root_G3.pem
Adding debian:DigiCert_Trusted_Root_G4.pem
Adding debian:Entrust_Root_Certification_Authority_-_EC1.pem
Adding debian:Entrust_Root_Certification_Authority_-_G2.pem
Adding debian:E-Tugra_Certification_Authority.pem
Adding debian:GlobalSign_ECC_Root_CA_-_R4.pem
Adding debian:GlobalSign_ECC_Root_CA_-_R5.pem
Adding debian:IdenTrust_Commercial_Root_CA_1.pem
Adding debian:IdenTrust_Public_Sector_Root_CA_1.pem
Adding debian:OISTE_WISeKey_Global_Root_GB_CA.pem
Adding debian:QuoVadis_Root_CA_1_G3.pem
Adding debian:QuoVadis_Root_CA_2_G3.pem
Adding debian:QuoVadis_Root_CA_3_G3.pem
Adding debian:Staat_der_Nederlanden_EV_Root_CA.pem
Adding debian:Staat_der_Nederlanden_Root_CA_-_G3.pem
Adding debian:S-TRUST_Universal_Root_CA.pem
Adding debian:TeliaSonera_Root_CA_v1.pem
Adding debian:T-TeleSec_GlobalRoot_Class_2.pem
Adding debian:TÃœRKTRUST_Elektronik_Sertifika_Hizmet_SaÄŸlayÄ±cÄ±sÄ±_H5.pem
Adding debian:TÃœRKTRUST_Elektronik_Sertifika_Hizmet_SaÄŸlayÄ±cÄ±sÄ±_H6.pem
Adding debian:TWCA_Global_Root_CA.pem
Adding debian:USERTrust_ECC_Certification_Authority.pem
Adding debian:USERTrust_RSA_Certification_Authority.pem
Adding debian:WoSign_China.pem
Adding debian:WoSign.pem
Removing debian:A-Trust-nQual-03.pem
Removing debian:America_Online_Root_Certification_Authority_1.pem
Removing debian:America_Online_Root_Certification_Authority_2.pem
Removing debian:Buypass_Class_3_CA_1.pem
Removing debian:ComSign_Secured_CA.pem
Removing debian:Digital_Signature_Trust_Co._Global_CA_1.pem
Removing debian:Digital_Signature_Trust_Co._Global_CA_3.pem
Removing debian:E-Guven_Kok_Elektronik_Sertifika_Hizmet_Saglayicisi.pem
Removing debian:Entrust.net_Secure_Server_CA.pem
Removing debian:Firmaprofesional_Root_CA.pem
Removing debian:GTE_CyberTrust_Global_Root.pem
Removing debian:RSA_Root_Certificate_1.pem
Removing debian:TC_TrustCenter_Class_2_CA_II.pem
Removing debian:TC_TrustCenter_Universal_CA_I.pem
Removing debian:TDC_Internet_Root_CA.pem
Removing debian:TDC_OCES_Root_CA.pem
Removing debian:TURKTRUST_Certificate_Services_Provider_Root_1.pem
Removing debian:TURKTRUST_Certificate_Services_Provider_Root_2.pem
Removing debian:Thawte_Premium_Server_CA.pem
Removing debian:Thawte_Server_CA.pem
Removing debian:UTN_DATACorp_SGC_Root_CA.pem
Removing debian:ValiCert_Class_1_VA.pem
Removing debian:ValiCert_Class_2_VA.pem
Removing debian:Verisign_Class_4_Public_Primary_Certification_Authority_-_G3.pem
Removing debian:Wells_Fargo_Root_CA.pem
Removing debian:spi-cacert-2008.pem
done.
done.
travis_fold:end:update_libssl1.0.0[0K$ jdk_switcher use oraclejdk8
Switching to Oracle JDK8 (java-8-oracle), JAVA_HOME will be set to /usr/lib/jvm/java-8-oracle
travis_fold:start:git.checkout[0Ktravis_time:start:1f330cda[0K$ git clone --depth=50 --branch=feature/hal-forms https://github.com/spring-projects/spring-hateoas.git spring-projects/spring-hateoas
Cloning into 'spring-projects/spring-hateoas'...
remote: Counting objects: 693, done.[K
remote: Compressing objects:   0% (1/387)   [Kremote: Compressing objects:   1% (4/387)   [Kremote: Compressing objects:   2% (8/387)   [Kremote: Compressing objects:   3% (12/387)   [Kremote: Compressing objects:   4% (16/387)   [Kremote: Compressing objects:   5% (20/387)   [Kremote: Compressing objects:   6% (24/387)   [Kremote: Compressing objects:   7% (28/387)   [Kremote: Compressing objects:   8% (31/387)   [Kremote: Compressing objects:   9% (35/387)   [Kremote: Compressing objects:  10% (39/387)   [Kremote: Compressing objects:  11% (43/387)   [Kremote: Compressing objects:  12% (47/387)   [Kremote: Compressing objects:  13% (51/387)   [Kremote: Compressing objects:  14% (55/387)   [Kremote: Compressing objects:  15% (59/387)   [Kremote: Compressing objects:  16% (62/387)   [Kremote: Compressing objects:  17% (66/387)   [Kremote: Compressing objects:  18% (70/387)   [Kremote: Compressing objects:  19% (74/387)   [Kremote: Compressing objects:  20% (78/387)   [Kremote: Compressing objects:  21% (82/387)   [Kremote: Compressing objects:  22% (86/387)   [Kremote: Compressing objects:  23% (90/387)   [Kremote: Compressing objects:  24% (93/387)   [Kremote: Compressing objects:  25% (97/387)   [Kremote: Compressing objects:  26% (101/387)   [Kremote: Compressing objects:  27% (105/387)   [Kremote: Compressing objects:  28% (109/387)   [Kremote: Compressing objects:  29% (113/387)   [Kremote: Compressing objects:  30% (117/387)   [Kremote: Compressing objects:  31% (120/387)   [Kremote: Compressing objects:  32% (124/387)   [Kremote: Compressing objects:  33% (128/387)   [Kremote: Compressing objects:  34% (132/387)   [Kremote: Compressing objects:  35% (136/387)   [Kremote: Compressing objects:  36% (140/387)   [Kremote: Compressing objects:  37% (144/387)   [Kremote: Compressing objects:  38% (148/387)   [Kremote: Compressing objects:  39% (151/387)   [Kremote: Compressing objects:  40% (155/387)   [Kremote: Compressing objects:  41% (159/387)   [Kremote: Compressing objects:  42% (163/387)   [Kremote: Compressing objects:  43% (167/387)   [Kremote: Compressing objects:  44% (171/387)   [Kremote: Compressing objects:  45% (175/387)   [Kremote: Compressing objects:  46% (179/387)   [Kremote: Compressing objects:  47% (182/387)   [Kremote: Compressing objects:  48% (186/387)   [Kremote: Compressing objects:  49% (190/387)   [Kremote: Compressing objects:  50% (194/387)   [Kremote: Compressing objects:  51% (198/387)   [Kremote: Compressing objects:  52% (202/387)   [Kremote: Compressing objects:  53% (206/387)   [Kremote: Compressing objects:  54% (209/387)   [Kremote: Compressing objects:  55% (213/387)   [Kremote: Compressing objects:  56% (217/387)   [Kremote: Compressing objects:  57% (221/387)   [Kremote: Compressing objects:  58% (225/387)   [Kremote: Compressing objects:  59% (229/387)   [Kremote: Compressing objects:  60% (233/387)   [Kremote: Compressing objects:  61% (237/387)   [Kremote: Compressing objects:  62% (240/387)   [Kremote: Compressing objects:  63% (244/387)   [Kremote: Compressing objects:  64% (248/387)   [Kremote: Compressing objects:  65% (252/387)   [Kremote: Compressing objects:  66% (256/387)   [Kremote: Compressing objects:  67% (260/387)   [Kremote: Compressing objects:  68% (264/387)   [Kremote: Compressing objects:  69% (268/387)   [Kremote: Compressing objects:  70% (271/387)   [Kremote: Compressing objects:  71% (275/387)   [Kremote: Compressing objects:  72% (279/387)   [Kremote: Compressing objects:  73% (283/387)   [Kremote: Compressing objects:  74% (287/387)   [Kremote: Compressing objects:  75% (291/387)   [Kremote: Compressing objects:  76% (295/387)   [Kremote: Compressing objects:  77% (298/387)   [Kremote: Compressing objects:  78% (302/387)   [Kremote: Compressing objects:  79% (306/387)   [Kremote: Compressing objects:  80% (310/387)   [Kremote: Compressing objects:  81% (314/387)   [Kremote: Compressing objects:  82% (318/387)   [Kremote: Compressing objects:  83% (322/387)   [Kremote: Compressing objects:  84% (326/387)   [Kremote: Compressing objects:  85% (329/387)   [Kremote: Compressing objects:  86% (333/387)   [Kremote: Compressing objects:  87% (337/387)   [Kremote: Compressing objects:  88% (341/387)   [Kremote: Compressing objects:  89% (345/387)   [Kremote: Compressing objects:  90% (349/387)   [Kremote: Compressing objects:  91% (353/387)   [Kremote: Compressing objects:  92% (357/387)   [Kremote: Compressing objects:  93% (360/387)   [Kremote: Compressing objects:  94% (364/387)   [Kremote: Compressing objects:  95% (368/387)   [Kremote: Compressing objects:  96% (372/387)   [Kremote: Compressing objects:  97% (376/387)   [Kremote: Compressing objects:  98% (380/387)   [Kremote: Compressing objects:  99% (384/387)   [Kremote: Compressing objects: 100% (387/387)   [Kremote: Compressing objects: 100% (387/387), done.[K
Receiving objects:   0% (1/693)   Receiving objects:   1% (7/693)   Receiving objects:   2% (14/693)   Receiving objects:   3% (21/693)   Receiving objects:   4% (28/693)   Receiving objects:   5% (35/693)   Receiving objects:   6% (42/693)   Receiving objects:   7% (49/693)   Receiving objects:   8% (56/693)   Receiving objects:   9% (63/693)   Receiving objects:  10% (70/693)   Receiving objects:  11% (77/693)   Receiving objects:  12% (84/693)   Receiving objects:  13% (91/693)   Receiving objects:  14% (98/693)   Receiving objects:  15% (104/693)   Receiving objects:  16% (111/693)   Receiving objects:  17% (118/693)   Receiving objects:  18% (125/693)   Receiving objects:  19% (132/693)   Receiving objects:  20% (139/693)   Receiving objects:  21% (146/693)   Receiving objects:  22% (153/693)   Receiving objects:  23% (160/693)   Receiving objects:  24% (167/693)   Receiving objects:  25% (174/693)   Receiving objects:  26% (181/693)   Receiving objects:  27% (188/693)   Receiving objects:  28% (195/693)   Receiving objects:  29% (201/693)   Receiving objects:  30% (208/693)   Receiving objects:  31% (215/693)   Receiving objects:  32% (222/693)   Receiving objects:  33% (229/693)   Receiving objects:  34% (236/693)   Receiving objects:  35% (243/693)   Receiving objects:  36% (250/693)   Receiving objects:  37% (257/693)   Receiving objects:  38% (264/693)   Receiving objects:  39% (271/693)   Receiving objects:  40% (278/693)   Receiving objects:  41% (285/693)   Receiving objects:  42% (292/693)   Receiving objects:  43% (298/693)   Receiving objects:  44% (305/693)   Receiving objects:  45% (312/693)   Receiving objects:  46% (319/693)   Receiving objects:  47% (326/693)   Receiving objects:  48% (333/693)   Receiving objects:  49% (340/693)   Receiving objects:  50% (347/693)   Receiving objects:  51% (354/693)   Receiving objects:  52% (361/693)   Receiving objects:  53% (368/693)   Receiving objects:  54% (375/693)   Receiving objects:  55% (382/693)   Receiving objects:  56% (389/693)   Receiving objects:  57% (396/693)   Receiving objects:  58% (402/693)   Receiving objects:  59% (409/693)   Receiving objects:  60% (416/693)   Receiving objects:  61% (423/693)   Receiving objects:  62% (430/693)   Receiving objects:  63% (437/693)   Receiving objects:  64% (444/693)   Receiving objects:  65% (451/693)   Receiving objects:  66% (458/693)   Receiving objects:  67% (465/693)   Receiving objects:  68% (472/693)   Receiving objects:  69% (479/693)   Receiving objects:  70% (486/693)   Receiving objects:  71% (493/693)   Receiving objects:  72% (499/693)   Receiving objects:  73% (506/693)   Receiving objects:  74% (513/693)   Receiving objects:  75% (520/693)   Receiving objects:  76% (527/693)   Receiving objects:  77% (534/693)   Receiving objects:  78% (541/693)   Receiving objects:  79% (548/693)   Receiving objects:  80% (555/693)   Receiving objects:  81% (562/693)   Receiving objects:  82% (569/693)   Receiving objects:  83% (576/693)   Receiving objects:  84% (583/693)   Receiving objects:  85% (590/693)   Receiving objects:  86% (596/693)   Receiving objects:  87% (603/693)   Receiving objects:  88% (610/693)   Receiving objects:  89% (617/693)   Receiving objects:  90% (624/693)   Receiving objects:  91% (631/693)   Receiving objects:  92% (638/693)   Receiving objects:  93% (645/693)   Receiving objects:  94% (652/693)   Receiving objects:  95% (659/693)   remote: Total 693 (delta 278), reused 531 (delta 184), pack-reused 0[K
Receiving objects:  96% (666/693)   Receiving objects:  97% (673/693)   Receiving objects:  98% (680/693)   Receiving objects:  99% (687/693)   Receiving objects: 100% (693/693)   Receiving objects: 100% (693/693), 278.21 KiB | 0 bytes/s, done.
Resolving deltas:   0% (0/278)   Resolving deltas:   1% (5/278)   Resolving deltas:   2% (7/278)   Resolving deltas:   3% (9/278)   Resolving deltas:   8% (23/278)   Resolving deltas:  15% (42/278)   Resolving deltas:  17% (49/278)   Resolving deltas:  18% (51/278)   Resolving deltas:  20% (57/278)   Resolving deltas:  21% (59/278)   Resolving deltas:  30% (85/278)   Resolving deltas:  33% (93/278)   Resolving deltas:  34% (95/278)   Resolving deltas:  39% (109/278)   Resolving deltas:  40% (112/278)   Resolving deltas:  42% (118/278)   Resolving deltas:  43% (122/278)   Resolving deltas:  47% (131/278)   Resolving deltas:  49% (138/278)   Resolving deltas:  52% (145/278)   Resolving deltas:  53% (148/278)   Resolving deltas:  55% (154/278)   Resolving deltas:  56% (158/278)   Resolving deltas:  57% (160/278)   Resolving deltas:  60% (169/278)   Resolving deltas:  62% (173/278)   Resolving deltas:  63% (177/278)   Resolving deltas:  64% (178/278)   Resolving deltas:  65% (181/278)   Resolving deltas:  66% (185/278)   Resolving deltas:  67% (189/278)   Resolving deltas:  69% (193/278)   Resolving deltas:  70% (195/278)   Resolving deltas:  71% (198/278)   Resolving deltas:  72% (202/278)   Resolving deltas:  73% (205/278)   Resolving deltas:  74% (206/278)   Resolving deltas:  76% (212/278)   Resolving deltas:  77% (215/278)   Resolving deltas:  79% (220/278)   Resolving deltas:  80% (225/278)   Resolving deltas:  81% (227/278)   Resolving deltas:  82% (228/278)   Resolving deltas:  83% (232/278)   Resolving deltas:  84% (236/278)   Resolving deltas:  85% (238/278)   Resolving deltas:  86% (240/278)   Resolving deltas:  87% (242/278)   Resolving deltas:  89% (248/278)   Resolving deltas:  90% (251/278)   Resolving deltas:  91% (253/278)   Resolving deltas:  92% (256/278)   Resolving deltas:  93% (259/278)   Resolving deltas:  94% (262/278)   Resolving deltas:  95% (266/278)   Resolving deltas:  96% (267/278)   Resolving deltas:  97% (270/278)   Resolving deltas:  98% (275/278)   Resolving deltas: 100% (278/278)   Resolving deltas: 100% (278/278), done.
Checking connectivity... done.

travis_time:end:1f330cda:start=1500576244052591912,finish=1500576244637233799,duration=584641887[0K$ cd spring-projects/spring-hateoas
$ git checkout -qf c68e8b6d17ef4189f5457a472338f1a71ce0cc6b
travis_fold:end:git.checkout[0Ktravis_fold:start:apt[0K[33;1mInstalling APT Packages (BETA)[0m
$ export DEBIAN_FRONTEND=noninteractive
travis_time:start:079cac96[0K$ sudo -E apt-get -yq update &>> ~/apt-get-update.log

travis_time:end:079cac96:start=1500576244658499299,finish=1500576249249554381,duration=4591055082[0Ktravis_time:start:1e66c5e0[0K$ sudo -E apt-get -yq --no-install-suggests --no-install-recommends --force-yes install oracle-java8-installer
Reading package lists...
Building dependency tree...
Reading state information...
Suggested packages:
  binfmt-support visualvm ttf-baekmuk ttf-unfonts ttf-unfonts-core
  ttf-kochi-gothic ttf-sazanami-gothic ttf-kochi-mincho ttf-sazanami-mincho
  ttf-arphic-uming
Recommended packages:
  oracle-java8-set-default
The following packages will be upgraded:
  oracle-java8-installer
1 upgraded, 0 newly installed, 0 to remove and 274 not upgraded.
Need to get 32.8 kB of archives.
After this operation, 103 kB disk space will be freed.
Get:1 http://ppa.launchpad.net/webupd8team/java/ubuntu/ precise/main oracle-java8-installer all 8u131-1~webupd8~2 [32.8 kB]
Fetched 32.8 kB in 0s (109 kB/s)
Preconfiguring packages ...
(Reading database ... (Reading database ... 5%(Reading database ... 10%(Reading database ... 15%(Reading database ... 20%(Reading database ... 25%(Reading database ... 30%(Reading database ... 35%(Reading database ... 40%(Reading database ... 45%(Reading database ... 50%(Reading database ... 55%(Reading database ... 60%(Reading database ... 65%(Reading database ... 70%(Reading database ... 75%(Reading database ... 80%(Reading database ... 85%(Reading database ... 90%(Reading database ... 95%(Reading database ... 100%(Reading database ... 72026 files and directories currently installed.)
Preparing to replace oracle-java8-installer 8u31+8u33arm-1~webupd8~1 (using .../oracle-java8-installer_8u131-1~webupd8~2_all.deb) ...
oracle-license-v1-1 license has already been accepted
Unpacking replacement oracle-java8-installer ...
Processing triggers for shared-mime-info ...
Processing triggers for hicolor-icon-theme ...
Setting up oracle-java8-installer (8u131-1~webupd8~2) ...
No /var/cache/oracle-jdk8-installer/wgetrc file found.
Creating /var/cache/oracle-jdk8-installer/wgetrc and
using default oracle-java8-installer wgetrc settings for it.
Downloading Oracle Java 8...
--2017-07-20 18:44:15--  http://download.oracle.com/otn-pub/java/jdk/8u131-b11/d54c1d3a095b4ff2b6607d096fa80163/jdk-8u131-linux-x64.tar.gz
Resolving download.oracle.com (download.oracle.com)... 23.215.130.99, 23.215.130.114
Connecting to download.oracle.com (download.oracle.com)|23.215.130.99|:80... connected.
HTTP request sent, awaiting response... 302 Moved Temporarily
Location: https://edelivery.oracle.com/otn-pub/java/jdk/8u131-b11/d54c1d3a095b4ff2b6607d096fa80163/jdk-8u131-linux-x64.tar.gz [following]
--2017-07-20 18:44:15--  https://edelivery.oracle.com/otn-pub/java/jdk/8u131-b11/d54c1d3a095b4ff2b6607d096fa80163/jdk-8u131-linux-x64.tar.gz
Resolving edelivery.oracle.com (edelivery.oracle.com)... 104.96.237.225, 2600:1408:20:398::2d3e, 2600:1408:20:38b::2d3e
Connecting to edelivery.oracle.com (edelivery.oracle.com)|104.96.237.225|:443... connected.
HTTP request sent, awaiting response... 302 Moved Temporarily
Location: http://download.oracle.com/otn-pub/java/jdk/8u131-b11/d54c1d3a095b4ff2b6607d096fa80163/jdk-8u131-linux-x64.tar.gz?AuthParam=1500576375_e5b68c9c085b5604aeae41378f3d83ba [following]
--2017-07-20 18:44:16--  http://download.oracle.com/otn-pub/java/jdk/8u131-b11/d54c1d3a095b4ff2b6607d096fa80163/jdk-8u131-linux-x64.tar.gz?AuthParam=1500576375_e5b68c9c085b5604aeae41378f3d83ba
Connecting to download.oracle.com (download.oracle.com)|23.215.130.99|:80... connected.
HTTP request sent, awaiting response... 200 OK
Length: 185540433 (177M) [application/x-gzip]
Saving to: `jdk-8u131-linux-x64.tar.gz'

     0K ........ ........ ........ ........ ........ ........  1% 16.7M 10s
  3072K ........ ........ ........ ........ ........ ........  3% 13.3M 12s
  6144K ........ ........ ........ ........ ........ ........  5% 37.9M 9s
  9216K ........ ........ ........ ........ ........ ........  6% 32.3M 8s
 12288K ........ ........ ........ ........ ........ ........  8% 17.4M 8s
 15360K ........ ........ ........ ........ ........ ........ 10% 3.49M 14s
 18432K ........ ........ ........ ........ ........ ........ 11% 5.55M 16s
 21504K ........ ........ ........ ........ ........ ........ 13% 22.2M 15s
 24576K ........ ........ ........ ........ ........ ........ 15% 16.5M 14s
 27648K ........ ........ ........ ........ ........ ........ 16% 37.8M 12s
 30720K ........ ........ ........ ........ ........ ........ 18% 4.50M 14s
 33792K ........ ........ ........ ........ ........ ........ 20% 27.6M 13s
 36864K ........ ........ ........ ........ ........ ........ 22% 4.66M 14s
 39936K ........ ........ ........ ........ ........ ........ 23% 25.1M 13s
 43008K ........ ........ ........ ........ ........ ........ 25% 25.5M 12s
 46080K ........ ........ ........ ........ ........ ........ 27% 15.7M 12s
 49152K ........ ........ ........ ........ ........ ........ 28% 10.1M 12s
 52224K ........ ........ ........ ........ ........ ........ 30% 24.9M 11s
 55296K ........ ........ ........ ........ ........ ........ 32% 19.9M 10s
 58368K ........ ........ ........ ........ ........ ........ 33% 38.3M 10s
 61440K ........ ........ ........ ........ ........ ........ 35% 22.1M 9s
 64512K ........ ........ ........ ........ ........ ........ 37% 34.2M 9s
 67584K ........ ........ ........ ........ ........ ........ 38% 28.8M 8s
 70656K ........ ........ ........ ........ ........ ........ 40% 39.1M 8s
 73728K ........ ........ ........ ........ ........ ........ 42% 16.1M 8s
 76800K ........ ........ ........ ........ ........ ........ 44% 33.4M 7s
 79872K ........ ........ ........ ........ ........ ........ 45% 3.08M 8s
 82944K ........ ........ ........ ........ ........ ........ 47% 8.33M 8s
 86016K ........ ........ ........ ........ ........ ........ 49% 15.6M 7s
 89088K ........ ........ ........ ........ ........ ........ 50% 37.3M 7s
 92160K ........ ........ ........ ........ ........ ........ 52% 4.87M 7s
 95232K ........ ........ ........ ........ ........ ........ 54%  125M 7s
 98304K ........ ........ ........ ........ ........ ........ 55%  131M 6s
101376K ........ ........ ........ ........ ........ ........ 57%  125M 6s
104448K ........ ........ ........ ........ ........ ........ 59%  125M 6s
107520K ........ ........ ........ ........ ........ ........ 61% 16.0M 5s
110592K ........ ........ ........ ........ ........ ........ 62% 3.72M 5s
113664K ........ ........ ........ ........ ........ ........ 64%  129M 5s
116736K ........ ........ ........ ........ ........ ........ 66% 16.6M 5s
119808K ........ ........ ........ ........ ........ ........ 67% 24.8M 4s
122880K ........ ........ ........ ........ ........ ........ 69% 3.76M 4s
125952K ........ ........ ........ ........ ........ ........ 71% 13.1M 4s
129024K ........ ........ ........ ........ ........ ........ 72% 20.7M 4s
132096K ........ ........ ........ ........ ........ ........ 74% 9.07M 4s
135168K ........ ........ ........ ........ ........ ........ 76% 27.7M 3s
138240K ........ ........ ........ ........ ........ ........ 77% 24.8M 3s
141312K ........ ........ ........ ........ ........ ........ 79% 39.1M 3s
144384K ........ ........ ........ ........ ........ ........ 81% 20.0M 3s
147456K ........ ........ ........ ........ ........ ........ 83% 49.6M 2s
150528K ........ ........ ........ ........ ........ ........ 84%  112M 2s
153600K ........ ........ ........ ........ ........ ........ 86%  125M 2s
156672K ........ ........ ........ ........ ........ ........ 88%  112M 2s
159744K ........ ........ ........ ........ ........ ........ 89%  128M 1s
162816K ........ ........ ........ ........ ........ ........ 91%  130M 1s
165888K ........ ........ ........ ........ ........ ........ 93%  134M 1s
168960K ........ ........ ........ ........ ........ ........ 94%  159M 1s
172032K ........ ........ ........ ........ ........ ........ 96%  128M 0s
175104K ........ ........ ........ ........ ........ ........ 98%  120M 0s
178176K ........ ........ ........ ........ ........ ....... 100% 81.8M=12s

2017-07-20 18:44:27 (15.2 MB/s) - `jdk-8u131-linux-x64.tar.gz' saved [185540433/185540433]

Download done.
Removing outdated cached downloads...
Oracle JRE 8 browser plugin installed
Oracle JDK 8 installed

#####Important########
To set Oracle JDK8 as default, install the "oracle-java8-set-default" package.
E.g.: sudo apt install oracle-java8-set-default
On Ubuntu systems, oracle-java8-set-default is most probably installed
automatically with this package.
######################


travis_time:end:1e66c5e0:start=1500576249254618714,finish=1500576273560857071,duration=24306238357[0Ktravis_fold:end:apt[0K
[33;1mSetting environment variables from .travis.yml[0m
$ export PROFILE=spring5

travis_fold:start:cache.1[0KSetting up build cache
$ export CASHER_DIR=$HOME/.casher
travis_time:start:11e205bb[0K$ Installing caching utilities

travis_time:end:11e205bb:start=1500576278134216981,finish=1500576278167563124,duration=33346143[0Ktravis_time:start:1c7ad79a[0K
travis_time:end:1c7ad79a:start=1500576278173625432,finish=1500576278178202643,duration=4577211[0Ktravis_time:start:23689246[0K[32;1mattempting to download cache archive[0m
[32;1mfetching featurehal-forms/cache-linux-precise-2824c15088e86542f5a1a00ead6b651a4ca06cf6304e7ab7269cf07600efe718--jdk-oraclejdk8.tgz[0m
[32;1mfetching featurehal-forms/cache--jdk-oraclejdk8.tgz[0m
[32;1mfetching master/cache-linux-precise-2824c15088e86542f5a1a00ead6b651a4ca06cf6304e7ab7269cf07600efe718--jdk-oraclejdk8.tgz[0m
[32;1mfound cache[0m

travis_time:end:23689246:start=1500576278183790863,finish=1500576279345788890,duration=1161998027[0Ktravis_time:start:0b1766e0[0K
travis_time:end:0b1766e0:start=1500576279351937622,finish=1500576279356874626,duration=4937004[0Ktravis_time:start:03b1da60[0K[32;1madding /home/travis/.m2 to cache[0m

travis_time:end:03b1da60:start=1500576279362572680,finish=1500576280979852556,duration=1617279876[0Ktravis_fold:end:cache.1[0K$ java -Xmx32m -version
java version "1.8.0_131"
Java(TM) SE Runtime Environment (build 1.8.0_131-b11)
Java HotSpot(TM) 64-Bit Server VM (build 25.131-b11, mixed mode)
$ javac -J-Xmx32m -version
javac 1.8.0_131
travis_fold:start:install[0Ktravis_time:start:172281b8[0K$ true

travis_time:end:172281b8:start=1500576281238731151,finish=1500576281242805298,duration=4074147[0Ktravis_fold:end:install[0Ktravis_time:start:1aa32106[0K$ mvn clean dependency:list test -P${PROFILE} -Dsort
Java HotSpot(TM) 64-Bit Server VM warning: ignoring option MaxPermSize=192m; support was removed in 8.0
[INFO] Scanning for projects...
[INFO]                                                                         
[INFO] ------------------------------------------------------------------------
[INFO] Building Spring HATEOAS 0.24.0.BUILD-SNAPSHOT
[INFO] ------------------------------------------------------------------------
[INFO] 
[INFO] --- maven-clean-plugin:2.5:clean (default-clean) @ spring-hateoas ---
[INFO] 
[INFO] --- maven-dependency-plugin:2.8:list (default-cli) @ spring-hateoas ---
[INFO] 
[INFO] The following files have been resolved:
[INFO]    ch.qos.logback:logback-classic:jar:1.1.8:test
[INFO]    ch.qos.logback:logback-core:jar:1.1.8:test
[INFO]    com.fasterxml.jackson.core:jackson-annotations:jar:2.8.5:compile
[INFO]    com.fasterxml.jackson.core:jackson-core:jar:2.8.5:compile
[INFO]    com.fasterxml.jackson.core:jackson-databind:jar:2.8.5:compile
[INFO]    com.jayway.jsonpath:json-path:jar:2.2.0:compile
[INFO]    commons-collections:commons-collections:jar:3.2.1:test
[INFO]    commons-io:commons-io:jar:2.4:test
[INFO]    commons-lang:commons-lang:jar:2.6:test
[INFO]    javax.servlet:servlet-api:jar:2.5:provided
[INFO]    javax.ws.rs:javax.ws.rs-api:jar:2.0.1:compile
[INFO]    joda-time:joda-time:jar:2.9.7:test
[INFO]    junit:junit:jar:4.12:test
[INFO]    net.jadler:jadler-all:jar:1.1.1:test
[INFO]    net.jadler:jadler-core:jar:1.1.1:test
[INFO]    net.jadler:jadler-jetty:jar:1.1.1:test
[INFO]    net.jadler:jadler-junit:jar:1.1.1:test
[INFO]    net.minidev:accessors-smart:jar:1.1:compile
[INFO]    net.minidev:json-smart:jar:2.2.1:compile
[INFO]    org.atteo:evo-inflector:jar:1.2.1:compile
[INFO]    org.eclipse.jetty.orbit:javax.servlet:jar:3.0.0.v201112011016:test
[INFO]    org.eclipse.jetty:jetty-continuation:jar:8.1.11.v20130520:test
[INFO]    org.eclipse.jetty:jetty-http:jar:8.1.11.v20130520:test
[INFO]    org.eclipse.jetty:jetty-io:jar:8.1.11.v20130520:test
[INFO]    org.eclipse.jetty:jetty-server:jar:8.1.11.v20130520:test
[INFO]    org.eclipse.jetty:jetty-util:jar:8.1.11.v20130520:test
[INFO]    org.hamcrest:hamcrest-core:jar:1.3:test
[INFO]    org.hamcrest:hamcrest-library:jar:1.3:test
[INFO]    org.mockito:mockito-all:jar:1.10.19:test
[INFO]    org.ow2.asm:asm:jar:5.0.3:compile
[INFO]    org.projectlombok:lombok:jar:1.16.12:provided
[INFO]    org.slf4j:jcl-over-slf4j:jar:1.7.22:test
[INFO]    org.slf4j:slf4j-api:jar:1.7.22:compile
[INFO]    org.springframework.plugin:spring-plugin-core:jar:1.2.0.RELEASE:compile
[INFO]    org.springframework:spring-aop:jar:5.0.0.M5:compile
[INFO]    org.springframework:spring-beans:jar:5.0.0.M5:compile
[INFO]    org.springframework:spring-context:jar:5.0.0.M5:compile
[INFO]    org.springframework:spring-core:jar:5.0.0.M5:compile
[INFO]    org.springframework:spring-expression:jar:5.0.0.M5:compile
[INFO]    org.springframework:spring-test:jar:5.0.0.M5:test
[INFO]    org.springframework:spring-web:jar:5.0.0.M5:compile
[INFO]    org.springframework:spring-webmvc:jar:5.0.0.M5:compile
[INFO]    xmlunit:xmlunit:jar:1.6:test
[INFO] 
[INFO] 
[INFO] --- maven-resources-plugin:2.6:resources (default-resources) @ spring-hateoas ---
[INFO] Using 'UTF-8' encoding to copy filtered resources.
[INFO] Copying 3 resources
[INFO] 
[INFO] --- maven-compiler-plugin:3.3:compile (default-compile) @ spring-hateoas ---
[INFO] Changes detected - recompiling the module!
[INFO] Compiling 101 source files to /home/travis/build/spring-projects/spring-hateoas/target/classes
[INFO] /home/travis/build/spring-projects/spring-hateoas/src/main/java/org/springframework/hateoas/jaxrs/JaxRsLinkBuilder.java: Some input files use or override a deprecated API.
[INFO] /home/travis/build/spring-projects/spring-hateoas/src/main/java/org/springframework/hateoas/jaxrs/JaxRsLinkBuilder.java: Recompile with -Xlint:deprecation for details.
[INFO] 
[INFO] --- com.springsource.bundlor.maven:1.0.0.RELEASE:bundlor (bundlor) @ spring-hateoas ---
Manifest written to '/home/travis/build/spring-projects/spring-hateoas/target/classes/META-INF/MANIFEST.MF'
[INFO] 
[INFO] --- maven-resources-plugin:2.6:testResources (default-testResources) @ spring-hateoas ---
[INFO] Using 'UTF-8' encoding to copy filtered resources.
[INFO] Copying 14 resources
[INFO] 
[INFO] --- maven-compiler-plugin:3.3:testCompile (default-testCompile) @ spring-hateoas ---
[INFO] Changes detected - recompiling the module!
[INFO] Compiling 69 source files to /home/travis/build/spring-projects/spring-hateoas/target/test-classes
[INFO] /home/travis/build/spring-projects/spring-hateoas/src/test/java/org/springframework/hateoas/hal/forms/HalFormsUtilsTest.java: Some input files use unchecked or unsafe operations.
[INFO] /home/travis/build/spring-projects/spring-hateoas/src/test/java/org/springframework/hateoas/hal/forms/HalFormsUtilsTest.java: Recompile with -Xlint:unchecked for details.
[INFO] 
[INFO] --- maven-surefire-plugin:2.12.4:test (default-test) @ spring-hateoas ---
[INFO] Surefire report directory: /home/travis/build/spring-projects/spring-hateoas/target/surefire-reports

-------------------------------------------------------
 T E S T S
-------------------------------------------------------
Running org.springframework.hateoas.alps.JacksonSerializationTest
Tests run: 1, Failures: 0, Errors: 0, Skipped: 0, Time elapsed: 0.31 sec
Running org.springframework.hateoas.config.XmlConfigurationIntegrationTest
Tests run: 1, Failures: 0, Errors: 0, Skipped: 0, Time elapsed: 0.943 sec
Running org.springframework.hateoas.config.EnableHypermediaSupportIntegrationTest
Tests run: 12, Failures: 0, Errors: 0, Skipped: 0, Time elapsed: 1.955 sec
Running org.springframework.hateoas.config.EnableEntityLinksIntegrationTest
Tests run: 1, Failures: 0, Errors: 0, Skipped: 0, Time elapsed: 0.155 sec
Running org.springframework.hateoas.hal.forms.HalFormsUtilsTest
Tests run: 5, Failures: 0, Errors: 0, Skipped: 0, Time elapsed: 0.014 sec
Running org.springframework.hateoas.hal.forms.Jackson2HalFormsIntegrationTest
Tests run: 3, Failures: 0, Errors: 0, Skipped: 0, Time elapsed: 0.063 sec
Running org.springframework.hateoas.hal.forms.HalFormsWebMvcTest

MockHttpServletRequest:
      HTTP Method = GET
      Request URI = /employees/0
       Parameters = {}
          Headers = {Accept=[application/prs.hal-forms+json]}
             Body = <no character encoding set>

Handler:
             Type = org.springframework.hateoas.hal.forms.HalFormsWebMvcTest$EmployeeController
           Method = public org.springframework.hateoas.Resource<org.springframework.hateoas.hal.forms.Employee> org.springframework.hateoas.hal.forms.HalFormsWebMvcTest$EmployeeController.findOne(java.lang.String)

Async:
    Async started = false
     Async result = null

Resolved Exception:
             Type = null

ModelAndView:
        View name = null
             View = null
            Model = null

FlashMap:
       Attributes = null

MockHttpServletResponse:
           Status = 200
    Error message = null
          Headers = {Content-Type=[application/prs.hal-forms+json;charset=UTF-8]}
     Content type = application/prs.hal-forms+json;charset=UTF-8
             Body = {"name":"Frodo Baggins","role":"ring bearer","_links":{"self":{"href":"http://localhost/employees/0"},"put":{"href":"http://localhost/employees/0"},"patch":{"href":"http://localhost/employees/0"},"employees":{"href":"http://localhost/employees"}}}
    Forwarded URL = null
   Redirected URL = null
          Cookies = []
Tests run: 1, Failures: 1, Errors: 0, Skipped: 0, Time elapsed: 0.78 sec <<< FAILURE!
basic(org.springframework.hateoas.hal.forms.HalFormsWebMvcTest)  Time elapsed: 0.304 sec  <<< FAILURE!
java.lang.AssertionError: No value at JSON path "$._templates.*"
	at org.springframework.test.util.JsonPathExpectationsHelper.evaluateJsonPath(JsonPathExpectationsHelper.java:245)
	at org.springframework.test.util.JsonPathExpectationsHelper.assertValue(JsonPathExpectationsHelper.java:73)
	at org.springframework.test.web.servlet.result.JsonPathResultMatchers$1.match(JsonPathResultMatchers.java:86)
	at org.springframework.test.web.servlet.MockMvc$1.andExpect(MockMvc.java:171)
	at org.springframework.hateoas.hal.forms.HalFormsWebMvcTest.basic(HalFormsWebMvcTest.java:95)
	at sun.reflect.NativeMethodAccessorImpl.invoke0(Native Method)
	at sun.reflect.NativeMethodAccessorImpl.invoke(NativeMethodAccessorImpl.java:62)
	at sun.reflect.DelegatingMethodAccessorImpl.invoke(DelegatingMethodAccessorImpl.java:43)
	at java.lang.reflect.Method.invoke(Method.java:498)
	at org.junit.runners.model.FrameworkMethod$1.runReflectiveCall(FrameworkMethod.java:50)
	at org.junit.internal.runners.model.ReflectiveCallable.run(ReflectiveCallable.java:12)
	at org.junit.runners.model.FrameworkMethod.invokeExplosively(FrameworkMethod.java:47)
	at org.junit.internal.runners.statements.InvokeMethod.evaluate(InvokeMethod.java:17)
	at org.springframework.test.context.junit4.statements.RunBeforeTestExecutionCallbacks.evaluate(RunBeforeTestExecutionCallbacks.java:73)
	at org.springframework.test.context.junit4.statements.RunAfterTestExecutionCallbacks.evaluate(RunAfterTestExecutionCallbacks.java:83)
	at org.junit.internal.runners.statements.RunBefores.evaluate(RunBefores.java:26)
	at org.springframework.test.context.junit4.statements.RunBeforeTestMethodCallbacks.evaluate(RunBeforeTestMethodCallbacks.java:75)
	at org.springframework.test.context.junit4.statements.RunAfterTestMethodCallbacks.evaluate(RunAfterTestMethodCallbacks.java:86)
	at org.springframework.test.context.junit4.statements.SpringRepeat.evaluate(SpringRepeat.java:84)
	at org.junit.runners.ParentRunner.runLeaf(ParentRunner.java:325)
	at org.springframework.test.context.junit4.SpringJUnit4ClassRunner.runChild(SpringJUnit4ClassRunner.java:250)
	at org.springframework.test.context.junit4.SpringJUnit4ClassRunner.runChild(SpringJUnit4ClassRunner.java:97)
	at org.junit.runners.ParentRunner$3.run(ParentRunner.java:290)
	at org.junit.runners.ParentRunner$1.schedule(ParentRunner.java:71)
	at org.junit.runners.ParentRunner.runChildren(ParentRunner.java:288)
	at org.junit.runners.ParentRunner.access$000(ParentRunner.java:58)
	at org.junit.runners.ParentRunner$2.evaluate(ParentRunner.java:268)
	at org.springframework.test.context.junit4.statements.RunBeforeTestClassCallbacks.evaluate(RunBeforeTestClassCallbacks.java:61)
	at org.springframework.test.context.junit4.statements.RunAfterTestClassCallbacks.evaluate(RunAfterTestClassCallbacks.java:70)
	at org.junit.runners.ParentRunner.run(ParentRunner.java:363)
	at org.springframework.test.context.junit4.SpringJUnit4ClassRunner.run(SpringJUnit4ClassRunner.java:189)
	at org.apache.maven.surefire.junit4.JUnit4Provider.execute(JUnit4Provider.java:252)
	at org.apache.maven.surefire.junit4.JUnit4Provider.executeTestSet(JUnit4Provider.java:141)
	at org.apache.maven.surefire.junit4.JUnit4Provider.invoke(JUnit4Provider.java:112)
	at sun.reflect.NativeMethodAccessorImpl.invoke0(Native Method)
	at sun.reflect.NativeMethodAccessorImpl.invoke(NativeMethodAccessorImpl.java:62)
	at sun.reflect.DelegatingMethodAccessorImpl.invoke(DelegatingMethodAccessorImpl.java:43)
	at java.lang.reflect.Method.invoke(Method.java:498)
	at org.apache.maven.surefire.util.ReflectionUtils.invokeMethodWithArray(ReflectionUtils.java:189)
	at org.apache.maven.surefire.booter.ProviderFactory$ProviderProxy.invoke(ProviderFactory.java:165)
	at org.apache.maven.surefire.booter.ProviderFactory.invokeProvider(ProviderFactory.java:85)
	at org.apache.maven.surefire.booter.ForkedBooter.runSuitesInProcess(ForkedBooter.java:115)
	at org.apache.maven.surefire.booter.ForkedBooter.main(ForkedBooter.java:75)
Caused by: com.jayway.jsonpath.PathNotFoundException: Missing property in path $['_templates']
	at com.jayway.jsonpath.internal.path.PathToken.handleObjectProperty(PathToken.java:72)
	at com.jayway.jsonpath.internal.path.PropertyPathToken.evaluate(PropertyPathToken.java:79)
	at com.jayway.jsonpath.internal.path.RootPathToken.evaluate(RootPathToken.java:62)
	at com.jayway.jsonpath.internal.path.CompiledPath.evaluate(CompiledPath.java:53)
	at com.jayway.jsonpath.internal.path.CompiledPath.evaluate(CompiledPath.java:61)
	at com.jayway.jsonpath.JsonPath.read(JsonPath.java:187)
	at com.jayway.jsonpath.JsonPath.read(JsonPath.java:345)
	at com.jayway.jsonpath.JsonPath.read(JsonPath.java:329)
	at org.springframework.test.util.JsonPathExpectationsHelper.evaluateJsonPath(JsonPathExpectationsHelper.java:242)
	... 42 more

Running org.springframework.hateoas.hal.forms.HalFormsMessageConverterTest
Tests run: 3, Failures: 0, Errors: 0, Skipped: 0, Time elapsed: 0.04 sec
Running org.springframework.hateoas.hal.forms.HalFormsLinkDiscovererUnitTest
Tests run: 7, Failures: 0, Errors: 0, Skipped: 0, Time elapsed: 0.01 sec
Running org.springframework.hateoas.hal.Jackson2HalIntegrationTest
Tests run: 24, Failures: 0, Errors: 0, Skipped: 0, Time elapsed: 0.096 sec
Running org.springframework.hateoas.hal.HalLinkDiscovererUnitTest
Tests run: 7, Failures: 0, Errors: 0, Skipped: 0, Time elapsed: 0.004 sec
Running org.springframework.hateoas.hal.DefaultCurieProviderUnitTest
Tests run: 14, Failures: 0, Errors: 0, Skipped: 0, Time elapsed: 0.011 sec
Running org.springframework.hateoas.hal.HalEmbeddedBuilderUnitTest
Tests run: 11, Failures: 0, Errors: 0, Skipped: 0, Time elapsed: 0.094 sec
Running org.springframework.hateoas.client.TraversonTest
Tests run: 19, Failures: 0, Errors: 0, Skipped: 0, Time elapsed: 8.596 sec
Running org.springframework.hateoas.client.HopUnitTest
Tests run: 7, Failures: 0, Errors: 0, Skipped: 0, Time elapsed: 0.002 sec
Running org.springframework.hateoas.PagedResourcesMarshallingTest
Tests run: 1, Failures: 0, Errors: 0, Skipped: 0, Time elapsed: 0.063 sec
Running org.springframework.hateoas.mvc.IdentifiableResourceAssemblerSupportUnitTest
Tests run: 4, Failures: 0, Errors: 0, Skipped: 0, Time elapsed: 0.013 sec
Running org.springframework.hateoas.mvc.ControllerLinkBuilderUnitTest
Tests run: 43, Failures: 0, Errors: 0, Skipped: 0, Time elapsed: 0.204 sec
Running org.springframework.hateoas.mvc.ControllerLinkBuilderFactoryUnitTest
Tests run: 9, Failures: 0, Errors: 0, Skipped: 0, Time elapsed: 0.056 sec
Running org.springframework.hateoas.mvc.HeaderLinksResponseEntityUnitTest
Tests run: 2, Failures: 0, Errors: 0, Skipped: 0, Time elapsed: 0 sec
Running org.springframework.hateoas.mvc.ForwardedHeaderUnitTest
Tests run: 3, Failures: 0, Errors: 0, Skipped: 0, Time elapsed: 0 sec
Running org.springframework.hateoas.mvc.DummyInvocationUtilsUnitTest
Tests run: 1, Failures: 0, Errors: 0, Skipped: 0, Time elapsed: 0.004 sec
Running org.springframework.hateoas.mvc.TypeConstrainedMappingJackson2HttpMessageConverterUnitTest
Tests run: 3, Failures: 0, Errors: 0, Skipped: 0, Time elapsed: 0.011 sec
Running org.springframework.hateoas.mvc.TypeReferencesIntegrationTest
Tests run: 3, Failures: 0, Errors: 0, Skipped: 0, Time elapsed: 0.127 sec
Running org.springframework.hateoas.mvc.ControllerLinkBuilderOutsideSpringMvcUnitTest
Tests run: 1, Failures: 0, Errors: 0, Skipped: 0, Time elapsed: 0.001 sec
Running org.springframework.hateoas.Jackson2ResourceIntegrationTest
Tests run: 2, Failures: 0, Errors: 0, Skipped: 0, Time elapsed: 0.004 sec
Running org.springframework.hateoas.core.JsonPathLinkDiscovererUnitTest
Tests run: 3, Failures: 0, Errors: 0, Skipped: 0, Time elapsed: 0 sec
Running org.springframework.hateoas.core.DelegatingEntityLinksUnitTest
Tests run: 4, Failures: 0, Errors: 0, Skipped: 0, Time elapsed: 0.019 sec
Running org.springframework.hateoas.core.EmbeddedWrappersUnitTest
Tests run: 3, Failures: 0, Errors: 0, Skipped: 0, Time elapsed: 0 sec
Running org.springframework.hateoas.core.EvoInflectorRelProviderUnitTest
Tests run: 1, Failures: 0, Errors: 0, Skipped: 0, Time elapsed: 0.001 sec
Running org.springframework.hateoas.core.DelegatingRelProviderUnitTest
Tests run: 1, Failures: 0, Errors: 0, Skipped: 0, Time elapsed: 0 sec
Running org.springframework.hateoas.core.ControllerEntityLinksUnitTest
Tests run: 6, Failures: 0, Errors: 0, Skipped: 0, Time elapsed: 0.014 sec
Running org.springframework.hateoas.core.ControllerEntityLinksFactoryBeanUnitTest
Tests run: 2, Failures: 0, Errors: 0, Skipped: 0, Time elapsed: 0 sec
Running org.springframework.hateoas.core.AnnotationMappingDiscovererUnitTest
Tests run: 13, Failures: 0, Errors: 0, Skipped: 0, Time elapsed: 0.007 sec
Running org.springframework.hateoas.core.LinkBuilderSupportUnitTest
Tests run: 3, Failures: 0, Errors: 0, Skipped: 0, Time elapsed: 0.001 sec
Running org.springframework.hateoas.core.MethodParametersUnitTest
Tests run: 2, Failures: 0, Errors: 0, Skipped: 0, Time elapsed: 0.002 sec
Running org.springframework.hateoas.PagedResourcesUnitTest
Tests run: 8, Failures: 0, Errors: 0, Skipped: 0, Time elapsed: 0.002 sec
Running org.springframework.hateoas.TemplateVariablesUnitTest
Tests run: 15, Failures: 0, Errors: 0, Skipped: 0, Time elapsed: 0.002 sec
Running org.springframework.hateoas.ResourceSupportUnitTest
Tests run: 12, Failures: 0, Errors: 0, Skipped: 0, Time elapsed: 0.003 sec
Running org.springframework.hateoas.LinkUnitTest
Tests run: 22, Failures: 0, Errors: 0, Skipped: 0, Time elapsed: 0.017 sec
Running org.springframework.hateoas.jaxrs.JaxRsLinkBuilderFactoryUnitTest
Tests run: 4, Failures: 0, Errors: 0, Skipped: 0, Time elapsed: 0.006 sec
Running org.springframework.hateoas.ResourceSupportIntegrationTest
Tests run: 2, Failures: 0, Errors: 0, Skipped: 0, Time elapsed: 0.004 sec
Running org.springframework.hateoas.VndErrorsUnitTest
Tests run: 1, Failures: 0, Errors: 0, Skipped: 0, Time elapsed: 0.001 sec
Running org.springframework.hateoas.Jackson2ResourceSupportIntegrationTest
Tests run: 2, Failures: 0, Errors: 0, Skipped: 0, Time elapsed: 0.003 sec
Running org.springframework.hateoas.LinkDiscoverersUnitTest
Tests run: 2, Failures: 0, Errors: 0, Skipped: 0, Time elapsed: 0.001 sec
Running org.springframework.hateoas.Jackson2PagedResourcesIntegrationTest
Tests run: 1, Failures: 0, Errors: 0, Skipped: 0, Time elapsed: 0.009 sec
Running org.springframework.hateoas.ResourceIntegrationTest
Tests run: 3, Failures: 0, Errors: 0, Skipped: 0, Time elapsed: 0.024 sec
Running org.springframework.hateoas.Jackson2LinkIntegrationTest
Tests run: 2, Failures: 0, Errors: 0, Skipped: 0, Time elapsed: 0.001 sec
Running org.springframework.hateoas.LinkIntegrationTest
Tests run: 2, Failures: 0, Errors: 0, Skipped: 0, Time elapsed: 0.001 sec
Running org.springframework.hateoas.LinksUnitTest
Tests run: 5, Failures: 0, Errors: 0, Skipped: 0, Time elapsed: 0.002 sec
Running org.springframework.hateoas.UriTemplateUnitTest
Tests run: 20, Failures: 0, Errors: 0, Skipped: 0, Time elapsed: 0.006 sec
Running org.springframework.hateoas.ResourcesUnitTest
Tests run: 4, Failures: 0, Errors: 0, Skipped: 0, Time elapsed: 0.001 sec
Running org.springframework.hateoas.ResourceUnitTest
Tests run: 5, Failures: 0, Errors: 0, Skipped: 0, Time elapsed: 0.001 sec
Running org.springframework.hateoas.VndErrorsMarshallingTest
Tests run: 4, Failures: 0, Errors: 0, Skipped: 0, Time elapsed: 0.035 sec

Results :

Failed tests:   basic(org.springframework.hateoas.hal.forms.HalFormsWebMvcTest): No value at JSON path "$._templates.*"

Tests run: 340, Failures: 1, Errors: 0, Skipped: 0

[INFO] ------------------------------------------------------------------------
[INFO] BUILD FAILURE
[INFO] ------------------------------------------------------------------------
[INFO] Total time: 23.919 s
[INFO] Finished at: 2017-07-20T18:45:06+00:00
[INFO] Final Memory: 27M/324M
[INFO] ------------------------------------------------------------------------
[ERROR] Failed to execute goal org.apache.maven.plugins:maven-surefire-plugin:2.12.4:test (default-test) on project spring-hateoas: There are test failures.
[ERROR] 
[ERROR] Please refer to /home/travis/build/spring-projects/spring-hateoas/target/surefire-reports for the individual test results.
[ERROR] -> [Help 1]
[ERROR] 
[ERROR] To see the full stack trace of the errors, re-run Maven with the -e switch.
[ERROR] Re-run Maven using the -X switch to enable full debug logging.
[ERROR] 
[ERROR] For more information about the errors and possible solutions, please read the following articles:
[ERROR] [Help 1] http://cwiki.apache.org/confluence/display/MAVEN/MojoFailureException

travis_time:end:1aa32106:start=1500576281247895884,finish=1500576307050629053,duration=25802733169[0K
[31;1mThe command "mvn clean dependency:list test -P${PROFILE} -Dsort" exited with 1.[0m
travis_fold:start:cache.2[0Kstore build cache
travis_time:start:3497b450[0K
travis_time:end:3497b450:start=1500576307056136716,finish=1500576307061302019,duration=5165303[0Ktravis_time:start:0f8c38c2[0K[32;1mnothing changed, not updating cache[0m

travis_time:end:0f8c38c2:start=1500576307067039279,finish=1500576307660130414,duration=593091135[0Ktravis_fold:end:cache.2[0K
Done. Your build exited with 1.
